#
# There is insufficient memory for the Java Runtime Environment to continue.
# Native memory allocation (malloc) failed to allocate 1415216 bytes for Chunk::new
# Possible reasons:
#   The system is out of physical RAM or swap space
#   The process is running with CompressedOops enabled, and the Java Heap may be blocking the growth of the native heap
# Possible solutions:
#   Reduce memory load on the system
#   Increase physical memory or swap space
#   Check if swap backing store is full
#   Decrease Java heap size (-Xmx/-Xms)
#   Decrease number of Java threads
#   Decrease Java thread stack sizes (-Xss)
#   Set larger code cache with -XX:ReservedCodeCacheSize=
#   JVM is running with Zero Based Compressed Oops mode in which the Java heap is
#     placed in the first 32GB address space. The Java Heap base address is the
#     maximum limit for the native heap growth. Please use -XX:HeapBaseMinAddress
#     to set the Java Heap base and to place the Java Heap above 32GB virtual address.
# This output file may be truncated or incomplete.
#
#  Out of Memory Error (./open/src/hotspot/share/memory/arena.cpp:197), pid=4888, tid=14880
#
# JRE version: Java(TM) SE Runtime Environment 18.9 (11.0.14+8) (build 11.0.14+8-LTS-263)
# Java VM: Java HotSpot(TM) 64-Bit Server VM 18.9 (11.0.14+8-LTS-263, mixed mode, tiered, compressed oops, g1 gc, windows-amd64)
# No core dump will be written. Minidumps are not enabled by default on client versions of Windows
#

---------------  S U M M A R Y ------------

Command Line: -XX:MaxMetaspaceSize=1g --add-opens=java.base/java.util=ALL-UNNAMED --add-opens=java.base/java.lang=ALL-UNNAMED --add-opens=java.base/java.lang.invoke=ALL-UNNAMED --add-opens=java.prefs/java.util.prefs=ALL-UNNAMED --add-opens=java.base/java.nio.charset=ALL-UNNAMED --add-opens=java.base/java.net=ALL-UNNAMED --add-opens=java.base/java.util.concurrent.atomic=ALL-UNNAMED -Xmx4g -Dfile.encoding=utf8 -Duser.country=US -Duser.language=en -Duser.variant org.gradle.launcher.daemon.bootstrap.GradleDaemon 8.0.1

Host: Intel(R) Core(TM) i7-1065G7 CPU @ 1.30GHz, 8 cores, 15G,  Windows 10 , 64 bit Build 19041 (10.0.19041.4957)
Time: Wed Oct  9 11:26:40 2024 Pakistan Standard Time elapsed time: 4.465084 seconds (0d 0h 0m 4s)

---------------  T H R E A D  ---------------

Current thread (0x0000015ed408c000):  JavaThread "C2 CompilerThread0" daemon [_thread_in_native, id=14880, stack(0x0000002b16600000,0x0000002b16700000)]


Current CompileTask:
C2:   4465 2292   !   4       java.net.URLClassLoader$1::run (81 bytes)

Stack: [0x0000002b16600000,0x0000002b16700000]
Native frames: (J=compiled Java code, j=interpreted, Vv=VM code, C=native code)
V  [jvm.dll+0x6296da]
V  [jvm.dll+0x76323f]
V  [jvm.dll+0x7648e9]
V  [jvm.dll+0x764f73]
V  [jvm.dll+0x23d7c8]
V  [jvm.dll+0xb297c]
V  [jvm.dll+0xb2f3c]
V  [jvm.dll+0x340e97]
V  [jvm.dll+0x18c969]
V  [jvm.dll+0x1f8472]
V  [jvm.dll+0x1f754d]
V  [jvm.dll+0x177b21]
V  [jvm.dll+0x206e26]
V  [jvm.dll+0x204fbb]
V  [jvm.dll+0x729170]
V  [jvm.dll+0x721d44]
V  [jvm.dll+0x6285d6]
C  [ucrtbase.dll+0x21bb2]
C  [KERNEL32.DLL+0x17374]
C  [ntdll.dll+0x4cc91]


---------------  P R O C E S S  ---------------

Threads class SMR info:
_java_thread_list=0x0000015ed7fbeed0, length=27, elements={
0x0000015eb1330800, 0x0000015ed405c000, 0x0000015ed405d800, 0x0000015ed4085800,
0x0000015ed4088800, 0x0000015ed4089800, 0x0000015ed408c000, 0x0000015ed4973000,
0x0000015ed4974000, 0x0000015ed4aec000, 0x0000015ed63a4800, 0x0000015ed4c87800,
0x0000015ed5ab5800, 0x0000015ed60a6800, 0x0000015ed6a45000, 0x0000015ed78da000,
0x0000015ed78db800, 0x0000015ed78d9000, 0x0000015ed78da800, 0x0000015ed78dc000,
0x0000015ed78dd000, 0x0000015ed78de000, 0x0000015ed74fb000, 0x0000015ed78d8000,
0x0000015ed7c8f800, 0x0000015ed78de800, 0x0000015eda27f000
}

Java Threads: ( => current thread )
  0x0000015eb1330800 JavaThread "main" [_thread_blocked, id=6964, stack(0x0000002b15a00000,0x0000002b15b00000)]
  0x0000015ed405c000 JavaThread "Reference Handler" daemon [_thread_blocked, id=7320, stack(0x0000002b16100000,0x0000002b16200000)]
  0x0000015ed405d800 JavaThread "Finalizer" daemon [_thread_blocked, id=15168, stack(0x0000002b16200000,0x0000002b16300000)]
  0x0000015ed4085800 JavaThread "Signal Dispatcher" daemon [_thread_blocked, id=5580, stack(0x0000002b16300000,0x0000002b16400000)]
  0x0000015ed4088800 JavaThread "Attach Listener" daemon [_thread_blocked, id=13844, stack(0x0000002b16400000,0x0000002b16500000)]
  0x0000015ed4089800 JavaThread "Service Thread" daemon [_thread_blocked, id=19192, stack(0x0000002b16500000,0x0000002b16600000)]
=>0x0000015ed408c000 JavaThread "C2 CompilerThread0" daemon [_thread_in_native, id=14880, stack(0x0000002b16600000,0x0000002b16700000)]
  0x0000015ed4973000 JavaThread "C1 CompilerThread0" daemon [_thread_blocked, id=17676, stack(0x0000002b16700000,0x0000002b16800000)]
  0x0000015ed4974000 JavaThread "Sweeper thread" daemon [_thread_blocked, id=10000, stack(0x0000002b16800000,0x0000002b16900000)]
  0x0000015ed4aec000 JavaThread "Common-Cleaner" daemon [_thread_blocked, id=18816, stack(0x0000002b16900000,0x0000002b16a00000)]
  0x0000015ed63a4800 JavaThread "Daemon health stats" [_thread_blocked, id=20376, stack(0x0000002b17200000,0x0000002b17300000)]
  0x0000015ed4c87800 JavaThread "Incoming local TCP Connector on port 57393" [_thread_in_native, id=18780, stack(0x0000002b16b00000,0x0000002b16c00000)]
  0x0000015ed5ab5800 JavaThread "Daemon periodic checks" [_thread_blocked, id=2272, stack(0x0000002b16c00000,0x0000002b16d00000)]
  0x0000015ed60a6800 JavaThread "Daemon" [_thread_blocked, id=13324, stack(0x0000002b17300000,0x0000002b17400000)]
  0x0000015ed6a45000 JavaThread "Handler for socket connection from /127.0.0.1:57393 to /127.0.0.1:57394" [_thread_in_native, id=14444, stack(0x0000002b17400000,0x0000002b17500000)]
  0x0000015ed78da000 JavaThread "Cancel handler" [_thread_blocked, id=5348, stack(0x0000002b17500000,0x0000002b17600000)]
  0x0000015ed78db800 JavaThread "Daemon worker" [_thread_in_vm, id=13624, stack(0x0000002b17600000,0x0000002b17700000)]
  0x0000015ed78d9000 JavaThread "Asynchronous log dispatcher for DefaultDaemonConnection: socket connection from /127.0.0.1:57393 to /127.0.0.1:57394" [_thread_blocked, id=11640, stack(0x0000002b17700000,0x0000002b17800000)]
  0x0000015ed78da800 JavaThread "Stdin handler" [_thread_blocked, id=7468, stack(0x0000002b17800000,0x0000002b17900000)]
  0x0000015ed78dc000 JavaThread "Daemon client event forwarder" [_thread_blocked, id=10452, stack(0x0000002b17900000,0x0000002b17a00000)]
  0x0000015ed78dd000 JavaThread "Cache worker for journal cache (C:\Users\Munir\.gradle\caches\journal-1)" [_thread_blocked, id=8348, stack(0x0000002b17a00000,0x0000002b17b00000)]
  0x0000015ed78de000 JavaThread "File lock request listener" [_thread_in_native, id=3796, stack(0x0000002b17e00000,0x0000002b17f00000)]
  0x0000015ed74fb000 JavaThread "C2 CompilerThread1" daemon [_thread_in_native, id=12976, stack(0x0000002b17f00000,0x0000002b18000000)]
  0x0000015ed78d8000 JavaThread "Cache worker for file hash cache (C:\Users\Munir\.gradle\caches\8.0.1\fileHashes)" [_thread_blocked, id=8724, stack(0x0000002b18000000,0x0000002b18100000)]
  0x0000015ed7c8f800 JavaThread "C2 CompilerThread2" daemon [_thread_blocked, id=5096, stack(0x0000002b18100000,0x0000002b18200000)]
  0x0000015ed78de800 JavaThread "File watcher server" daemon [_thread_in_native, id=20744, stack(0x0000002b18200000,0x0000002b18300000)]
  0x0000015eda27f000 JavaThread "File watcher consumer" daemon [_thread_blocked, id=20464, stack(0x0000002b18300000,0x0000002b18400000)]

Other Threads:
  0x0000015ed405a800 VMThread "VM Thread" [stack: 0x0000002b16000000,0x0000002b16100000] [id=20084]
  0x0000015ed4b2d000 WatcherThread [stack: 0x0000002b16a00000,0x0000002b16b00000] [id=8380]
  0x0000015eb1347800 GCTaskThread "GC Thread#0" [stack: 0x0000002b15b00000,0x0000002b15c00000] [id=17400]
  0x0000015ed5e0c800 GCTaskThread "GC Thread#1" [stack: 0x0000002b16d00000,0x0000002b16e00000] [id=4456]
  0x0000015ed6057800 GCTaskThread "GC Thread#2" [stack: 0x0000002b16e00000,0x0000002b16f00000] [id=9792]
  0x0000015ed61a8800 GCTaskThread "GC Thread#3" [stack: 0x0000002b16f00000,0x0000002b17000000] [id=5476]
  0x0000015ed57e6800 GCTaskThread "GC Thread#4" [stack: 0x0000002b17000000,0x0000002b17100000] [id=20456]
  0x0000015ed5b95000 GCTaskThread "GC Thread#5" [stack: 0x0000002b17100000,0x0000002b17200000] [id=19260]
  0x0000015ed7937800 GCTaskThread "GC Thread#6" [stack: 0x0000002b17b00000,0x0000002b17c00000] [id=11932]
  0x0000015ed7912000 GCTaskThread "GC Thread#7" [stack: 0x0000002b17c00000,0x0000002b17d00000] [id=20852]
  0x0000015eb13a4000 ConcurrentGCThread "G1 Main Marker" [stack: 0x0000002b15c00000,0x0000002b15d00000] [id=18056]
  0x0000015eb13a5800 ConcurrentGCThread "G1 Conc#0" [stack: 0x0000002b15d00000,0x0000002b15e00000] [id=17980]
  0x0000015ed62ed000 ConcurrentGCThread "G1 Conc#1" [stack: 0x0000002b17d00000,0x0000002b17e00000] [id=19372]
  0x0000015ed3f46000 ConcurrentGCThread "G1 Refine#0" [stack: 0x0000002b15e00000,0x0000002b15f00000] [id=18048]
  0x0000015eb140e000 ConcurrentGCThread "G1 Young RemSet Sampling" [stack: 0x0000002b15f00000,0x0000002b16000000] [id=5252]

Threads with active compile tasks:
C2 CompilerThread0   4491 2292   !   4       java.net.URLClassLoader$1::run (81 bytes)
C2 CompilerThread1   4491 2171       4       java.net.URLClassLoader$1::run (5 bytes)

VM state:not at safepoint (normal execution)

VM Mutex/Monitor currently owned by a thread: None

Heap address: 0x0000000700000000, size: 4096 MB, Compressed Oops mode: Zero based, Oop shift amount: 3
Narrow klass base: 0x0000000800000000, Narrow klass shift: 0
Compressed class space size: 1065353216 Address: 0x0000000800000000

Heap:
 garbage-first heap   total 260096K, used 47799K [0x0000000700000000, 0x0000000800000000)
  region size 1024K, 30 young (30720K), 2 survivors (2048K)
 Metaspace       used 27084K, capacity 27819K, committed 27904K, reserved 1064960K
  class space    used 3592K, capacity 3839K, committed 3840K, reserved 1040384K
Heap Regions: E=young(eden), S=young(survivor), O=old, HS=humongous(starts), HC=humongous(continues), CS=collection set, F=free, A=archive, TAMS=top-at-mark-start (previous, next)
|   0|0x0000000700000000, 0x0000000700100000, 0x0000000700100000|100%|HS|  |TAMS 0x0000000700100000, 0x0000000700000000| Complete 
|   1|0x0000000700100000, 0x0000000700200000, 0x0000000700200000|100%|HC|  |TAMS 0x0000000700200000, 0x0000000700100000| Complete 
|   2|0x0000000700200000, 0x0000000700300000, 0x0000000700300000|100%|HC|  |TAMS 0x0000000700300000, 0x0000000700200000| Complete 
|   3|0x0000000700300000, 0x0000000700400000, 0x0000000700400000|100%|HC|  |TAMS 0x0000000700400000, 0x0000000700300000| Complete 
|   4|0x0000000700400000, 0x0000000700500000, 0x0000000700500000|100%| O|  |TAMS 0x0000000700500000, 0x0000000700400000| Untracked 
|   5|0x0000000700500000, 0x0000000700600000, 0x0000000700600000|100%| O|  |TAMS 0x0000000700600000, 0x0000000700500000| Untracked 
|   6|0x0000000700600000, 0x0000000700700000, 0x0000000700700000|100%| O|  |TAMS 0x0000000700700000, 0x0000000700600000| Untracked 
|   7|0x0000000700700000, 0x0000000700800000, 0x0000000700800000|100%| O|  |TAMS 0x000000070077e000, 0x0000000700700000| Untracked 
|   8|0x0000000700800000, 0x0000000700900000, 0x0000000700900000|100%| O|  |TAMS 0x0000000700800000, 0x0000000700800000| Untracked 
|   9|0x0000000700900000, 0x0000000700a00000, 0x0000000700a00000|100%| O|  |TAMS 0x0000000700900000, 0x0000000700900000| Untracked 
|  10|0x0000000700a00000, 0x0000000700b00000, 0x0000000700b00000|100%| O|  |TAMS 0x0000000700a00000, 0x0000000700a00000| Untracked 
|  11|0x0000000700b00000, 0x0000000700c00000, 0x0000000700c00000|100%| O|  |TAMS 0x0000000700b00000, 0x0000000700b00000| Untracked 
|  12|0x0000000700c00000, 0x0000000700d00000, 0x0000000700d00000|100%| O|  |TAMS 0x0000000700c00000, 0x0000000700c00000| Untracked 
|  13|0x0000000700d00000, 0x0000000700e00000, 0x0000000700e00000|100%| O|  |TAMS 0x0000000700d00000, 0x0000000700d00000| Untracked 
|  14|0x0000000700e00000, 0x0000000700f00000, 0x0000000700f00000|100%| O|  |TAMS 0x0000000700e00000, 0x0000000700e00000| Untracked 
|  15|0x0000000700f00000, 0x0000000701000000, 0x0000000701000000|100%| O|  |TAMS 0x0000000700f00000, 0x0000000700f00000| Untracked 
|  16|0x0000000701000000, 0x0000000701100000, 0x0000000701100000|100%| O|  |TAMS 0x0000000701000000, 0x0000000701000000| Untracked 
|  17|0x0000000701100000, 0x00000007011da400, 0x0000000701200000| 85%| O|  |TAMS 0x0000000701100000, 0x0000000701100000| Untracked 
|  18|0x0000000701200000, 0x0000000701200000, 0x0000000701300000|  0%| F|  |TAMS 0x0000000701200000, 0x0000000701200000| Untracked 
|  19|0x0000000701300000, 0x0000000701300000, 0x0000000701400000|  0%| F|  |TAMS 0x0000000701300000, 0x0000000701300000| Untracked 
|  20|0x0000000701400000, 0x0000000701400000, 0x0000000701500000|  0%| F|  |TAMS 0x0000000701400000, 0x0000000701400000| Untracked 
|  21|0x0000000701500000, 0x0000000701500000, 0x0000000701600000|  0%| F|  |TAMS 0x0000000701500000, 0x0000000701500000| Untracked 
|  22|0x0000000701600000, 0x0000000701600000, 0x0000000701700000|  0%| F|  |TAMS 0x0000000701600000, 0x0000000701600000| Untracked 
|  23|0x0000000701700000, 0x0000000701700000, 0x0000000701800000|  0%| F|  |TAMS 0x0000000701700000, 0x0000000701700000| Untracked 
|  24|0x0000000701800000, 0x0000000701800000, 0x0000000701900000|  0%| F|  |TAMS 0x0000000701800000, 0x0000000701800000| Untracked 
|  25|0x0000000701900000, 0x0000000701900000, 0x0000000701a00000|  0%| F|  |TAMS 0x0000000701900000, 0x0000000701900000| Untracked 
|  26|0x0000000701a00000, 0x0000000701a00000, 0x0000000701b00000|  0%| F|  |TAMS 0x0000000701a00000, 0x0000000701a00000| Untracked 
|  27|0x0000000701b00000, 0x0000000701b00000, 0x0000000701c00000|  0%| F|  |TAMS 0x0000000701b00000, 0x0000000701b00000| Untracked 
|  28|0x0000000701c00000, 0x0000000701c00000, 0x0000000701d00000|  0%| F|  |TAMS 0x0000000701c00000, 0x0000000701c00000| Untracked 
|  29|0x0000000701d00000, 0x0000000701d00000, 0x0000000701e00000|  0%| F|  |TAMS 0x0000000701d00000, 0x0000000701d00000| Untracked 
|  30|0x0000000701e00000, 0x0000000701e00000, 0x0000000701f00000|  0%| F|  |TAMS 0x0000000701e00000, 0x0000000701e00000| Untracked 
|  31|0x0000000701f00000, 0x0000000701f00000, 0x0000000702000000|  0%| F|  |TAMS 0x0000000701f00000, 0x0000000701f00000| Untracked 
|  32|0x0000000702000000, 0x0000000702000000, 0x0000000702100000|  0%| F|  |TAMS 0x0000000702000000, 0x0000000702000000| Untracked 
|  33|0x0000000702100000, 0x0000000702100000, 0x0000000702200000|  0%| F|  |TAMS 0x0000000702100000, 0x0000000702100000| Untracked 
|  34|0x0000000702200000, 0x0000000702200000, 0x0000000702300000|  0%| F|  |TAMS 0x0000000702200000, 0x0000000702200000| Untracked 
|  35|0x0000000702300000, 0x0000000702300000, 0x0000000702400000|  0%| F|  |TAMS 0x0000000702300000, 0x0000000702300000| Untracked 
|  36|0x0000000702400000, 0x0000000702400000, 0x0000000702500000|  0%| F|  |TAMS 0x0000000702400000, 0x0000000702400000| Untracked 
|  37|0x0000000702500000, 0x0000000702500000, 0x0000000702600000|  0%| F|  |TAMS 0x0000000702500000, 0x0000000702500000| Untracked 
|  38|0x0000000702600000, 0x0000000702600000, 0x0000000702700000|  0%| F|  |TAMS 0x0000000702600000, 0x0000000702600000| Untracked 
|  39|0x0000000702700000, 0x0000000702700000, 0x0000000702800000|  0%| F|  |TAMS 0x0000000702700000, 0x0000000702700000| Untracked 
|  40|0x0000000702800000, 0x0000000702800000, 0x0000000702900000|  0%| F|  |TAMS 0x0000000702800000, 0x0000000702800000| Untracked 
|  41|0x0000000702900000, 0x0000000702900000, 0x0000000702a00000|  0%| F|  |TAMS 0x0000000702900000, 0x0000000702900000| Untracked 
|  42|0x0000000702a00000, 0x0000000702a00000, 0x0000000702b00000|  0%| F|  |TAMS 0x0000000702a00000, 0x0000000702a00000| Untracked 
|  43|0x0000000702b00000, 0x0000000702b00000, 0x0000000702c00000|  0%| F|  |TAMS 0x0000000702b00000, 0x0000000702b00000| Untracked 
|  44|0x0000000702c00000, 0x0000000702c00000, 0x0000000702d00000|  0%| F|  |TAMS 0x0000000702c00000, 0x0000000702c00000| Untracked 
|  45|0x0000000702d00000, 0x0000000702d00000, 0x0000000702e00000|  0%| F|  |TAMS 0x0000000702d00000, 0x0000000702d00000| Untracked 
|  46|0x0000000702e00000, 0x0000000702e00000, 0x0000000702f00000|  0%| F|  |TAMS 0x0000000702e00000, 0x0000000702e00000| Untracked 
|  47|0x0000000702f00000, 0x0000000702f00000, 0x0000000703000000|  0%| F|  |TAMS 0x0000000702f00000, 0x0000000702f00000| Untracked 
|  48|0x0000000703000000, 0x0000000703000000, 0x0000000703100000|  0%| F|  |TAMS 0x0000000703000000, 0x0000000703000000| Untracked 
|  49|0x0000000703100000, 0x0000000703100000, 0x0000000703200000|  0%| F|  |TAMS 0x0000000703100000, 0x0000000703100000| Untracked 
|  50|0x0000000703200000, 0x0000000703200000, 0x0000000703300000|  0%| F|  |TAMS 0x0000000703200000, 0x0000000703200000| Untracked 
|  51|0x0000000703300000, 0x0000000703300000, 0x0000000703400000|  0%| F|  |TAMS 0x0000000703300000, 0x0000000703300000| Untracked 
|  52|0x0000000703400000, 0x0000000703400000, 0x0000000703500000|  0%| F|  |TAMS 0x0000000703400000, 0x0000000703400000| Untracked 
|  53|0x0000000703500000, 0x0000000703500000, 0x0000000703600000|  0%| F|  |TAMS 0x0000000703500000, 0x0000000703500000| Untracked 
|  54|0x0000000703600000, 0x0000000703600000, 0x0000000703700000|  0%| F|  |TAMS 0x0000000703600000, 0x0000000703600000| Untracked 
|  55|0x0000000703700000, 0x0000000703700000, 0x0000000703800000|  0%| F|  |TAMS 0x0000000703700000, 0x0000000703700000| Untracked 
|  56|0x0000000703800000, 0x0000000703800000, 0x0000000703900000|  0%| F|  |TAMS 0x0000000703800000, 0x0000000703800000| Untracked 
|  57|0x0000000703900000, 0x0000000703900000, 0x0000000703a00000|  0%| F|  |TAMS 0x0000000703900000, 0x0000000703900000| Untracked 
|  58|0x0000000703a00000, 0x0000000703a00000, 0x0000000703b00000|  0%| F|  |TAMS 0x0000000703a00000, 0x0000000703a00000| Untracked 
|  59|0x0000000703b00000, 0x0000000703b00000, 0x0000000703c00000|  0%| F|  |TAMS 0x0000000703b00000, 0x0000000703b00000| Untracked 
|  60|0x0000000703c00000, 0x0000000703c00000, 0x0000000703d00000|  0%| F|  |TAMS 0x0000000703c00000, 0x0000000703c00000| Untracked 
|  61|0x0000000703d00000, 0x0000000703d00000, 0x0000000703e00000|  0%| F|  |TAMS 0x0000000703d00000, 0x0000000703d00000| Untracked 
|  62|0x0000000703e00000, 0x0000000703e00000, 0x0000000703f00000|  0%| F|  |TAMS 0x0000000703e00000, 0x0000000703e00000| Untracked 
|  63|0x0000000703f00000, 0x0000000703f00000, 0x0000000704000000|  0%| F|  |TAMS 0x0000000703f00000, 0x0000000703f00000| Untracked 
|  64|0x0000000704000000, 0x0000000704000000, 0x0000000704100000|  0%| F|  |TAMS 0x0000000704000000, 0x0000000704000000| Untracked 
|  65|0x0000000704100000, 0x0000000704100000, 0x0000000704200000|  0%| F|  |TAMS 0x0000000704100000, 0x0000000704100000| Untracked 
|  66|0x0000000704200000, 0x0000000704200000, 0x0000000704300000|  0%| F|  |TAMS 0x0000000704200000, 0x0000000704200000| Untracked 
|  67|0x0000000704300000, 0x0000000704300000, 0x0000000704400000|  0%| F|  |TAMS 0x0000000704300000, 0x0000000704300000| Untracked 
|  68|0x0000000704400000, 0x0000000704400000, 0x0000000704500000|  0%| F|  |TAMS 0x0000000704400000, 0x0000000704400000| Untracked 
|  69|0x0000000704500000, 0x0000000704500000, 0x0000000704600000|  0%| F|  |TAMS 0x0000000704500000, 0x0000000704500000| Untracked 
|  70|0x0000000704600000, 0x0000000704600000, 0x0000000704700000|  0%| F|  |TAMS 0x0000000704600000, 0x0000000704600000| Untracked 
|  71|0x0000000704700000, 0x0000000704700000, 0x0000000704800000|  0%| F|  |TAMS 0x0000000704700000, 0x0000000704700000| Untracked 
|  72|0x0000000704800000, 0x0000000704800000, 0x0000000704900000|  0%| F|  |TAMS 0x0000000704800000, 0x0000000704800000| Untracked 
|  73|0x0000000704900000, 0x0000000704900000, 0x0000000704a00000|  0%| F|  |TAMS 0x0000000704900000, 0x0000000704900000| Untracked 
|  74|0x0000000704a00000, 0x0000000704a00000, 0x0000000704b00000|  0%| F|  |TAMS 0x0000000704a00000, 0x0000000704a00000| Untracked 
|  75|0x0000000704b00000, 0x0000000704b00000, 0x0000000704c00000|  0%| F|  |TAMS 0x0000000704b00000, 0x0000000704b00000| Untracked 
|  76|0x0000000704c00000, 0x0000000704c00000, 0x0000000704d00000|  0%| F|  |TAMS 0x0000000704c00000, 0x0000000704c00000| Untracked 
|  77|0x0000000704d00000, 0x0000000704d00000, 0x0000000704e00000|  0%| F|  |TAMS 0x0000000704d00000, 0x0000000704d00000| Untracked 
|  78|0x0000000704e00000, 0x0000000704e00000, 0x0000000704f00000|  0%| F|  |TAMS 0x0000000704e00000, 0x0000000704e00000| Untracked 
|  79|0x0000000704f00000, 0x0000000704f00000, 0x0000000705000000|  0%| F|  |TAMS 0x0000000704f00000, 0x0000000704f00000| Untracked 
|  80|0x0000000705000000, 0x0000000705000000, 0x0000000705100000|  0%| F|  |TAMS 0x0000000705000000, 0x0000000705000000| Untracked 
|  81|0x0000000705100000, 0x0000000705100000, 0x0000000705200000|  0%| F|  |TAMS 0x0000000705100000, 0x0000000705100000| Untracked 
|  82|0x0000000705200000, 0x0000000705200000, 0x0000000705300000|  0%| F|  |TAMS 0x0000000705200000, 0x0000000705200000| Untracked 
|  83|0x0000000705300000, 0x0000000705300000, 0x0000000705400000|  0%| F|  |TAMS 0x0000000705300000, 0x0000000705300000| Untracked 
|  84|0x0000000705400000, 0x0000000705400000, 0x0000000705500000|  0%| F|  |TAMS 0x0000000705400000, 0x0000000705400000| Untracked 
|  85|0x0000000705500000, 0x0000000705500000, 0x0000000705600000|  0%| F|  |TAMS 0x0000000705500000, 0x0000000705500000| Untracked 
|  86|0x0000000705600000, 0x0000000705600000, 0x0000000705700000|  0%| F|  |TAMS 0x0000000705600000, 0x0000000705600000| Untracked 
|  87|0x0000000705700000, 0x0000000705700000, 0x0000000705800000|  0%| F|  |TAMS 0x0000000705700000, 0x0000000705700000| Untracked 
|  88|0x0000000705800000, 0x0000000705800000, 0x0000000705900000|  0%| F|  |TAMS 0x0000000705800000, 0x0000000705800000| Untracked 
|  89|0x0000000705900000, 0x0000000705900000, 0x0000000705a00000|  0%| F|  |TAMS 0x0000000705900000, 0x0000000705900000| Untracked 
|  90|0x0000000705a00000, 0x0000000705a00000, 0x0000000705b00000|  0%| F|  |TAMS 0x0000000705a00000, 0x0000000705a00000| Untracked 
|  91|0x0000000705b00000, 0x0000000705b00000, 0x0000000705c00000|  0%| F|  |TAMS 0x0000000705b00000, 0x0000000705b00000| Untracked 
|  92|0x0000000705c00000, 0x0000000705c00000, 0x0000000705d00000|  0%| F|  |TAMS 0x0000000705c00000, 0x0000000705c00000| Untracked 
|  93|0x0000000705d00000, 0x0000000705d00000, 0x0000000705e00000|  0%| F|  |TAMS 0x0000000705d00000, 0x0000000705d00000| Untracked 
|  94|0x0000000705e00000, 0x0000000705e00000, 0x0000000705f00000|  0%| F|  |TAMS 0x0000000705e00000, 0x0000000705e00000| Untracked 
|  95|0x0000000705f00000, 0x0000000705f00000, 0x0000000706000000|  0%| F|  |TAMS 0x0000000705f00000, 0x0000000705f00000| Untracked 
|  96|0x0000000706000000, 0x0000000706000000, 0x0000000706100000|  0%| F|  |TAMS 0x0000000706000000, 0x0000000706000000| Untracked 
|  97|0x0000000706100000, 0x0000000706100000, 0x0000000706200000|  0%| F|  |TAMS 0x0000000706100000, 0x0000000706100000| Untracked 
|  98|0x0000000706200000, 0x0000000706200000, 0x0000000706300000|  0%| F|  |TAMS 0x0000000706200000, 0x0000000706200000| Untracked 
|  99|0x0000000706300000, 0x0000000706300000, 0x0000000706400000|  0%| F|  |TAMS 0x0000000706300000, 0x0000000706300000| Untracked 
| 100|0x0000000706400000, 0x0000000706400000, 0x0000000706500000|  0%| F|  |TAMS 0x0000000706400000, 0x0000000706400000| Untracked 
| 101|0x0000000706500000, 0x0000000706500000, 0x0000000706600000|  0%| F|  |TAMS 0x0000000706500000, 0x0000000706500000| Untracked 
| 102|0x0000000706600000, 0x0000000706600000, 0x0000000706700000|  0%| F|  |TAMS 0x0000000706600000, 0x0000000706600000| Untracked 
| 103|0x0000000706700000, 0x0000000706700000, 0x0000000706800000|  0%| F|  |TAMS 0x0000000706700000, 0x0000000706700000| Untracked 
| 104|0x0000000706800000, 0x0000000706800000, 0x0000000706900000|  0%| F|  |TAMS 0x0000000706800000, 0x0000000706800000| Untracked 
| 105|0x0000000706900000, 0x0000000706900000, 0x0000000706a00000|  0%| F|  |TAMS 0x0000000706900000, 0x0000000706900000| Untracked 
| 106|0x0000000706a00000, 0x0000000706a00000, 0x0000000706b00000|  0%| F|  |TAMS 0x0000000706a00000, 0x0000000706a00000| Untracked 
| 107|0x0000000706b00000, 0x0000000706b00000, 0x0000000706c00000|  0%| F|  |TAMS 0x0000000706b00000, 0x0000000706b00000| Untracked 
| 108|0x0000000706c00000, 0x0000000706c00000, 0x0000000706d00000|  0%| F|  |TAMS 0x0000000706c00000, 0x0000000706c00000| Untracked 
| 109|0x0000000706d00000, 0x0000000706d00000, 0x0000000706e00000|  0%| F|  |TAMS 0x0000000706d00000, 0x0000000706d00000| Untracked 
| 110|0x0000000706e00000, 0x0000000706e00000, 0x0000000706f00000|  0%| F|  |TAMS 0x0000000706e00000, 0x0000000706e00000| Untracked 
| 111|0x0000000706f00000, 0x0000000706f00000, 0x0000000707000000|  0%| F|  |TAMS 0x0000000706f00000, 0x0000000706f00000| Untracked 
| 112|0x0000000707000000, 0x0000000707000000, 0x0000000707100000|  0%| F|  |TAMS 0x0000000707000000, 0x0000000707000000| Untracked 
| 113|0x0000000707100000, 0x0000000707100000, 0x0000000707200000|  0%| F|  |TAMS 0x0000000707100000, 0x0000000707100000| Untracked 
| 114|0x0000000707200000, 0x0000000707200000, 0x0000000707300000|  0%| F|  |TAMS 0x0000000707200000, 0x0000000707200000| Untracked 
| 115|0x0000000707300000, 0x0000000707300000, 0x0000000707400000|  0%| F|  |TAMS 0x0000000707300000, 0x0000000707300000| Untracked 
| 116|0x0000000707400000, 0x0000000707400000, 0x0000000707500000|  0%| F|  |TAMS 0x0000000707400000, 0x0000000707400000| Untracked 
| 117|0x0000000707500000, 0x0000000707500000, 0x0000000707600000|  0%| F|  |TAMS 0x0000000707500000, 0x0000000707500000| Untracked 
| 118|0x0000000707600000, 0x0000000707600000, 0x0000000707700000|  0%| F|  |TAMS 0x0000000707600000, 0x0000000707600000| Untracked 
| 119|0x0000000707700000, 0x0000000707700000, 0x0000000707800000|  0%| F|  |TAMS 0x0000000707700000, 0x0000000707700000| Untracked 
| 120|0x0000000707800000, 0x0000000707800000, 0x0000000707900000|  0%| F|  |TAMS 0x0000000707800000, 0x0000000707800000| Untracked 
| 121|0x0000000707900000, 0x0000000707900000, 0x0000000707a00000|  0%| F|  |TAMS 0x0000000707900000, 0x0000000707900000| Untracked 
| 122|0x0000000707a00000, 0x0000000707a00000, 0x0000000707b00000|  0%| F|  |TAMS 0x0000000707a00000, 0x0000000707a00000| Untracked 
| 123|0x0000000707b00000, 0x0000000707b00000, 0x0000000707c00000|  0%| F|  |TAMS 0x0000000707b00000, 0x0000000707b00000| Untracked 
| 124|0x0000000707c00000, 0x0000000707c00000, 0x0000000707d00000|  0%| F|  |TAMS 0x0000000707c00000, 0x0000000707c00000| Untracked 
| 125|0x0000000707d00000, 0x0000000707d00000, 0x0000000707e00000|  0%| F|  |TAMS 0x0000000707d00000, 0x0000000707d00000| Untracked 
| 126|0x0000000707e00000, 0x0000000707e00000, 0x0000000707f00000|  0%| F|  |TAMS 0x0000000707e00000, 0x0000000707e00000| Untracked 
| 127|0x0000000707f00000, 0x0000000707f00000, 0x0000000708000000|  0%| F|  |TAMS 0x0000000707f00000, 0x0000000707f00000| Untracked 
| 128|0x0000000708000000, 0x0000000708000000, 0x0000000708100000|  0%| F|  |TAMS 0x0000000708000000, 0x0000000708000000| Untracked 
| 129|0x0000000708100000, 0x0000000708100000, 0x0000000708200000|  0%| F|  |TAMS 0x0000000708100000, 0x0000000708100000| Untracked 
| 130|0x0000000708200000, 0x0000000708200000, 0x0000000708300000|  0%| F|  |TAMS 0x0000000708200000, 0x0000000708200000| Untracked 
| 131|0x0000000708300000, 0x0000000708300000, 0x0000000708400000|  0%| F|  |TAMS 0x0000000708300000, 0x0000000708300000| Untracked 
| 132|0x0000000708400000, 0x0000000708400000, 0x0000000708500000|  0%| F|  |TAMS 0x0000000708400000, 0x0000000708400000| Untracked 
| 133|0x0000000708500000, 0x0000000708500000, 0x0000000708600000|  0%| F|  |TAMS 0x0000000708500000, 0x0000000708500000| Untracked 
| 134|0x0000000708600000, 0x0000000708600000, 0x0000000708700000|  0%| F|  |TAMS 0x0000000708600000, 0x0000000708600000| Untracked 
| 135|0x0000000708700000, 0x0000000708700000, 0x0000000708800000|  0%| F|  |TAMS 0x0000000708700000, 0x0000000708700000| Untracked 
| 136|0x0000000708800000, 0x0000000708800000, 0x0000000708900000|  0%| F|  |TAMS 0x0000000708800000, 0x0000000708800000| Untracked 
| 137|0x0000000708900000, 0x0000000708900000, 0x0000000708a00000|  0%| F|  |TAMS 0x0000000708900000, 0x0000000708900000| Untracked 
| 138|0x0000000708a00000, 0x0000000708a00000, 0x0000000708b00000|  0%| F|  |TAMS 0x0000000708a00000, 0x0000000708a00000| Untracked 
| 139|0x0000000708b00000, 0x0000000708b00000, 0x0000000708c00000|  0%| F|  |TAMS 0x0000000708b00000, 0x0000000708b00000| Untracked 
| 140|0x0000000708c00000, 0x0000000708c00000, 0x0000000708d00000|  0%| F|  |TAMS 0x0000000708c00000, 0x0000000708c00000| Untracked 
| 141|0x0000000708d00000, 0x0000000708d00000, 0x0000000708e00000|  0%| F|  |TAMS 0x0000000708d00000, 0x0000000708d00000| Untracked 
| 142|0x0000000708e00000, 0x0000000708e00000, 0x0000000708f00000|  0%| F|  |TAMS 0x0000000708e00000, 0x0000000708e00000| Untracked 
| 143|0x0000000708f00000, 0x0000000708f00000, 0x0000000709000000|  0%| F|  |TAMS 0x0000000708f00000, 0x0000000708f00000| Untracked 
| 144|0x0000000709000000, 0x0000000709000000, 0x0000000709100000|  0%| F|  |TAMS 0x0000000709000000, 0x0000000709000000| Untracked 
| 145|0x0000000709100000, 0x0000000709100000, 0x0000000709200000|  0%| F|  |TAMS 0x0000000709100000, 0x0000000709100000| Untracked 
| 146|0x0000000709200000, 0x0000000709200000, 0x0000000709300000|  0%| F|  |TAMS 0x0000000709200000, 0x0000000709200000| Untracked 
| 147|0x0000000709300000, 0x0000000709300000, 0x0000000709400000|  0%| F|  |TAMS 0x0000000709300000, 0x0000000709300000| Untracked 
| 148|0x0000000709400000, 0x0000000709400000, 0x0000000709500000|  0%| F|  |TAMS 0x0000000709400000, 0x0000000709400000| Untracked 
| 149|0x0000000709500000, 0x0000000709500000, 0x0000000709600000|  0%| F|  |TAMS 0x0000000709500000, 0x0000000709500000| Untracked 
| 150|0x0000000709600000, 0x0000000709600000, 0x0000000709700000|  0%| F|  |TAMS 0x0000000709600000, 0x0000000709600000| Untracked 
| 151|0x0000000709700000, 0x0000000709700000, 0x0000000709800000|  0%| F|  |TAMS 0x0000000709700000, 0x0000000709700000| Untracked 
| 152|0x0000000709800000, 0x0000000709800000, 0x0000000709900000|  0%| F|  |TAMS 0x0000000709800000, 0x0000000709800000| Untracked 
| 153|0x0000000709900000, 0x0000000709900000, 0x0000000709a00000|  0%| F|  |TAMS 0x0000000709900000, 0x0000000709900000| Untracked 
| 154|0x0000000709a00000, 0x0000000709a00000, 0x0000000709b00000|  0%| F|  |TAMS 0x0000000709a00000, 0x0000000709a00000| Untracked 
| 155|0x0000000709b00000, 0x0000000709b00000, 0x0000000709c00000|  0%| F|  |TAMS 0x0000000709b00000, 0x0000000709b00000| Untracked 
| 156|0x0000000709c00000, 0x0000000709c00000, 0x0000000709d00000|  0%| F|  |TAMS 0x0000000709c00000, 0x0000000709c00000| Untracked 
| 157|0x0000000709d00000, 0x0000000709d00000, 0x0000000709e00000|  0%| F|  |TAMS 0x0000000709d00000, 0x0000000709d00000| Untracked 
| 158|0x0000000709e00000, 0x0000000709e00000, 0x0000000709f00000|  0%| F|  |TAMS 0x0000000709e00000, 0x0000000709e00000| Untracked 
| 159|0x0000000709f00000, 0x0000000709f00000, 0x000000070a000000|  0%| F|  |TAMS 0x0000000709f00000, 0x0000000709f00000| Untracked 
| 160|0x000000070a000000, 0x000000070a000000, 0x000000070a100000|  0%| F|  |TAMS 0x000000070a000000, 0x000000070a000000| Untracked 
| 161|0x000000070a100000, 0x000000070a100000, 0x000000070a200000|  0%| F|  |TAMS 0x000000070a100000, 0x000000070a100000| Untracked 
| 162|0x000000070a200000, 0x000000070a200000, 0x000000070a300000|  0%| F|  |TAMS 0x000000070a200000, 0x000000070a200000| Untracked 
| 163|0x000000070a300000, 0x000000070a300000, 0x000000070a400000|  0%| F|  |TAMS 0x000000070a300000, 0x000000070a300000| Untracked 
| 164|0x000000070a400000, 0x000000070a400000, 0x000000070a500000|  0%| F|  |TAMS 0x000000070a400000, 0x000000070a400000| Untracked 
| 165|0x000000070a500000, 0x000000070a500000, 0x000000070a600000|  0%| F|  |TAMS 0x000000070a500000, 0x000000070a500000| Untracked 
| 166|0x000000070a600000, 0x000000070a600000, 0x000000070a700000|  0%| F|  |TAMS 0x000000070a600000, 0x000000070a600000| Untracked 
| 167|0x000000070a700000, 0x000000070a700000, 0x000000070a800000|  0%| F|  |TAMS 0x000000070a700000, 0x000000070a700000| Untracked 
| 168|0x000000070a800000, 0x000000070a800000, 0x000000070a900000|  0%| F|  |TAMS 0x000000070a800000, 0x000000070a800000| Untracked 
| 169|0x000000070a900000, 0x000000070a900000, 0x000000070aa00000|  0%| F|  |TAMS 0x000000070a900000, 0x000000070a900000| Untracked 
| 170|0x000000070aa00000, 0x000000070aa00000, 0x000000070ab00000|  0%| F|  |TAMS 0x000000070aa00000, 0x000000070aa00000| Untracked 
| 171|0x000000070ab00000, 0x000000070ab00000, 0x000000070ac00000|  0%| F|  |TAMS 0x000000070ab00000, 0x000000070ab00000| Untracked 
| 172|0x000000070ac00000, 0x000000070ac00000, 0x000000070ad00000|  0%| F|  |TAMS 0x000000070ac00000, 0x000000070ac00000| Untracked 
| 173|0x000000070ad00000, 0x000000070ad00000, 0x000000070ae00000|  0%| F|  |TAMS 0x000000070ad00000, 0x000000070ad00000| Untracked 
| 174|0x000000070ae00000, 0x000000070ae00000, 0x000000070af00000|  0%| F|  |TAMS 0x000000070ae00000, 0x000000070ae00000| Untracked 
| 175|0x000000070af00000, 0x000000070af00000, 0x000000070b000000|  0%| F|  |TAMS 0x000000070af00000, 0x000000070af00000| Untracked 
| 176|0x000000070b000000, 0x000000070b000000, 0x000000070b100000|  0%| F|  |TAMS 0x000000070b000000, 0x000000070b000000| Untracked 
| 177|0x000000070b100000, 0x000000070b100000, 0x000000070b200000|  0%| F|  |TAMS 0x000000070b100000, 0x000000070b100000| Untracked 
| 178|0x000000070b200000, 0x000000070b200000, 0x000000070b300000|  0%| F|  |TAMS 0x000000070b200000, 0x000000070b200000| Untracked 
| 179|0x000000070b300000, 0x000000070b300000, 0x000000070b400000|  0%| F|  |TAMS 0x000000070b300000, 0x000000070b300000| Untracked 
| 180|0x000000070b400000, 0x000000070b400000, 0x000000070b500000|  0%| F|  |TAMS 0x000000070b400000, 0x000000070b400000| Untracked 
| 181|0x000000070b500000, 0x000000070b500000, 0x000000070b600000|  0%| F|  |TAMS 0x000000070b500000, 0x000000070b500000| Untracked 
| 182|0x000000070b600000, 0x000000070b600000, 0x000000070b700000|  0%| F|  |TAMS 0x000000070b600000, 0x000000070b600000| Untracked 
| 183|0x000000070b700000, 0x000000070b700000, 0x000000070b800000|  0%| F|  |TAMS 0x000000070b700000, 0x000000070b700000| Untracked 
| 184|0x000000070b800000, 0x000000070b800000, 0x000000070b900000|  0%| F|  |TAMS 0x000000070b800000, 0x000000070b800000| Untracked 
| 185|0x000000070b900000, 0x000000070b900000, 0x000000070ba00000|  0%| F|  |TAMS 0x000000070b900000, 0x000000070b900000| Untracked 
| 186|0x000000070ba00000, 0x000000070ba00000, 0x000000070bb00000|  0%| F|  |TAMS 0x000000070ba00000, 0x000000070ba00000| Untracked 
| 187|0x000000070bb00000, 0x000000070bb00000, 0x000000070bc00000|  0%| F|  |TAMS 0x000000070bb00000, 0x000000070bb00000| Untracked 
| 188|0x000000070bc00000, 0x000000070bc00000, 0x000000070bd00000|  0%| F|  |TAMS 0x000000070bc00000, 0x000000070bc00000| Untracked 
| 189|0x000000070bd00000, 0x000000070bd00000, 0x000000070be00000|  0%| F|  |TAMS 0x000000070bd00000, 0x000000070bd00000| Untracked 
| 190|0x000000070be00000, 0x000000070be00000, 0x000000070bf00000|  0%| F|  |TAMS 0x000000070be00000, 0x000000070be00000| Untracked 
| 191|0x000000070bf00000, 0x000000070bf00000, 0x000000070c000000|  0%| F|  |TAMS 0x000000070bf00000, 0x000000070bf00000| Untracked 
| 192|0x000000070c000000, 0x000000070c000000, 0x000000070c100000|  0%| F|  |TAMS 0x000000070c000000, 0x000000070c000000| Untracked 
| 193|0x000000070c100000, 0x000000070c100000, 0x000000070c200000|  0%| F|  |TAMS 0x000000070c100000, 0x000000070c100000| Untracked 
| 194|0x000000070c200000, 0x000000070c200000, 0x000000070c300000|  0%| F|  |TAMS 0x000000070c200000, 0x000000070c200000| Untracked 
| 195|0x000000070c300000, 0x000000070c300000, 0x000000070c400000|  0%| F|  |TAMS 0x000000070c300000, 0x000000070c300000| Untracked 
| 196|0x000000070c400000, 0x000000070c400000, 0x000000070c500000|  0%| F|  |TAMS 0x000000070c400000, 0x000000070c400000| Untracked 
| 197|0x000000070c500000, 0x000000070c500000, 0x000000070c600000|  0%| F|  |TAMS 0x000000070c500000, 0x000000070c500000| Untracked 
| 198|0x000000070c600000, 0x000000070c600000, 0x000000070c700000|  0%| F|  |TAMS 0x000000070c600000, 0x000000070c600000| Untracked 
| 199|0x000000070c700000, 0x000000070c700000, 0x000000070c800000|  0%| F|  |TAMS 0x000000070c700000, 0x000000070c700000| Untracked 
| 200|0x000000070c800000, 0x000000070c800000, 0x000000070c900000|  0%| F|  |TAMS 0x000000070c800000, 0x000000070c800000| Untracked 
| 201|0x000000070c900000, 0x000000070c900000, 0x000000070ca00000|  0%| F|  |TAMS 0x000000070c900000, 0x000000070c900000| Untracked 
| 202|0x000000070ca00000, 0x000000070ca00000, 0x000000070cb00000|  0%| F|  |TAMS 0x000000070ca00000, 0x000000070ca00000| Untracked 
| 203|0x000000070cb00000, 0x000000070cb00000, 0x000000070cc00000|  0%| F|  |TAMS 0x000000070cb00000, 0x000000070cb00000| Untracked 
| 204|0x000000070cc00000, 0x000000070cc00000, 0x000000070cd00000|  0%| F|  |TAMS 0x000000070cc00000, 0x000000070cc00000| Untracked 
| 205|0x000000070cd00000, 0x000000070cd00000, 0x000000070ce00000|  0%| F|  |TAMS 0x000000070cd00000, 0x000000070cd00000| Untracked 
| 206|0x000000070ce00000, 0x000000070ce00000, 0x000000070cf00000|  0%| F|  |TAMS 0x000000070ce00000, 0x000000070ce00000| Untracked 
| 207|0x000000070cf00000, 0x000000070cf00000, 0x000000070d000000|  0%| F|  |TAMS 0x000000070cf00000, 0x000000070cf00000| Untracked 
| 208|0x000000070d000000, 0x000000070d000000, 0x000000070d100000|  0%| F|  |TAMS 0x000000070d000000, 0x000000070d000000| Untracked 
| 209|0x000000070d100000, 0x000000070d100000, 0x000000070d200000|  0%| F|  |TAMS 0x000000070d100000, 0x000000070d100000| Untracked 
| 210|0x000000070d200000, 0x000000070d200000, 0x000000070d300000|  0%| F|  |TAMS 0x000000070d200000, 0x000000070d200000| Untracked 
| 211|0x000000070d300000, 0x000000070d3d3a40, 0x000000070d400000| 82%| S|CS|TAMS 0x000000070d300000, 0x000000070d300000| Complete 
| 212|0x000000070d400000, 0x000000070d500000, 0x000000070d500000|100%| S|CS|TAMS 0x000000070d400000, 0x000000070d400000| Complete 
| 213|0x000000070d500000, 0x000000070d500000, 0x000000070d600000|  0%| F|  |TAMS 0x000000070d500000, 0x000000070d500000| Untracked 
| 214|0x000000070d600000, 0x000000070d600000, 0x000000070d700000|  0%| F|  |TAMS 0x000000070d600000, 0x000000070d600000| Untracked 
| 215|0x000000070d700000, 0x000000070d700000, 0x000000070d800000|  0%| F|  |TAMS 0x000000070d700000, 0x000000070d700000| Untracked 
| 216|0x000000070d800000, 0x000000070d800000, 0x000000070d900000|  0%| F|  |TAMS 0x000000070d800000, 0x000000070d800000| Untracked 
| 217|0x000000070d900000, 0x000000070d900000, 0x000000070da00000|  0%| F|  |TAMS 0x000000070d900000, 0x000000070d900000| Untracked 
| 218|0x000000070da00000, 0x000000070da00000, 0x000000070db00000|  0%| F|  |TAMS 0x000000070da00000, 0x000000070da00000| Untracked 
| 219|0x000000070db00000, 0x000000070db00000, 0x000000070dc00000|  0%| F|  |TAMS 0x000000070db00000, 0x000000070db00000| Untracked 
| 220|0x000000070dc00000, 0x000000070dc00000, 0x000000070dd00000|  0%| F|  |TAMS 0x000000070dc00000, 0x000000070dc00000| Untracked 
| 221|0x000000070dd00000, 0x000000070dd00000, 0x000000070de00000|  0%| F|  |TAMS 0x000000070dd00000, 0x000000070dd00000| Untracked 
| 222|0x000000070de00000, 0x000000070de00000, 0x000000070df00000|  0%| F|  |TAMS 0x000000070de00000, 0x000000070de00000| Untracked 
| 223|0x000000070df00000, 0x000000070df00000, 0x000000070e000000|  0%| F|  |TAMS 0x000000070df00000, 0x000000070df00000| Untracked 
| 224|0x000000070e000000, 0x000000070e000000, 0x000000070e100000|  0%| F|  |TAMS 0x000000070e000000, 0x000000070e000000| Untracked 
| 225|0x000000070e100000, 0x000000070e100000, 0x000000070e200000|  0%| F|  |TAMS 0x000000070e100000, 0x000000070e100000| Untracked 
| 226|0x000000070e200000, 0x000000070e2aa2f0, 0x000000070e300000| 66%| E|  |TAMS 0x000000070e200000, 0x000000070e200000| Complete 
| 227|0x000000070e300000, 0x000000070e400000, 0x000000070e400000|100%| E|CS|TAMS 0x000000070e300000, 0x000000070e300000| Complete 
| 228|0x000000070e400000, 0x000000070e500000, 0x000000070e500000|100%| E|CS|TAMS 0x000000070e400000, 0x000000070e400000| Complete 
| 229|0x000000070e500000, 0x000000070e600000, 0x000000070e600000|100%| E|CS|TAMS 0x000000070e500000, 0x000000070e500000| Complete 
| 230|0x000000070e600000, 0x000000070e700000, 0x000000070e700000|100%| E|CS|TAMS 0x000000070e600000, 0x000000070e600000| Complete 
| 231|0x000000070e700000, 0x000000070e800000, 0x000000070e800000|100%| E|CS|TAMS 0x000000070e700000, 0x000000070e700000| Complete 
| 232|0x000000070e800000, 0x000000070e900000, 0x000000070e900000|100%| E|CS|TAMS 0x000000070e800000, 0x000000070e800000| Complete 
| 233|0x000000070e900000, 0x000000070ea00000, 0x000000070ea00000|100%| E|CS|TAMS 0x000000070e900000, 0x000000070e900000| Complete 
| 234|0x000000070ea00000, 0x000000070eb00000, 0x000000070eb00000|100%| E|CS|TAMS 0x000000070ea00000, 0x000000070ea00000| Complete 
| 235|0x000000070eb00000, 0x000000070ec00000, 0x000000070ec00000|100%| E|CS|TAMS 0x000000070eb00000, 0x000000070eb00000| Complete 
| 236|0x000000070ec00000, 0x000000070ed00000, 0x000000070ed00000|100%| E|CS|TAMS 0x000000070ec00000, 0x000000070ec00000| Complete 
| 237|0x000000070ed00000, 0x000000070ee00000, 0x000000070ee00000|100%| E|CS|TAMS 0x000000070ed00000, 0x000000070ed00000| Complete 
| 238|0x000000070ee00000, 0x000000070ef00000, 0x000000070ef00000|100%| E|CS|TAMS 0x000000070ee00000, 0x000000070ee00000| Complete 
| 239|0x000000070ef00000, 0x000000070f000000, 0x000000070f000000|100%| E|CS|TAMS 0x000000070ef00000, 0x000000070ef00000| Complete 
| 240|0x000000070f000000, 0x000000070f100000, 0x000000070f100000|100%| E|CS|TAMS 0x000000070f000000, 0x000000070f000000| Complete 
| 241|0x000000070f100000, 0x000000070f200000, 0x000000070f200000|100%| E|CS|TAMS 0x000000070f100000, 0x000000070f100000| Complete 
| 242|0x000000070f200000, 0x000000070f300000, 0x000000070f300000|100%| E|CS|TAMS 0x000000070f200000, 0x000000070f200000| Complete 
| 243|0x000000070f300000, 0x000000070f400000, 0x000000070f400000|100%| E|CS|TAMS 0x000000070f300000, 0x000000070f300000| Complete 
| 244|0x000000070f400000, 0x000000070f500000, 0x000000070f500000|100%| E|CS|TAMS 0x000000070f400000, 0x000000070f400000| Complete 
| 245|0x000000070f500000, 0x000000070f600000, 0x000000070f600000|100%| E|CS|TAMS 0x000000070f500000, 0x000000070f500000| Complete 
| 246|0x000000070f600000, 0x000000070f700000, 0x000000070f700000|100%| E|CS|TAMS 0x000000070f600000, 0x000000070f600000| Complete 
| 247|0x000000070f700000, 0x000000070f800000, 0x000000070f800000|100%| E|CS|TAMS 0x000000070f700000, 0x000000070f700000| Complete 
| 248|0x000000070f800000, 0x000000070f900000, 0x000000070f900000|100%| E|CS|TAMS 0x000000070f800000, 0x000000070f800000| Complete 
| 249|0x000000070f900000, 0x000000070fa00000, 0x000000070fa00000|100%| E|CS|TAMS 0x000000070f900000, 0x000000070f900000| Complete 
| 250|0x000000070fa00000, 0x000000070fb00000, 0x000000070fb00000|100%| E|CS|TAMS 0x000000070fa00000, 0x000000070fa00000| Complete 
| 251|0x000000070fb00000, 0x000000070fc00000, 0x000000070fc00000|100%| E|CS|TAMS 0x000000070fb00000, 0x000000070fb00000| Complete 
| 252|0x000000070fc00000, 0x000000070fd00000, 0x000000070fd00000|100%| E|CS|TAMS 0x000000070fc00000, 0x000000070fc00000| Complete 
| 253|0x000000070fd00000, 0x000000070fe00000, 0x000000070fe00000|100%| E|CS|TAMS 0x000000070fd00000, 0x000000070fd00000| Complete 

Card table byte_map: [0x0000015ec84e0000,0x0000015ec8ce0000] _byte_map_base: 0x0000015ec4ce0000

Marking Bits (Prev, Next): (CMBitMap*) 0x0000015eb1393590, (CMBitMap*) 0x0000015eb1393558
 Prev Bits: [0x0000015ecd4e0000, 0x0000015ed14e0000)
 Next Bits: [0x0000015ec94e0000, 0x0000015ecd4e0000)

Polling page: 0x0000015eaf4b0000

Metaspace:

Usage:
  Non-class:     23.43 MB capacity,    22.99 MB ( 98%) used,   383.23 KB (  2%) free+waste,    62.25 KB ( <1%) overhead. 
      Class:      3.78 MB capacity,     3.52 MB ( 93%) used,   235.27 KB (  6%) free+waste,    32.88 KB ( <1%) overhead. 
       Both:     27.21 MB capacity,    26.51 MB ( 97%) used,   618.49 KB (  2%) free+waste,    95.13 KB ( <1%) overhead. 

Virtual space:
  Non-class space:       24.00 MB reserved,      23.50 MB ( 98%) committed 
      Class space:     1016.00 MB reserved,       3.88 MB ( <1%) committed 
             Both:        1.02 GB reserved,      27.38 MB (  3%) committed 

Chunk freelists:
   Non-Class:  1.50 KB
       Class:  0 bytes
        Both:  1.50 KB

CodeHeap 'non-profiled nmethods': size=120000Kb used=1231Kb max_used=1231Kb free=118768Kb
 bounds [0x0000015ec0480000, 0x0000015ec06f0000, 0x0000015ec79b0000]
CodeHeap 'profiled nmethods': size=120000Kb used=5152Kb max_used=5152Kb free=114847Kb
 bounds [0x0000015eb8f50000, 0x0000015eb9460000, 0x0000015ec0480000]
CodeHeap 'non-nmethods': size=5760Kb used=1181Kb max_used=1233Kb free=4578Kb
 bounds [0x0000015eb89b0000, 0x0000015eb8c20000, 0x0000015eb8f50000]
 total_blobs=2967 nmethods=2460 adapters=418
 compilation: enabled
              stopped_count=0, restarted_count=0
 full_count=0

Compilation events (10 events):
Event: 4.457 Thread 0x0000015ed7c8f800 nmethod 2294 0x0000015ec05a3590 code [0x0000015ec05a3700, 0x0000015ec05a3818]
Event: 4.457 Thread 0x0000015ed7c8f800 2399       4       java.lang.ThreadLocal::getMap (5 bytes)
Event: 4.457 Thread 0x0000015ed7c8f800 nmethod 2399 0x0000015ec05a3910 code [0x0000015ec05a3a80, 0x0000015ec05a3af8]
Event: 4.458 Thread 0x0000015ed4973000 2424       3       java.lang.invoke.MethodHandles$Lookup::lookupModes (8 bytes)
Event: 4.458 Thread 0x0000015ed4973000 nmethod 2424 0x0000015eb944a590 code [0x0000015eb944a720, 0x0000015eb944a818]
Event: 4.458 Thread 0x0000015ed4973000 2425       3       java.lang.reflect.Constructor::acquireConstructorAccessor (44 bytes)
Event: 4.458 Thread 0x0000015ed4973000 nmethod 2425 0x0000015eb944a890 code [0x0000015eb944aa80, 0x0000015eb944af78]
Event: 4.462 Thread 0x0000015ed4973000 2426       3       java.lang.invoke.LambdaForm::editor (5 bytes)
Event: 4.463 Thread 0x0000015ed4973000 nmethod 2426 0x0000015eb944b110 code [0x0000015eb944b2e0, 0x0000015eb944b608]
Event: 4.463 Thread 0x0000015ed4973000 2427       3       java.lang.invoke.LambdaFormEditor::lambdaFormEditor (12 bytes)

GC Heap History (6 events):
Event: 0.706 GC heap before
{Heap before GC invocations=0 (full 0):
 garbage-first heap   total 260096K, used 27648K [0x0000000700000000, 0x0000000800000000)
  region size 1024K, 24 young (24576K), 0 survivors (0K)
 Metaspace       used 9591K, capacity 9827K, committed 10112K, reserved 1050624K
  class space    used 1002K, capacity 1069K, committed 1152K, reserved 1040384K
}
Event: 0.710 GC heap after
{Heap after GC invocations=1 (full 0):
 garbage-first heap   total 260096K, used 10744K [0x0000000700000000, 0x0000000800000000)
  region size 1024K, 3 young (3072K), 3 survivors (3072K)
 Metaspace       used 9591K, capacity 9827K, committed 10112K, reserved 1050624K
  class space    used 1002K, capacity 1069K, committed 1152K, reserved 1040384K
}
Event: 3.805 GC heap before
{Heap before GC invocations=1 (full 0):
 garbage-first heap   total 260096K, used 102904K [0x0000000700000000, 0x0000000800000000)
  region size 1024K, 94 young (96256K), 3 survivors (3072K)
 Metaspace       used 20629K, capacity 21091K, committed 21248K, reserved 1058816K
  class space    used 2514K, capacity 2699K, committed 2816K, reserved 1040384K
}
Event: 3.812 GC heap after
{Heap after GC invocations=2 (full 0):
 garbage-first heap   total 260096K, used 18461K [0x0000000700000000, 0x0000000800000000)
  region size 1024K, 11 young (11264K), 11 survivors (11264K)
 Metaspace       used 20629K, capacity 21091K, committed 21248K, reserved 1058816K
  class space    used 2514K, capacity 2699K, committed 2816K, reserved 1040384K
}
Event: 4.170 GC heap before
{Heap before GC invocations=3 (full 0):
 garbage-first heap   total 260096K, used 60445K [0x0000000700000000, 0x0000000800000000)
  region size 1024K, 52 young (53248K), 11 survivors (11264K)
 Metaspace       used 24158K, capacity 24859K, committed 24960K, reserved 1062912K
  class space    used 3114K, capacity 3358K, committed 3456K, reserved 1040384K
}
Event: 4.177 GC heap after
{Heap after GC invocations=4 (full 0):
 garbage-first heap   total 260096K, used 20151K [0x0000000700000000, 0x0000000800000000)
  region size 1024K, 2 young (2048K), 2 survivors (2048K)
 Metaspace       used 24158K, capacity 24859K, committed 24960K, reserved 1062912K
  class space    used 3114K, capacity 3358K, committed 3456K, reserved 1040384K
}

Deoptimization events (10 events):
Event: 3.797 Thread 0x0000015ed78db800 Uncommon trap: reason=class_check action=maybe_recompile pc=0x0000015ec0497940 method=java.util.regex.Matcher.match(II)Z @ 121 c2
Event: 3.829 Thread 0x0000015ed78db800 Uncommon trap: reason=unstable_if action=reinterpret pc=0x0000015ec04efbb8 method=java.util.regex.Matcher.reset()Ljava/util/regex/Matcher; @ 71 c2
Event: 3.829 Thread 0x0000015ed78db800 Uncommon trap: reason=unstable_if action=reinterpret pc=0x0000015ec04979a4 method=java.util.regex.Matcher.match(II)Z @ 76 c2
Event: 3.863 Thread 0x0000015ed78db800 Uncommon trap: reason=unstable_if action=reinterpret pc=0x0000015ec049b4c8 method=java.io.WinNTFileSystem.resolve(Ljava/lang/String;Ljava/lang/String;)Ljava/lang/String; @ 19 c2
Event: 3.863 Thread 0x0000015ed78db800 Uncommon trap: reason=bimorphic_or_optimized_type_check action=maybe_recompile pc=0x0000015ec04f8e24 method=java.util.AbstractList$Itr.hasNext()Z @ 8 c2
Event: 3.863 Thread 0x0000015ed78db800 Uncommon trap: reason=bimorphic_or_optimized_type_check action=maybe_recompile pc=0x0000015ec04fc1b0 method=java.util.AbstractList$Itr.next()Ljava/lang/Object; @ 14 c2
Event: 3.864 Thread 0x0000015ed78db800 Uncommon trap: reason=unstable_if action=reinterpret pc=0x0000015ec04f5010 method=java.io.File.getName()Ljava/lang/String; @ 16 c2
Event: 3.864 Thread 0x0000015ed78db800 Uncommon trap: reason=unstable_if action=reinterpret pc=0x0000015ec04f2c14 method=java.lang.String.substring(I)Ljava/lang/String; @ 34 c2
Event: 3.930 Thread 0x0000015ed78db800 Uncommon trap: reason=intrinsic_or_type_checked_inlining action=make_not_entrant pc=0x0000015ec0576fe0 method=java.util.Arrays.copyOf([Ljava/lang/Object;ILjava/lang/Class;)[Ljava/lang/Object; @ 35 c2
Event: 4.273 Thread 0x0000015ed78db800 Uncommon trap: reason=unstable_if action=reinterpret pc=0x0000015ec04d92f4 method=java.util.HashMap.hash(Ljava/lang/Object;)I @ 1 c2

Classes redefined (0 events):
No events

Internal exceptions (10 events):
Event: 4.028 Thread 0x0000015ed78db800 Exception <a 'java/lang/IncompatibleClassChangeError'{0x000000070e799938}: Found class java.lang.Object, but interface was expected> (0x000000070e799938) thrown at [./open/src/hotspot/share/interpreter/linkResolver.cpp, line 838]
Event: 4.167 Thread 0x0000015ed78db800 Exception <a 'java/lang/NoSuchMethodError'{0x000000070d540f80}: java.lang.invoke.DirectMethodHandle$Holder.invokeVirtual(Ljava/lang/Object;Ljava/lang/Object;Ljava/lang/Object;Ljava/lang/Object;)Ljava/lang/Object;> (0x000000070d540f80) thrown at [./open/sr
Event: 4.202 Thread 0x0000015ed78db800 Exception <a 'java/lang/NoSuchMethodError'{0x000000070fb169c0}: java.lang.invoke.Invokers$Holder.linkToTargetMethod(Ljava/lang/Object;Ljava/lang/Object;Ljava/lang/Object;Ljava/lang/Object;Ljava/lang/Object;Ljava/lang/Object;Ljava/lang/Object;)Ljava/lang/O
Event: 4.222 Thread 0x0000015ed78db800 Exception <a 'java/lang/NoSuchMethodError'{0x000000070faac398}: java.lang.invoke.DirectMethodHandle$Holder.invokeVirtual(Ljava/lang/Object;Ljava/lang/Object;Ljava/lang/Object;Ljava/lang/Object;Ljava/lang/Object;Ljava/lang/Object;Ljava/lang/Object;Ljava/la
Event: 4.264 Thread 0x0000015ed78db800 Exception <a 'java/lang/NoSuchMethodError'{0x000000070f380de8}: java.lang.invoke.DirectMethodHandle$Holder.invokeStatic(Ljava/lang/Object;Ljava/lang/Object;Ljava/lang/Object;Ljava/lang/Object;Ljava/lang/Object;)V> (0x000000070f380de8) thrown at [./open/sr
Event: 4.273 Thread 0x0000015ed78db800 Implicit null exception at 0x0000015ec04d9258 to 0x0000015ec04d92ea
Event: 4.347 Thread 0x0000015ed78db800 Exception <a 'java/lang/NoSuchMethodError'{0x000000070ecba158}: java.lang.invoke.DirectMethodHandle$Holder.invokeStaticInit(Ljava/lang/Object;Ljava/lang/Object;)V> (0x000000070ecba158) thrown at [./open/src/hotspot/share/interpreter/linkResolver.cpp, line
Event: 4.443 Thread 0x0000015ed78db800 Exception <a 'java/lang/NoSuchMethodError'{0x000000070e52df98}: java.lang.invoke.DirectMethodHandle$Holder.invokeStatic(Ljava/lang/Object;Ljava/lang/Object;Ljava/lang/Object;Ljava/lang/Object;)V> (0x000000070e52df98) thrown at [./open/src/hotspot/share/in
Event: 4.446 Thread 0x0000015ed78db800 Exception <a 'java/lang/NoSuchMethodError'{0x000000070e54d5a0}: java.lang.invoke.DirectMethodHandle$Holder.invokeVirtual(Ljava/lang/Object;Ljava/lang/Object;)I> (0x000000070e54d5a0) thrown at [./open/src/hotspot/share/interpreter/linkResolver.cpp, line 77
Event: 4.451 Thread 0x0000015ed78db800 Exception <a 'java/lang/NoSuchMethodError'{0x000000070e57e318}: java.lang.invoke.DirectMethodHandle$Holder.invokeVirtual(Ljava/lang/Object;Ljava/lang/Object;Ljava/lang/Object;)I> (0x000000070e57e318) thrown at [./open/src/hotspot/share/interpreter/linkRes

Events (10 events):
Event: 4.462 loading class com/google/common/collect/ImmutableRangeSet$Builder
Event: 4.462 loading class com/google/common/collect/ImmutableRangeSet$Builder done
Event: 4.462 loading class com/google/common/collect/ImmutableRangeSet$Builder
Event: 4.462 loading class com/google/common/collect/ImmutableRangeSet$Builder done
Event: 4.462 loading class com/google/common/collect/ImmutableRangeSet$Builder
Event: 4.462 loading class com/google/common/collect/ImmutableRangeSet$Builder done
Event: 4.463 loading class com/google/common/collect/Range
Event: 4.463 loading class com/google/common/collect/Range done
Event: 4.463 loading class com/google/common/collect/Range
Event: 4.463 loading class com/google/common/collect/Range done


Dynamic libraries:
0x00007ff791d20000 - 0x00007ff791d2f000 	C:\Program Files\Java\jdk-11.0.14\bin\java.exe
0x00007ffc41c90000 - 0x00007ffc41e88000 	C:\Windows\SYSTEM32\ntdll.dll
0x00007ffc41560000 - 0x00007ffc41622000 	C:\Windows\System32\KERNEL32.DLL
0x00007ffc3f370000 - 0x00007ffc3f66e000 	C:\Windows\System32\KERNELBASE.dll
0x00007ffc3f8c0000 - 0x00007ffc3f9c0000 	C:\Windows\System32\ucrtbase.dll
0x00007ffc32d40000 - 0x00007ffc32d58000 	C:\Program Files\Java\jdk-11.0.14\bin\jli.dll
0x00007ffc41a50000 - 0x00007ffc41b00000 	C:\Windows\System32\ADVAPI32.dll
0x00007ffc419b0000 - 0x00007ffc41a4e000 	C:\Windows\System32\msvcrt.dll
0x00007ffc32d60000 - 0x00007ffc32d75000 	C:\Program Files\Java\jdk-11.0.14\bin\VCRUNTIME140.dll
0x00007ffc414c0000 - 0x00007ffc41560000 	C:\Windows\System32\sechost.dll
0x00007ffc41b00000 - 0x00007ffc41c23000 	C:\Windows\System32\RPCRT4.dll
0x00007ffc3f340000 - 0x00007ffc3f367000 	C:\Windows\System32\bcrypt.dll
0x00007ffc40090000 - 0x00007ffc4022d000 	C:\Windows\System32\USER32.dll
0x00007ffc3f800000 - 0x00007ffc3f822000 	C:\Windows\System32\win32u.dll
0x00007ffc26da0000 - 0x00007ffc2703a000 	C:\Windows\WinSxS\amd64_microsoft.windows.common-controls_6595b64144ccf1df_6.0.19041.4355_none_60b8b9eb71f62e16\COMCTL32.dll
0x00007ffc41630000 - 0x00007ffc4165b000 	C:\Windows\System32\GDI32.dll
0x00007ffc3f670000 - 0x00007ffc3f787000 	C:\Windows\System32\gdi32full.dll
0x00007ffc3fa10000 - 0x00007ffc3faad000 	C:\Windows\System32\msvcp_win.dll
0x00007ffc36dd0000 - 0x00007ffc36dda000 	C:\Windows\SYSTEM32\VERSION.dll
0x00007ffc40fe0000 - 0x00007ffc4100f000 	C:\Windows\System32\IMM32.DLL
0x00007ffc29f60000 - 0x00007ffc29ffb000 	C:\Program Files\Java\jdk-11.0.14\bin\msvcp140.dll
0x00007ffbd2760000 - 0x00007ffbd3276000 	C:\Program Files\Java\jdk-11.0.14\bin\server\jvm.dll
0x00007ffc414b0000 - 0x00007ffc414b8000 	C:\Windows\System32\PSAPI.DLL
0x00007ffc3ae20000 - 0x00007ffc3ae29000 	C:\Windows\SYSTEM32\WSOCK32.dll
0x00007ffc3cf20000 - 0x00007ffc3cf47000 	C:\Windows\SYSTEM32\WINMM.dll
0x00007ffc41940000 - 0x00007ffc419ab000 	C:\Windows\System32\WS2_32.dll
0x00007ffc3d960000 - 0x00007ffc3d972000 	C:\Windows\SYSTEM32\kernel.appcore.dll
0x00007ffc32aa0000 - 0x00007ffc32ab0000 	C:\Program Files\Java\jdk-11.0.14\bin\verify.dll
0x00007ffc3cd30000 - 0x00007ffc3cf14000 	C:\Windows\SYSTEM32\DBGHELP.DLL
0x00007ffc3ccf0000 - 0x00007ffc3cd24000 	C:\Windows\SYSTEM32\dbgcore.DLL
0x00007ffc3f830000 - 0x00007ffc3f8b2000 	C:\Windows\System32\bcryptPrimitives.dll
0x00007ffc29f30000 - 0x00007ffc29f58000 	C:\Program Files\Java\jdk-11.0.14\bin\java.dll
0x00007ffc2c8d0000 - 0x00007ffc2c8da000 	C:\Program Files\Java\jdk-11.0.14\bin\jimage.dll
0x00007ffc29f10000 - 0x00007ffc29f26000 	C:\Program Files\Java\jdk-11.0.14\bin\zip.dll
0x00007ffc40370000 - 0x00007ffc40adf000 	C:\Windows\System32\SHELL32.dll
0x00007ffc3cf50000 - 0x00007ffc3d6f4000 	C:\Windows\SYSTEM32\windows.storage.dll
0x00007ffc41150000 - 0x00007ffc414a3000 	C:\Windows\System32\combase.dll
0x00007ffc3ec90000 - 0x00007ffc3ecbe000 	C:\Windows\SYSTEM32\Wldp.dll
0x00007ffc41870000 - 0x00007ffc4193d000 	C:\Windows\System32\OLEAUT32.dll
0x00007ffc41090000 - 0x00007ffc4113d000 	C:\Windows\System32\SHCORE.dll
0x00007ffc3fcc0000 - 0x00007ffc3fd15000 	C:\Windows\System32\shlwapi.dll
0x00007ffc3f270000 - 0x00007ffc3f294000 	C:\Windows\SYSTEM32\profapi.dll
0x00007ffc29ef0000 - 0x00007ffc29f09000 	C:\Program Files\Java\jdk-11.0.14\bin\net.dll
0x00007ffc395c0000 - 0x00007ffc396cd000 	C:\Windows\SYSTEM32\WINHTTP.dll
0x00007ffc3ea70000 - 0x00007ffc3eada000 	C:\Windows\system32\mswsock.dll
0x00007ffc29ed0000 - 0x00007ffc29ee2000 	C:\Program Files\Java\jdk-11.0.14\bin\nio.dll
0x00007ffc3a5a0000 - 0x00007ffc3a5c7000 	C:\Users\Munir\.gradle\native\68d5fa5c4cc2d200863cafc0d521ce42e7d3e7ee720ec0a83991735586a16f82\windows-amd64\native-platform.dll
0x00007ffbe80b0000 - 0x00007ffbe81f4000 	C:\Users\Munir\.gradle\native\e376f236ea51e6404a007f0833ffe2c6e607c4080706a723a18a27aeea778392\windows-amd64\native-platform-file-events.dll
0x00007ffc29ec0000 - 0x00007ffc29ec9000 	C:\Program Files\Java\jdk-11.0.14\bin\management.dll
0x00007ffc29eb0000 - 0x00007ffc29ebb000 	C:\Program Files\Java\jdk-11.0.14\bin\management_ext.dll
0x00007ffc3ecd0000 - 0x00007ffc3ece8000 	C:\Windows\SYSTEM32\CRYPTSP.dll
0x00007ffc3e340000 - 0x00007ffc3e374000 	C:\Windows\system32\rsaenh.dll
0x00007ffc3f230000 - 0x00007ffc3f25e000 	C:\Windows\SYSTEM32\USERENV.dll
0x00007ffc3ec00000 - 0x00007ffc3ec0c000 	C:\Windows\SYSTEM32\CRYPTBASE.dll
0x00007ffc3e720000 - 0x00007ffc3e75b000 	C:\Windows\SYSTEM32\IPHLPAPI.DLL
0x00007ffc41140000 - 0x00007ffc41148000 	C:\Windows\System32\NSI.dll
0x00007ffc3b250000 - 0x00007ffc3b267000 	C:\Windows\SYSTEM32\dhcpcsvc6.DLL
0x00007ffc3b030000 - 0x00007ffc3b04d000 	C:\Windows\SYSTEM32\dhcpcsvc.DLL
0x00007ffc3e760000 - 0x00007ffc3e82a000 	C:\Windows\SYSTEM32\DNSAPI.dll

dbghelp: loaded successfully - version: 4.0.5 - missing functions: none
symbol engine: initialized successfully - sym options: 0x614 - pdb path: .;C:\Program Files\Java\jdk-11.0.14\bin;C:\Windows\SYSTEM32;C:\Windows\WinSxS\amd64_microsoft.windows.common-controls_6595b64144ccf1df_6.0.19041.4355_none_60b8b9eb71f62e16;C:\Program Files\Java\jdk-11.0.14\bin\server;C:\Users\Munir\.gradle\native\68d5fa5c4cc2d200863cafc0d521ce42e7d3e7ee720ec0a83991735586a16f82\windows-amd64;C:\Users\Munir\.gradle\native\e376f236ea51e6404a007f0833ffe2c6e607c4080706a723a18a27aeea778392\windows-amd64

VM Arguments:
jvm_args: -XX:MaxMetaspaceSize=1g --add-opens=java.base/java.util=ALL-UNNAMED --add-opens=java.base/java.lang=ALL-UNNAMED --add-opens=java.base/java.lang.invoke=ALL-UNNAMED --add-opens=java.prefs/java.util.prefs=ALL-UNNAMED --add-opens=java.base/java.nio.charset=ALL-UNNAMED --add-opens=java.base/java.net=ALL-UNNAMED --add-opens=java.base/java.util.concurrent.atomic=ALL-UNNAMED -Xmx4g -Dfile.encoding=utf8 -Duser.country=US -Duser.language=en -Duser.variant 
java_command: org.gradle.launcher.daemon.bootstrap.GradleDaemon 8.0.1
java_class_path (initial): C:\Users\Munir\.gradle\wrapper\dists\gradle-8.0.1-all\aro4hu1c3oeioove7l0i4i14o\gradle-8.0.1\lib\gradle-launcher-8.0.1.jar
Launcher Type: SUN_STANDARD

[Global flags]
     intx CICompilerCount                          = 4                                         {product} {ergonomic}
   size_t CompressedClassSpaceSize                 = 1065353216                                {product} {ergonomic}
     uint ConcGCThreads                            = 2                                         {product} {ergonomic}
     uint G1ConcRefinementThreads                  = 8                                         {product} {ergonomic}
   size_t G1HeapRegionSize                         = 1048576                                   {product} {ergonomic}
    uintx GCDrainStackTargetSize                   = 64                                        {product} {ergonomic}
   size_t InitialHeapSize                          = 266338304                                 {product} {ergonomic}
   size_t MarkStackSize                            = 4194304                                   {product} {ergonomic}
   size_t MaxHeapSize                              = 4294967296                                {product} {command line}
   size_t MaxMetaspaceSize                         = 1073741824                                {product} {command line}
   size_t MaxNewSize                               = 2576351232                                {product} {ergonomic}
   size_t MinHeapDeltaBytes                        = 1048576                                   {product} {ergonomic}
    uintx NonNMethodCodeHeapSize                   = 5836300                                {pd product} {ergonomic}
    uintx NonProfiledCodeHeapSize                  = 122910970                              {pd product} {ergonomic}
    uintx ProfiledCodeHeapSize                     = 122910970                              {pd product} {ergonomic}
    uintx ReservedCodeCacheSize                    = 251658240                              {pd product} {ergonomic}
     bool SegmentedCodeCache                       = true                                      {product} {ergonomic}
     bool UseCompressedClassPointers               = true                                 {lp64_product} {ergonomic}
     bool UseCompressedOops                        = true                                 {lp64_product} {ergonomic}
     bool UseG1GC                                  = true                                      {product} {ergonomic}
     bool UseLargePagesIndividualAllocation        = false                                  {pd product} {ergonomic}

Logging:
Log output configuration:
 #0: stdout all=warning uptime,level,tags
 #1: stderr all=off uptime,level,tags

Environment Variables:
JAVA_HOME=C:\Program Files\Java\jdk-11.0.14
PATH=C:\Program Files\Common Files\Oracle\Java\javapath;C:\Program Files\Microsoft\jdk-11.0.16.101-hotspot\bin;C:\Windows\system32;C:\Windows;C:\Windows\System32\Wbem;C:\Windows\System32\WindowsPowerShell\v1.0\;C:\Windows\System32\OpenSSH\;C:\Program Files\dotnet\;C:\Program Files\Microsoft SQL Server\Client SDK\ODBC\170\Tools\Binn\;C:\Program Files\Microsoft SQL Server\150\Tools\Binn\;C:\Program Files (x86)\Microsoft SQL Server\160\DTS\Binn\;C:\Program Files\Azure Data Studio\bin;C:\Program Files\Git\cmd;C:\Program Files\nodejs\;C:\Users\Munir\AppData\Local\Microsoft\WindowsApps;C:\Users\Munir\.dotnet\tools;C:\Program Files\Azure Data Studio\bin;C:\Users\Munir\AppData\Local\Android\Sdk\platform-tools;C:\Program Files\Git\bin;C:\Users\Munir\AppData\Local\GitHubDesktop\bin;C:\Users\Munir\AppData\Roaming\npm;C:\Users\Munir\AppData\Local\Programs\Microsoft VS Code\bin
USERNAME=Munir
OS=Windows_NT
PROCESSOR_IDENTIFIER=Intel64 Family 6 Model 126 Stepping 5, GenuineIntel



---------------  S Y S T E M  ---------------

OS: Windows 10 , 64 bit Build 19041 (10.0.19041.4957)
Hyper-V role detected

CPU:total 8 (initial active 8) (4 cores per cpu, 2 threads per core) family 6 model 126 stepping 5 microcode 0xc2, cmov, cx8, fxsr, mmx, sse, sse2, sse3, ssse3, sse4.1, sse4.2, popcnt, avx, avx2, aes, clmul, erms, 3dnowpref, lzcnt, ht, tsc, tscinvbit, bmi1, bmi2, adx, evex, sha, fma

Memory: 4k page, system-wide physical 16151M (2092M free)
TotalPageFile size 18199M (AvailPageFile size 15M)
current process WorkingSet (physical memory assigned to process): 248M, peak: 257M
current process commit charge ("private bytes"): 431M, peak: 441M

vm_info: Java HotSpot(TM) 64-Bit Server VM (11.0.14+8-LTS-263) for windows-amd64 JRE (11.0.14+8-LTS-263), built on Dec  7 2021 21:53:57 by "mach5one" with MS VC++ 15.9 (VS2017)

END.
