#
# There is insufficient memory for the Java Runtime Environment to continue.
# Native memory allocation (malloc) failed to allocate 2073296 bytes for Chunk::new
# Possible reasons:
#   The system is out of physical RAM or swap space
#   The process is running with CompressedOops enabled, and the Java Heap may be blocking the growth of the native heap
# Possible solutions:
#   Reduce memory load on the system
#   Increase physical memory or swap space
#   Check if swap backing store is full
#   Decrease Java heap size (-Xmx/-Xms)
#   Decrease number of Java threads
#   Decrease Java thread stack sizes (-Xss)
#   Set larger code cache with -XX:ReservedCodeCacheSize=
#   JVM is running with Unscaled Compressed Oops mode in which the Java heap is
#     placed in the first 4GB address space. The Java Heap base address is the
#     maximum limit for the native heap growth. Please use -XX:HeapBaseMinAddress
#     to set the Java Heap base and to place the Java Heap above 4GB virtual address.
# This output file may be truncated or incomplete.
#
#  Out of Memory Error (./open/src/hotspot/share/memory/arena.cpp:197), pid=19380, tid=1664
#
# JRE version: Java(TM) SE Runtime Environment 18.9 (11.0.14+8) (build 11.0.14+8-LTS-263)
# Java VM: Java HotSpot(TM) 64-Bit Server VM 18.9 (11.0.14+8-LTS-263, mixed mode, tiered, compressed oops, g1 gc, windows-amd64)
# No core dump will be written. Minidumps are not enabled by default on client versions of Windows
#

---------------  S U M M A R Y ------------

Command Line: -XX:MaxMetaspaceSize=512m --add-opens=java.base/java.util=ALL-UNNAMED --add-opens=java.base/java.lang=ALL-UNNAMED --add-opens=java.base/java.lang.invoke=ALL-UNNAMED --add-opens=java.prefs/java.util.prefs=ALL-UNNAMED --add-opens=java.base/java.nio.charset=ALL-UNNAMED --add-opens=java.base/java.net=ALL-UNNAMED --add-opens=java.base/java.util.concurrent.atomic=ALL-UNNAMED -Xmx2048m -Dfile.encoding=utf8 -Duser.country=US -Duser.language=en -Duser.variant org.gradle.launcher.daemon.bootstrap.GradleDaemon 8.0.1

Host: Intel(R) Core(TM) i7-1065G7 CPU @ 1.30GHz, 8 cores, 15G,  Windows 10 , 64 bit Build 19041 (10.0.19041.4957)
Time: Wed Oct  9 11:36:46 2024 Pakistan Standard Time elapsed time: 13.127429 seconds (0d 0h 0m 13s)

---------------  T H R E A D  ---------------

Current thread (0x0000019268909800):  JavaThread "C2 CompilerThread2" daemon [_thread_in_native, id=1664, stack(0x00000013e6200000,0x00000013e6300000)]


Current CompileTask:
C2:  13127 8760       4       org.gradle.internal.service.DefaultServiceRegistry$SingletonService::get (5 bytes)

Stack: [0x00000013e6200000,0x00000013e6300000]
Native frames: (J=compiled Java code, j=interpreted, Vv=VM code, C=native code)
V  [jvm.dll+0x6296da]
V  [jvm.dll+0x76323f]
V  [jvm.dll+0x7648e9]
V  [jvm.dll+0x764f73]
V  [jvm.dll+0x23d7c8]
V  [jvm.dll+0xb297c]
V  [jvm.dll+0xb2f3c]
V  [jvm.dll+0x340e97]
V  [jvm.dll+0x18cb61]
V  [jvm.dll+0x1f8472]
V  [jvm.dll+0x1f754d]
V  [jvm.dll+0x177b21]
V  [jvm.dll+0x206e26]
V  [jvm.dll+0x204fbb]
V  [jvm.dll+0x729170]
V  [jvm.dll+0x721d44]
V  [jvm.dll+0x6285d6]
C  [ucrtbase.dll+0x21bb2]
C  [KERNEL32.DLL+0x17374]
C  [ntdll.dll+0x4cc91]


---------------  P R O C E S S  ---------------

Threads class SMR info:
_java_thread_list=0x0000019269aa07d0, length=135, elements={
0x00000192480b4800, 0x0000019268069800, 0x0000019268073000, 0x00000192688b1800,
0x00000192688b2800, 0x00000192688fb000, 0x00000192688fd000, 0x00000192688fe000,
0x00000192688ff000, 0x0000019268a75000, 0x000001926b4fa800, 0x000001926ab0c800,
0x0000019268c7c000, 0x000001926a92c800, 0x00000192691f7800, 0x0000019269fd8000,
0x000001926ad8a800, 0x000001926bb08000, 0x000001926aa8c800, 0x000001926a9a3000,
0x000001926a9a3800, 0x000001926a9a8800, 0x000001926a9a9800, 0x000001926a9a5800,
0x000001926a9a4800, 0x000001926a9a6000, 0x000001926a9a7000, 0x000001926a9a7800,
0x000001926b44b800, 0x000001926b448800, 0x000001926b44a800, 0x000001926b44c800,
0x000001926b44d000, 0x000001926b44f800, 0x000001926b44a000, 0x000001926b452000,
0x000001926b453000, 0x0000019268905000, 0x000001926b453800, 0x000001926b454800,
0x000001926b455800, 0x000001926b456000, 0x000001926b450800, 0x000001926b457000,
0x000001926b451800, 0x000001926f230800, 0x000001926f231800, 0x000001926f22e000,
0x000001926f232000, 0x000001926f233000, 0x000001926f22f000, 0x000001926f22d000,
0x000001926f233800, 0x000001926f234800, 0x000001926f235800, 0x000001926f22f800,
0x000001926f239800, 0x000001926f23a800, 0x000001926f23b000, 0x000001926f236000,
0x000001926f23c000, 0x000001926f237000, 0x000001926f238000, 0x000001926f238800,
0x000001926e0f5800, 0x000001926e0f2000, 0x000001926e0f4800, 0x000001926e0f6800,
0x000001926e0f4000, 0x000001926e0f8000, 0x0000019268909800, 0x000001926e0f8800,
0x000001926e0f3000, 0x000001926e0fc000, 0x000001926e0fd000, 0x000001926e0fb000,
0x000001926e0fa800, 0x000001926e0fe800, 0x000001926e0fd800, 0x000001926e0ff800,
0x000001926e0f9800, 0x000001926e100000, 0x000001926e101000, 0x000001926b23e800,
0x000001926b23c000, 0x000001926b239000, 0x000001926b23f800, 0x000001926b239800,
0x000001926b23a800, 0x000001926b240000, 0x000001926b241000, 0x000001926b23b800,
0x000001926b242000, 0x000001926b23d800, 0x000001926b23d000, 0x000001926b245000,
0x000001926b247800, 0x000001926b242800, 0x000001926b243800, 0x000001926b246800,
0x000001926b244800, 0x000001926b246000, 0x000001926f994000, 0x000001926f99a000,
0x000001926f998800, 0x000001926f995000, 0x000001926f997800, 0x000001926f999000,
0x000001926f996800, 0x000001926f99a800, 0x000001926f99b800, 0x000001926f996000,
0x000001926f99f000, 0x000001926f99f800, 0x000001926f9a0800, 0x000001926f99c800,
0x000001926f99d000, 0x000001926f99e000, 0x000001926f9a1000, 0x000001926f9a2000,
0x000001926f9a3000, 0x000001926f5c7800, 0x000001926f5c9000, 0x000001926f5c5800,
0x000001926f5c8000, 0x000001926f5ca800, 0x000001926f5cb800, 0x000001926f5cc000,
0x000001926f5c9800, 0x000001926f5c6800, 0x000001926f5cf800, 0x000001926f5cd000,
0x000001926f5d0800, 0x000001926f5d1000, 0x000001926f5ce800
}

Java Threads: ( => current thread )
  0x00000192480b4800 JavaThread "main" [_thread_blocked, id=3000, stack(0x00000013e3b00000,0x00000013e3c00000)]
  0x0000019268069800 JavaThread "Reference Handler" daemon [_thread_blocked, id=11404, stack(0x00000013e4200000,0x00000013e4300000)]
  0x0000019268073000 JavaThread "Finalizer" daemon [_thread_blocked, id=5968, stack(0x00000013e4300000,0x00000013e4400000)]
  0x00000192688b1800 JavaThread "Signal Dispatcher" daemon [_thread_blocked, id=5872, stack(0x00000013e4400000,0x00000013e4500000)]
  0x00000192688b2800 JavaThread "Attach Listener" daemon [_thread_blocked, id=20152, stack(0x00000013e4500000,0x00000013e4600000)]
  0x00000192688fb000 JavaThread "Service Thread" daemon [_thread_blocked, id=20372, stack(0x00000013e4600000,0x00000013e4700000)]
  0x00000192688fd000 JavaThread "C2 CompilerThread0" daemon [_thread_in_native, id=18900, stack(0x00000013e4700000,0x00000013e4800000)]
  0x00000192688fe000 JavaThread "C1 CompilerThread0" daemon [_thread_in_native, id=12952, stack(0x00000013e4800000,0x00000013e4900000)]
  0x00000192688ff000 JavaThread "Sweeper thread" daemon [_thread_blocked, id=12496, stack(0x00000013e4900000,0x00000013e4a00000)]
  0x0000019268a75000 JavaThread "Common-Cleaner" daemon [_thread_blocked, id=4588, stack(0x00000013e4a00000,0x00000013e4b00000)]
  0x000001926b4fa800 JavaThread "Daemon health stats" [_thread_blocked, id=13512, stack(0x00000013e5300000,0x00000013e5400000)]
  0x000001926ab0c800 JavaThread "Incoming local TCP Connector on port 57848" [_thread_in_native, id=20348, stack(0x00000013e4c00000,0x00000013e4d00000)]
  0x0000019268c7c000 JavaThread "Daemon periodic checks" [_thread_blocked, id=4904, stack(0x00000013e4d00000,0x00000013e4e00000)]
  0x000001926a92c800 JavaThread "Daemon" [_thread_blocked, id=19084, stack(0x00000013e5400000,0x00000013e5500000)]
  0x00000192691f7800 JavaThread "Handler for socket connection from /127.0.0.1:57848 to /127.0.0.1:57849" [_thread_in_native, id=18196, stack(0x00000013e5500000,0x00000013e5600000)]
  0x0000019269fd8000 JavaThread "Cancel handler" [_thread_blocked, id=21452, stack(0x00000013e5600000,0x00000013e5700000)]
  0x000001926ad8a800 JavaThread "Daemon worker" [_thread_in_vm, id=11104, stack(0x00000013e5700000,0x00000013e5800000)]
  0x000001926bb08000 JavaThread "Asynchronous log dispatcher for DefaultDaemonConnection: socket connection from /127.0.0.1:57848 to /127.0.0.1:57849" [_thread_blocked, id=5756, stack(0x00000013e5800000,0x00000013e5900000)]
  0x000001926aa8c800 JavaThread "Stdin handler" [_thread_blocked, id=17584, stack(0x00000013e5900000,0x00000013e5a00000)]
  0x000001926a9a3000 JavaThread "Daemon client event forwarder" [_thread_blocked, id=19868, stack(0x00000013e5a00000,0x00000013e5b00000)]
  0x000001926a9a3800 JavaThread "Cache worker for journal cache (C:\Users\Munir\.gradle\caches\journal-1)" [_thread_blocked, id=19036, stack(0x00000013e5b00000,0x00000013e5c00000)]
  0x000001926a9a8800 JavaThread "File lock request listener" [_thread_in_native, id=7400, stack(0x00000013e5c00000,0x00000013e5d00000)]
  0x000001926a9a9800 JavaThread "Cache worker for file hash cache (C:\Users\Munir\.gradle\caches\8.0.1\fileHashes)" [_thread_blocked, id=8932, stack(0x00000013e6000000,0x00000013e6100000)]
  0x000001926a9a5800 JavaThread "File watcher server" daemon [_thread_in_native, id=9352, stack(0x00000013e6300000,0x00000013e6400000)]
  0x000001926a9a4800 JavaThread "File watcher consumer" daemon [_thread_blocked, id=9792, stack(0x00000013e6400000,0x00000013e6500000)]
  0x000001926a9a6000 JavaThread "Cache worker for checksums cache (C:\Users\Munir\MoviesTask\android\.gradle\8.0.1\checksums)" [_thread_blocked, id=2964, stack(0x00000013e6500000,0x00000013e6600000)]
  0x000001926a9a7000 JavaThread "Cache worker for cache directory md-rule (C:\Users\Munir\.gradle\caches\8.0.1\md-rule)" [_thread_blocked, id=11292, stack(0x00000013e6600000,0x00000013e6700000)]
  0x000001926a9a7800 JavaThread "Cache worker for file content cache (C:\Users\Munir\.gradle\caches\8.0.1\fileContent)" [_thread_blocked, id=19208, stack(0x00000013e6700000,0x00000013e6800000)]
  0x000001926b44b800 JavaThread "Cache worker for file hash cache (C:\Users\Munir\MoviesTask\android\.gradle\8.0.1\fileHashes)" [_thread_blocked, id=19040, stack(0x00000013e6800000,0x00000013e6900000)]
  0x000001926b448800 JavaThread "Cache worker for cache directory md-supplier (C:\Users\Munir\.gradle\caches\8.0.1\md-supplier)" [_thread_blocked, id=15568, stack(0x00000013e6900000,0x00000013e6a00000)]
  0x000001926b44a800 JavaThread "Cache worker for execution history cache (C:\Users\Munir\.gradle\caches\8.0.1\executionHistory)" [_thread_blocked, id=20084, stack(0x00000013e6a00000,0x00000013e6b00000)]
  0x000001926b44c800 JavaThread "jar transforms" [_thread_blocked, id=11792, stack(0x00000013e6b00000,0x00000013e6c00000)]
  0x000001926b44d000 JavaThread "jar transforms Thread 2" [_thread_blocked, id=11928, stack(0x00000013e6c00000,0x00000013e6d00000)]
  0x000001926b44f800 JavaThread "jar transforms Thread 3" [_thread_blocked, id=19672, stack(0x00000013e6d00000,0x00000013e6e00000)]
  0x000001926b44a000 JavaThread "jar transforms Thread 4" [_thread_blocked, id=20864, stack(0x00000013e6e00000,0x00000013e6f00000)]
  0x000001926b452000 JavaThread "jar transforms Thread 5" [_thread_blocked, id=4080, stack(0x00000013e6f00000,0x00000013e7000000)]
  0x000001926b453000 JavaThread "jar transforms Thread 6" [_thread_blocked, id=20000, stack(0x00000013e7000000,0x00000013e7100000)]
  0x0000019268905000 JavaThread "C2 CompilerThread1" daemon [_thread_in_native, id=9888, stack(0x00000013e6100000,0x00000013e6200000)]
  0x000001926b453800 JavaThread "Cache worker for kotlin-dsl (C:\Users\Munir\.gradle\caches\8.0.1\kotlin-dsl)" [_thread_blocked, id=9916, stack(0x00000013e7100000,0x00000013e7200000)]
  0x000001926b454800 JavaThread "jar transforms Thread 7" [_thread_blocked, id=16820, stack(0x00000013e7200000,0x00000013e7300000)]
  0x000001926b455800 JavaThread "jar transforms Thread 8" [_thread_blocked, id=21404, stack(0x00000013e7300000,0x00000013e7400000)]
  0x000001926b456000 JavaThread "Cache worker for dependencies-accessors (C:\Users\Munir\MoviesTask\android\.gradle\8.0.1\dependencies-accessors)" [_thread_blocked, id=11288, stack(0x00000013e7400000,0x00000013e7500000)]
  0x000001926b450800 JavaThread "Cache worker for Build Output Cleanup Cache (C:\Users\Munir\MoviesTask\node_modules\@react-native\gradle-plugin\.gradle\buildOutputCleanup)" [_thread_blocked, id=14264, stack(0x00000013e7500000,0x00000013e7600000)]
  0x000001926b457000 JavaThread "Unconstrained build operations" [_thread_blocked, id=11760, stack(0x00000013e7600000,0x00000013e7700000)]
  0x000001926b451800 JavaThread "Unconstrained build operations Thread 2" [_thread_blocked, id=8232, stack(0x00000013e7700000,0x00000013e7800000)]
  0x000001926f230800 JavaThread "Unconstrained build operations Thread 3" [_thread_blocked, id=16456, stack(0x00000013e7800000,0x00000013e7900000)]
  0x000001926f231800 JavaThread "Unconstrained build operations Thread 4" [_thread_blocked, id=18964, stack(0x00000013e7900000,0x00000013e7a00000)]
  0x000001926f22e000 JavaThread "Unconstrained build operations Thread 5" [_thread_blocked, id=20216, stack(0x00000013e7a00000,0x00000013e7b00000)]
  0x000001926f232000 JavaThread "Unconstrained build operations Thread 6" [_thread_blocked, id=11376, stack(0x00000013e7b00000,0x00000013e7c00000)]
  0x000001926f233000 JavaThread "Unconstrained build operations Thread 7" [_thread_blocked, id=20252, stack(0x00000013e7c00000,0x00000013e7d00000)]
  0x000001926f22f000 JavaThread "Unconstrained build operations Thread 8" [_thread_blocked, id=4012, stack(0x00000013e7d00000,0x00000013e7e00000)]
  0x000001926f22d000 JavaThread "Unconstrained build operations Thread 9" [_thread_blocked, id=21468, stack(0x00000013e7e00000,0x00000013e7f00000)]
  0x000001926f233800 JavaThread "Unconstrained build operations Thread 10" [_thread_blocked, id=12688, stack(0x00000013e7f00000,0x00000013e8000000)]
  0x000001926f234800 JavaThread "Unconstrained build operations Thread 11" [_thread_blocked, id=19700, stack(0x00000013e8000000,0x00000013e8100000)]
  0x000001926f235800 JavaThread "Unconstrained build operations Thread 12" [_thread_blocked, id=6848, stack(0x00000013e8100000,0x00000013e8200000)]
  0x000001926f22f800 JavaThread "Unconstrained build operations Thread 13" [_thread_blocked, id=11608, stack(0x00000013e8200000,0x00000013e8300000)]
  0x000001926f239800 JavaThread "Unconstrained build operations Thread 14" [_thread_blocked, id=17724, stack(0x00000013e8300000,0x00000013e8400000)]
  0x000001926f23a800 JavaThread "Unconstrained build operations Thread 15" [_thread_blocked, id=11780, stack(0x00000013e8400000,0x00000013e8500000)]
  0x000001926f23b000 JavaThread "Unconstrained build operations Thread 16" [_thread_blocked, id=10496, stack(0x00000013e8500000,0x00000013e8600000)]
  0x000001926f236000 JavaThread "Unconstrained build operations Thread 17" [_thread_blocked, id=20768, stack(0x00000013e8600000,0x00000013e8700000)]
  0x000001926f23c000 JavaThread "Unconstrained build operations Thread 18" [_thread_blocked, id=20140, stack(0x00000013e8700000,0x00000013e8800000)]
  0x000001926f237000 JavaThread "Unconstrained build operations Thread 19" [_thread_blocked, id=18808, stack(0x00000013e8800000,0x00000013e8900000)]
  0x000001926f238000 JavaThread "Unconstrained build operations Thread 20" [_thread_blocked, id=3748, stack(0x00000013e8900000,0x00000013e8a00000)]
  0x000001926f238800 JavaThread "Unconstrained build operations Thread 21" [_thread_blocked, id=7728, stack(0x00000013e8a00000,0x00000013e8b00000)]
  0x000001926e0f5800 JavaThread "Unconstrained build operations Thread 22" [_thread_blocked, id=19544, stack(0x00000013e8b00000,0x00000013e8c00000)]
  0x000001926e0f2000 JavaThread "Unconstrained build operations Thread 23" [_thread_blocked, id=21048, stack(0x00000013e8c00000,0x00000013e8d00000)]
  0x000001926e0f4800 JavaThread "Unconstrained build operations Thread 24" [_thread_blocked, id=20452, stack(0x00000013e8d00000,0x00000013e8e00000)]
  0x000001926e0f6800 JavaThread "Unconstrained build operations Thread 25" [_thread_blocked, id=16504, stack(0x00000013e8e00000,0x00000013e8f00000)]
  0x000001926e0f4000 JavaThread "Unconstrained build operations Thread 26" [_thread_blocked, id=3216, stack(0x00000013e8f00000,0x00000013e9000000)]
  0x000001926e0f8000 JavaThread "Memory manager" [_thread_blocked, id=8476, stack(0x00000013e9000000,0x00000013e9100000)]
=>0x0000019268909800 JavaThread "C2 CompilerThread2" daemon [_thread_in_native, id=1664, stack(0x00000013e6200000,0x00000013e6300000)]
  0x000001926e0f8800 JavaThread "Cache worker for Build Output Cleanup Cache (C:\Users\Munir\MoviesTask\android\.gradle\buildOutputCleanup)" [_thread_blocked, id=11120, stack(0x00000013e9100000,0x00000013e9200000)]
  0x000001926e0f3000 JavaThread "included builds" [_thread_blocked, id=2120, stack(0x00000013e9200000,0x00000013e9300000)]
  0x000001926e0fc000 JavaThread "Execution worker" [_thread_blocked, id=11812, stack(0x00000013e9300000,0x00000013e9400000)]
  0x000001926e0fd000 JavaThread "Execution worker Thread 2" [_thread_blocked, id=13316, stack(0x00000013e9400000,0x00000013e9500000)]
  0x000001926e0fb000 JavaThread "Execution worker Thread 3" [_thread_blocked, id=15608, stack(0x00000013e9500000,0x00000013e9600000)]
  0x000001926e0fa800 JavaThread "Execution worker Thread 4" [_thread_blocked, id=5408, stack(0x00000013e9600000,0x00000013e9700000)]
  0x000001926e0fe800 JavaThread "Execution worker Thread 5" [_thread_blocked, id=10540, stack(0x00000013e9700000,0x00000013e9800000)]
  0x000001926e0fd800 JavaThread "Execution worker Thread 6" [_thread_blocked, id=10604, stack(0x00000013e9800000,0x00000013e9900000)]
  0x000001926e0ff800 JavaThread "Execution worker Thread 7" [_thread_blocked, id=1172, stack(0x00000013e9900000,0x00000013e9a00000)]
  0x000001926e0f9800 JavaThread "Cache worker for execution history cache (C:\Users\Munir\MoviesTask\node_modules\@react-native\gradle-plugin\.gradle\8.0.1\executionHistory)" [_thread_blocked, id=2896, stack(0x00000013e9a00000,0x00000013e9b00000)]
  0x000001926e100000 JavaThread "Unconstrained build operations Thread 27" [_thread_blocked, id=21256, stack(0x00000013e9b00000,0x00000013e9c00000)]
  0x000001926e101000 JavaThread "Unconstrained build operations Thread 28" [_thread_blocked, id=21076, stack(0x00000013e9c00000,0x00000013e9d00000)]
  0x000001926b23e800 JavaThread "Unconstrained build operations Thread 29" [_thread_blocked, id=3356, stack(0x00000013e9d00000,0x00000013e9e00000)]
  0x000001926b23c000 JavaThread "Unconstrained build operations Thread 30" [_thread_blocked, id=14716, stack(0x00000013e9e00000,0x00000013e9f00000)]
  0x000001926b239000 JavaThread "Unconstrained build operations Thread 31" [_thread_blocked, id=3812, stack(0x00000013e9f00000,0x00000013ea000000)]
  0x000001926b23f800 JavaThread "Unconstrained build operations Thread 32" [_thread_blocked, id=20508, stack(0x00000013ea000000,0x00000013ea100000)]
  0x000001926b239800 JavaThread "Unconstrained build operations Thread 33" [_thread_blocked, id=4596, stack(0x00000013ea100000,0x00000013ea200000)]
  0x000001926b23a800 JavaThread "Unconstrained build operations Thread 34" [_thread_blocked, id=8004, stack(0x00000013ea200000,0x00000013ea300000)]
  0x000001926b240000 JavaThread "Unconstrained build operations Thread 35" [_thread_blocked, id=18228, stack(0x00000013ea300000,0x00000013ea400000)]
  0x000001926b241000 JavaThread "Unconstrained build operations Thread 36" [_thread_blocked, id=7904, stack(0x00000013ea400000,0x00000013ea500000)]
  0x000001926b23b800 JavaThread "Unconstrained build operations Thread 37" [_thread_blocked, id=2004, stack(0x00000013ea500000,0x00000013ea600000)]
  0x000001926b242000 JavaThread "Unconstrained build operations Thread 38" [_thread_blocked, id=7432, stack(0x00000013ea600000,0x00000013ea700000)]
  0x000001926b23d800 JavaThread "Unconstrained build operations Thread 39" [_thread_blocked, id=4612, stack(0x00000013ea700000,0x00000013ea800000)]
  0x000001926b23d000 JavaThread "Unconstrained build operations Thread 40" [_thread_blocked, id=10788, stack(0x00000013ea800000,0x00000013ea900000)]
  0x000001926b245000 JavaThread "Unconstrained build operations Thread 41" [_thread_blocked, id=6932, stack(0x00000013ea900000,0x00000013eaa00000)]
  0x000001926b247800 JavaThread "Unconstrained build operations Thread 42" [_thread_blocked, id=13520, stack(0x00000013eaa00000,0x00000013eab00000)]
  0x000001926b242800 JavaThread "Unconstrained build operations Thread 43" [_thread_blocked, id=20936, stack(0x00000013eab00000,0x00000013eac00000)]
  0x000001926b243800 JavaThread "Unconstrained build operations Thread 44" [_thread_blocked, id=20516, stack(0x00000013eac00000,0x00000013ead00000)]
  0x000001926b246800 JavaThread "Unconstrained build operations Thread 45" [_thread_blocked, id=11852, stack(0x00000013ead00000,0x00000013eae00000)]
  0x000001926b244800 JavaThread "Unconstrained build operations Thread 46" [_thread_blocked, id=11640, stack(0x00000013eae00000,0x00000013eaf00000)]
  0x000001926b246000 JavaThread "Unconstrained build operations Thread 47" [_thread_blocked, id=3408, stack(0x00000013eaf00000,0x00000013eb000000)]
  0x000001926f994000 JavaThread "Unconstrained build operations Thread 48" [_thread_blocked, id=11012, stack(0x00000013eb000000,0x00000013eb100000)]
  0x000001926f99a000 JavaThread "Unconstrained build operations Thread 49" [_thread_blocked, id=11036, stack(0x00000013eb100000,0x00000013eb200000)]
  0x000001926f998800 JavaThread "Unconstrained build operations Thread 50" [_thread_blocked, id=8500, stack(0x00000013eb200000,0x00000013eb300000)]
  0x000001926f995000 JavaThread "Unconstrained build operations Thread 51" [_thread_blocked, id=18568, stack(0x00000013eb300000,0x00000013eb400000)]
  0x000001926f997800 JavaThread "Unconstrained build operations Thread 52" [_thread_blocked, id=20956, stack(0x00000013eb400000,0x00000013eb500000)]
  0x000001926f999000 JavaThread "Unconstrained build operations Thread 53" [_thread_blocked, id=19864, stack(0x00000013eb500000,0x00000013eb600000)]
  0x000001926f996800 JavaThread "Unconstrained build operations Thread 54" [_thread_blocked, id=7792, stack(0x00000013eb600000,0x00000013eb700000)]
  0x000001926f99a800 JavaThread "Unconstrained build operations Thread 55" [_thread_blocked, id=4064, stack(0x00000013eb700000,0x00000013eb800000)]
  0x000001926f99b800 JavaThread "Unconstrained build operations Thread 56" [_thread_blocked, id=12780, stack(0x00000013eb800000,0x00000013eb900000)]
  0x000001926f996000 JavaThread "Unconstrained build operations Thread 57" [_thread_blocked, id=6700, stack(0x00000013eb900000,0x00000013eba00000)]
  0x000001926f99f000 JavaThread "Unconstrained build operations Thread 58" [_thread_blocked, id=5780, stack(0x00000013eba00000,0x00000013ebb00000)]
  0x000001926f99f800 JavaThread "Unconstrained build operations Thread 59" [_thread_blocked, id=12812, stack(0x00000013ebb00000,0x00000013ebc00000)]
  0x000001926f9a0800 JavaThread "Unconstrained build operations Thread 60" [_thread_blocked, id=7576, stack(0x00000013ebc00000,0x00000013ebd00000)]
  0x000001926f99c800 JavaThread "Unconstrained build operations Thread 61" [_thread_blocked, id=14892, stack(0x00000013ebd00000,0x00000013ebe00000)]
  0x000001926f99d000 JavaThread "Unconstrained build operations Thread 62" [_thread_blocked, id=7120, stack(0x00000013ebe00000,0x00000013ebf00000)]
  0x000001926f99e000 JavaThread "Unconstrained build operations Thread 63" [_thread_blocked, id=17772, stack(0x00000013ebf00000,0x00000013ec000000)]
  0x000001926f9a1000 JavaThread "Unconstrained build operations Thread 64" [_thread_blocked, id=2128, stack(0x00000013ec000000,0x00000013ec100000)]
  0x000001926f9a2000 JavaThread "Unconstrained build operations Thread 65" [_thread_blocked, id=21500, stack(0x00000013ec100000,0x00000013ec200000)]
  0x000001926f9a3000 JavaThread "Unconstrained build operations Thread 66" [_thread_blocked, id=14092, stack(0x00000013ec200000,0x00000013ec300000)]
  0x000001926f5c7800 JavaThread "Unconstrained build operations Thread 67" [_thread_blocked, id=2884, stack(0x00000013ec300000,0x00000013ec400000)]
  0x000001926f5c9000 JavaThread "Unconstrained build operations Thread 68" [_thread_blocked, id=17152, stack(0x00000013ec400000,0x00000013ec500000)]
  0x000001926f5c5800 JavaThread "Unconstrained build operations Thread 69" [_thread_blocked, id=16208, stack(0x00000013ec500000,0x00000013ec600000)]
  0x000001926f5c8000 JavaThread "Unconstrained build operations Thread 70" [_thread_blocked, id=11132, stack(0x00000013ec600000,0x00000013ec700000)]
  0x000001926f5ca800 JavaThread "Unconstrained build operations Thread 71" [_thread_blocked, id=16596, stack(0x00000013ec700000,0x00000013ec800000)]
  0x000001926f5cb800 JavaThread "Unconstrained build operations Thread 72" [_thread_blocked, id=12396, stack(0x00000013ec800000,0x00000013ec900000)]
  0x000001926f5cc000 JavaThread "Unconstrained build operations Thread 73" [_thread_blocked, id=8588, stack(0x00000013ec900000,0x00000013eca00000)]
  0x000001926f5c9800 JavaThread "Unconstrained build operations Thread 74" [_thread_blocked, id=6648, stack(0x00000013eca00000,0x00000013ecb00000)]
  0x000001926f5c6800 JavaThread "Unconstrained build operations Thread 75" [_thread_blocked, id=7260, stack(0x00000013ecb00000,0x00000013ecc00000)]
  0x000001926f5cf800 JavaThread "Unconstrained build operations Thread 76" [_thread_blocked, id=13268, stack(0x00000013ecc00000,0x00000013ecd00000)]
  0x000001926f5cd000 JavaThread "Unconstrained build operations Thread 77" [_thread_blocked, id=18096, stack(0x00000013ecd00000,0x00000013ece00000)]
  0x000001926f5d0800 JavaThread "Unconstrained build operations Thread 78" [_thread_blocked, id=17728, stack(0x00000013ece00000,0x00000013ecf00000)]
  0x000001926f5d1000 JavaThread "Unconstrained build operations Thread 79" [_thread_blocked, id=21416, stack(0x00000013ecf00000,0x00000013ed000000)]
  0x000001926f5ce800 JavaThread "Unconstrained build operations Thread 80" [_thread_blocked, id=21420, stack(0x00000013ed000000,0x00000013ed100000)]

Other Threads:
  0x0000019268068000 VMThread "VM Thread" [stack: 0x00000013e4100000,0x00000013e4200000] [id=7332]
  0x0000019268a8b800 WatcherThread [stack: 0x00000013e4b00000,0x00000013e4c00000] [id=17900]
  0x00000192480c5800 GCTaskThread "GC Thread#0" [stack: 0x00000013e3c00000,0x00000013e3d00000] [id=20132]
  0x0000019269d65800 GCTaskThread "GC Thread#1" [stack: 0x00000013e4e00000,0x00000013e4f00000] [id=11748]
  0x0000019269906800 GCTaskThread "GC Thread#2" [stack: 0x00000013e4f00000,0x00000013e5000000] [id=15336]
  0x000001926a0ca800 GCTaskThread "GC Thread#3" [stack: 0x00000013e5000000,0x00000013e5100000] [id=12612]
  0x0000019269587800 GCTaskThread "GC Thread#4" [stack: 0x00000013e5100000,0x00000013e5200000] [id=5448]
  0x00000192693aa000 GCTaskThread "GC Thread#5" [stack: 0x00000013e5200000,0x00000013e5300000] [id=564]
  0x000001926b98b800 GCTaskThread "GC Thread#6" [stack: 0x00000013e5d00000,0x00000013e5e00000] [id=3360]
  0x000001926bdfc800 GCTaskThread "GC Thread#7" [stack: 0x00000013e5e00000,0x00000013e5f00000] [id=9088]
  0x00000192480f6800 ConcurrentGCThread "G1 Main Marker" [stack: 0x00000013e3d00000,0x00000013e3e00000] [id=6000]
  0x00000192480fa000 ConcurrentGCThread "G1 Conc#0" [stack: 0x00000013e3e00000,0x00000013e3f00000] [id=14224]
  0x000001926b9b9000 ConcurrentGCThread "G1 Conc#1" [stack: 0x00000013e5f00000,0x00000013e6000000] [id=8896]
  0x0000019267ef6800 ConcurrentGCThread "G1 Refine#0" [stack: 0x00000013e3f00000,0x00000013e4000000] [id=15008]
  0x0000019267ef7800 ConcurrentGCThread "G1 Young RemSet Sampling" [stack: 0x00000013e4000000,0x00000013e4100000] [id=21016]

Threads with active compile tasks:
C2 CompilerThread0  13164 9051       4       jdk.internal.loader.Resource::getByteBuffer (24 bytes)
C2 CompilerThread1  13164 8983       4       java.util.jar.Attributes::putValue (13 bytes)
C2 CompilerThread2  13164 8760       4       org.gradle.internal.service.DefaultServiceRegistry$SingletonService::get (5 bytes)

VM state:not at safepoint (normal execution)

VM Mutex/Monitor currently owned by a thread: None

Heap address: 0x0000000080000000, size: 2048 MB, Compressed Oops mode: 32-bit
Narrow klass base: 0x0000000000000000, Narrow klass shift: 3
Compressed class space size: 528482304 Address: 0x0000000100000000

Heap:
 garbage-first heap   total 260096K, used 113883K [0x0000000080000000, 0x0000000100000000)
  region size 1024K, 58 young (59392K), 19 survivors (19456K)
 Metaspace       used 80090K, capacity 82668K, committed 82940K, reserved 587776K
  class space    used 10556K, capacity 11606K, committed 11648K, reserved 516096K
Heap Regions: E=young(eden), S=young(survivor), O=old, HS=humongous(starts), HC=humongous(continues), CS=collection set, F=free, A=archive, TAMS=top-at-mark-start (previous, next)
|   0|0x0000000080000000, 0x0000000080100000, 0x0000000080100000|100%|HS|  |TAMS 0x0000000080100000, 0x0000000080000000| Complete 
|   1|0x0000000080100000, 0x0000000080200000, 0x0000000080200000|100%|HC|  |TAMS 0x0000000080200000, 0x0000000080100000| Complete 
|   2|0x0000000080200000, 0x0000000080300000, 0x0000000080300000|100%|HC|  |TAMS 0x0000000080300000, 0x0000000080200000| Complete 
|   3|0x0000000080300000, 0x0000000080400000, 0x0000000080400000|100%|HC|  |TAMS 0x0000000080400000, 0x0000000080300000| Complete 
|   4|0x0000000080400000, 0x0000000080500000, 0x0000000080500000|100%| O|  |TAMS 0x0000000080500000, 0x0000000080400000| Untracked 
|   5|0x0000000080500000, 0x0000000080600000, 0x0000000080600000|100%| O|  |TAMS 0x0000000080600000, 0x0000000080500000| Untracked 
|   6|0x0000000080600000, 0x0000000080700000, 0x0000000080700000|100%| O|  |TAMS 0x0000000080700000, 0x0000000080600000| Untracked 
|   7|0x0000000080700000, 0x0000000080800000, 0x0000000080800000|100%| O|  |TAMS 0x0000000080800000, 0x0000000080700000| Untracked 
|   8|0x0000000080800000, 0x0000000080900000, 0x0000000080900000|100%| O|  |TAMS 0x0000000080900000, 0x0000000080800000| Untracked 
|   9|0x0000000080900000, 0x0000000080a00000, 0x0000000080a00000|100%| O|  |TAMS 0x0000000080a00000, 0x0000000080900000| Untracked 
|  10|0x0000000080a00000, 0x0000000080b00000, 0x0000000080b00000|100%| O|  |TAMS 0x0000000080b00000, 0x0000000080a00000| Untracked 
|  11|0x0000000080b00000, 0x0000000080c00000, 0x0000000080c00000|100%| O|  |TAMS 0x0000000080c00000, 0x0000000080b00000| Untracked 
|  12|0x0000000080c00000, 0x0000000080d00000, 0x0000000080d00000|100%| O|  |TAMS 0x0000000080d00000, 0x0000000080c00000| Untracked 
|  13|0x0000000080d00000, 0x0000000080e00000, 0x0000000080e00000|100%| O|  |TAMS 0x0000000080e00000, 0x0000000080d00000| Untracked 
|  14|0x0000000080e00000, 0x0000000080f00000, 0x0000000080f00000|100%| O|  |TAMS 0x0000000080f00000, 0x0000000080e00000| Untracked 
|  15|0x0000000080f00000, 0x0000000081000000, 0x0000000081000000|100%| O|  |TAMS 0x0000000081000000, 0x0000000080f00000| Untracked 
|  16|0x0000000081000000, 0x0000000081100000, 0x0000000081100000|100%| O|  |TAMS 0x0000000081100000, 0x0000000081000000| Untracked 
|  17|0x0000000081100000, 0x0000000081200000, 0x0000000081200000|100%| O|  |TAMS 0x0000000081200000, 0x0000000081100000| Untracked 
|  18|0x0000000081200000, 0x0000000081300000, 0x0000000081300000|100%|HS|  |TAMS 0x0000000081300000, 0x0000000081200000| Complete 
|  19|0x0000000081300000, 0x0000000081400000, 0x0000000081400000|100%|HC|  |TAMS 0x0000000081400000, 0x0000000081300000| Complete 
|  20|0x0000000081400000, 0x0000000081500000, 0x0000000081500000|100%|HS|  |TAMS 0x0000000081500000, 0x0000000081400000| Complete 
|  21|0x0000000081500000, 0x0000000081600000, 0x0000000081600000|100%|HC|  |TAMS 0x0000000081600000, 0x0000000081500000| Complete 
|  22|0x0000000081600000, 0x0000000081700000, 0x0000000081700000|100%|HC|  |TAMS 0x0000000081700000, 0x0000000081600000| Complete 
|  23|0x0000000081700000, 0x0000000081800000, 0x0000000081800000|100%|HC|  |TAMS 0x0000000081800000, 0x0000000081700000| Complete 
|  24|0x0000000081800000, 0x0000000081900000, 0x0000000081900000|100%| O|  |TAMS 0x0000000081900000, 0x0000000081800000| Untracked 
|  25|0x0000000081900000, 0x0000000081a00000, 0x0000000081a00000|100%| O|  |TAMS 0x0000000081a00000, 0x0000000081900000| Untracked 
|  26|0x0000000081a00000, 0x0000000081b00000, 0x0000000081b00000|100%| O|  |TAMS 0x0000000081b00000, 0x0000000081a00000| Untracked 
|  27|0x0000000081b00000, 0x0000000081c00000, 0x0000000081c00000|100%| O|  |TAMS 0x0000000081c00000, 0x0000000081b00000| Untracked 
|  28|0x0000000081c00000, 0x0000000081d00000, 0x0000000081d00000|100%| O|  |TAMS 0x0000000081d00000, 0x0000000081c00000| Untracked 
|  29|0x0000000081d00000, 0x0000000081e00000, 0x0000000081e00000|100%| O|  |TAMS 0x0000000081e00000, 0x0000000081d00000| Untracked 
|  30|0x0000000081e00000, 0x0000000081f00000, 0x0000000081f00000|100%| O|  |TAMS 0x0000000081f00000, 0x0000000081e00000| Untracked 
|  31|0x0000000081f00000, 0x0000000082000000, 0x0000000082000000|100%| O|  |TAMS 0x0000000082000000, 0x0000000081f00000| Untracked 
|  32|0x0000000082000000, 0x0000000082100000, 0x0000000082100000|100%| O|  |TAMS 0x0000000082100000, 0x0000000082000000| Untracked 
|  33|0x0000000082100000, 0x0000000082200000, 0x0000000082200000|100%| O|  |TAMS 0x0000000082200000, 0x0000000082100000| Untracked 
|  34|0x0000000082200000, 0x0000000082300000, 0x0000000082300000|100%| O|  |TAMS 0x0000000082300000, 0x0000000082200000| Untracked 
|  35|0x0000000082300000, 0x0000000082400000, 0x0000000082400000|100%| O|  |TAMS 0x0000000082400000, 0x0000000082300000| Untracked 
|  36|0x0000000082400000, 0x0000000082500000, 0x0000000082500000|100%| O|  |TAMS 0x0000000082500000, 0x0000000082400000| Untracked 
|  37|0x0000000082500000, 0x0000000082600000, 0x0000000082600000|100%| O|  |TAMS 0x000000008257fe00, 0x0000000082500000| Untracked 
|  38|0x0000000082600000, 0x0000000082700000, 0x0000000082700000|100%|HS|  |TAMS 0x0000000082600000, 0x0000000082600000| Complete 
|  39|0x0000000082700000, 0x0000000082800000, 0x0000000082800000|100%|HS|  |TAMS 0x0000000082700000, 0x0000000082700000| Complete 
|  40|0x0000000082800000, 0x0000000082900000, 0x0000000082900000|100%| O|  |TAMS 0x0000000082800000, 0x0000000082800000| Untracked 
|  41|0x0000000082900000, 0x0000000082a00000, 0x0000000082a00000|100%| O|  |TAMS 0x0000000082900000, 0x0000000082900000| Untracked 
|  42|0x0000000082a00000, 0x0000000082b00000, 0x0000000082b00000|100%| O|  |TAMS 0x0000000082a00000, 0x0000000082a00000| Untracked 
|  43|0x0000000082b00000, 0x0000000082c00000, 0x0000000082c00000|100%| O|  |TAMS 0x0000000082b00000, 0x0000000082b00000| Untracked 
|  44|0x0000000082c00000, 0x0000000082d00000, 0x0000000082d00000|100%| O|  |TAMS 0x0000000082c00000, 0x0000000082c00000| Untracked 
|  45|0x0000000082d00000, 0x0000000082e00000, 0x0000000082e00000|100%| O|  |TAMS 0x0000000082d00000, 0x0000000082d00000| Untracked 
|  46|0x0000000082e00000, 0x0000000082e36c00, 0x0000000082f00000| 21%| O|  |TAMS 0x0000000082e00000, 0x0000000082e00000| Untracked 
|  47|0x0000000082f00000, 0x0000000083000000, 0x0000000083000000|100%|HS|  |TAMS 0x0000000082f00000, 0x0000000082f00000| Complete 
|  48|0x0000000083000000, 0x0000000083100000, 0x0000000083100000|100%|HS|  |TAMS 0x0000000083000000, 0x0000000083000000| Complete 
|  49|0x0000000083100000, 0x0000000083200000, 0x0000000083200000|100%|HS|  |TAMS 0x0000000083100000, 0x0000000083100000| Complete 
|  50|0x0000000083200000, 0x0000000083300000, 0x0000000083300000|100%|HS|  |TAMS 0x0000000083200000, 0x0000000083200000| Complete 
|  51|0x0000000083300000, 0x0000000083400000, 0x0000000083400000|100%|HS|  |TAMS 0x0000000083300000, 0x0000000083300000| Complete 
|  52|0x0000000083400000, 0x0000000083500000, 0x0000000083500000|100%|HS|  |TAMS 0x0000000083400000, 0x0000000083400000| Complete 
|  53|0x0000000083500000, 0x0000000083600000, 0x0000000083600000|100%|HS|  |TAMS 0x0000000083500000, 0x0000000083500000| Complete 
|  54|0x0000000083600000, 0x0000000083700000, 0x0000000083700000|100%|HS|  |TAMS 0x0000000083600000, 0x0000000083600000| Complete 
|  55|0x0000000083700000, 0x0000000083700000, 0x0000000083800000|  0%| F|  |TAMS 0x0000000083700000, 0x0000000083700000| Untracked 
|  56|0x0000000083800000, 0x0000000083800000, 0x0000000083900000|  0%| F|  |TAMS 0x0000000083800000, 0x0000000083800000| Untracked 
|  57|0x0000000083900000, 0x0000000083900000, 0x0000000083a00000|  0%| F|  |TAMS 0x0000000083900000, 0x0000000083900000| Untracked 
|  58|0x0000000083a00000, 0x0000000083a00000, 0x0000000083b00000|  0%| F|  |TAMS 0x0000000083a00000, 0x0000000083a00000| Untracked 
|  59|0x0000000083b00000, 0x0000000083b00000, 0x0000000083c00000|  0%| F|  |TAMS 0x0000000083b00000, 0x0000000083b00000| Untracked 
|  60|0x0000000083c00000, 0x0000000083c00000, 0x0000000083d00000|  0%| F|  |TAMS 0x0000000083c00000, 0x0000000083c00000| Untracked 
|  61|0x0000000083d00000, 0x0000000083d00000, 0x0000000083e00000|  0%| F|  |TAMS 0x0000000083d00000, 0x0000000083d00000| Untracked 
|  62|0x0000000083e00000, 0x0000000083e00000, 0x0000000083f00000|  0%| F|  |TAMS 0x0000000083e00000, 0x0000000083e00000| Untracked 
|  63|0x0000000083f00000, 0x0000000083f00000, 0x0000000084000000|  0%| F|  |TAMS 0x0000000083f00000, 0x0000000083f00000| Untracked 
|  64|0x0000000084000000, 0x0000000084000000, 0x0000000084100000|  0%| F|  |TAMS 0x0000000084000000, 0x0000000084000000| Untracked 
|  65|0x0000000084100000, 0x0000000084100000, 0x0000000084200000|  0%| F|  |TAMS 0x0000000084100000, 0x0000000084100000| Untracked 
|  66|0x0000000084200000, 0x0000000084200000, 0x0000000084300000|  0%| F|  |TAMS 0x0000000084200000, 0x0000000084200000| Untracked 
|  67|0x0000000084300000, 0x0000000084300000, 0x0000000084400000|  0%| F|  |TAMS 0x0000000084300000, 0x0000000084300000| Untracked 
|  68|0x0000000084400000, 0x0000000084400000, 0x0000000084500000|  0%| F|  |TAMS 0x0000000084400000, 0x0000000084400000| Untracked 
|  69|0x0000000084500000, 0x0000000084500000, 0x0000000084600000|  0%| F|  |TAMS 0x0000000084500000, 0x0000000084500000| Untracked 
|  70|0x0000000084600000, 0x0000000084600000, 0x0000000084700000|  0%| F|  |TAMS 0x0000000084600000, 0x0000000084600000| Untracked 
|  71|0x0000000084700000, 0x0000000084700000, 0x0000000084800000|  0%| F|  |TAMS 0x0000000084700000, 0x0000000084700000| Untracked 
|  72|0x0000000084800000, 0x0000000084800000, 0x0000000084900000|  0%| F|  |TAMS 0x0000000084800000, 0x0000000084800000| Untracked 
|  73|0x0000000084900000, 0x0000000084900000, 0x0000000084a00000|  0%| F|  |TAMS 0x0000000084900000, 0x0000000084900000| Untracked 
|  74|0x0000000084a00000, 0x0000000084a00000, 0x0000000084b00000|  0%| F|  |TAMS 0x0000000084a00000, 0x0000000084a00000| Untracked 
|  75|0x0000000084b00000, 0x0000000084b00000, 0x0000000084c00000|  0%| F|  |TAMS 0x0000000084b00000, 0x0000000084b00000| Untracked 
|  76|0x0000000084c00000, 0x0000000084c00000, 0x0000000084d00000|  0%| F|  |TAMS 0x0000000084c00000, 0x0000000084c00000| Untracked 
|  77|0x0000000084d00000, 0x0000000084d00000, 0x0000000084e00000|  0%| F|  |TAMS 0x0000000084d00000, 0x0000000084d00000| Untracked 
|  78|0x0000000084e00000, 0x0000000084e00000, 0x0000000084f00000|  0%| F|  |TAMS 0x0000000084e00000, 0x0000000084e00000| Untracked 
|  79|0x0000000084f00000, 0x0000000084f00000, 0x0000000085000000|  0%| F|  |TAMS 0x0000000084f00000, 0x0000000084f00000| Untracked 
|  80|0x0000000085000000, 0x0000000085000000, 0x0000000085100000|  0%| F|  |TAMS 0x0000000085000000, 0x0000000085000000| Untracked 
|  81|0x0000000085100000, 0x0000000085100000, 0x0000000085200000|  0%| F|  |TAMS 0x0000000085100000, 0x0000000085100000| Untracked 
|  82|0x0000000085200000, 0x0000000085200000, 0x0000000085300000|  0%| F|  |TAMS 0x0000000085200000, 0x0000000085200000| Untracked 
|  83|0x0000000085300000, 0x0000000085300000, 0x0000000085400000|  0%| F|  |TAMS 0x0000000085300000, 0x0000000085300000| Untracked 
|  84|0x0000000085400000, 0x0000000085400000, 0x0000000085500000|  0%| F|  |TAMS 0x0000000085400000, 0x0000000085400000| Untracked 
|  85|0x0000000085500000, 0x0000000085500000, 0x0000000085600000|  0%| F|  |TAMS 0x0000000085500000, 0x0000000085500000| Untracked 
|  86|0x0000000085600000, 0x0000000085700000, 0x0000000085700000|100%| S|CS|TAMS 0x0000000085600000, 0x0000000085600000| Complete 
|  87|0x0000000085700000, 0x0000000085800000, 0x0000000085800000|100%| S|CS|TAMS 0x0000000085700000, 0x0000000085700000| Complete 
|  88|0x0000000085800000, 0x0000000085900000, 0x0000000085900000|100%| S|CS|TAMS 0x0000000085800000, 0x0000000085800000| Complete 
|  89|0x0000000085900000, 0x0000000085a00000, 0x0000000085a00000|100%| S|CS|TAMS 0x0000000085900000, 0x0000000085900000| Complete 
|  90|0x0000000085a00000, 0x0000000085b00000, 0x0000000085b00000|100%| S|CS|TAMS 0x0000000085a00000, 0x0000000085a00000| Complete 
|  91|0x0000000085b00000, 0x0000000085c00000, 0x0000000085c00000|100%| S|CS|TAMS 0x0000000085b00000, 0x0000000085b00000| Complete 
|  92|0x0000000085c00000, 0x0000000085d00000, 0x0000000085d00000|100%| S|CS|TAMS 0x0000000085c00000, 0x0000000085c00000| Complete 
|  93|0x0000000085d00000, 0x0000000085e00000, 0x0000000085e00000|100%| S|CS|TAMS 0x0000000085d00000, 0x0000000085d00000| Complete 
|  94|0x0000000085e00000, 0x0000000085f00000, 0x0000000085f00000|100%| S|CS|TAMS 0x0000000085e00000, 0x0000000085e00000| Complete 
|  95|0x0000000085f00000, 0x0000000086000000, 0x0000000086000000|100%| S|CS|TAMS 0x0000000085f00000, 0x0000000085f00000| Complete 
|  96|0x0000000086000000, 0x0000000086100000, 0x0000000086100000|100%| S|CS|TAMS 0x0000000086000000, 0x0000000086000000| Complete 
|  97|0x0000000086100000, 0x0000000086200000, 0x0000000086200000|100%| S|CS|TAMS 0x0000000086100000, 0x0000000086100000| Complete 
|  98|0x0000000086200000, 0x0000000086200000, 0x0000000086300000|  0%| F|  |TAMS 0x0000000086200000, 0x0000000086200000| Untracked 
|  99|0x0000000086300000, 0x0000000086300000, 0x0000000086400000|  0%| F|  |TAMS 0x0000000086300000, 0x0000000086300000| Untracked 
| 100|0x0000000086400000, 0x0000000086400000, 0x0000000086500000|  0%| F|  |TAMS 0x0000000086400000, 0x0000000086400000| Untracked 
| 101|0x0000000086500000, 0x0000000086500000, 0x0000000086600000|  0%| F|  |TAMS 0x0000000086500000, 0x0000000086500000| Untracked 
| 102|0x0000000086600000, 0x0000000086600000, 0x0000000086700000|  0%| F|  |TAMS 0x0000000086600000, 0x0000000086600000| Untracked 
| 103|0x0000000086700000, 0x0000000086700000, 0x0000000086800000|  0%| F|  |TAMS 0x0000000086700000, 0x0000000086700000| Untracked 
| 104|0x0000000086800000, 0x0000000086800000, 0x0000000086900000|  0%| F|  |TAMS 0x0000000086800000, 0x0000000086800000| Untracked 
| 105|0x0000000086900000, 0x0000000086900000, 0x0000000086a00000|  0%| F|  |TAMS 0x0000000086900000, 0x0000000086900000| Untracked 
| 106|0x0000000086a00000, 0x0000000086a00000, 0x0000000086b00000|  0%| F|  |TAMS 0x0000000086a00000, 0x0000000086a00000| Untracked 
| 107|0x0000000086b00000, 0x0000000086b00000, 0x0000000086c00000|  0%| F|  |TAMS 0x0000000086b00000, 0x0000000086b00000| Untracked 
| 108|0x0000000086c00000, 0x0000000086c00000, 0x0000000086d00000|  0%| F|  |TAMS 0x0000000086c00000, 0x0000000086c00000| Untracked 
| 109|0x0000000086d00000, 0x0000000086d00000, 0x0000000086e00000|  0%| F|  |TAMS 0x0000000086d00000, 0x0000000086d00000| Untracked 
| 110|0x0000000086e00000, 0x0000000086e00000, 0x0000000086f00000|  0%| F|  |TAMS 0x0000000086e00000, 0x0000000086e00000| Untracked 
| 111|0x0000000086f00000, 0x0000000086f00000, 0x0000000087000000|  0%| F|  |TAMS 0x0000000086f00000, 0x0000000086f00000| Untracked 
| 112|0x0000000087000000, 0x0000000087000000, 0x0000000087100000|  0%| F|  |TAMS 0x0000000087000000, 0x0000000087000000| Untracked 
| 113|0x0000000087100000, 0x0000000087200000, 0x0000000087200000|100%| S|CS|TAMS 0x0000000087100000, 0x0000000087100000| Complete 
| 114|0x0000000087200000, 0x0000000087300000, 0x0000000087300000|100%| S|CS|TAMS 0x0000000087200000, 0x0000000087200000| Complete 
| 115|0x0000000087300000, 0x0000000087400000, 0x0000000087400000|100%| S|CS|TAMS 0x0000000087300000, 0x0000000087300000| Complete 
| 116|0x0000000087400000, 0x0000000087500000, 0x0000000087500000|100%| S|CS|TAMS 0x0000000087400000, 0x0000000087400000| Complete 
| 117|0x0000000087500000, 0x0000000087600000, 0x0000000087600000|100%| S|CS|TAMS 0x0000000087500000, 0x0000000087500000| Complete 
| 118|0x0000000087600000, 0x0000000087700000, 0x0000000087700000|100%| S|CS|TAMS 0x0000000087600000, 0x0000000087600000| Complete 
| 119|0x0000000087700000, 0x0000000087800000, 0x0000000087800000|100%| S|CS|TAMS 0x0000000087700000, 0x0000000087700000| Complete 
| 120|0x0000000087800000, 0x0000000087800000, 0x0000000087900000|  0%| F|  |TAMS 0x0000000087800000, 0x0000000087800000| Untracked 
| 121|0x0000000087900000, 0x0000000087900000, 0x0000000087a00000|  0%| F|  |TAMS 0x0000000087900000, 0x0000000087900000| Untracked 
| 122|0x0000000087a00000, 0x0000000087a00000, 0x0000000087b00000|  0%| F|  |TAMS 0x0000000087a00000, 0x0000000087a00000| Untracked 
| 123|0x0000000087b00000, 0x0000000087b00000, 0x0000000087c00000|  0%| F|  |TAMS 0x0000000087b00000, 0x0000000087b00000| Untracked 
| 124|0x0000000087c00000, 0x0000000087c00000, 0x0000000087d00000|  0%| F|  |TAMS 0x0000000087c00000, 0x0000000087c00000| Untracked 
| 125|0x0000000087d00000, 0x0000000087d00000, 0x0000000087e00000|  0%| F|  |TAMS 0x0000000087d00000, 0x0000000087d00000| Untracked 
| 126|0x0000000087e00000, 0x0000000087e00000, 0x0000000087f00000|  0%| F|  |TAMS 0x0000000087e00000, 0x0000000087e00000| Untracked 
| 127|0x0000000087f00000, 0x0000000087f00000, 0x0000000088000000|  0%| F|  |TAMS 0x0000000087f00000, 0x0000000087f00000| Untracked 
| 128|0x0000000088000000, 0x0000000088000000, 0x0000000088100000|  0%| F|  |TAMS 0x0000000088000000, 0x0000000088000000| Untracked 
| 129|0x0000000088100000, 0x0000000088100000, 0x0000000088200000|  0%| F|  |TAMS 0x0000000088100000, 0x0000000088100000| Untracked 
| 130|0x0000000088200000, 0x0000000088200000, 0x0000000088300000|  0%| F|  |TAMS 0x0000000088200000, 0x0000000088200000| Untracked 
| 131|0x0000000088300000, 0x0000000088300000, 0x0000000088400000|  0%| F|  |TAMS 0x0000000088300000, 0x0000000088300000| Untracked 
| 132|0x0000000088400000, 0x0000000088400000, 0x0000000088500000|  0%| F|  |TAMS 0x0000000088400000, 0x0000000088400000| Untracked 
| 133|0x0000000088500000, 0x0000000088500000, 0x0000000088600000|  0%| F|  |TAMS 0x0000000088500000, 0x0000000088500000| Untracked 
| 134|0x0000000088600000, 0x0000000088600000, 0x0000000088700000|  0%| F|  |TAMS 0x0000000088600000, 0x0000000088600000| Untracked 
| 135|0x0000000088700000, 0x0000000088700000, 0x0000000088800000|  0%| F|  |TAMS 0x0000000088700000, 0x0000000088700000| Untracked 
| 136|0x0000000088800000, 0x0000000088800000, 0x0000000088900000|  0%| F|  |TAMS 0x0000000088800000, 0x0000000088800000| Untracked 
| 137|0x0000000088900000, 0x0000000088900000, 0x0000000088a00000|  0%| F|  |TAMS 0x0000000088900000, 0x0000000088900000| Untracked 
| 138|0x0000000088a00000, 0x0000000088a00000, 0x0000000088b00000|  0%| F|  |TAMS 0x0000000088a00000, 0x0000000088a00000| Untracked 
| 139|0x0000000088b00000, 0x0000000088b00000, 0x0000000088c00000|  0%| F|  |TAMS 0x0000000088b00000, 0x0000000088b00000| Untracked 
| 140|0x0000000088c00000, 0x0000000088c00000, 0x0000000088d00000|  0%| F|  |TAMS 0x0000000088c00000, 0x0000000088c00000| Untracked 
| 141|0x0000000088d00000, 0x0000000088d00000, 0x0000000088e00000|  0%| F|  |TAMS 0x0000000088d00000, 0x0000000088d00000| Untracked 
| 142|0x0000000088e00000, 0x0000000088e00000, 0x0000000088f00000|  0%| F|  |TAMS 0x0000000088e00000, 0x0000000088e00000| Untracked 
| 143|0x0000000088f00000, 0x0000000088f00000, 0x0000000089000000|  0%| F|  |TAMS 0x0000000088f00000, 0x0000000088f00000| Untracked 
| 144|0x0000000089000000, 0x0000000089000000, 0x0000000089100000|  0%| F|  |TAMS 0x0000000089000000, 0x0000000089000000| Untracked 
| 145|0x0000000089100000, 0x0000000089100000, 0x0000000089200000|  0%| F|  |TAMS 0x0000000089100000, 0x0000000089100000| Untracked 
| 146|0x0000000089200000, 0x0000000089200000, 0x0000000089300000|  0%| F|  |TAMS 0x0000000089200000, 0x0000000089200000| Untracked 
| 147|0x0000000089300000, 0x0000000089300000, 0x0000000089400000|  0%| F|  |TAMS 0x0000000089300000, 0x0000000089300000| Untracked 
| 148|0x0000000089400000, 0x0000000089400000, 0x0000000089500000|  0%| F|  |TAMS 0x0000000089400000, 0x0000000089400000| Untracked 
| 149|0x0000000089500000, 0x0000000089500000, 0x0000000089600000|  0%| F|  |TAMS 0x0000000089500000, 0x0000000089500000| Untracked 
| 150|0x0000000089600000, 0x0000000089600000, 0x0000000089700000|  0%| F|  |TAMS 0x0000000089600000, 0x0000000089600000| Untracked 
| 151|0x0000000089700000, 0x0000000089700000, 0x0000000089800000|  0%| F|  |TAMS 0x0000000089700000, 0x0000000089700000| Untracked 
| 152|0x0000000089800000, 0x0000000089800000, 0x0000000089900000|  0%| F|  |TAMS 0x0000000089800000, 0x0000000089800000| Untracked 
| 153|0x0000000089900000, 0x0000000089900000, 0x0000000089a00000|  0%| F|  |TAMS 0x0000000089900000, 0x0000000089900000| Untracked 
| 154|0x0000000089a00000, 0x0000000089a00000, 0x0000000089b00000|  0%| F|  |TAMS 0x0000000089a00000, 0x0000000089a00000| Untracked 
| 155|0x0000000089b00000, 0x0000000089b00000, 0x0000000089c00000|  0%| F|  |TAMS 0x0000000089b00000, 0x0000000089b00000| Untracked 
| 156|0x0000000089c00000, 0x0000000089c00000, 0x0000000089d00000|  0%| F|  |TAMS 0x0000000089c00000, 0x0000000089c00000| Untracked 
| 157|0x0000000089d00000, 0x0000000089d00000, 0x0000000089e00000|  0%| F|  |TAMS 0x0000000089d00000, 0x0000000089d00000| Untracked 
| 158|0x0000000089e00000, 0x0000000089e00000, 0x0000000089f00000|  0%| F|  |TAMS 0x0000000089e00000, 0x0000000089e00000| Untracked 
| 159|0x0000000089f00000, 0x0000000089f00000, 0x000000008a000000|  0%| F|  |TAMS 0x0000000089f00000, 0x0000000089f00000| Untracked 
| 160|0x000000008a000000, 0x000000008a000000, 0x000000008a100000|  0%| F|  |TAMS 0x000000008a000000, 0x000000008a000000| Untracked 
| 161|0x000000008a100000, 0x000000008a100000, 0x000000008a200000|  0%| F|  |TAMS 0x000000008a100000, 0x000000008a100000| Untracked 
| 162|0x000000008a200000, 0x000000008a200000, 0x000000008a300000|  0%| F|  |TAMS 0x000000008a200000, 0x000000008a200000| Untracked 
| 163|0x000000008a300000, 0x000000008a300000, 0x000000008a400000|  0%| F|  |TAMS 0x000000008a300000, 0x000000008a300000| Untracked 
| 164|0x000000008a400000, 0x000000008a400000, 0x000000008a500000|  0%| F|  |TAMS 0x000000008a400000, 0x000000008a400000| Untracked 
| 165|0x000000008a500000, 0x000000008a500000, 0x000000008a600000|  0%| F|  |TAMS 0x000000008a500000, 0x000000008a500000| Untracked 
| 166|0x000000008a600000, 0x000000008a600000, 0x000000008a700000|  0%| F|  |TAMS 0x000000008a600000, 0x000000008a600000| Untracked 
| 167|0x000000008a700000, 0x000000008a700000, 0x000000008a800000|  0%| F|  |TAMS 0x000000008a700000, 0x000000008a700000| Untracked 
| 168|0x000000008a800000, 0x000000008a800000, 0x000000008a900000|  0%| F|  |TAMS 0x000000008a800000, 0x000000008a800000| Untracked 
| 169|0x000000008a900000, 0x000000008a900000, 0x000000008aa00000|  0%| F|  |TAMS 0x000000008a900000, 0x000000008a900000| Untracked 
| 170|0x000000008aa00000, 0x000000008aa00000, 0x000000008ab00000|  0%| F|  |TAMS 0x000000008aa00000, 0x000000008aa00000| Untracked 
| 171|0x000000008ab00000, 0x000000008ab00000, 0x000000008ac00000|  0%| F|  |TAMS 0x000000008ab00000, 0x000000008ab00000| Untracked 
| 172|0x000000008ac00000, 0x000000008ac00000, 0x000000008ad00000|  0%| F|  |TAMS 0x000000008ac00000, 0x000000008ac00000| Untracked 
| 173|0x000000008ad00000, 0x000000008ad00000, 0x000000008ae00000|  0%| F|  |TAMS 0x000000008ad00000, 0x000000008ad00000| Untracked 
| 174|0x000000008ae00000, 0x000000008ae00000, 0x000000008af00000|  0%| F|  |TAMS 0x000000008ae00000, 0x000000008ae00000| Untracked 
| 175|0x000000008af00000, 0x000000008af00000, 0x000000008b000000|  0%| F|  |TAMS 0x000000008af00000, 0x000000008af00000| Untracked 
| 176|0x000000008b000000, 0x000000008b000000, 0x000000008b100000|  0%| F|  |TAMS 0x000000008b000000, 0x000000008b000000| Untracked 
| 177|0x000000008b100000, 0x000000008b100000, 0x000000008b200000|  0%| F|  |TAMS 0x000000008b100000, 0x000000008b100000| Untracked 
| 178|0x000000008b200000, 0x000000008b200000, 0x000000008b300000|  0%| F|  |TAMS 0x000000008b200000, 0x000000008b200000| Untracked 
| 179|0x000000008b300000, 0x000000008b300000, 0x000000008b400000|  0%| F|  |TAMS 0x000000008b300000, 0x000000008b300000| Untracked 
| 180|0x000000008b400000, 0x000000008b400000, 0x000000008b500000|  0%| F|  |TAMS 0x000000008b400000, 0x000000008b400000| Untracked 
| 181|0x000000008b500000, 0x000000008b500000, 0x000000008b600000|  0%| F|  |TAMS 0x000000008b500000, 0x000000008b500000| Untracked 
| 182|0x000000008b600000, 0x000000008b600000, 0x000000008b700000|  0%| F|  |TAMS 0x000000008b600000, 0x000000008b600000| Untracked 
| 183|0x000000008b700000, 0x000000008b700000, 0x000000008b800000|  0%| F|  |TAMS 0x000000008b700000, 0x000000008b700000| Untracked 
| 184|0x000000008b800000, 0x000000008b800000, 0x000000008b900000|  0%| F|  |TAMS 0x000000008b800000, 0x000000008b800000| Untracked 
| 185|0x000000008b900000, 0x000000008b900000, 0x000000008ba00000|  0%| F|  |TAMS 0x000000008b900000, 0x000000008b900000| Untracked 
| 186|0x000000008ba00000, 0x000000008ba00000, 0x000000008bb00000|  0%| F|  |TAMS 0x000000008ba00000, 0x000000008ba00000| Untracked 
| 187|0x000000008bb00000, 0x000000008bb00000, 0x000000008bc00000|  0%| F|  |TAMS 0x000000008bb00000, 0x000000008bb00000| Untracked 
| 188|0x000000008bc00000, 0x000000008bc00000, 0x000000008bd00000|  0%| F|  |TAMS 0x000000008bc00000, 0x000000008bc00000| Untracked 
| 189|0x000000008bd00000, 0x000000008bd00000, 0x000000008be00000|  0%| F|  |TAMS 0x000000008bd00000, 0x000000008bd00000| Untracked 
| 190|0x000000008be00000, 0x000000008be00000, 0x000000008bf00000|  0%| F|  |TAMS 0x000000008be00000, 0x000000008be00000| Untracked 
| 191|0x000000008bf00000, 0x000000008bf00000, 0x000000008c000000|  0%| F|  |TAMS 0x000000008bf00000, 0x000000008bf00000| Untracked 
| 192|0x000000008c000000, 0x000000008c000000, 0x000000008c100000|  0%| F|  |TAMS 0x000000008c000000, 0x000000008c000000| Untracked 
| 193|0x000000008c100000, 0x000000008c100000, 0x000000008c200000|  0%| F|  |TAMS 0x000000008c100000, 0x000000008c100000| Untracked 
| 194|0x000000008c200000, 0x000000008c200000, 0x000000008c300000|  0%| F|  |TAMS 0x000000008c200000, 0x000000008c200000| Untracked 
| 195|0x000000008c300000, 0x000000008c300000, 0x000000008c400000|  0%| F|  |TAMS 0x000000008c300000, 0x000000008c300000| Untracked 
| 196|0x000000008c400000, 0x000000008c400000, 0x000000008c500000|  0%| F|  |TAMS 0x000000008c400000, 0x000000008c400000| Untracked 
| 197|0x000000008c500000, 0x000000008c500000, 0x000000008c600000|  0%| F|  |TAMS 0x000000008c500000, 0x000000008c500000| Untracked 
| 198|0x000000008c600000, 0x000000008c600000, 0x000000008c700000|  0%| F|  |TAMS 0x000000008c600000, 0x000000008c600000| Untracked 
| 199|0x000000008c700000, 0x000000008c700000, 0x000000008c800000|  0%| F|  |TAMS 0x000000008c700000, 0x000000008c700000| Untracked 
| 200|0x000000008c800000, 0x000000008c800000, 0x000000008c900000|  0%| F|  |TAMS 0x000000008c800000, 0x000000008c800000| Untracked 
| 201|0x000000008c900000, 0x000000008c900000, 0x000000008ca00000|  0%| F|  |TAMS 0x000000008c900000, 0x000000008c900000| Untracked 
| 202|0x000000008ca00000, 0x000000008ca00000, 0x000000008cb00000|  0%| F|  |TAMS 0x000000008ca00000, 0x000000008ca00000| Untracked 
| 203|0x000000008cb00000, 0x000000008cb00000, 0x000000008cc00000|  0%| F|  |TAMS 0x000000008cb00000, 0x000000008cb00000| Untracked 
| 204|0x000000008cc00000, 0x000000008cc00000, 0x000000008cd00000|  0%| F|  |TAMS 0x000000008cc00000, 0x000000008cc00000| Untracked 
| 205|0x000000008cd00000, 0x000000008cd00000, 0x000000008ce00000|  0%| F|  |TAMS 0x000000008cd00000, 0x000000008cd00000| Untracked 
| 206|0x000000008ce00000, 0x000000008ce00000, 0x000000008cf00000|  0%| F|  |TAMS 0x000000008ce00000, 0x000000008ce00000| Untracked 
| 207|0x000000008cf00000, 0x000000008cf00000, 0x000000008d000000|  0%| F|  |TAMS 0x000000008cf00000, 0x000000008cf00000| Untracked 
| 208|0x000000008d000000, 0x000000008d000000, 0x000000008d100000|  0%| F|  |TAMS 0x000000008d000000, 0x000000008d000000| Untracked 
| 209|0x000000008d100000, 0x000000008d100000, 0x000000008d200000|  0%| F|  |TAMS 0x000000008d100000, 0x000000008d100000| Untracked 
| 210|0x000000008d200000, 0x000000008d200000, 0x000000008d300000|  0%| F|  |TAMS 0x000000008d200000, 0x000000008d200000| Untracked 
| 211|0x000000008d300000, 0x000000008d300000, 0x000000008d400000|  0%| F|  |TAMS 0x000000008d300000, 0x000000008d300000| Untracked 
| 212|0x000000008d400000, 0x000000008d400000, 0x000000008d500000|  0%| F|  |TAMS 0x000000008d400000, 0x000000008d400000| Untracked 
| 213|0x000000008d500000, 0x000000008d500000, 0x000000008d600000|  0%| F|  |TAMS 0x000000008d500000, 0x000000008d500000| Untracked 
| 214|0x000000008d600000, 0x000000008d684b30, 0x000000008d700000| 51%| E|  |TAMS 0x000000008d600000, 0x000000008d600000| Complete 
| 215|0x000000008d700000, 0x000000008d800000, 0x000000008d800000|100%| E|CS|TAMS 0x000000008d700000, 0x000000008d700000| Complete 
| 216|0x000000008d800000, 0x000000008d900000, 0x000000008d900000|100%| E|CS|TAMS 0x000000008d800000, 0x000000008d800000| Complete 
| 217|0x000000008d900000, 0x000000008da00000, 0x000000008da00000|100%| E|CS|TAMS 0x000000008d900000, 0x000000008d900000| Complete 
| 218|0x000000008da00000, 0x000000008db00000, 0x000000008db00000|100%| E|CS|TAMS 0x000000008da00000, 0x000000008da00000| Complete 
| 219|0x000000008db00000, 0x000000008dc00000, 0x000000008dc00000|100%| E|CS|TAMS 0x000000008db00000, 0x000000008db00000| Complete 
| 220|0x000000008dc00000, 0x000000008dd00000, 0x000000008dd00000|100%| E|CS|TAMS 0x000000008dc00000, 0x000000008dc00000| Complete 
| 221|0x000000008dd00000, 0x000000008de00000, 0x000000008de00000|100%| E|CS|TAMS 0x000000008dd00000, 0x000000008dd00000| Complete 
| 222|0x000000008de00000, 0x000000008df00000, 0x000000008df00000|100%| E|CS|TAMS 0x000000008de00000, 0x000000008de00000| Complete 
| 223|0x000000008df00000, 0x000000008e000000, 0x000000008e000000|100%| E|CS|TAMS 0x000000008df00000, 0x000000008df00000| Complete 
| 224|0x000000008e000000, 0x000000008e100000, 0x000000008e100000|100%| E|CS|TAMS 0x000000008e000000, 0x000000008e000000| Complete 
| 225|0x000000008e100000, 0x000000008e200000, 0x000000008e200000|100%| E|CS|TAMS 0x000000008e100000, 0x000000008e100000| Complete 
| 226|0x000000008e200000, 0x000000008e300000, 0x000000008e300000|100%| E|CS|TAMS 0x000000008e200000, 0x000000008e200000| Complete 
| 227|0x000000008e300000, 0x000000008e400000, 0x000000008e400000|100%| E|CS|TAMS 0x000000008e300000, 0x000000008e300000| Complete 
| 228|0x000000008e400000, 0x000000008e500000, 0x000000008e500000|100%| E|CS|TAMS 0x000000008e400000, 0x000000008e400000| Complete 
| 229|0x000000008e500000, 0x000000008e600000, 0x000000008e600000|100%| E|CS|TAMS 0x000000008e500000, 0x000000008e500000| Complete 
| 230|0x000000008e600000, 0x000000008e700000, 0x000000008e700000|100%| E|CS|TAMS 0x000000008e600000, 0x000000008e600000| Complete 
| 231|0x000000008e700000, 0x000000008e800000, 0x000000008e800000|100%| E|CS|TAMS 0x000000008e700000, 0x000000008e700000| Complete 
| 232|0x000000008e800000, 0x000000008e900000, 0x000000008e900000|100%| E|CS|TAMS 0x000000008e800000, 0x000000008e800000| Complete 
| 233|0x000000008e900000, 0x000000008ea00000, 0x000000008ea00000|100%| E|CS|TAMS 0x000000008e900000, 0x000000008e900000| Complete 
| 234|0x000000008ea00000, 0x000000008eb00000, 0x000000008eb00000|100%| E|CS|TAMS 0x000000008ea00000, 0x000000008ea00000| Complete 
| 235|0x000000008eb00000, 0x000000008ec00000, 0x000000008ec00000|100%| E|CS|TAMS 0x000000008eb00000, 0x000000008eb00000| Complete 
| 236|0x000000008ec00000, 0x000000008ed00000, 0x000000008ed00000|100%| E|CS|TAMS 0x000000008ec00000, 0x000000008ec00000| Complete 
| 237|0x000000008ed00000, 0x000000008ee00000, 0x000000008ee00000|100%| E|CS|TAMS 0x000000008ed00000, 0x000000008ed00000| Complete 
| 238|0x000000008ee00000, 0x000000008ef00000, 0x000000008ef00000|100%| E|CS|TAMS 0x000000008ee00000, 0x000000008ee00000| Complete 
| 239|0x000000008ef00000, 0x000000008f000000, 0x000000008f000000|100%| E|CS|TAMS 0x000000008ef00000, 0x000000008ef00000| Complete 
| 240|0x000000008f000000, 0x000000008f100000, 0x000000008f100000|100%| E|CS|TAMS 0x000000008f000000, 0x000000008f000000| Complete 
| 241|0x000000008f100000, 0x000000008f200000, 0x000000008f200000|100%| E|CS|TAMS 0x000000008f100000, 0x000000008f100000| Complete 
| 242|0x000000008f200000, 0x000000008f300000, 0x000000008f300000|100%| E|CS|TAMS 0x000000008f200000, 0x000000008f200000| Complete 
| 243|0x000000008f300000, 0x000000008f400000, 0x000000008f400000|100%| E|CS|TAMS 0x000000008f300000, 0x000000008f300000| Complete 
| 244|0x000000008f400000, 0x000000008f500000, 0x000000008f500000|100%| E|CS|TAMS 0x000000008f400000, 0x000000008f400000| Complete 
| 245|0x000000008f500000, 0x000000008f600000, 0x000000008f600000|100%| E|CS|TAMS 0x000000008f500000, 0x000000008f500000| Complete 
| 246|0x000000008f600000, 0x000000008f700000, 0x000000008f700000|100%| E|CS|TAMS 0x000000008f600000, 0x000000008f600000| Complete 
| 247|0x000000008f700000, 0x000000008f800000, 0x000000008f800000|100%| E|CS|TAMS 0x000000008f700000, 0x000000008f700000| Complete 
| 248|0x000000008f800000, 0x000000008f900000, 0x000000008f900000|100%| E|CS|TAMS 0x000000008f800000, 0x000000008f800000| Complete 
| 249|0x000000008f900000, 0x000000008fa00000, 0x000000008fa00000|100%| E|CS|TAMS 0x000000008f900000, 0x000000008f900000| Complete 
| 250|0x000000008fa00000, 0x000000008fb00000, 0x000000008fb00000|100%| E|CS|TAMS 0x000000008fa00000, 0x000000008fa00000| Complete 
| 251|0x000000008fb00000, 0x000000008fc00000, 0x000000008fc00000|100%| E|CS|TAMS 0x000000008fb00000, 0x000000008fb00000| Complete 
| 252|0x000000008fc00000, 0x000000008fd00000, 0x000000008fd00000|100%| E|CS|TAMS 0x000000008fc00000, 0x000000008fc00000| Complete 
| 253|0x000000008fd00000, 0x000000008fe00000, 0x000000008fe00000|100%| E|CS|TAMS 0x000000008fd00000, 0x000000008fd00000| Complete 

Card table byte_map: [0x0000019260d70000,0x0000019261170000] _byte_map_base: 0x0000019260970000

Marking Bits (Prev, Next): (CMBitMap*) 0x00000192480ed9f8, (CMBitMap*) 0x00000192480eda30
 Prev Bits: [0x0000019261570000, 0x0000019263570000)
 Next Bits: [0x0000019263570000, 0x0000019265570000)

Polling page: 0x0000019248190000

Metaspace:

Usage:
  Non-class:     69.46 MB capacity,    67.97 MB ( 98%) used,     1.23 MB (  2%) free+waste,   266.00 KB ( <1%) overhead. 
      Class:     11.33 MB capacity,    10.32 MB ( 91%) used,   909.16 KB (  8%) free+waste,   131.13 KB (  1%) overhead. 
       Both:     80.79 MB capacity,    78.28 MB ( 97%) used,     2.12 MB (  3%) free+waste,   397.13 KB ( <1%) overhead. 

Virtual space:
  Non-class space:       70.00 MB reserved,      69.62 MB (>99%) committed 
      Class space:      504.00 MB reserved,      11.38 MB (  2%) committed 
             Both:      574.00 MB reserved,      81.00 MB ( 14%) committed 

Chunk freelists:
   Non-Class:  4.75 KB
       Class:  1.25 KB
        Both:  6.00 KB

CodeHeap 'non-profiled nmethods': size=120000Kb used=5570Kb max_used=5570Kb free=114429Kb
 bounds [0x00000192589d0000, 0x0000019258f50000, 0x000001925ff00000]
CodeHeap 'profiled nmethods': size=120000Kb used=19089Kb max_used=19089Kb free=100910Kb
 bounds [0x00000192514a0000, 0x0000019252750000, 0x00000192589d0000]
CodeHeap 'non-nmethods': size=5760Kb used=2311Kb max_used=2344Kb free=3448Kb
 bounds [0x0000019250f00000, 0x0000019251170000, 0x00000192514a0000]
 total_blobs=9935 nmethods=9026 adapters=820
 compilation: enabled
              stopped_count=0, restarted_count=0
 full_count=0

Compilation events (10 events):
Event: 13.115 Thread 0x00000192688fe000 9039       3       org.gradle.api.internal.provider.DefaultValueSourceProviderFactory$ValueSourceProvider::calculateOwnValue (14 bytes)
Event: 13.115 Thread 0x00000192688fe000 nmethod 9039 0x0000019252733c90 code [0x0000019252733e80, 0x00000192527343b8]
Event: 13.115 Thread 0x00000192688fe000 9040   !   3       org.gradle.api.internal.provider.DefaultValueSourceProviderFactory$LazilyObtainedValue::obtain (145 bytes)
Event: 13.118 Thread 0x00000192688fe000 nmethod 9040 0x0000019252734610 code [0x0000019252734b60, 0x0000019252737ec8]
Event: 13.118 Thread 0x00000192688fe000 9042       3       com.google.common.reflect.TypeToken::toGenericType (99 bytes)
Event: 13.119 Thread 0x00000192688fe000 nmethod 9042 0x0000019252739790 code [0x0000019252739ba0, 0x000001925273b898]
Event: 13.119 Thread 0x00000192688fe000 9043       3       com.google.common.reflect.TypeToken::resolveSupertype (30 bytes)
Event: 13.120 Thread 0x00000192688fe000 nmethod 9043 0x000001925273c190 code [0x000001925273c420, 0x000001925273d298]
Event: 13.121 Thread 0x0000019268905000 nmethod 9027 0x0000019258f3b510 code [0x0000019258f3b6a0, 0x0000019258f3c418]
Event: 13.121 Thread 0x0000019268905000 9011  s    4       java.util.Hashtable::put (104 bytes)

GC Heap History (10 events):
Event: 7.877 GC heap before
{Heap before GC invocations=6 (full 0):
 garbage-first heap   total 260096K, used 142263K [0x0000000080000000, 0x0000000100000000)
  region size 1024K, 119 young (121856K), 6 survivors (6144K)
 Metaspace       used 44282K, capacity 45522K, committed 45820K, reserved 557056K
  class space    used 5668K, capacity 6168K, committed 6272K, reserved 516096K
}
Event: 7.886 GC heap after
{Heap after GC invocations=7 (full 0):
 garbage-first heap   total 260096K, used 33153K [0x0000000080000000, 0x0000000100000000)
  region size 1024K, 15 young (15360K), 15 survivors (15360K)
 Metaspace       used 44282K, capacity 45522K, committed 45820K, reserved 557056K
  class space    used 5668K, capacity 6168K, committed 6272K, reserved 516096K
}
Event: 9.181 GC heap before
{Heap before GC invocations=7 (full 0):
 garbage-first heap   total 260096K, used 169345K [0x0000000080000000, 0x0000000100000000)
  region size 1024K, 142 young (145408K), 15 survivors (15360K)
 Metaspace       used 55035K, capacity 56592K, committed 56700K, reserved 565248K
  class space    used 7227K, capacity 7873K, committed 7936K, reserved 516096K
}
Event: 9.194 GC heap after
{Heap after GC invocations=8 (full 0):
 garbage-first heap   total 260096K, used 46591K [0x0000000080000000, 0x0000000100000000)
  region size 1024K, 8 young (8192K), 8 survivors (8192K)
 Metaspace       used 55035K, capacity 56592K, committed 56700K, reserved 565248K
  class space    used 7227K, capacity 7873K, committed 7936K, reserved 516096K
}
Event: 9.615 GC heap before
{Heap before GC invocations=8 (full 0):
 garbage-first heap   total 260096K, used 85503K [0x0000000080000000, 0x0000000100000000)
  region size 1024K, 47 young (48128K), 8 survivors (8192K)
 Metaspace       used 58031K, capacity 59735K, committed 59900K, reserved 569344K
  class space    used 7676K, capacity 8458K, committed 8576K, reserved 516096K
}
Event: 9.620 GC heap after
{Heap after GC invocations=9 (full 0):
 garbage-first heap   total 260096K, used 47378K [0x0000000080000000, 0x0000000100000000)
  region size 1024K, 9 young (9216K), 9 survivors (9216K)
 Metaspace       used 58031K, capacity 59735K, committed 59900K, reserved 569344K
  class space    used 7676K, capacity 8458K, committed 8576K, reserved 516096K
}
Event: 10.753 GC heap before
{Heap before GC invocations=10 (full 0):
 garbage-first heap   total 260096K, used 181522K [0x0000000080000000, 0x0000000100000000)
  region size 1024K, 141 young (144384K), 9 survivors (9216K)
 Metaspace       used 67067K, capacity 69149K, committed 69372K, reserved 577536K
  class space    used 8933K, capacity 9784K, committed 9856K, reserved 516096K
}
Event: 10.767 GC heap after
{Heap after GC invocations=11 (full 0):
 garbage-first heap   total 260096K, used 53291K [0x0000000080000000, 0x0000000100000000)
  region size 1024K, 15 young (15360K), 15 survivors (15360K)
 Metaspace       used 67067K, capacity 69149K, committed 69372K, reserved 577536K
  class space    used 8933K, capacity 9784K, committed 9856K, reserved 516096K
}
Event: 12.605 GC heap before
{Heap before GC invocations=12 (full 0):
 garbage-first heap   total 260096K, used 191531K [0x0000000080000000, 0x0000000100000000)
  region size 1024K, 149 young (152576K), 15 survivors (15360K)
 Metaspace       used 76482K, capacity 79034K, committed 79228K, reserved 585728K
  class space    used 10114K, capacity 11144K, committed 11264K, reserved 516096K
}
Event: 12.640 GC heap after
{Heap after GC invocations=13 (full 0):
 garbage-first heap   total 260096K, used 66779K [0x0000000080000000, 0x0000000100000000)
  region size 1024K, 19 young (19456K), 19 survivors (19456K)
 Metaspace       used 76482K, capacity 79034K, committed 79228K, reserved 585728K
  class space    used 10114K, capacity 11144K, committed 11264K, reserved 516096K
}

Deoptimization events (10 events):
Event: 12.976 Thread 0x000001926ad8a800 Uncommon trap: reason=unstable_if action=reinterpret pc=0x0000019258d94af8 method=java.util.jar.JarFile.maybeInstantiateVerifier()V @ 4 c2
Event: 12.976 Thread 0x000001926ad8a800 Uncommon trap: reason=unstable_if action=reinterpret pc=0x0000019258c68b5c method=java.security.CodeSource.<init>(Ljava/net/URL;[Ljava/security/CodeSigner;)V @ 37 c2
Event: 12.976 Thread 0x000001926ad8a800 Uncommon trap: reason=unstable_if action=reinterpret pc=0x0000019258b07c70 method=java.security.CodeSource.getCertificates()[Ljava/security/cert/Certificate; @ 22 c2
Event: 12.977 Thread 0x000001926ad8a800 Uncommon trap: reason=unstable_if action=reinterpret pc=0x0000019258ac75c8 method=java.util.jar.JarFile.maybeInstantiateVerifier()V @ 4 c2
Event: 12.977 Thread 0x000001926ad8a800 Uncommon trap: reason=unstable_if action=reinterpret pc=0x0000019258bbf714 method=java.util.jar.JarFile.maybeInstantiateVerifier()V @ 4 c2
Event: 12.977 Thread 0x000001926ad8a800 Uncommon trap: reason=unstable_if action=reinterpret pc=0x0000019258c8056c method=java.util.jar.JarFile.maybeInstantiateVerifier()V @ 4 c2
Event: 12.977 Thread 0x000001926ad8a800 Uncommon trap: reason=unstable_if action=reinterpret pc=0x0000019258c88580 method=java.security.CodeSource.matchCerts(Ljava/security/CodeSource;Z)Z @ 11 c2
Event: 13.027 Thread 0x000001926ad8a800 Uncommon trap: reason=unstable_if action=reinterpret pc=0x0000019258db22c4 method=java.util.LinkedHashMap.get(Ljava/lang/Object;)Ljava/lang/Object; @ 20 c2
Event: 13.027 Thread 0x000001926ad8a800 Uncommon trap: reason=unstable_if action=reinterpret pc=0x0000019258c963dc method=java.util.LinkedHashMap.afterNodeAccess(Ljava/util/HashMap$Node;)V @ 4 c2
Event: 13.098 Thread 0x000001926ad8a800 Uncommon trap: reason=unstable_if action=reinterpret pc=0x0000019258c86644 method=java.util.jar.JarFile.maybeInstantiateVerifier()V @ 4 c2

Classes redefined (0 events):
No events

Internal exceptions (10 events):
Event: 12.415 Thread 0x000001926ad8a800 Exception <a 'java/security/PrivilegedActionException'{0x00000000889f82e0}> (0x00000000889f82e0) thrown at [./open/src/hotspot/share/prims/jvm.cpp, line 1305]
Event: 12.415 Thread 0x000001926ad8a800 Exception <a 'java/security/PrivilegedActionException'{0x00000000889f9848}> (0x00000000889f9848) thrown at [./open/src/hotspot/share/prims/jvm.cpp, line 1305]
Event: 12.543 Thread 0x000001926ad8a800 Exception <a 'java/lang/NoSuchMethodError'{0x0000000087c295b0}: java.lang.invoke.DirectMethodHandle$Holder.invokeStatic(Ljava/lang/Object;Ljava/lang/Object;Ljava/lang/Object;Ljava/lang/Object;Ljava/lang/Object;Ljava/lang/Object;Ljava/lang/Object;Ljava/lan
Event: 12.544 Thread 0x000001926ad8a800 Exception <a 'java/lang/NoSuchMethodError'{0x0000000087c36f90}: java.lang.invoke.DirectMethodHandle$Holder.invokeStatic(Ljava/lang/Object;Ljava/lang/Object;Ljava/lang/Object;Ljava/lang/Object;Ljava/lang/Object;Ljava/lang/Object;Ljava/lang/Object;Ljava/lan
Event: 12.676 Thread 0x0000019268c7c000 Implicit null exception at 0x0000019258a04c57 to 0x0000019258a05164
Event: 12.790 Thread 0x000001926ad8a800 Exception <a 'java/lang/NoSuchMethodError'{0x000000008f222ce8}: java.lang.invoke.DirectMethodHandle$Holder.invokeSpecial(Ljava/lang/Object;Ljava/lang/Object;IIILjava/lang/Object;Ljava/lang/Object;Ljava/lang/Object;Ljava/lang/Object;)Ljava/lang/Object;> (0
Event: 12.790 Thread 0x000001926ad8a800 Exception <a 'java/lang/NoSuchMethodError'{0x000000008f227730}: java.lang.invoke.DelegatingMethodHandle$Holder.reinvoke_L(Ljava/lang/Object;IIILjava/lang/Object;Ljava/lang/Object;Ljava/lang/Object;Ljava/lang/Object;)Ljava/lang/Object;> (0x000000008f227730
Event: 12.843 Thread 0x000001926ad8a800 Implicit null exception at 0x0000019258b1abeb to 0x0000019258b1acc4
Event: 12.904 Thread 0x000001926ad8a800 Implicit null exception at 0x0000019258b7918c to 0x0000019258b79410
Event: 13.119 Thread 0x000001926ad8a800 Exception <a 'sun/nio/fs/WindowsException'{0x000000008d9382a8}> (0x000000008d9382a8) thrown at [./open/src/hotspot/share/prims/jni.cpp, line 611]

Events (10 events):
Event: 13.118 loading class com/android/ProgressManagerAdapter
Event: 13.118 loading class com/android/ProgressManagerAdapter done
Event: 13.119 loading class com/android/build/gradle/internal/dsl/DefaultConfig
Event: 13.119 loading class com/android/build/gradle/internal/dsl/DefaultConfig done
Event: 13.120 loading class com/android/build/api/dsl/DynamicFeatureDefaultConfig
Event: 13.120 loading class com/android/build/api/dsl/DynamicFeatureDefaultConfig done
Event: 13.120 loading class com/android/build/api/dsl/LibraryDefaultConfig
Event: 13.120 loading class com/android/build/api/dsl/LibraryDefaultConfig done
Event: 13.121 loading class com/android/build/api/dsl/TestDefaultConfig
Event: 13.121 loading class com/android/build/api/dsl/TestDefaultConfig done


Dynamic libraries:
0x00007ff791d20000 - 0x00007ff791d2f000 	C:\Program Files\Java\jdk-11.0.14\bin\java.exe
0x00007ffc41c90000 - 0x00007ffc41e88000 	C:\Windows\SYSTEM32\ntdll.dll
0x00007ffc41560000 - 0x00007ffc41622000 	C:\Windows\System32\KERNEL32.DLL
0x00007ffc3f370000 - 0x00007ffc3f66e000 	C:\Windows\System32\KERNELBASE.dll
0x00007ffc3f8c0000 - 0x00007ffc3f9c0000 	C:\Windows\System32\ucrtbase.dll
0x00007ffc32d40000 - 0x00007ffc32d58000 	C:\Program Files\Java\jdk-11.0.14\bin\jli.dll
0x00007ffc32d60000 - 0x00007ffc32d75000 	C:\Program Files\Java\jdk-11.0.14\bin\VCRUNTIME140.dll
0x00007ffc41a50000 - 0x00007ffc41b00000 	C:\Windows\System32\ADVAPI32.dll
0x00007ffc419b0000 - 0x00007ffc41a4e000 	C:\Windows\System32\msvcrt.dll
0x00007ffc414c0000 - 0x00007ffc41560000 	C:\Windows\System32\sechost.dll
0x00007ffc41b00000 - 0x00007ffc41c23000 	C:\Windows\System32\RPCRT4.dll
0x00007ffc3f340000 - 0x00007ffc3f367000 	C:\Windows\System32\bcrypt.dll
0x00007ffc40090000 - 0x00007ffc4022d000 	C:\Windows\System32\USER32.dll
0x00007ffc3f800000 - 0x00007ffc3f822000 	C:\Windows\System32\win32u.dll
0x00007ffc26da0000 - 0x00007ffc2703a000 	C:\Windows\WinSxS\amd64_microsoft.windows.common-controls_6595b64144ccf1df_6.0.19041.4355_none_60b8b9eb71f62e16\COMCTL32.dll
0x00007ffc41630000 - 0x00007ffc4165b000 	C:\Windows\System32\GDI32.dll
0x00007ffc3f670000 - 0x00007ffc3f787000 	C:\Windows\System32\gdi32full.dll
0x00007ffc3fa10000 - 0x00007ffc3faad000 	C:\Windows\System32\msvcp_win.dll
0x00007ffc36dd0000 - 0x00007ffc36dda000 	C:\Windows\SYSTEM32\VERSION.dll
0x00007ffc40fe0000 - 0x00007ffc4100f000 	C:\Windows\System32\IMM32.DLL
0x00007ffc29f60000 - 0x00007ffc29ffb000 	C:\Program Files\Java\jdk-11.0.14\bin\msvcp140.dll
0x00007ffbd2760000 - 0x00007ffbd3276000 	C:\Program Files\Java\jdk-11.0.14\bin\server\jvm.dll
0x00007ffc414b0000 - 0x00007ffc414b8000 	C:\Windows\System32\PSAPI.DLL
0x00007ffc3ae20000 - 0x00007ffc3ae29000 	C:\Windows\SYSTEM32\WSOCK32.dll
0x00007ffc3cf20000 - 0x00007ffc3cf47000 	C:\Windows\SYSTEM32\WINMM.dll
0x00007ffc41940000 - 0x00007ffc419ab000 	C:\Windows\System32\WS2_32.dll
0x00007ffc3d960000 - 0x00007ffc3d972000 	C:\Windows\SYSTEM32\kernel.appcore.dll
0x00007ffc32aa0000 - 0x00007ffc32ab0000 	C:\Program Files\Java\jdk-11.0.14\bin\verify.dll
0x00007ffc3cd30000 - 0x00007ffc3cf14000 	C:\Windows\SYSTEM32\DBGHELP.DLL
0x00007ffc3ccf0000 - 0x00007ffc3cd24000 	C:\Windows\SYSTEM32\dbgcore.DLL
0x00007ffc3f830000 - 0x00007ffc3f8b2000 	C:\Windows\System32\bcryptPrimitives.dll
0x00007ffc29f30000 - 0x00007ffc29f58000 	C:\Program Files\Java\jdk-11.0.14\bin\java.dll
0x00007ffc2c8d0000 - 0x00007ffc2c8da000 	C:\Program Files\Java\jdk-11.0.14\bin\jimage.dll
0x00007ffc29f10000 - 0x00007ffc29f26000 	C:\Program Files\Java\jdk-11.0.14\bin\zip.dll
0x00007ffc40370000 - 0x00007ffc40adf000 	C:\Windows\System32\SHELL32.dll
0x00007ffc3cf50000 - 0x00007ffc3d6f4000 	C:\Windows\SYSTEM32\windows.storage.dll
0x00007ffc41150000 - 0x00007ffc414a3000 	C:\Windows\System32\combase.dll
0x00007ffc3ec90000 - 0x00007ffc3ecbe000 	C:\Windows\SYSTEM32\Wldp.dll
0x00007ffc41870000 - 0x00007ffc4193d000 	C:\Windows\System32\OLEAUT32.dll
0x00007ffc41090000 - 0x00007ffc4113d000 	C:\Windows\System32\SHCORE.dll
0x00007ffc3fcc0000 - 0x00007ffc3fd15000 	C:\Windows\System32\shlwapi.dll
0x00007ffc3f270000 - 0x00007ffc3f294000 	C:\Windows\SYSTEM32\profapi.dll
0x00007ffc29ef0000 - 0x00007ffc29f09000 	C:\Program Files\Java\jdk-11.0.14\bin\net.dll
0x00007ffc395c0000 - 0x00007ffc396cd000 	C:\Windows\SYSTEM32\WINHTTP.dll
0x00007ffc3ea70000 - 0x00007ffc3eada000 	C:\Windows\system32\mswsock.dll
0x00007ffc29ed0000 - 0x00007ffc29ee2000 	C:\Program Files\Java\jdk-11.0.14\bin\nio.dll
0x00007ffc3a5a0000 - 0x00007ffc3a5c7000 	C:\Users\Munir\.gradle\native\68d5fa5c4cc2d200863cafc0d521ce42e7d3e7ee720ec0a83991735586a16f82\windows-amd64\native-platform.dll
0x00007ffbe80b0000 - 0x00007ffbe81f4000 	C:\Users\Munir\.gradle\native\e376f236ea51e6404a007f0833ffe2c6e607c4080706a723a18a27aeea778392\windows-amd64\native-platform-file-events.dll
0x00007ffc29ec0000 - 0x00007ffc29ec9000 	C:\Program Files\Java\jdk-11.0.14\bin\management.dll
0x00007ffc29eb0000 - 0x00007ffc29ebb000 	C:\Program Files\Java\jdk-11.0.14\bin\management_ext.dll
0x00007ffc3ecd0000 - 0x00007ffc3ece8000 	C:\Windows\SYSTEM32\CRYPTSP.dll
0x00007ffc3e340000 - 0x00007ffc3e374000 	C:\Windows\system32\rsaenh.dll
0x00007ffc3f230000 - 0x00007ffc3f25e000 	C:\Windows\SYSTEM32\USERENV.dll
0x00007ffc3ec00000 - 0x00007ffc3ec0c000 	C:\Windows\SYSTEM32\CRYPTBASE.dll
0x00007ffc3e720000 - 0x00007ffc3e75b000 	C:\Windows\SYSTEM32\IPHLPAPI.DLL
0x00007ffc41140000 - 0x00007ffc41148000 	C:\Windows\System32\NSI.dll
0x00007ffc3b250000 - 0x00007ffc3b267000 	C:\Windows\SYSTEM32\dhcpcsvc6.DLL
0x00007ffc3b030000 - 0x00007ffc3b04d000 	C:\Windows\SYSTEM32\dhcpcsvc.DLL
0x00007ffc3e760000 - 0x00007ffc3e82a000 	C:\Windows\SYSTEM32\DNSAPI.dll

dbghelp: loaded successfully - version: 4.0.5 - missing functions: none
symbol engine: initialized successfully - sym options: 0x614 - pdb path: .;C:\Program Files\Java\jdk-11.0.14\bin;C:\Windows\SYSTEM32;C:\Windows\WinSxS\amd64_microsoft.windows.common-controls_6595b64144ccf1df_6.0.19041.4355_none_60b8b9eb71f62e16;C:\Program Files\Java\jdk-11.0.14\bin\server;C:\Users\Munir\.gradle\native\68d5fa5c4cc2d200863cafc0d521ce42e7d3e7ee720ec0a83991735586a16f82\windows-amd64;C:\Users\Munir\.gradle\native\e376f236ea51e6404a007f0833ffe2c6e607c4080706a723a18a27aeea778392\windows-amd64

VM Arguments:
jvm_args: -XX:MaxMetaspaceSize=512m --add-opens=java.base/java.util=ALL-UNNAMED --add-opens=java.base/java.lang=ALL-UNNAMED --add-opens=java.base/java.lang.invoke=ALL-UNNAMED --add-opens=java.prefs/java.util.prefs=ALL-UNNAMED --add-opens=java.base/java.nio.charset=ALL-UNNAMED --add-opens=java.base/java.net=ALL-UNNAMED --add-opens=java.base/java.util.concurrent.atomic=ALL-UNNAMED -Xmx2048m -Dfile.encoding=utf8 -Duser.country=US -Duser.language=en -Duser.variant 
java_command: org.gradle.launcher.daemon.bootstrap.GradleDaemon 8.0.1
java_class_path (initial): C:\Users\Munir\.gradle\wrapper\dists\gradle-8.0.1-all\aro4hu1c3oeioove7l0i4i14o\gradle-8.0.1\lib\gradle-launcher-8.0.1.jar
Launcher Type: SUN_STANDARD

[Global flags]
     intx CICompilerCount                          = 4                                         {product} {ergonomic}
   size_t CompressedClassSpaceSize                 = 528482304                                 {product} {ergonomic}
     uint ConcGCThreads                            = 2                                         {product} {ergonomic}
     uint G1ConcRefinementThreads                  = 8                                         {product} {ergonomic}
   size_t G1HeapRegionSize                         = 1048576                                   {product} {ergonomic}
    uintx GCDrainStackTargetSize                   = 64                                        {product} {ergonomic}
   size_t InitialHeapSize                          = 266338304                                 {product} {ergonomic}
   size_t MarkStackSize                            = 4194304                                   {product} {ergonomic}
   size_t MaxHeapSize                              = 2147483648                                {product} {command line}
   size_t MaxMetaspaceSize                         = 536870912                                 {product} {command line}
   size_t MaxNewSize                               = 1287651328                                {product} {ergonomic}
   size_t MinHeapDeltaBytes                        = 1048576                                   {product} {ergonomic}
    uintx NonNMethodCodeHeapSize                   = 5836300                                {pd product} {ergonomic}
    uintx NonProfiledCodeHeapSize                  = 122910970                              {pd product} {ergonomic}
    uintx ProfiledCodeHeapSize                     = 122910970                              {pd product} {ergonomic}
    uintx ReservedCodeCacheSize                    = 251658240                              {pd product} {ergonomic}
     bool SegmentedCodeCache                       = true                                      {product} {ergonomic}
     bool UseCompressedClassPointers               = true                                 {lp64_product} {ergonomic}
     bool UseCompressedOops                        = true                                 {lp64_product} {ergonomic}
     bool UseG1GC                                  = true                                      {product} {ergonomic}
     bool UseLargePagesIndividualAllocation        = false                                  {pd product} {ergonomic}

Logging:
Log output configuration:
 #0: stdout all=warning uptime,level,tags
 #1: stderr all=off uptime,level,tags

Environment Variables:
JAVA_HOME=C:\Program Files\Java\jdk-11.0.14
PATH=C:\Program Files\Common Files\Oracle\Java\javapath;C:\Program Files\Microsoft\jdk-11.0.16.101-hotspot\bin;C:\Windows\system32;C:\Windows;C:\Windows\System32\Wbem;C:\Windows\System32\WindowsPowerShell\v1.0\;C:\Windows\System32\OpenSSH\;C:\Program Files\dotnet\;C:\Program Files\Microsoft SQL Server\Client SDK\ODBC\170\Tools\Binn\;C:\Program Files\Microsoft SQL Server\150\Tools\Binn\;C:\Program Files (x86)\Microsoft SQL Server\160\DTS\Binn\;C:\Program Files\Azure Data Studio\bin;C:\Program Files\Git\cmd;C:\Program Files\nodejs\;C:\Users\Munir\AppData\Local\Microsoft\WindowsApps;C:\Users\Munir\.dotnet\tools;C:\Program Files\Azure Data Studio\bin;C:\Users\Munir\AppData\Local\Android\Sdk\platform-tools;C:\Program Files\Git\bin;C:\Users\Munir\AppData\Local\GitHubDesktop\bin;C:\Users\Munir\AppData\Roaming\npm;C:\Users\Munir\AppData\Local\Programs\Microsoft VS Code\bin
USERNAME=Munir
OS=Windows_NT
PROCESSOR_IDENTIFIER=Intel64 Family 6 Model 126 Stepping 5, GenuineIntel



---------------  S Y S T E M  ---------------

OS: Windows 10 , 64 bit Build 19041 (10.0.19041.4957)
Hyper-V role detected

CPU:total 8 (initial active 8) (4 cores per cpu, 2 threads per core) family 6 model 126 stepping 5 microcode 0xc2, cmov, cx8, fxsr, mmx, sse, sse2, sse3, ssse3, sse4.1, sse4.2, popcnt, avx, avx2, aes, clmul, erms, 3dnowpref, lzcnt, ht, tsc, tscinvbit, bmi1, bmi2, adx, evex, sha, fma

Memory: 4k page, system-wide physical 16151M (1774M free)
TotalPageFile size 18199M (AvailPageFile size 5M)
current process WorkingSet (physical memory assigned to process): 471M, peak: 474M
current process commit charge ("private bytes"): 555M, peak: 558M

vm_info: Java HotSpot(TM) 64-Bit Server VM (11.0.14+8-LTS-263) for windows-amd64 JRE (11.0.14+8-LTS-263), built on Dec  7 2021 21:53:57 by "mach5one" with MS VC++ 15.9 (VS2017)

END.
