#
# There is insufficient memory for the Java Runtime Environment to continue.
# Native memory allocation (malloc) failed to allocate 32744 bytes. Error detail: ChunkPool::allocate
# Possible reasons:
#   The system is out of physical RAM or swap space
#   This process is running with CompressedOops enabled, and the Java Heap may be blocking the growth of the native heap
# Possible solutions:
#   Reduce memory load on the system
#   Increase physical memory or swap space
#   Check if swap backing store is full
#   Decrease Java heap size (-Xmx/-Xms)
#   Decrease number of Java threads
#   Decrease Java thread stack sizes (-Xss)
#   Set larger code cache with -XX:ReservedCodeCacheSize=
#   JVM is running with Unscaled Compressed Oops mode in which the Java heap is
#     placed in the first 4GB address space. The Java Heap base address is the
#     maximum limit for the native heap growth. Please use -XX:HeapBaseMinAddress
#     to set the Java Heap base and to place the Java Heap above 4GB virtual address.
# This output file may be truncated or incomplete.
#
#  Out of Memory Error (arena.cpp:79), pid=14040, tid=12372
#
# JRE version: OpenJDK Runtime Environment Temurin-17.0.12+7 (17.0.12+7) (build 17.0.12+7)
# Java VM: OpenJDK 64-Bit Server VM Temurin-17.0.12+7 (17.0.12+7, mixed mode, tiered, compressed oops, compressed class ptrs, parallel gc, windows-amd64)
# No core dump will be written. Minidumps are not enabled by default on client versions of Windows
#

---------------  S U M M A R Y ------------

Command Line: --add-modules=ALL-SYSTEM --add-opens=java.base/java.util=ALL-UNNAMED --add-opens=java.base/java.lang=ALL-UNNAMED --add-opens=java.base/sun.nio.fs=ALL-UNNAMED -Declipse.application=org.eclipse.jdt.ls.core.id1 -Dosgi.bundles.defaultStartLevel=4 -Declipse.product=org.eclipse.jdt.ls.core.product -Djava.import.generatesMetadataFilesAtProjectRoot=false -DDetectVMInstallationsJob.disabled=true -Dfile.encoding=utf8 -XX:+UseParallelGC -XX:GCTimeRatio=4 -XX:AdaptiveSizePolicyWeight=90 -Dsun.zip.disableMemoryMapping=true -Xmx1G -Xms100m -Xlog:disable -javaagent:c:\Users\Munir\.vscode\extensions\redhat.java-1.35.1-win32-x64\lombok\lombok-1.18.33.jar c:\Users\Munir\.vscode\extensions\redhat.java-1.35.1-win32-x64\server\plugins\org.eclipse.equinox.launcher_1.6.900.v20240613-2009.jar -configuration c:\Users\Munir\AppData\Roaming\Code\User\globalStorage\redhat.java\1.35.1\config_ss_win -data c:\Users\Munir\AppData\Roaming\Code\User\workspaceStorage\9a803de960df77599b8e18b4c998566a\redhat.java\ss_ws --pipe=\\.\pipe\lsp-d5fadc6801ca7a8e447dd815979a0d67-sock

Host: Intel(R) Core(TM) i7-1065G7 CPU @ 1.30GHz, 8 cores, 15G,  Windows 10 , 64 bit Build 19041 (10.0.19041.4957)
Time: Wed Oct  9 10:18:53 2024 Pakistan Standard Time elapsed time: 0.938657 seconds (0d 0h 0m 0s)

---------------  T H R E A D  ---------------

Current thread (0x0000019632282150):  JavaThread "C2 CompilerThread0" daemon [_thread_in_native, id=12372, stack(0x0000000b12900000,0x0000000b12a00000)]


Current CompileTask:
C2:    938  491       4       java.util.HashMap$KeyIterator::next (8 bytes)

Stack: [0x0000000b12900000,0x0000000b12a00000]
Native frames: (J=compiled Java code, j=interpreted, Vv=VM code, C=native code)
V  [jvm.dll+0x67f929]
V  [jvm.dll+0x8371ba]
V  [jvm.dll+0x838c7e]
V  [jvm.dll+0x8392e3]
V  [jvm.dll+0x24834f]
V  [jvm.dll+0xacbd1]
V  [jvm.dll+0xad01c]
V  [jvm.dll+0x6ca562]
V  [jvm.dll+0x1bd2af]
V  [jvm.dll+0x21aa09]
V  [jvm.dll+0x219cf1]
V  [jvm.dll+0x1a58bd]
V  [jvm.dll+0x229a2d]
V  [jvm.dll+0x227bdc]
V  [jvm.dll+0x7ec1f7]
V  [jvm.dll+0x7e65dc]
V  [jvm.dll+0x67e7f7]
C  [ucrtbase.dll+0x21bb2]
C  [KERNEL32.DLL+0x17374]
C  [ntdll.dll+0x4cc91]


---------------  P R O C E S S  ---------------

Threads class SMR info:
_java_thread_list=0x00000196325d11c0, length=13, elements={
0x000001961718f4c0, 0x0000019632244740, 0x0000019632245f80, 0x0000019632273260,
0x0000019632275b40, 0x0000019632276410, 0x0000019632278f70, 0x0000019632282150,
0x0000019632282b10, 0x0000019632293be0, 0x0000019632363fe0, 0x000001963255d210,
0x00000196331fa850
}

Java Threads: ( => current thread )
  0x000001961718f4c0 JavaThread "main" [_thread_in_vm, id=7016, stack(0x0000000b12000000,0x0000000b12100000)]
  0x0000019632244740 JavaThread "Reference Handler" daemon [_thread_blocked, id=13480, stack(0x0000000b12300000,0x0000000b12400000)]
  0x0000019632245f80 JavaThread "Finalizer" daemon [_thread_blocked, id=17292, stack(0x0000000b12400000,0x0000000b12500000)]
  0x0000019632273260 JavaThread "Signal Dispatcher" daemon [_thread_blocked, id=2948, stack(0x0000000b12500000,0x0000000b12600000)]
  0x0000019632275b40 JavaThread "Attach Listener" daemon [_thread_blocked, id=8560, stack(0x0000000b12600000,0x0000000b12700000)]
  0x0000019632276410 JavaThread "Service Thread" daemon [_thread_blocked, id=13304, stack(0x0000000b12700000,0x0000000b12800000)]
  0x0000019632278f70 JavaThread "Monitor Deflation Thread" daemon [_thread_blocked, id=14096, stack(0x0000000b12800000,0x0000000b12900000)]
=>0x0000019632282150 JavaThread "C2 CompilerThread0" daemon [_thread_in_native, id=12372, stack(0x0000000b12900000,0x0000000b12a00000)]
  0x0000019632282b10 JavaThread "C1 CompilerThread0" daemon [_thread_blocked, id=11904, stack(0x0000000b12a00000,0x0000000b12b00000)]
  0x0000019632293be0 JavaThread "Sweeper thread" daemon [_thread_blocked, id=18304, stack(0x0000000b12b00000,0x0000000b12c00000)]
  0x0000019632363fe0 JavaThread "Common-Cleaner" daemon [_thread_blocked, id=2988, stack(0x0000000b12c00000,0x0000000b12d00000)]
  0x000001963255d210 JavaThread "Notification Thread" daemon [_thread_blocked, id=4616, stack(0x0000000b12d00000,0x0000000b12e00000)]
  0x00000196331fa850 JavaThread "C2 CompilerThread1" daemon [_thread_blocked, id=20052, stack(0x0000000b12f00000,0x0000000b13000000)]

Other Threads:
  0x0000019632230c20 VMThread "VM Thread" [stack: 0x0000000b12200000,0x0000000b12300000] [id=13820]
  0x0000019632566340 WatcherThread [stack: 0x0000000b12e00000,0x0000000b12f00000] [id=8616]
  0x00000196171a5c20 GCTaskThread "GC Thread#0" [stack: 0x0000000b12100000,0x0000000b12200000] [id=1524]

Threads with active compile tasks:
C2 CompilerThread0      966  491       4       java.util.HashMap$KeyIterator::next (8 bytes)

VM state: not at safepoint (normal execution)

VM Mutex/Monitor currently owned by a thread:  ([mutex/lock_event])
[0x000001961710ebc0] Metaspace_lock - owner thread: 0x000001961718f4c0

Heap address: 0x00000000c0000000, size: 1024 MB, Compressed Oops mode: 32-bit

CDS archive(s) not mapped
Compressed class space mapped at: 0x0000000100000000-0x0000000140000000, reserved size: 1073741824
Narrow klass base: 0x0000000000000000, Narrow klass shift: 3, Narrow klass range: 0x140000000

GC Precious Log:
 CPUs: 8 total, 8 available
 Memory: 16151M
 Large Page Support: Disabled
 NUMA Support: Disabled
 Compressed Oops: Enabled (32-bit)
 Alignments: Space 512K, Generation 512K, Heap 2M
 Heap Min Capacity: 100M
 Heap Initial Capacity: 100M
 Heap Max Capacity: 1G
 Pre-touch: Disabled
 Parallel Workers: 8

Heap:
 PSYoungGen      total 29696K, used 10323K [0x00000000eab00000, 0x00000000ecc00000, 0x0000000100000000)
  eden space 25600K, 40% used [0x00000000eab00000,0x00000000eb514e98,0x00000000ec400000)
  from space 4096K, 0% used [0x00000000ec800000,0x00000000ec800000,0x00000000ecc00000)
  to   space 4096K, 0% used [0x00000000ec400000,0x00000000ec400000,0x00000000ec800000)
 ParOldGen       total 68608K, used 0K [0x00000000c0000000, 0x00000000c4300000, 0x00000000eab00000)
  object space 68608K, 0% used [0x00000000c0000000,0x00000000c0000000,0x00000000c4300000)
 Metaspace       used 7572K, committed 7680K, reserved 1114112K
  class space    used 738K, committed 832K, reserved 1048576K

Card table byte_map: [0x000001962a800000,0x000001962aa10000] _byte_map_base: 0x000001962a200000

Marking Bits: (ParMarkBitMap*) 0x00007ffbd51458b0
 Begin Bits: [0x000001962ab70000, 0x000001962bb70000)
 End Bits:   [0x000001962bb70000, 0x000001962cb70000)

Polling page: 0x0000019617240000

Metaspace:

Usage:
  Non-class:      6.67 MB used.
      Class:    738.18 KB used.
       Both:      7.39 MB used.

Virtual space:
  Non-class space:       64.00 MB reserved,       6.69 MB ( 10%) committed,  1 nodes.
      Class space:        1.00 GB reserved,     832.00 KB ( <1%) committed,  1 nodes.
             Both:        1.06 GB reserved,       7.50 MB ( <1%) committed. 

Chunk freelists:
   Non-Class:  9.00 MB
       Class:  15.22 MB
        Both:  24.22 MB

MaxMetaspaceSize: unlimited
CompressedClassSpaceSize: 1.00 GB
Initial GC threshold: 21.00 MB
Current GC threshold: 21.00 MB
CDS: off
MetaspaceReclaimPolicy: balanced
 - commit_granule_bytes: 65536.
 - commit_granule_words: 8192.
 - virtual_space_node_default_size: 8388608.
 - enlarge_chunks_in_place: 1.
 - new_chunks_are_fully_committed: 0.
 - uncommit_free_chunks: 1.
 - use_allocation_guard: 0.
 - handle_deallocations: 1.


Internal statistics:

num_allocs_failed_limit: 0.
num_arena_births: 10.
num_arena_deaths: 0.
num_vsnodes_births: 2.
num_vsnodes_deaths: 0.
num_space_committed: 120.
num_space_uncommitted: 0.
num_chunks_returned_to_freelist: 0.
num_chunks_taken_from_freelist: 40.
num_chunk_merges: 0.
num_chunk_splits: 22.
num_chunks_enlarged: 18.
num_inconsistent_stats: 0.

CodeHeap 'non-profiled nmethods': size=120000Kb used=168Kb max_used=168Kb free=119831Kb
 bounds [0x00000196230f0000, 0x0000019623360000, 0x000001962a620000]
CodeHeap 'profiled nmethods': size=120000Kb used=685Kb max_used=685Kb free=119315Kb
 bounds [0x000001961b620000, 0x000001961b890000, 0x0000019622b50000]
CodeHeap 'non-nmethods': size=5760Kb used=1130Kb max_used=1146Kb free=4629Kb
 bounds [0x0000019622b50000, 0x0000019622dc0000, 0x00000196230f0000]
 total_blobs=898 nmethods=493 adapters=320
 compilation: enabled
              stopped_count=0, restarted_count=0
 full_count=0

Compilation events (20 events):
Event: 0.914 Thread 0x0000019632282b10 nmethod 481 0x0000019623117090 code [0x0000019623117220, 0x00000196231172f8]
Event: 0.914 Thread 0x0000019632282b10  484  s    3       java.util.Properties::put (10 bytes)
Event: 0.914 Thread 0x0000019632282b10 nmethod 484 0x000001961b6c6b90 code [0x000001961b6c6d40, 0x000001961b6c6fa8]
Event: 0.914 Thread 0x0000019632282b10  482       1       java.security.Provider$Service::getAlgorithm (5 bytes)
Event: 0.914 Thread 0x0000019632282b10 nmethod 482 0x0000019623117390 code [0x0000019623117520, 0x00000196231175f8]
Event: 0.914 Thread 0x0000019632282b10  483       1       java.security.Provider$Service::getAliases (5 bytes)
Event: 0.914 Thread 0x0000019632282b10 nmethod 483 0x0000019623117690 code [0x0000019623117820, 0x00000196231178f8]
Event: 0.915 Thread 0x00000196331fa850  485   !   4       java.lang.String::replace (258 bytes)
Event: 0.920 Thread 0x0000019632282b10  486       3       java.lang.StringLatin1::indexOf (25 bytes)
Event: 0.921 Thread 0x0000019632282b10 nmethod 486 0x000001961b6c7090 code [0x000001961b6c7240, 0x000001961b6c7448]
Event: 0.925 Thread 0x0000019632282b10  487       3       sun.security.util.ObjectIdentifier::checkOidSize (86 bytes)
Event: 0.926 Thread 0x0000019632282150  489       4       java.util.Arrays::copyOfRange (64 bytes)
Event: 0.927 Thread 0x0000019632282b10 nmethod 487 0x000001961b6c7510 code [0x000001961b6c7820, 0x000001961b6c8568]
Event: 0.927 Thread 0x0000019632282b10  490       3       sun.security.util.ObjectIdentifier::pack (221 bytes)
Event: 0.927 Thread 0x0000019632282b10 nmethod 490 0x000001961b6c8a90 code [0x000001961b6c8c60, 0x000001961b6c9288]
Event: 0.927 Thread 0x0000019632282b10  488       3       sun.security.util.ObjectIdentifier::checkOtherComponent (41 bytes)
Event: 0.928 Thread 0x0000019632282b10 nmethod 488 0x000001961b6c9510 code [0x000001961b6c9740, 0x000001961b6c9e28]
Event: 0.928 Thread 0x0000019632282150 nmethod 489 0x0000019623117990 code [0x0000019623117b20, 0x0000019623117e58]
Event: 0.928 Thread 0x0000019632282150  491       4       java.util.HashMap$KeyIterator::next (8 bytes)
Event: 0.935 Thread 0x0000019632282b10  492       3       java.lang.invoke.MethodType$ConcurrentWeakInternSet::get (47 bytes)

GC Heap History (0 events):
No events

Dll operation events (8 events):
Event: 0.013 Loaded shared library c:\Users\Munir\.vscode\extensions\redhat.java-1.35.1-win32-x64\jre\17.0.12-win32-x86_64\bin\java.dll
Event: 0.252 Loaded shared library c:\Users\Munir\.vscode\extensions\redhat.java-1.35.1-win32-x64\jre\17.0.12-win32-x86_64\bin\zip.dll
Event: 0.255 Loaded shared library C:\Users\Munir\.vscode\extensions\redhat.java-1.35.1-win32-x64\jre\17.0.12-win32-x86_64\bin\instrument.dll
Event: 0.269 Loaded shared library C:\Users\Munir\.vscode\extensions\redhat.java-1.35.1-win32-x64\jre\17.0.12-win32-x86_64\bin\net.dll
Event: 0.271 Loaded shared library C:\Users\Munir\.vscode\extensions\redhat.java-1.35.1-win32-x64\jre\17.0.12-win32-x86_64\bin\nio.dll
Event: 0.279 Loaded shared library C:\Users\Munir\.vscode\extensions\redhat.java-1.35.1-win32-x64\jre\17.0.12-win32-x86_64\bin\zip.dll
Event: 0.308 Loaded shared library C:\Users\Munir\.vscode\extensions\redhat.java-1.35.1-win32-x64\jre\17.0.12-win32-x86_64\bin\jimage.dll
Event: 0.467 Loaded shared library c:\Users\Munir\.vscode\extensions\redhat.java-1.35.1-win32-x64\jre\17.0.12-win32-x86_64\bin\verify.dll

Deoptimization events (20 events):
Event: 0.823 Thread 0x000001961718f4c0 Uncommon trap: trap_request=0xffffff45 fr.pc=0x00000196230fee30 relative=0x0000000000000650
Event: 0.823 Thread 0x000001961718f4c0 Uncommon trap: reason=unstable_if action=reinterpret pc=0x00000196230fee30 method=java.util.HashMap.putVal(ILjava/lang/Object;Ljava/lang/Object;ZZ)Ljava/lang/Object; @ 181 c2
Event: 0.823 Thread 0x000001961718f4c0 DEOPT PACKING pc=0x00000196230fee30 sp=0x0000000b120fdfd0
Event: 0.823 Thread 0x000001961718f4c0 DEOPT UNPACKING pc=0x0000019622ba9ea3 sp=0x0000000b120fdf40 mode 2
Event: 0.899 Thread 0x000001961718f4c0 Uncommon trap: trap_request=0xffffffde fr.pc=0x0000019623115f2c relative=0x000000000000010c
Event: 0.902 Thread 0x000001961718f4c0 Uncommon trap: reason=class_check action=maybe_recompile pc=0x0000019623115f2c method=jdk.internal.misc.Unsafe.allocateUninitializedArray(Ljava/lang/Class;I)Ljava/lang/Object; @ 51 c2
Event: 0.902 Thread 0x000001961718f4c0 DEOPT PACKING pc=0x0000019623115f2c sp=0x0000000b120fc2f0
Event: 0.902 Thread 0x000001961718f4c0 DEOPT UNPACKING pc=0x0000019622ba9ea3 sp=0x0000000b120fc278 mode 2
Event: 0.902 Thread 0x000001961718f4c0 Uncommon trap: trap_request=0xffffffde fr.pc=0x0000019623115f2c relative=0x000000000000010c
Event: 0.902 Thread 0x000001961718f4c0 Uncommon trap: reason=class_check action=maybe_recompile pc=0x0000019623115f2c method=jdk.internal.misc.Unsafe.allocateUninitializedArray(Ljava/lang/Class;I)Ljava/lang/Object; @ 51 c2
Event: 0.902 Thread 0x000001961718f4c0 DEOPT PACKING pc=0x0000019623115f2c sp=0x0000000b120fc2f0
Event: 0.902 Thread 0x000001961718f4c0 DEOPT UNPACKING pc=0x0000019622ba9ea3 sp=0x0000000b120fc278 mode 2
Event: 0.902 Thread 0x000001961718f4c0 Uncommon trap: trap_request=0xffffffde fr.pc=0x0000019623115f2c relative=0x000000000000010c
Event: 0.902 Thread 0x000001961718f4c0 Uncommon trap: reason=class_check action=maybe_recompile pc=0x0000019623115f2c method=jdk.internal.misc.Unsafe.allocateUninitializedArray(Ljava/lang/Class;I)Ljava/lang/Object; @ 51 c2
Event: 0.902 Thread 0x000001961718f4c0 DEOPT PACKING pc=0x0000019623115f2c sp=0x0000000b120fc2f0
Event: 0.902 Thread 0x000001961718f4c0 DEOPT UNPACKING pc=0x0000019622ba9ea3 sp=0x0000000b120fc278 mode 2
Event: 0.902 Thread 0x000001961718f4c0 Uncommon trap: trap_request=0xffffffde fr.pc=0x0000019623115f2c relative=0x000000000000010c
Event: 0.902 Thread 0x000001961718f4c0 Uncommon trap: reason=class_check action=maybe_recompile pc=0x0000019623115f2c method=jdk.internal.misc.Unsafe.allocateUninitializedArray(Ljava/lang/Class;I)Ljava/lang/Object; @ 51 c2
Event: 0.902 Thread 0x000001961718f4c0 DEOPT PACKING pc=0x0000019623115f2c sp=0x0000000b120fc2f0
Event: 0.902 Thread 0x000001961718f4c0 DEOPT UNPACKING pc=0x0000019622ba9ea3 sp=0x0000000b120fc278 mode 2

Classes loaded (20 events):
Event: 0.931 Loading class java/lang/ClassValue$Entry
Event: 0.931 Loading class java/lang/ClassValue$Entry done
Event: 0.931 Loading class java/lang/ClassValue$Identity
Event: 0.931 Loading class java/lang/ClassValue$Identity done
Event: 0.931 Loading class java/lang/ClassValue$Version
Event: 0.931 Loading class java/lang/ClassValue$Version done
Event: 0.931 Loading class java/lang/invoke/VarHandleReferences$FieldStaticReadWrite
Event: 0.932 Loading class java/lang/invoke/VarHandleReferences$FieldStaticReadOnly
Event: 0.932 Loading class java/lang/invoke/VarHandleReferences$FieldStaticReadOnly done
Event: 0.932 Loading class java/lang/invoke/VarHandleReferences$FieldStaticReadWrite done
Event: 0.932 Loading class java/lang/invoke/VarHandle$1
Event: 0.933 Loading class java/lang/invoke/VarHandle$1 done
Event: 0.933 Loading class jdk/internal/util/Preconditions$1
Event: 0.933 Loading class jdk/internal/util/Preconditions$1 done
Event: 0.933 Loading class java/lang/invoke/VarHandleGuards
Event: 0.933 Loading class java/lang/invoke/VarHandleGuards done
Event: 0.934 Loading class java/lang/invoke/VarForm
Event: 0.934 Loading class java/lang/invoke/VarForm done
Event: 0.935 Loading class java/lang/System$Logger$Level
Event: 0.935 Loading class java/lang/System$Logger$Level done

Classes unloaded (0 events):
No events

Classes redefined (0 events):
No events

Internal exceptions (2 events):
Event: 0.219 Thread 0x000001961718f4c0 Exception <a 'java/lang/NoSuchMethodError'{0x00000000eacb4ee8}: 'void java.lang.invoke.DirectMethodHandle$Holder.invokeStatic(java.lang.Object, java.lang.Object, java.lang.Object)'> (0x00000000eacb4ee8) 
thrown [s\src\hotspot\share\interpreter\linkResolver.cpp, line 759]
Event: 0.542 Thread 0x000001961718f4c0 Exception <a 'java/lang/reflect/InvocationTargetException'{0x00000000eafe70a8}> (0x00000000eafe70a8) 
thrown [s\src\hotspot\share\runtime\reflection.cpp, line 1128]

VM Operations (4 events):
Event: 0.226 Executing VM operation: HandshakeAllThreads
Event: 0.226 Executing VM operation: HandshakeAllThreads done
Event: 0.329 Executing VM operation: HandshakeAllThreads
Event: 0.329 Executing VM operation: HandshakeAllThreads done

Events (15 events):
Event: 0.064 Thread 0x000001961718f4c0 Thread added: 0x000001961718f4c0
Event: 0.087 Thread 0x0000019632244740 Thread added: 0x0000019632244740
Event: 0.087 Thread 0x0000019632245f80 Thread added: 0x0000019632245f80
Event: 0.117 Thread 0x0000019632273260 Thread added: 0x0000019632273260
Event: 0.117 Thread 0x0000019632275b40 Thread added: 0x0000019632275b40
Event: 0.117 Thread 0x0000019632276410 Thread added: 0x0000019632276410
Event: 0.118 Thread 0x0000019632278f70 Thread added: 0x0000019632278f70
Event: 0.118 Thread 0x0000019632282150 Thread added: 0x0000019632282150
Event: 0.118 Thread 0x0000019632282b10 Thread added: 0x0000019632282b10
Event: 0.118 Thread 0x0000019632293be0 Thread added: 0x0000019632293be0
Event: 0.198 Thread 0x0000019632363fe0 Thread added: 0x0000019632363fe0
Event: 0.234 Thread 0x00000196323fe230 Thread added: 0x00000196323fe230
Event: 0.559 Thread 0x00000196323fe230 Thread exited: 0x00000196323fe230
Event: 0.714 Thread 0x000001963255d210 Thread added: 0x000001963255d210
Event: 0.744 Thread 0x00000196331fa850 Thread added: 0x00000196331fa850


Dynamic libraries:
0x00007ff645360000 - 0x00007ff64536e000 	c:\Users\Munir\.vscode\extensions\redhat.java-1.35.1-win32-x64\jre\17.0.12-win32-x86_64\bin\java.exe
0x00007ffc41c90000 - 0x00007ffc41e88000 	C:\Windows\SYSTEM32\ntdll.dll
0x00007ffc41560000 - 0x00007ffc41622000 	C:\Windows\System32\KERNEL32.DLL
0x00007ffc3f370000 - 0x00007ffc3f66e000 	C:\Windows\System32\KERNELBASE.dll
0x00007ffc34130000 - 0x00007ffc341c4000 	C:\Windows\SYSTEM32\apphelp.dll
0x00007ffc3f8c0000 - 0x00007ffc3f9c0000 	C:\Windows\System32\ucrtbase.dll
0x00007ffc342a0000 - 0x00007ffc342b7000 	c:\Users\Munir\.vscode\extensions\redhat.java-1.35.1-win32-x64\jre\17.0.12-win32-x86_64\bin\jli.dll
0x00007ffc40090000 - 0x00007ffc4022d000 	C:\Windows\System32\USER32.dll
0x00007ffc2ca90000 - 0x00007ffc2caab000 	c:\Users\Munir\.vscode\extensions\redhat.java-1.35.1-win32-x64\jre\17.0.12-win32-x86_64\bin\VCRUNTIME140.dll
0x00007ffc3f800000 - 0x00007ffc3f822000 	C:\Windows\System32\win32u.dll
0x00007ffc41630000 - 0x00007ffc4165b000 	C:\Windows\System32\GDI32.dll
0x00007ffc26da0000 - 0x00007ffc2703a000 	C:\Windows\WinSxS\amd64_microsoft.windows.common-controls_6595b64144ccf1df_6.0.19041.4355_none_60b8b9eb71f62e16\COMCTL32.dll
0x00007ffc3f670000 - 0x00007ffc3f787000 	C:\Windows\System32\gdi32full.dll
0x00007ffc419b0000 - 0x00007ffc41a4e000 	C:\Windows\System32\msvcrt.dll
0x00007ffc3fa10000 - 0x00007ffc3faad000 	C:\Windows\System32\msvcp_win.dll
0x00007ffc40fe0000 - 0x00007ffc4100f000 	C:\Windows\System32\IMM32.DLL
0x00007ffc2c310000 - 0x00007ffc2c31c000 	c:\Users\Munir\.vscode\extensions\redhat.java-1.35.1-win32-x64\jre\17.0.12-win32-x86_64\bin\vcruntime140_1.dll
0x00007ffc242b0000 - 0x00007ffc2433d000 	c:\Users\Munir\.vscode\extensions\redhat.java-1.35.1-win32-x64\jre\17.0.12-win32-x86_64\bin\msvcp140.dll
0x00007ffbd45a0000 - 0x00007ffbd520a000 	c:\Users\Munir\.vscode\extensions\redhat.java-1.35.1-win32-x64\jre\17.0.12-win32-x86_64\bin\server\jvm.dll
0x00007ffc41a50000 - 0x00007ffc41b00000 	C:\Windows\System32\ADVAPI32.dll
0x00007ffc414c0000 - 0x00007ffc41560000 	C:\Windows\System32\sechost.dll
0x00007ffc41b00000 - 0x00007ffc41c23000 	C:\Windows\System32\RPCRT4.dll
0x00007ffc3f340000 - 0x00007ffc3f367000 	C:\Windows\System32\bcrypt.dll
0x00007ffc41940000 - 0x00007ffc419ab000 	C:\Windows\System32\WS2_32.dll
0x00007ffc3e840000 - 0x00007ffc3e88b000 	C:\Windows\SYSTEM32\POWRPROF.dll
0x00007ffc3cf20000 - 0x00007ffc3cf47000 	C:\Windows\SYSTEM32\WINMM.dll
0x00007ffc36dd0000 - 0x00007ffc36dda000 	C:\Windows\SYSTEM32\VERSION.dll
0x00007ffc3e700000 - 0x00007ffc3e712000 	C:\Windows\SYSTEM32\UMPDC.dll
0x00007ffc3d960000 - 0x00007ffc3d972000 	C:\Windows\SYSTEM32\kernel.appcore.dll
0x00007ffc29de0000 - 0x00007ffc29dea000 	c:\Users\Munir\.vscode\extensions\redhat.java-1.35.1-win32-x64\jre\17.0.12-win32-x86_64\bin\jimage.dll
0x00007ffc3cd30000 - 0x00007ffc3cf14000 	C:\Windows\SYSTEM32\DBGHELP.DLL
0x00007ffc3ccf0000 - 0x00007ffc3cd24000 	C:\Windows\SYSTEM32\dbgcore.DLL
0x00007ffc3f830000 - 0x00007ffc3f8b2000 	C:\Windows\System32\bcryptPrimitives.dll
0x00007ffc39e10000 - 0x00007ffc39e1e000 	c:\Users\Munir\.vscode\extensions\redhat.java-1.35.1-win32-x64\jre\17.0.12-win32-x86_64\bin\instrument.dll
0x00007ffc29db0000 - 0x00007ffc29dd5000 	c:\Users\Munir\.vscode\extensions\redhat.java-1.35.1-win32-x64\jre\17.0.12-win32-x86_64\bin\java.dll
0x00007ffc274a0000 - 0x00007ffc274b8000 	c:\Users\Munir\.vscode\extensions\redhat.java-1.35.1-win32-x64\jre\17.0.12-win32-x86_64\bin\zip.dll
0x00007ffc40370000 - 0x00007ffc40adf000 	C:\Windows\System32\SHELL32.dll
0x00007ffc3cf50000 - 0x00007ffc3d6f4000 	C:\Windows\SYSTEM32\windows.storage.dll
0x00007ffc41150000 - 0x00007ffc414a3000 	C:\Windows\System32\combase.dll
0x00007ffc3ec90000 - 0x00007ffc3ecbe000 	C:\Windows\SYSTEM32\Wldp.dll
0x00007ffc41870000 - 0x00007ffc4193d000 	C:\Windows\System32\OLEAUT32.dll
0x00007ffc41090000 - 0x00007ffc4113d000 	C:\Windows\System32\SHCORE.dll
0x00007ffc3fcc0000 - 0x00007ffc3fd15000 	C:\Windows\System32\shlwapi.dll
0x00007ffc3f270000 - 0x00007ffc3f294000 	C:\Windows\SYSTEM32\profapi.dll
0x00007ffc342e0000 - 0x00007ffc342f9000 	C:\Users\Munir\.vscode\extensions\redhat.java-1.35.1-win32-x64\jre\17.0.12-win32-x86_64\bin\net.dll
0x00007ffc395c0000 - 0x00007ffc396cd000 	C:\Windows\SYSTEM32\WINHTTP.dll
0x00007ffc3ea70000 - 0x00007ffc3eada000 	C:\Windows\system32\mswsock.dll
0x00007ffc2c330000 - 0x00007ffc2c346000 	C:\Users\Munir\.vscode\extensions\redhat.java-1.35.1-win32-x64\jre\17.0.12-win32-x86_64\bin\nio.dll
0x00007ffc38960000 - 0x00007ffc38970000 	c:\Users\Munir\.vscode\extensions\redhat.java-1.35.1-win32-x64\jre\17.0.12-win32-x86_64\bin\verify.dll

dbghelp: loaded successfully - version: 4.0.5 - missing functions: none
symbol engine: initialized successfully - sym options: 0x614 - pdb path: .;c:\Users\Munir\.vscode\extensions\redhat.java-1.35.1-win32-x64\jre\17.0.12-win32-x86_64\bin;C:\Windows\SYSTEM32;C:\Windows\WinSxS\amd64_microsoft.windows.common-controls_6595b64144ccf1df_6.0.19041.4355_none_60b8b9eb71f62e16;c:\Users\Munir\.vscode\extensions\redhat.java-1.35.1-win32-x64\jre\17.0.12-win32-x86_64\bin\server

VM Arguments:
jvm_args: --add-modules=ALL-SYSTEM --add-opens=java.base/java.util=ALL-UNNAMED --add-opens=java.base/java.lang=ALL-UNNAMED --add-opens=java.base/sun.nio.fs=ALL-UNNAMED -Declipse.application=org.eclipse.jdt.ls.core.id1 -Dosgi.bundles.defaultStartLevel=4 -Declipse.product=org.eclipse.jdt.ls.core.product -Djava.import.generatesMetadataFilesAtProjectRoot=false -DDetectVMInstallationsJob.disabled=true -Dfile.encoding=utf8 -XX:+UseParallelGC -XX:GCTimeRatio=4 -XX:AdaptiveSizePolicyWeight=90 -Dsun.zip.disableMemoryMapping=true -Xmx1G -Xms100m -Xlog:disable -javaagent:c:\Users\Munir\.vscode\extensions\redhat.java-1.35.1-win32-x64\lombok\lombok-1.18.33.jar 
java_command: c:\Users\Munir\.vscode\extensions\redhat.java-1.35.1-win32-x64\server\plugins\org.eclipse.equinox.launcher_1.6.900.v20240613-2009.jar -configuration c:\Users\Munir\AppData\Roaming\Code\User\globalStorage\redhat.java\1.35.1\config_ss_win -data c:\Users\Munir\AppData\Roaming\Code\User\workspaceStorage\9a803de960df77599b8e18b4c998566a\redhat.java\ss_ws --pipe=\\.\pipe\lsp-d5fadc6801ca7a8e447dd815979a0d67-sock
java_class_path (initial): c:\Users\Munir\.vscode\extensions\redhat.java-1.35.1-win32-x64\server\plugins\org.eclipse.equinox.launcher_1.6.900.v20240613-2009.jar
Launcher Type: SUN_STANDARD

[Global flags]
    uintx AdaptiveSizePolicyWeight                 = 90                                        {product} {command line}
     intx CICompilerCount                          = 4                                         {product} {ergonomic}
    uintx GCTimeRatio                              = 4                                         {product} {command line}
   size_t InitialHeapSize                          = 104857600                                 {product} {command line}
   size_t MaxHeapSize                              = 1073741824                                {product} {command line}
   size_t MaxNewSize                               = 357564416                                 {product} {ergonomic}
   size_t MinHeapDeltaBytes                        = 524288                                    {product} {ergonomic}
   size_t MinHeapSize                              = 104857600                                 {product} {command line}
   size_t NewSize                                  = 34603008                                  {product} {ergonomic}
    uintx NonNMethodCodeHeapSize                   = 5839372                                {pd product} {ergonomic}
    uintx NonProfiledCodeHeapSize                  = 122909434                              {pd product} {ergonomic}
   size_t OldSize                                  = 70254592                                  {product} {ergonomic}
    uintx ProfiledCodeHeapSize                     = 122909434                              {pd product} {ergonomic}
    uintx ReservedCodeCacheSize                    = 251658240                              {pd product} {ergonomic}
     bool SegmentedCodeCache                       = true                                      {product} {ergonomic}
   size_t SoftMaxHeapSize                          = 1073741824                             {manageable} {ergonomic}
     bool UseCompressedClassPointers               = true                           {product lp64_product} {ergonomic}
     bool UseCompressedOops                        = true                           {product lp64_product} {ergonomic}
     bool UseLargePagesIndividualAllocation        = false                                  {pd product} {ergonomic}
     bool UseParallelGC                            = true                                      {product} {command line}

Logging:
Log output configuration:
 #0: stdout all=off uptime,level,tags
 #1: stderr all=off uptime,level,tags

Environment Variables:
JAVA_HOME=C:\Program Files\Java\jdk-11.0.14
PATH=C:\Program Files\Common Files\Oracle\Java\javapath;C:\Program Files\Microsoft\jdk-11.0.16.101-hotspot\bin;C:\Windows\system32;C:\Windows;C:\Windows\System32\Wbem;C:\Windows\System32\WindowsPowerShell\v1.0\;C:\Windows\System32\OpenSSH\;C:\Program Files\dotnet\;C:\Program Files\Microsoft SQL Server\Client SDK\ODBC\170\Tools\Binn\;C:\Program Files\Microsoft SQL Server\150\Tools\Binn\;C:\Program Files (x86)\Microsoft SQL Server\160\DTS\Binn\;C:\Program Files\Azure Data Studio\bin;C:\Program Files\Git\cmd;C:\Program Files\nodejs\;C:\Users\Munir\AppData\Local\Microsoft\WindowsApps;C:\Users\Munir\.dotnet\tools;C:\Program Files\Azure Data Studio\bin;C:\Users\Munir\AppData\Local\Android\Sdk\platform-tools;C:\Program Files\Git\bin;C:\Users\Munir\AppData\Local\GitHubDesktop\bin;C:\Users\Munir\AppData\Roaming\npm;C:\Users\Munir\AppData\Local\Programs\Microsoft VS Code\bin
USERNAME=Munir
OS=Windows_NT
PROCESSOR_IDENTIFIER=Intel64 Family 6 Model 126 Stepping 5, GenuineIntel
TMP=C:\Users\Munir\AppData\Local\Temp
TEMP=C:\Users\Munir\AppData\Local\Temp



Periodic native trim disabled


---------------  S Y S T E M  ---------------

OS:
 Windows 10 , 64 bit Build 19041 (10.0.19041.4957)
OS uptime: 0 days 18:15 hours
Hyper-V role detected

CPU: total 8 (initial active 8) (4 cores per cpu, 2 threads per core) family 6 model 126 stepping 5 microcode 0xc2, cx8, cmov, fxsr, ht, mmx, 3dnowpref, sse, sse2, sse3, ssse3, sse4.1, sse4.2, popcnt, lzcnt, tsc, tscinvbit, avx, avx2, aes, erms, clmul, bmi1, bmi2, adx, avx512f, avx512dq, avx512cd, avx512bw, avx512vl, sha, fma, vzeroupper, avx512_vpopcntdq, avx512_vpclmulqdq, avx512_vaes, avx512_vnni, clflush, clflushopt, avx512_vbmi2, avx512_vbmi, hv
Processor Information for all 8 processors :
  Max Mhz: 1498, Current Mhz: 1298, Mhz Limit: 1288

Memory: 4k page, system-wide physical 16151M (1509M free)
TotalPageFile size 18199M (AvailPageFile size 117M)
current process WorkingSet (physical memory assigned to process): 47M, peak: 47M
current process commit charge ("private bytes"): 189M, peak: 189M

vm_info: OpenJDK 64-Bit Server VM (17.0.12+7) for windows-amd64 JRE (17.0.12+7), built on Jul 16 2024 22:08:24 by "admin" with MS VC++ 16.10 / 16.11 (VS2019)

END.
