#
# There is insufficient memory for the Java Runtime Environment to continue.
# Native memory allocation (malloc) failed to allocate 1048576 bytes. Error detail: AllocateHeap
# Possible reasons:
#   The system is out of physical RAM or swap space
#   This process is running with CompressedOops enabled, and the Java Heap may be blocking the growth of the native heap
# Possible solutions:
#   Reduce memory load on the system
#   Increase physical memory or swap space
#   Check if swap backing store is full
#   Decrease Java heap size (-Xmx/-Xms)
#   Decrease number of Java threads
#   Decrease Java thread stack sizes (-Xss)
#   Set larger code cache with -XX:ReservedCodeCacheSize=
#   JVM is running with Unscaled Compressed Oops mode in which the Java heap is
#     placed in the first 4GB address space. The Java Heap base address is the
#     maximum limit for the native heap growth. Please use -XX:HeapBaseMinAddress
#     to set the Java Heap base and to place the Java Heap above 4GB virtual address.
# This output file may be truncated or incomplete.
#
#  Out of Memory Error (allocation.cpp:44), pid=19056, tid=13200
#
# JRE version:  (17.0.12+7) (build )
# Java VM: OpenJDK 64-Bit Server VM (17.0.12+7, mixed mode, tiered, compressed oops, compressed class ptrs, parallel gc, windows-amd64)
# No core dump will be written. Minidumps are not enabled by default on client versions of Windows
#

---------------  S U M M A R Y ------------

Command Line: --add-modules=ALL-SYSTEM --add-opens=java.base/java.util=ALL-UNNAMED --add-opens=java.base/java.lang=ALL-UNNAMED --add-opens=java.base/sun.nio.fs=ALL-UNNAMED -Declipse.application=org.eclipse.jdt.ls.core.id1 -Dosgi.bundles.defaultStartLevel=4 -Declipse.product=org.eclipse.jdt.ls.core.product -Djava.import.generatesMetadataFilesAtProjectRoot=false -DDetectVMInstallationsJob.disabled=true -Dfile.encoding=utf8 -XX:+UseParallelGC -XX:GCTimeRatio=4 -XX:AdaptiveSizePolicyWeight=90 -Dsun.zip.disableMemoryMapping=true -Xmx1G -Xms100m -Xlog:disable -javaagent:c:\Users\Munir\.vscode\extensions\redhat.java-1.35.1-win32-x64\lombok\lombok-1.18.33.jar c:\Users\Munir\.vscode\extensions\redhat.java-1.35.1-win32-x64\server\plugins\org.eclipse.equinox.launcher_1.6.900.v20240613-2009.jar -configuration c:\Users\Munir\AppData\Roaming\Code\User\globalStorage\redhat.java\1.35.1\config_ss_win -data c:\Users\Munir\AppData\Roaming\Code\User\workspaceStorage\9a803de960df77599b8e18b4c998566a\redhat.java\ss_ws --pipe=\\.\pipe\lsp-ddfdde3a5ee2b76c7228650e07291f8f-sock

Host: Intel(R) Core(TM) i7-1065G7 CPU @ 1.30GHz, 8 cores, 15G,  Windows 10 , 64 bit Build 19041 (10.0.19041.4957)
Time: Wed Oct  9 11:49:15 2024 Pakistan Standard Time elapsed time: 0.051436 seconds (0d 0h 0m 0s)

---------------  T H R E A D  ---------------

Current thread (0x00000285b80ea670):  JavaThread "Unknown thread" [_thread_in_vm, id=13200, stack(0x000000fd70d00000,0x000000fd70e00000)]

Stack: [0x000000fd70d00000,0x000000fd70e00000]
Native frames: (J=compiled Java code, j=interpreted, Vv=VM code, C=native code)
V  [jvm.dll+0x67f929]
V  [jvm.dll+0x8371ba]
V  [jvm.dll+0x838c7e]
V  [jvm.dll+0x8392e3]
V  [jvm.dll+0x24834f]
V  [jvm.dll+0xa70d3]
V  [jvm.dll+0x6b2fb6]
V  [jvm.dll+0x6b3b8f]
V  [jvm.dll+0x68c0b3]
V  [jvm.dll+0x80916b]
V  [jvm.dll+0x36d434]
V  [jvm.dll+0x7e7425]
V  [jvm.dll+0x3f0edf]
V  [jvm.dll+0x3f2a31]
C  [jli.dll+0x528f]
C  [ucrtbase.dll+0x21bb2]
C  [KERNEL32.DLL+0x17374]
C  [ntdll.dll+0x4cc91]


---------------  P R O C E S S  ---------------

Threads class SMR info:
_java_thread_list=0x00007ffbd50d6f18, length=0, elements={
}

Java Threads: ( => current thread )

Other Threads:
  0x00000285b80ff920 GCTaskThread "GC Thread#0" [stack: 0x000000fd70e00000,0x000000fd70f00000] [id=7576]

=>0x00000285b80ea670 (exited) JavaThread "Unknown thread" [_thread_in_vm, id=13200, stack(0x000000fd70d00000,0x000000fd70e00000)]

Threads with active compile tasks:

VM state: not at safepoint (normal execution)

VM Mutex/Monitor currently owned by a thread: None

Heap address: 0x00000000c0000000, size: 1024 MB, Compressed Oops mode: 32-bit

CDS archive(s) not mapped
Compressed class space mapped at: 0x0000000100000000-0x0000000140000000, reserved size: 1073741824
Narrow klass base: 0x0000000000000000, Narrow klass shift: 3, Narrow klass range: 0x140000000

GC Precious Log:
 CPUs: 8 total, 8 available
 Memory: 16151M
 Large Page Support: Disabled
 NUMA Support: Disabled
 Compressed Oops: Enabled (32-bit)
 Alignments: Space 512K, Generation 512K, Heap 2M
 Heap Min Capacity: 100M
 Heap Initial Capacity: 100M
 Heap Max Capacity: 1G
 Pre-touch: Disabled
 Parallel Workers: 8

Heap:
 PSYoungGen      total 29696K, used 512K [0x00000000eab00000, 0x00000000ecc00000, 0x0000000100000000)
  eden space 25600K, 2% used [0x00000000eab00000,0x00000000eab80070,0x00000000ec400000)
  from space 4096K, 0% used [0x00000000ec800000,0x00000000ec800000,0x00000000ecc00000)
  to   space 4096K, 0% used [0x00000000ec400000,0x00000000ec400000,0x00000000ec800000)
 ParOldGen       total 68608K, used 0K [0x00000000c0000000, 0x00000000c4300000, 0x00000000eab00000)
  object space 68608K, 0% used [0x00000000c0000000,0x00000000c0000000,0x00000000c4300000)
 Metaspace       used 1149K, committed 1216K, reserved 1114112K
  class space    used 101K, committed 128K, reserved 1048576K

Card table byte_map: [0x00000285b7a90000,0x00000285b7ca0000] _byte_map_base: 0x00000285b7490000

Marking Bits: (ParMarkBitMap*) 0x00007ffbd51458b0
 Begin Bits: [0x00000285c9d90000, 0x00000285cad90000)
 End Bits:   [0x00000285cad90000, 0x00000285cbd90000)

Polling page: 0x00000285b5f90000

Metaspace:

Usage:
  Non-class:      1.02 MB used.
      Class:    101.05 KB used.
       Both:      1.12 MB used.

Virtual space:
  Non-class space:       64.00 MB reserved,       1.06 MB (  2%) committed,  1 nodes.
      Class space:        1.00 GB reserved,     128.00 KB ( <1%) committed,  1 nodes.
             Both:        1.06 GB reserved,       1.19 MB ( <1%) committed. 

Chunk freelists:
   Non-Class:  12.00 MB
       Class:  15.75 MB
        Both:  27.75 MB

MaxMetaspaceSize: unlimited
CompressedClassSpaceSize: 1.00 GB
Initial GC threshold: 21.00 MB
Current GC threshold: 17179869184.00 GB
CDS: off
MetaspaceReclaimPolicy: balanced
 - commit_granule_bytes: 65536.
 - commit_granule_words: 8192.
 - virtual_space_node_default_size: 8388608.
 - enlarge_chunks_in_place: 1.
 - new_chunks_are_fully_committed: 0.
 - uncommit_free_chunks: 1.
 - use_allocation_guard: 0.
 - handle_deallocations: 1.


Internal statistics:

num_allocs_failed_limit: 0.
num_arena_births: 2.
num_arena_deaths: 0.
num_vsnodes_births: 2.
num_vsnodes_deaths: 0.
num_space_committed: 19.
num_space_uncommitted: 0.
num_chunks_returned_to_freelist: 0.
num_chunks_taken_from_freelist: 3.
num_chunk_merges: 0.
num_chunk_splits: 2.
num_chunks_enlarged: 0.
num_inconsistent_stats: 0.

CodeHeap 'non-profiled nmethods': size=120000Kb used=0Kb max_used=0Kb free=120000Kb
 bounds [0x00000285c2860000, 0x00000285c2ad0000, 0x00000285c9d90000]
CodeHeap 'profiled nmethods': size=120000Kb used=0Kb max_used=0Kb free=120000Kb
 bounds [0x00000285bad90000, 0x00000285bb000000, 0x00000285c22c0000]
CodeHeap 'non-nmethods': size=5760Kb used=209Kb max_used=360Kb free=5550Kb
 bounds [0x00000285c22c0000, 0x00000285c2530000, 0x00000285c2860000]
 total_blobs=66 nmethods=0 adapters=47
 compilation: enabled
              stopped_count=0, restarted_count=0
 full_count=0

Compilation events (0 events):
No events

GC Heap History (0 events):
No events

Dll operation events (1 events):
Event: 0.012 Loaded shared library c:\Users\Munir\.vscode\extensions\redhat.java-1.35.1-win32-x64\jre\17.0.12-win32-x86_64\bin\java.dll

Deoptimization events (0 events):
No events

Classes loaded (20 events):
Event: 0.038 Loading class java/lang/Long
Event: 0.039 Loading class java/lang/Long done
Event: 0.039 Loading class java/util/Iterator
Event: 0.039 Loading class java/util/Iterator done
Event: 0.039 Loading class java/lang/reflect/RecordComponent
Event: 0.040 Loading class java/lang/reflect/RecordComponent done
Event: 0.040 Loading class jdk/internal/vm/vector/VectorSupport
Event: 0.040 Loading class jdk/internal/vm/vector/VectorSupport done
Event: 0.040 Loading class jdk/internal/vm/vector/VectorSupport$VectorPayload
Event: 0.040 Loading class jdk/internal/vm/vector/VectorSupport$VectorPayload done
Event: 0.040 Loading class jdk/internal/vm/vector/VectorSupport$Vector
Event: 0.040 Loading class jdk/internal/vm/vector/VectorSupport$Vector done
Event: 0.040 Loading class jdk/internal/vm/vector/VectorSupport$VectorMask
Event: 0.040 Loading class jdk/internal/vm/vector/VectorSupport$VectorMask done
Event: 0.040 Loading class jdk/internal/vm/vector/VectorSupport$VectorShuffle
Event: 0.040 Loading class jdk/internal/vm/vector/VectorSupport$VectorShuffle done
Event: 0.043 Loading class java/lang/NullPointerException
Event: 0.043 Loading class java/lang/NullPointerException done
Event: 0.043 Loading class java/lang/ArithmeticException
Event: 0.043 Loading class java/lang/ArithmeticException done

Classes unloaded (0 events):
No events

Classes redefined (0 events):
No events

Internal exceptions (0 events):
No events

VM Operations (0 events):
No events

Events (0 events):
No events


Dynamic libraries:
0x00007ff645360000 - 0x00007ff64536e000 	c:\Users\Munir\.vscode\extensions\redhat.java-1.35.1-win32-x64\jre\17.0.12-win32-x86_64\bin\java.exe
0x00007ffc41c90000 - 0x00007ffc41e88000 	C:\Windows\SYSTEM32\ntdll.dll
0x00007ffc41560000 - 0x00007ffc41622000 	C:\Windows\System32\KERNEL32.DLL
0x00007ffc3f370000 - 0x00007ffc3f66e000 	C:\Windows\System32\KERNELBASE.dll
0x00007ffc3f8c0000 - 0x00007ffc3f9c0000 	C:\Windows\System32\ucrtbase.dll
0x00007ffc2ca90000 - 0x00007ffc2caab000 	c:\Users\Munir\.vscode\extensions\redhat.java-1.35.1-win32-x64\jre\17.0.12-win32-x86_64\bin\VCRUNTIME140.dll
0x00007ffc342a0000 - 0x00007ffc342b7000 	c:\Users\Munir\.vscode\extensions\redhat.java-1.35.1-win32-x64\jre\17.0.12-win32-x86_64\bin\jli.dll
0x00007ffc26da0000 - 0x00007ffc2703a000 	C:\Windows\WinSxS\amd64_microsoft.windows.common-controls_6595b64144ccf1df_6.0.19041.4355_none_60b8b9eb71f62e16\COMCTL32.dll
0x00007ffc419b0000 - 0x00007ffc41a4e000 	C:\Windows\System32\msvcrt.dll
0x00007ffc40090000 - 0x00007ffc4022d000 	C:\Windows\System32\USER32.dll
0x00007ffc41630000 - 0x00007ffc4165b000 	C:\Windows\System32\GDI32.dll
0x00007ffc3f800000 - 0x00007ffc3f822000 	C:\Windows\System32\win32u.dll
0x00007ffc3f670000 - 0x00007ffc3f787000 	C:\Windows\System32\gdi32full.dll
0x00007ffc3fa10000 - 0x00007ffc3faad000 	C:\Windows\System32\msvcp_win.dll
0x00007ffc40fe0000 - 0x00007ffc4100f000 	C:\Windows\System32\IMM32.DLL
0x00007ffc2c310000 - 0x00007ffc2c31c000 	c:\Users\Munir\.vscode\extensions\redhat.java-1.35.1-win32-x64\jre\17.0.12-win32-x86_64\bin\vcruntime140_1.dll
0x00007ffc242b0000 - 0x00007ffc2433d000 	c:\Users\Munir\.vscode\extensions\redhat.java-1.35.1-win32-x64\jre\17.0.12-win32-x86_64\bin\msvcp140.dll
0x00007ffbd45a0000 - 0x00007ffbd520a000 	c:\Users\Munir\.vscode\extensions\redhat.java-1.35.1-win32-x64\jre\17.0.12-win32-x86_64\bin\server\jvm.dll
0x00007ffc41a50000 - 0x00007ffc41b00000 	C:\Windows\System32\ADVAPI32.dll
0x00007ffc414c0000 - 0x00007ffc41560000 	C:\Windows\System32\sechost.dll
0x00007ffc41b00000 - 0x00007ffc41c23000 	C:\Windows\System32\RPCRT4.dll
0x00007ffc3f340000 - 0x00007ffc3f367000 	C:\Windows\System32\bcrypt.dll
0x00007ffc41940000 - 0x00007ffc419ab000 	C:\Windows\System32\WS2_32.dll
0x00007ffc3e840000 - 0x00007ffc3e88b000 	C:\Windows\SYSTEM32\POWRPROF.dll
0x00007ffc3cf20000 - 0x00007ffc3cf47000 	C:\Windows\SYSTEM32\WINMM.dll
0x00007ffc36dd0000 - 0x00007ffc36dda000 	C:\Windows\SYSTEM32\VERSION.dll
0x00007ffc3e700000 - 0x00007ffc3e712000 	C:\Windows\SYSTEM32\UMPDC.dll
0x00007ffc3d960000 - 0x00007ffc3d972000 	C:\Windows\SYSTEM32\kernel.appcore.dll
0x00007ffc29de0000 - 0x00007ffc29dea000 	c:\Users\Munir\.vscode\extensions\redhat.java-1.35.1-win32-x64\jre\17.0.12-win32-x86_64\bin\jimage.dll
0x00007ffc3cd30000 - 0x00007ffc3cf14000 	C:\Windows\SYSTEM32\DBGHELP.DLL
0x00007ffc3ccf0000 - 0x00007ffc3cd24000 	C:\Windows\SYSTEM32\dbgcore.DLL
0x00007ffc3f830000 - 0x00007ffc3f8b2000 	C:\Windows\System32\bcryptPrimitives.dll
0x00007ffc38960000 - 0x00007ffc3896e000 	c:\Users\Munir\.vscode\extensions\redhat.java-1.35.1-win32-x64\jre\17.0.12-win32-x86_64\bin\instrument.dll
0x00007ffc29db0000 - 0x00007ffc29dd5000 	c:\Users\Munir\.vscode\extensions\redhat.java-1.35.1-win32-x64\jre\17.0.12-win32-x86_64\bin\java.dll
0x00007ffc274a0000 - 0x00007ffc274b8000 	c:\Users\Munir\.vscode\extensions\redhat.java-1.35.1-win32-x64\jre\17.0.12-win32-x86_64\bin\zip.dll

dbghelp: loaded successfully - version: 4.0.5 - missing functions: none
symbol engine: initialized successfully - sym options: 0x614 - pdb path: .;c:\Users\Munir\.vscode\extensions\redhat.java-1.35.1-win32-x64\jre\17.0.12-win32-x86_64\bin;C:\Windows\SYSTEM32;C:\Windows\WinSxS\amd64_microsoft.windows.common-controls_6595b64144ccf1df_6.0.19041.4355_none_60b8b9eb71f62e16;c:\Users\Munir\.vscode\extensions\redhat.java-1.35.1-win32-x64\jre\17.0.12-win32-x86_64\bin\server

VM Arguments:
jvm_args: --add-modules=ALL-SYSTEM --add-opens=java.base/java.util=ALL-UNNAMED --add-opens=java.base/java.lang=ALL-UNNAMED --add-opens=java.base/sun.nio.fs=ALL-UNNAMED -Declipse.application=org.eclipse.jdt.ls.core.id1 -Dosgi.bundles.defaultStartLevel=4 -Declipse.product=org.eclipse.jdt.ls.core.product -Djava.import.generatesMetadataFilesAtProjectRoot=false -DDetectVMInstallationsJob.disabled=true -Dfile.encoding=utf8 -XX:+UseParallelGC -XX:GCTimeRatio=4 -XX:AdaptiveSizePolicyWeight=90 -Dsun.zip.disableMemoryMapping=true -Xmx1G -Xms100m -Xlog:disable -javaagent:c:\Users\Munir\.vscode\extensions\redhat.java-1.35.1-win32-x64\lombok\lombok-1.18.33.jar 
java_command: c:\Users\Munir\.vscode\extensions\redhat.java-1.35.1-win32-x64\server\plugins\org.eclipse.equinox.launcher_1.6.900.v20240613-2009.jar -configuration c:\Users\Munir\AppData\Roaming\Code\User\globalStorage\redhat.java\1.35.1\config_ss_win -data c:\Users\Munir\AppData\Roaming\Code\User\workspaceStorage\9a803de960df77599b8e18b4c998566a\redhat.java\ss_ws --pipe=\\.\pipe\lsp-ddfdde3a5ee2b76c7228650e07291f8f-sock
java_class_path (initial): c:\Users\Munir\.vscode\extensions\redhat.java-1.35.1-win32-x64\server\plugins\org.eclipse.equinox.launcher_1.6.900.v20240613-2009.jar
Launcher Type: SUN_STANDARD

[Global flags]
    uintx AdaptiveSizePolicyWeight                 = 90                                        {product} {command line}
     intx CICompilerCount                          = 4                                         {product} {ergonomic}
    uintx GCTimeRatio                              = 4                                         {product} {command line}
   size_t InitialHeapSize                          = 104857600                                 {product} {command line}
   size_t MaxHeapSize                              = 1073741824                                {product} {command line}
   size_t MaxNewSize                               = 357564416                                 {product} {ergonomic}
   size_t MinHeapDeltaBytes                        = 524288                                    {product} {ergonomic}
   size_t MinHeapSize                              = 104857600                                 {product} {command line}
   size_t NewSize                                  = 34603008                                  {product} {ergonomic}
    uintx NonNMethodCodeHeapSize                   = 5839372                                {pd product} {ergonomic}
    uintx NonProfiledCodeHeapSize                  = 122909434                              {pd product} {ergonomic}
   size_t OldSize                                  = 70254592                                  {product} {ergonomic}
    uintx ProfiledCodeHeapSize                     = 122909434                              {pd product} {ergonomic}
    uintx ReservedCodeCacheSize                    = 251658240                              {pd product} {ergonomic}
     bool SegmentedCodeCache                       = true                                      {product} {ergonomic}
   size_t SoftMaxHeapSize                          = 1073741824                             {manageable} {ergonomic}
     bool UseCompressedClassPointers               = true                           {product lp64_product} {ergonomic}
     bool UseCompressedOops                        = true                           {product lp64_product} {ergonomic}
     bool UseLargePagesIndividualAllocation        = false                                  {pd product} {ergonomic}
     bool UseParallelGC                            = true                                      {product} {command line}

Logging:
Log output configuration:
 #0: stdout all=off uptime,level,tags
 #1: stderr all=off uptime,level,tags

Environment Variables:
JAVA_HOME=C:\Program Files\Java\jdk-11.0.14
PATH=C:\Program Files\Common Files\Oracle\Java\javapath;C:\Program Files\Microsoft\jdk-11.0.16.101-hotspot\bin;C:\Windows\system32;C:\Windows;C:\Windows\System32\Wbem;C:\Windows\System32\WindowsPowerShell\v1.0\;C:\Windows\System32\OpenSSH\;C:\Program Files\dotnet\;C:\Program Files\Microsoft SQL Server\Client SDK\ODBC\170\Tools\Binn\;C:\Program Files\Microsoft SQL Server\150\Tools\Binn\;C:\Program Files (x86)\Microsoft SQL Server\160\DTS\Binn\;C:\Program Files\Azure Data Studio\bin;C:\Program Files\Git\cmd;C:\Program Files\nodejs\;C:\Users\Munir\AppData\Local\Microsoft\WindowsApps;C:\Users\Munir\.dotnet\tools;C:\Program Files\Azure Data Studio\bin;C:\Users\Munir\AppData\Local\Android\Sdk\platform-tools;C:\Program Files\Git\bin;C:\Users\Munir\AppData\Local\GitHubDesktop\bin;C:\Users\Munir\AppData\Roaming\npm;C:\Users\Munir\AppData\Local\Programs\Microsoft VS Code\bin
USERNAME=Munir
OS=Windows_NT
PROCESSOR_IDENTIFIER=Intel64 Family 6 Model 126 Stepping 5, GenuineIntel
TMP=C:\Users\Munir\AppData\Local\Temp
TEMP=C:\Users\Munir\AppData\Local\Temp



Periodic native trim disabled


---------------  S Y S T E M  ---------------

OS:
 Windows 10 , 64 bit Build 19041 (10.0.19041.4957)
OS uptime: 0 days 19:46 hours
Hyper-V role detected

CPU: total 8 (initial active 8) (4 cores per cpu, 2 threads per core) family 6 model 126 stepping 5 microcode 0xc2, cx8, cmov, fxsr, ht, mmx, 3dnowpref, sse, sse2, sse3, ssse3, sse4.1, sse4.2, popcnt, lzcnt, tsc, tscinvbit, avx, avx2, aes, erms, clmul, bmi1, bmi2, adx, avx512f, avx512dq, avx512cd, avx512bw, avx512vl, sha, fma, vzeroupper, avx512_vpopcntdq, avx512_vpclmulqdq, avx512_vaes, avx512_vnni, clflush, clflushopt, avx512_vbmi2, avx512_vbmi, hv
Processor Information for all 8 processors :
  Max Mhz: 1498, Current Mhz: 1298, Mhz Limit: 1288

Memory: 4k page, system-wide physical 16151M (1394M free)
TotalPageFile size 18199M (AvailPageFile size 5M)
current process WorkingSet (physical memory assigned to process): 16M, peak: 16M
current process commit charge ("private bytes"): 158M, peak: 159M

vm_info: OpenJDK 64-Bit Server VM (17.0.12+7) for windows-amd64 JRE (17.0.12+7), built on Jul 16 2024 22:08:24 by "admin" with MS VC++ 16.10 / 16.11 (VS2019)

END.
