#
# There is insufficient memory for the Java Runtime Environment to continue.
# Native memory allocation (malloc) failed to allocate 1693488 bytes. Error detail: Chunk::new
# Possible reasons:
#   The system is out of physical RAM or swap space
#   This process is running with CompressedOops enabled, and the Java Heap may be blocking the growth of the native heap
# Possible solutions:
#   Reduce memory load on the system
#   Increase physical memory or swap space
#   Check if swap backing store is full
#   Decrease Java heap size (-Xmx/-Xms)
#   Decrease number of Java threads
#   Decrease Java thread stack sizes (-Xss)
#   Set larger code cache with -XX:ReservedCodeCacheSize=
#   JVM is running with Unscaled Compressed Oops mode in which the Java heap is
#     placed in the first 4GB address space. The Java Heap base address is the
#     maximum limit for the native heap growth. Please use -XX:HeapBaseMinAddress
#     to set the Java Heap base and to place the Java Heap above 4GB virtual address.
# This output file may be truncated or incomplete.
#
#  Out of Memory Error (arena.cpp:191), pid=11580, tid=12956
#
# JRE version: OpenJDK Runtime Environment Temurin-17.0.12+7 (17.0.12+7) (build 17.0.12+7)
# Java VM: OpenJDK 64-Bit Server VM Temurin-17.0.12+7 (17.0.12+7, mixed mode, tiered, compressed oops, compressed class ptrs, parallel gc, windows-amd64)
# No core dump will be written. Minidumps are not enabled by default on client versions of Windows
#

---------------  S U M M A R Y ------------

Command Line: --add-modules=ALL-SYSTEM --add-opens=java.base/java.util=ALL-UNNAMED --add-opens=java.base/java.lang=ALL-UNNAMED --add-opens=java.base/sun.nio.fs=ALL-UNNAMED -Declipse.application=org.eclipse.jdt.ls.core.id1 -Dosgi.bundles.defaultStartLevel=4 -Declipse.product=org.eclipse.jdt.ls.core.product -Djava.import.generatesMetadataFilesAtProjectRoot=false -DDetectVMInstallationsJob.disabled=true -Dfile.encoding=utf8 -XX:+UseParallelGC -XX:GCTimeRatio=4 -XX:AdaptiveSizePolicyWeight=90 -Dsun.zip.disableMemoryMapping=true -Xmx1G -Xms100m -Xlog:disable -javaagent:c:\Users\Munir\.vscode\extensions\redhat.java-1.35.1-win32-x64\lombok\lombok-1.18.33.jar -XX:+HeapDumpOnOutOfMemoryError -XX:HeapDumpPath=c:\Users\Munir\AppData\Roaming\Code\User\workspaceStorage\9a803de960df77599b8e18b4c998566a\redhat.java -Daether.dependencyCollector.impl=bf c:\Users\Munir\.vscode\extensions\redhat.java-1.35.1-win32-x64\server\plugins\org.eclipse.equinox.launcher_1.6.900.v20240613-2009.jar -configuration c:\Users\Munir\AppData\Roaming\Code\User\globalStorage\redhat.java\1.35.1\config_win -data c:\Users\Munir\AppData\Roaming\Code\User\workspaceStorage\9a803de960df77599b8e18b4c998566a\redhat.java\jdt_ws --pipe=\\.\pipe\lsp-d1efa2a14debc521bd58668f5331724b-sock

Host: Intel(R) Core(TM) i7-1065G7 CPU @ 1.30GHz, 8 cores, 15G,  Windows 10 , 64 bit Build 19041 (10.0.19041.4957)
Time: Wed Oct  9 11:45:17 2024 Pakistan Standard Time elapsed time: 16.242004 seconds (0d 0h 0m 16s)

---------------  T H R E A D  ---------------

Current thread (0x00000242ee80b1f0):  JavaThread "C2 CompilerThread1" daemon [_thread_in_native, id=12956, stack(0x000000cb74500000,0x000000cb74600000)]


Current CompileTask:
C2:  16242 6881       4       jdk.internal.loader.BuiltinClassLoader::loadClass (22 bytes)

Stack: [0x000000cb74500000,0x000000cb74600000]
Native frames: (J=compiled Java code, j=interpreted, Vv=VM code, C=native code)
V  [jvm.dll+0x67f929]
V  [jvm.dll+0x8371ba]
V  [jvm.dll+0x838c7e]
V  [jvm.dll+0x8392e3]
V  [jvm.dll+0x24834f]
V  [jvm.dll+0xac9d4]
V  [jvm.dll+0xad01c]
V  [jvm.dll+0x3674a7]
V  [jvm.dll+0x33197a]
V  [jvm.dll+0x330e1a]
V  [jvm.dll+0x21a8b1]
V  [jvm.dll+0x219cf1]
V  [jvm.dll+0x1a58bd]
V  [jvm.dll+0x229a2d]
V  [jvm.dll+0x227bdc]
V  [jvm.dll+0x7ec1f7]
V  [jvm.dll+0x7e65dc]
V  [jvm.dll+0x67e7f7]
C  [ucrtbase.dll+0x21bb2]
C  [KERNEL32.DLL+0x17374]
C  [ntdll.dll+0x4cc91]


---------------  P R O C E S S  ---------------

Threads class SMR info:
_java_thread_list=0x00000242f0048b00, length=43, elements={
0x00000242cfaea9a0, 0x00000242cfbad490, 0x00000242cfbaea70, 0x00000242e58f9010,
0x00000242e58f9bd0, 0x00000242e58fa790, 0x00000242e58fb350, 0x00000242e58fe450,
0x00000242eac63b80, 0x00000242eac678a0, 0x00000242ead42f60, 0x00000242eafae970,
0x00000242ec425230, 0x00000242ec75a230, 0x00000242ec73a0d0, 0x00000242ecd50f40,
0x00000242ecd96b50, 0x00000242ebd99a60, 0x00000242ebd99f70, 0x00000242ebd9a480,
0x00000242ebd96cd0, 0x00000242ebd98110, 0x00000242ebd98620, 0x00000242ebd98b30,
0x00000242ebd99040, 0x00000242ebd99550, 0x00000242ed3253c0, 0x00000242ed323050,
0x00000242ed326800, 0x00000242ed328660, 0x00000242ed329aa0, 0x00000242ed326d10,
0x00000242ed3262f0, 0x00000242ed328150, 0x00000242ed329080, 0x00000242ed32a4c0,
0x00000242ed327220, 0x00000242ed327c40, 0x00000242ed325de0, 0x00000242ed324490,
0x00000242ed327730, 0x00000242ee80b1f0, 0x00000242ee809760
}

Java Threads: ( => current thread )
  0x00000242cfaea9a0 JavaThread "main" [_thread_blocked, id=20644, stack(0x000000cb70d00000,0x000000cb70e00000)]
  0x00000242cfbad490 JavaThread "Reference Handler" daemon [_thread_blocked, id=5176, stack(0x000000cb71000000,0x000000cb71100000)]
  0x00000242cfbaea70 JavaThread "Finalizer" daemon [_thread_blocked, id=18412, stack(0x000000cb71100000,0x000000cb71200000)]
  0x00000242e58f9010 JavaThread "Signal Dispatcher" daemon [_thread_blocked, id=18308, stack(0x000000cb71200000,0x000000cb71300000)]
  0x00000242e58f9bd0 JavaThread "Attach Listener" daemon [_thread_blocked, id=20920, stack(0x000000cb71300000,0x000000cb71400000)]
  0x00000242e58fa790 JavaThread "Service Thread" daemon [_thread_blocked, id=10964, stack(0x000000cb71400000,0x000000cb71500000)]
  0x00000242e58fb350 JavaThread "Monitor Deflation Thread" daemon [_thread_blocked, id=2120, stack(0x000000cb71500000,0x000000cb71600000)]
  0x00000242e58fe450 JavaThread "C2 CompilerThread0" daemon [_thread_in_native, id=18568, stack(0x000000cb71600000,0x000000cb71700000)]
  0x00000242eac63b80 JavaThread "C1 CompilerThread0" daemon [_thread_blocked, id=15832, stack(0x000000cb71700000,0x000000cb71800000)]
  0x00000242eac678a0 JavaThread "Sweeper thread" daemon [_thread_blocked, id=12824, stack(0x000000cb71800000,0x000000cb71900000)]
  0x00000242ead42f60 JavaThread "Common-Cleaner" daemon [_thread_blocked, id=7600, stack(0x000000cb71900000,0x000000cb71a00000)]
  0x00000242eafae970 JavaThread "Notification Thread" daemon [_thread_blocked, id=21296, stack(0x000000cb71a00000,0x000000cb71b00000)]
  0x00000242ec425230 JavaThread "Active Thread: Equinox Container: 3e344e91-03d8-4840-8ca0-0672409258af" [_thread_blocked, id=4080, stack(0x000000cb71d00000,0x000000cb71e00000)]
  0x00000242ec75a230 JavaThread "Framework Event Dispatcher: Equinox Container: 3e344e91-03d8-4840-8ca0-0672409258af" daemon [_thread_blocked, id=14624, stack(0x000000cb72400000,0x000000cb72500000)]
  0x00000242ec73a0d0 JavaThread "Start Level: Equinox Container: 3e344e91-03d8-4840-8ca0-0672409258af" daemon [_thread_blocked, id=2560, stack(0x000000cb72500000,0x000000cb72600000)]
  0x00000242ecd50f40 JavaThread "Bundle File Closer" daemon [_thread_blocked, id=2896, stack(0x000000cb72700000,0x000000cb72800000)]
  0x00000242ecd96b50 JavaThread "SCR Component Actor" daemon [_thread_blocked, id=17676, stack(0x000000cb72800000,0x000000cb72900000)]
  0x00000242ebd99a60 JavaThread "Worker-JM" [_thread_blocked, id=12964, stack(0x000000cb71c00000,0x000000cb71d00000)]
  0x00000242ebd99f70 JavaThread "JNA Cleaner" daemon [_thread_blocked, id=14224, stack(0x000000cb72a00000,0x000000cb72b00000)]
  0x00000242ebd9a480 JavaThread "Worker-0: Refreshing workspace" [_thread_blocked, id=20828, stack(0x000000cb72b00000,0x000000cb72c00000)]
  0x00000242ebd96cd0 JavaThread "Worker-1" [_thread_blocked, id=5252, stack(0x000000cb72c00000,0x000000cb72d00000)]
  0x00000242ebd98110 JavaThread "Java indexing" daemon [_thread_blocked, id=6944, stack(0x000000cb72f00000,0x000000cb73000000)]
  0x00000242ebd98620 JavaThread "Thread-2" daemon [_thread_in_native, id=3300, stack(0x000000cb73200000,0x000000cb73300000)]
  0x00000242ebd98b30 JavaThread "Thread-3" daemon [_thread_in_native, id=2096, stack(0x000000cb73300000,0x000000cb73400000)]
  0x00000242ebd99040 JavaThread "Thread-4" daemon [_thread_in_native, id=13844, stack(0x000000cb73400000,0x000000cb73500000)]
  0x00000242ebd99550 JavaThread "Thread-5" daemon [_thread_in_native, id=21484, stack(0x000000cb73500000,0x000000cb73600000)]
  0x00000242ed3253c0 JavaThread "Thread-6" daemon [_thread_in_native, id=19536, stack(0x000000cb73600000,0x000000cb73700000)]
  0x00000242ed323050 JavaThread "Thread-7" daemon [_thread_in_native, id=12604, stack(0x000000cb73700000,0x000000cb73800000)]
  0x00000242ed326800 JavaThread "Thread-8" daemon [_thread_in_native, id=20000, stack(0x000000cb73800000,0x000000cb73900000)]
  0x00000242ed328660 JavaThread "Thread-9" daemon [_thread_in_native, id=21248, stack(0x000000cb73900000,0x000000cb73a00000)]
  0x00000242ed329aa0 JavaThread "Thread-10" daemon [_thread_in_native, id=948, stack(0x000000cb73a00000,0x000000cb73b00000)]
  0x00000242ed326d10 JavaThread "pool-2-thread-1" [_thread_blocked, id=13396, stack(0x000000cb73b00000,0x000000cb73c00000)]
  0x00000242ed3262f0 JavaThread "WorkspaceEventsHandler" [_thread_blocked, id=13336, stack(0x000000cb73c00000,0x000000cb73d00000)]
  0x00000242ed328150 JavaThread "pool-1-thread-1" [_thread_blocked, id=3396, stack(0x000000cb73d00000,0x000000cb73e00000)]
  0x00000242ed329080 JavaThread "Worker-2: Initialize Workspace" [_thread_in_Java, id=17508, stack(0x000000cb73e00000,0x000000cb73f00000)]
  0x00000242ed32a4c0 JavaThread "Worker-3" [_thread_blocked, id=14068, stack(0x000000cb73f00000,0x000000cb74000000)]
  0x00000242ed327220 JavaThread "Timer-0" [_thread_blocked, id=20556, stack(0x000000cb74000000,0x000000cb74100000)]
  0x00000242ed327c40 JavaThread "Exec process" [_thread_blocked, id=1112, stack(0x000000cb74200000,0x000000cb74300000)]
  0x00000242ed325de0 JavaThread "Exec process Thread 2" [_thread_blocked, id=4276, stack(0x000000cb74300000,0x000000cb74400000)]
  0x00000242ed324490 JavaThread "Exec process Thread 3" [_thread_blocked, id=20748, stack(0x000000cb74400000,0x000000cb74500000)]
  0x00000242ed327730 JavaThread "Timer-1" [_thread_blocked, id=21440, stack(0x000000cb72e00000,0x000000cb72f00000)]
=>0x00000242ee80b1f0 JavaThread "C2 CompilerThread1" daemon [_thread_in_native, id=12956, stack(0x000000cb74500000,0x000000cb74600000)]
  0x00000242ee809760 JavaThread "C2 CompilerThread2" daemon [_thread_in_native, id=3544, stack(0x000000cb74100000,0x000000cb74200000)]

Other Threads:
  0x00000242eabd0c20 VMThread "VM Thread" [stack: 0x000000cb70f00000,0x000000cb71000000] [id=19012]
  0x00000242eaf33980 WatcherThread [stack: 0x000000cb71b00000,0x000000cb71c00000] [id=8284]
  0x00000242cfb022d0 GCTaskThread "GC Thread#0" [stack: 0x000000cb70e00000,0x000000cb70f00000] [id=11508]
  0x00000242ebe94bc0 GCTaskThread "GC Thread#1" [stack: 0x000000cb71e00000,0x000000cb71f00000] [id=12332]
  0x00000242ebe93dc0 GCTaskThread "GC Thread#2" [stack: 0x000000cb71f00000,0x000000cb72000000] [id=17468]
  0x00000242ebe94080 GCTaskThread "GC Thread#3" [stack: 0x000000cb72000000,0x000000cb72100000] [id=13496]
  0x00000242ebdc9f20 GCTaskThread "GC Thread#4" [stack: 0x000000cb72100000,0x000000cb72200000] [id=1168]
  0x00000242ebdcae00 GCTaskThread "GC Thread#5" [stack: 0x000000cb72200000,0x000000cb72300000] [id=16636]
  0x00000242ebdcb0c0 GCTaskThread "GC Thread#6" [stack: 0x000000cb72300000,0x000000cb72400000] [id=3476]
  0x00000242ec317410 GCTaskThread "GC Thread#7" [stack: 0x000000cb72600000,0x000000cb72700000] [id=20588]

Threads with active compile tasks:
C2 CompilerThread0    16277 7123       4       jdk.internal.jrtfs.JrtPath::normalize (97 bytes)
C1 CompilerThread0    16277 7144   !   3       org.eclipse.jdt.internal.compiler.impl.CompilerOptions::versionToJdkLevel (236 bytes)
C2 CompilerThread1    16278 6881       4       jdk.internal.loader.BuiltinClassLoader::loadClass (22 bytes)
C2 CompilerThread2    16278 7087   !   4       java.nio.file.FileTreeWalker::next (144 bytes)

VM state: not at safepoint (normal execution)

VM Mutex/Monitor currently owned by a thread: None

Heap address: 0x00000000c0000000, size: 1024 MB, Compressed Oops mode: 32-bit

CDS archive(s) not mapped
Compressed class space mapped at: 0x0000000100000000-0x0000000140000000, reserved size: 1073741824
Narrow klass base: 0x0000000000000000, Narrow klass shift: 3, Narrow klass range: 0x140000000

GC Precious Log:
 CPUs: 8 total, 8 available
 Memory: 16151M
 Large Page Support: Disabled
 NUMA Support: Disabled
 Compressed Oops: Enabled (32-bit)
 Alignments: Space 512K, Generation 512K, Heap 2M
 Heap Min Capacity: 100M
 Heap Initial Capacity: 100M
 Heap Max Capacity: 1G
 Pre-touch: Disabled
 Parallel Workers: 8

Heap:
 PSYoungGen      total 20480K, used 19858K [0x00000000eab00000, 0x00000000ec400000, 0x0000000100000000)
  eden space 19968K, 97% used [0x00000000eab00000,0x00000000ebdf4918,0x00000000ebe80000)
  from space 512K, 87% used [0x00000000ec300000,0x00000000ec370000,0x00000000ec380000)
  to   space 512K, 0% used [0x00000000ec380000,0x00000000ec380000,0x00000000ec400000)
 ParOldGen       total 68608K, used 37056K [0x00000000c0000000, 0x00000000c4300000, 0x00000000eab00000)
  object space 68608K, 54% used [0x00000000c0000000,0x00000000c24301c8,0x00000000c4300000)
 Metaspace       used 63875K, committed 64960K, reserved 1114112K
  class space    used 7419K, committed 7872K, reserved 1048576K

Card table byte_map: [0x00000242e3190000,0x00000242e33a0000] _byte_map_base: 0x00000242e2b90000

Marking Bits: (ParMarkBitMap*) 0x00007ffbd51458b0
 Begin Bits: [0x00000242e3500000, 0x00000242e4500000)
 End Bits:   [0x00000242e4500000, 0x00000242e5500000)

Polling page: 0x00000242cfbb0000

Metaspace:

Usage:
  Non-class:     55.13 MB used.
      Class:      7.25 MB used.
       Both:     62.38 MB used.

Virtual space:
  Non-class space:       64.00 MB reserved,      55.75 MB ( 87%) committed,  1 nodes.
      Class space:        1.00 GB reserved,       7.69 MB ( <1%) committed,  1 nodes.
             Both:        1.06 GB reserved,      63.44 MB (  6%) committed. 

Chunk freelists:
   Non-Class:  7.01 MB
       Class:  8.20 MB
        Both:  15.21 MB

MaxMetaspaceSize: unlimited
CompressedClassSpaceSize: 1.00 GB
Initial GC threshold: 21.00 MB
Current GC threshold: 97.31 MB
CDS: off
MetaspaceReclaimPolicy: balanced
 - commit_granule_bytes: 65536.
 - commit_granule_words: 8192.
 - virtual_space_node_default_size: 8388608.
 - enlarge_chunks_in_place: 1.
 - new_chunks_are_fully_committed: 0.
 - uncommit_free_chunks: 1.
 - use_allocation_guard: 0.
 - handle_deallocations: 1.


Internal statistics:

num_allocs_failed_limit: 9.
num_arena_births: 694.
num_arena_deaths: 14.
num_vsnodes_births: 2.
num_vsnodes_deaths: 0.
num_space_committed: 1015.
num_space_uncommitted: 0.
num_chunks_returned_to_freelist: 23.
num_chunks_taken_from_freelist: 3023.
num_chunk_merges: 14.
num_chunk_splits: 2018.
num_chunks_enlarged: 1356.
num_inconsistent_stats: 0.

CodeHeap 'non-profiled nmethods': size=120000Kb used=4101Kb max_used=4101Kb free=115898Kb
 bounds [0x00000242dba80000, 0x00000242dbe90000, 0x00000242e2fb0000]
CodeHeap 'profiled nmethods': size=120000Kb used=12616Kb max_used=12616Kb free=107383Kb
 bounds [0x00000242d3fb0000, 0x00000242d4c10000, 0x00000242db4e0000]
CodeHeap 'non-nmethods': size=5760Kb used=1329Kb max_used=1379Kb free=4430Kb
 bounds [0x00000242db4e0000, 0x00000242db750000, 0x00000242dba80000]
 total_blobs=7008 nmethods=6348 adapters=573
 compilation: enabled
              stopped_count=0, restarted_count=0
 full_count=0

Compilation events (20 events):
Event: 16.204 Thread 0x00000242eac63b80 7108       1       org.eclipse.jdt.internal.core.JarPackageFragmentRootInfo$PackageContent::javaClasses (5 bytes)
Event: 16.204 Thread 0x00000242eac63b80 nmethod 7108 0x00000242dbe75b90 code [0x00000242dbe75d20, 0x00000242dbe75df8]
Event: 16.208 Thread 0x00000242eac63b80 7110       3       org.eclipse.jdt.internal.core.util.WeakHashSet::addValue (99 bytes)
Event: 16.209 Thread 0x00000242eac63b80 nmethod 7110 0x00000242d4be8f90 code [0x00000242d4be9180, 0x00000242d4be9898]
Event: 16.209 Thread 0x00000242eac63b80 7112       3       org.eclipse.jdt.internal.core.util.WeakHashSet::add (105 bytes)
Event: 16.210 Thread 0x00000242eac63b80 nmethod 7112 0x00000242d4be9b10 code [0x00000242d4be9d40, 0x00000242d4bea7e8]
Event: 16.210 Thread 0x00000242eac63b80 7111       3       org.eclipse.jdt.internal.core.util.WeakHashSet::cleanupGarbageCollectedValues (144 bytes)
Event: 16.211 Thread 0x00000242eac63b80 nmethod 7111 0x00000242d4beab90 code [0x00000242d4beada0, 0x00000242d4beb838]
Event: 16.211 Thread 0x00000242eac63b80 7113       3       java.lang.invoke.SimpleMethodHandle::speciesData (4 bytes)
Event: 16.211 Thread 0x00000242eac63b80 nmethod 7113 0x00000242d4bebc10 code [0x00000242d4bebda0, 0x00000242d4bebeb8]
Event: 16.212 Thread 0x00000242eac63b80 7114       2       java.lang.ClassLoader::getPackage (36 bytes)
Event: 16.212 Thread 0x00000242eac63b80 nmethod 7114 0x00000242d4bebf90 code [0x00000242d4bec140, 0x00000242d4bec308]
Event: 16.233 Thread 0x00000242eac63b80 7115       3       java.lang.invoke.MethodHandles::makeIdentity (23 bytes)
Event: 16.234 Thread 0x00000242e58fe450 nmethod 6877 0x00000242dbe75e90 code [0x00000242dbe763a0, 0x00000242dbe7b2f0]
Event: 16.235 Thread 0x00000242eac63b80 nmethod 7115 0x00000242d4bec410 code [0x00000242d4bec660, 0x00000242d4becf48]
Event: 16.235 Thread 0x00000242eac63b80 7116       3       java.lang.invoke.LambdaForm::identityForm (27 bytes)
Event: 16.235 Thread 0x00000242eac63b80 nmethod 7116 0x00000242d4bed390 code [0x00000242d4bed540, 0x00000242d4bed728]
Event: 16.235 Thread 0x00000242e58fe450 7099       4       jdk.internal.jimage.ImageLocation::decompress (153 bytes)
Event: 16.235 Thread 0x00000242eac63b80 7117       3       java.lang.invoke.BoundMethodHandle::bindSingle (7 bytes)
Event: 16.235 Thread 0x00000242eac63b80 nmethod 7117 0x00000242d4bed810 code [0x00000242d4bed9a0, 0x00000242d4bedaa8]

GC Heap History (20 events):
Event: 6.938 GC heap before
{Heap before GC invocations=23 (full 2):
 PSYoungGen      total 22016K, used 21987K [0x00000000eab00000, 0x00000000ec500000, 0x0000000100000000)
  eden space 19968K, 100% used [0x00000000eab00000,0x00000000ebe80000,0x00000000ebe80000)
  from space 2048K, 98% used [0x00000000ec180000,0x00000000ec378f98,0x00000000ec380000)
  to   space 3072K, 0% used [0x00000000ebe80000,0x00000000ebe80000,0x00000000ec180000)
 ParOldGen       total 68608K, used 23997K [0x00000000c0000000, 0x00000000c4300000, 0x00000000eab00000)
  object space 68608K, 34% used [0x00000000c0000000,0x00000000c176f500,0x00000000c4300000)
 Metaspace       used 54952K, committed 56000K, reserved 1114112K
  class space    used 6145K, committed 6592K, reserved 1048576K
}
Event: 6.941 GC heap after
{Heap after GC invocations=23 (full 2):
 PSYoungGen      total 23040K, used 3039K [0x00000000eab00000, 0x00000000ec580000, 0x0000000100000000)
  eden space 19968K, 0% used [0x00000000eab00000,0x00000000eab00000,0x00000000ebe80000)
  from space 3072K, 98% used [0x00000000ebe80000,0x00000000ec177d08,0x00000000ec180000)
  to   space 3584K, 0% used [0x00000000ec200000,0x00000000ec200000,0x00000000ec580000)
 ParOldGen       total 68608K, used 29064K [0x00000000c0000000, 0x00000000c4300000, 0x00000000eab00000)
  object space 68608K, 42% used [0x00000000c0000000,0x00000000c1c62068,0x00000000c4300000)
 Metaspace       used 54952K, committed 56000K, reserved 1114112K
  class space    used 6145K, committed 6592K, reserved 1048576K
}
Event: 7.162 GC heap before
{Heap before GC invocations=24 (full 2):
 PSYoungGen      total 23040K, used 23007K [0x00000000eab00000, 0x00000000ec580000, 0x0000000100000000)
  eden space 19968K, 100% used [0x00000000eab00000,0x00000000ebe80000,0x00000000ebe80000)
  from space 3072K, 98% used [0x00000000ebe80000,0x00000000ec177d08,0x00000000ec180000)
  to   space 3584K, 0% used [0x00000000ec200000,0x00000000ec200000,0x00000000ec580000)
 ParOldGen       total 68608K, used 29064K [0x00000000c0000000, 0x00000000c4300000, 0x00000000eab00000)
  object space 68608K, 42% used [0x00000000c0000000,0x00000000c1c62068,0x00000000c4300000)
 Metaspace       used 55654K, committed 56640K, reserved 1114112K
  class space    used 6238K, committed 6656K, reserved 1048576K
}
Event: 7.163 GC heap after
{Heap after GC invocations=24 (full 2):
 PSYoungGen      total 20992K, used 672K [0x00000000eab00000, 0x00000000ec300000, 0x0000000100000000)
  eden space 19968K, 0% used [0x00000000eab00000,0x00000000eab00000,0x00000000ebe80000)
  from space 1024K, 65% used [0x00000000ec200000,0x00000000ec2a8000,0x00000000ec300000)
  to   space 2048K, 0% used [0x00000000ebf00000,0x00000000ebf00000,0x00000000ec100000)
 ParOldGen       total 68608K, used 31911K [0x00000000c0000000, 0x00000000c4300000, 0x00000000eab00000)
  object space 68608K, 46% used [0x00000000c0000000,0x00000000c1f29c78,0x00000000c4300000)
 Metaspace       used 55654K, committed 56640K, reserved 1114112K
  class space    used 6238K, committed 6656K, reserved 1048576K
}
Event: 7.291 GC heap before
{Heap before GC invocations=25 (full 2):
 PSYoungGen      total 20992K, used 20640K [0x00000000eab00000, 0x00000000ec300000, 0x0000000100000000)
  eden space 19968K, 100% used [0x00000000eab00000,0x00000000ebe80000,0x00000000ebe80000)
  from space 1024K, 65% used [0x00000000ec200000,0x00000000ec2a8000,0x00000000ec300000)
  to   space 2048K, 0% used [0x00000000ebf00000,0x00000000ebf00000,0x00000000ec100000)
 ParOldGen       total 68608K, used 31911K [0x00000000c0000000, 0x00000000c4300000, 0x00000000eab00000)
  object space 68608K, 46% used [0x00000000c0000000,0x00000000c1f29c78,0x00000000c4300000)
 Metaspace       used 55710K, committed 56832K, reserved 1114112K
  class space    used 6244K, committed 6720K, reserved 1048576K
}
Event: 7.292 GC heap after
{Heap after GC invocations=25 (full 2):
 PSYoungGen      total 22016K, used 2045K [0x00000000eab00000, 0x00000000ec980000, 0x0000000100000000)
  eden space 19968K, 0% used [0x00000000eab00000,0x00000000eab00000,0x00000000ebe80000)
  from space 2048K, 99% used [0x00000000ebf00000,0x00000000ec0ff690,0x00000000ec100000)
  to   space 5632K, 0% used [0x00000000ec400000,0x00000000ec400000,0x00000000ec980000)
 ParOldGen       total 68608K, used 34360K [0x00000000c0000000, 0x00000000c4300000, 0x00000000eab00000)
  object space 68608K, 50% used [0x00000000c0000000,0x00000000c218e070,0x00000000c4300000)
 Metaspace       used 55710K, committed 56832K, reserved 1114112K
  class space    used 6244K, committed 6720K, reserved 1048576K
}
Event: 7.458 GC heap before
{Heap before GC invocations=26 (full 2):
 PSYoungGen      total 22016K, used 22013K [0x00000000eab00000, 0x00000000ec980000, 0x0000000100000000)
  eden space 19968K, 100% used [0x00000000eab00000,0x00000000ebe80000,0x00000000ebe80000)
  from space 2048K, 99% used [0x00000000ebf00000,0x00000000ec0ff690,0x00000000ec100000)
  to   space 5632K, 0% used [0x00000000ec400000,0x00000000ec400000,0x00000000ec980000)
 ParOldGen       total 68608K, used 34360K [0x00000000c0000000, 0x00000000c4300000, 0x00000000eab00000)
  object space 68608K, 50% used [0x00000000c0000000,0x00000000c218e070,0x00000000c4300000)
 Metaspace       used 57367K, committed 58368K, reserved 1114112K
  class space    used 6556K, committed 6976K, reserved 1048576K
}
Event: 7.460 GC heap after
{Heap after GC invocations=26 (full 2):
 PSYoungGen      total 20992K, used 784K [0x00000000eab00000, 0x00000000ec500000, 0x0000000100000000)
  eden space 19968K, 0% used [0x00000000eab00000,0x00000000eab00000,0x00000000ebe80000)
  from space 1024K, 76% used [0x00000000ec400000,0x00000000ec4c4010,0x00000000ec500000)
  to   space 2560K, 0% used [0x00000000ec000000,0x00000000ec000000,0x00000000ec280000)
 ParOldGen       total 68608K, used 36374K [0x00000000c0000000, 0x00000000c4300000, 0x00000000eab00000)
  object space 68608K, 53% used [0x00000000c0000000,0x00000000c2385960,0x00000000c4300000)
 Metaspace       used 57367K, committed 58368K, reserved 1114112K
  class space    used 6556K, committed 6976K, reserved 1048576K
}
Event: 7.580 GC heap before
{Heap before GC invocations=27 (full 2):
 PSYoungGen      total 20992K, used 15433K [0x00000000eab00000, 0x00000000ec500000, 0x0000000100000000)
  eden space 19968K, 73% used [0x00000000eab00000,0x00000000eb94e6c8,0x00000000ebe80000)
  from space 1024K, 76% used [0x00000000ec400000,0x00000000ec4c4010,0x00000000ec500000)
  to   space 2560K, 0% used [0x00000000ec000000,0x00000000ec000000,0x00000000ec280000)
 ParOldGen       total 68608K, used 36374K [0x00000000c0000000, 0x00000000c4300000, 0x00000000eab00000)
  object space 68608K, 53% used [0x00000000c0000000,0x00000000c2385960,0x00000000c4300000)
 Metaspace       used 58814K, committed 59776K, reserved 1114112K
  class space    used 6811K, committed 7232K, reserved 1048576K
}
Event: 7.581 GC heap after
{Heap after GC invocations=27 (full 2):
 PSYoungGen      total 22528K, used 480K [0x00000000eab00000, 0x00000000ec480000, 0x0000000100000000)
  eden space 19968K, 0% used [0x00000000eab00000,0x00000000eab00000,0x00000000ebe80000)
  from space 2560K, 18% used [0x00000000ec000000,0x00000000ec078000,0x00000000ec280000)
  to   space 1024K, 0% used [0x00000000ec380000,0x00000000ec380000,0x00000000ec480000)
 ParOldGen       total 68608K, used 37022K [0x00000000c0000000, 0x00000000c4300000, 0x00000000eab00000)
  object space 68608K, 53% used [0x00000000c0000000,0x00000000c24279b0,0x00000000c4300000)
 Metaspace       used 58814K, committed 59776K, reserved 1114112K
  class space    used 6811K, committed 7232K, reserved 1048576K
}
Event: 7.581 GC heap before
{Heap before GC invocations=28 (full 3):
 PSYoungGen      total 22528K, used 480K [0x00000000eab00000, 0x00000000ec480000, 0x0000000100000000)
  eden space 19968K, 0% used [0x00000000eab00000,0x00000000eab00000,0x00000000ebe80000)
  from space 2560K, 18% used [0x00000000ec000000,0x00000000ec078000,0x00000000ec280000)
  to   space 1024K, 0% used [0x00000000ec380000,0x00000000ec380000,0x00000000ec480000)
 ParOldGen       total 68608K, used 37022K [0x00000000c0000000, 0x00000000c4300000, 0x00000000eab00000)
  object space 68608K, 53% used [0x00000000c0000000,0x00000000c24279b0,0x00000000c4300000)
 Metaspace       used 58814K, committed 59776K, reserved 1114112K
  class space    used 6811K, committed 7232K, reserved 1048576K
}
Event: 7.619 GC heap after
{Heap after GC invocations=28 (full 3):
 PSYoungGen      total 22528K, used 0K [0x00000000eab00000, 0x00000000ec480000, 0x0000000100000000)
  eden space 19968K, 0% used [0x00000000eab00000,0x00000000eab00000,0x00000000ebe80000)
  from space 2560K, 0% used [0x00000000ec000000,0x00000000ec000000,0x00000000ec280000)
  to   space 1024K, 0% used [0x00000000ec380000,0x00000000ec380000,0x00000000ec480000)
 ParOldGen       total 68608K, used 35627K [0x00000000c0000000, 0x00000000c4300000, 0x00000000eab00000)
  object space 68608K, 51% used [0x00000000c0000000,0x00000000c22cad20,0x00000000c4300000)
 Metaspace       used 58814K, committed 59776K, reserved 1114112K
  class space    used 6811K, committed 7232K, reserved 1048576K
}
Event: 8.350 GC heap before
{Heap before GC invocations=29 (full 3):
 PSYoungGen      total 22528K, used 19968K [0x00000000eab00000, 0x00000000ec480000, 0x0000000100000000)
  eden space 19968K, 100% used [0x00000000eab00000,0x00000000ebe80000,0x00000000ebe80000)
  from space 2560K, 0% used [0x00000000ec000000,0x00000000ec000000,0x00000000ec280000)
  to   space 1024K, 0% used [0x00000000ec380000,0x00000000ec380000,0x00000000ec480000)
 ParOldGen       total 68608K, used 35627K [0x00000000c0000000, 0x00000000c4300000, 0x00000000eab00000)
  object space 68608K, 51% used [0x00000000c0000000,0x00000000c22cad20,0x00000000c4300000)
 Metaspace       used 60787K, committed 61824K, reserved 1114112K
  class space    used 7066K, committed 7488K, reserved 1048576K
}
Event: 8.351 GC heap after
{Heap after GC invocations=29 (full 3):
 PSYoungGen      total 20992K, used 864K [0x00000000eab00000, 0x00000000ec480000, 0x0000000100000000)
  eden space 19968K, 0% used [0x00000000eab00000,0x00000000eab00000,0x00000000ebe80000)
  from space 1024K, 84% used [0x00000000ec380000,0x00000000ec458000,0x00000000ec480000)
  to   space 1024K, 0% used [0x00000000ec280000,0x00000000ec280000,0x00000000ec380000)
 ParOldGen       total 68608K, used 35635K [0x00000000c0000000, 0x00000000c4300000, 0x00000000eab00000)
  object space 68608K, 51% used [0x00000000c0000000,0x00000000c22ccd20,0x00000000c4300000)
 Metaspace       used 60787K, committed 61824K, reserved 1114112K
  class space    used 7066K, committed 7488K, reserved 1048576K
}
Event: 15.452 GC heap before
{Heap before GC invocations=30 (full 3):
 PSYoungGen      total 20992K, used 20832K [0x00000000eab00000, 0x00000000ec480000, 0x0000000100000000)
  eden space 19968K, 100% used [0x00000000eab00000,0x00000000ebe80000,0x00000000ebe80000)
  from space 1024K, 84% used [0x00000000ec380000,0x00000000ec458000,0x00000000ec480000)
  to   space 1024K, 0% used [0x00000000ec280000,0x00000000ec280000,0x00000000ec380000)
 ParOldGen       total 68608K, used 35635K [0x00000000c0000000, 0x00000000c4300000, 0x00000000eab00000)
  object space 68608K, 51% used [0x00000000c0000000,0x00000000c22ccd20,0x00000000c4300000)
 Metaspace       used 62386K, committed 63488K, reserved 1114112K
  class space    used 7256K, committed 7744K, reserved 1048576K
}
Event: 15.454 GC heap after
{Heap after GC invocations=30 (full 3):
 PSYoungGen      total 20992K, used 864K [0x00000000eab00000, 0x00000000ec400000, 0x0000000100000000)
  eden space 19968K, 0% used [0x00000000eab00000,0x00000000eab00000,0x00000000ebe80000)
  from space 1024K, 84% used [0x00000000ec280000,0x00000000ec358000,0x00000000ec380000)
  to   space 512K, 0% used [0x00000000ec380000,0x00000000ec380000,0x00000000ec400000)
 ParOldGen       total 68608K, used 36292K [0x00000000c0000000, 0x00000000c4300000, 0x00000000eab00000)
  object space 68608K, 52% used [0x00000000c0000000,0x00000000c23711b8,0x00000000c4300000)
 Metaspace       used 62386K, committed 63488K, reserved 1114112K
  class space    used 7256K, committed 7744K, reserved 1048576K
}
Event: 15.767 GC heap before
{Heap before GC invocations=31 (full 3):
 PSYoungGen      total 20992K, used 20832K [0x00000000eab00000, 0x00000000ec400000, 0x0000000100000000)
  eden space 19968K, 100% used [0x00000000eab00000,0x00000000ebe80000,0x00000000ebe80000)
  from space 1024K, 84% used [0x00000000ec280000,0x00000000ec358000,0x00000000ec380000)
  to   space 512K, 0% used [0x00000000ec380000,0x00000000ec380000,0x00000000ec400000)
 ParOldGen       total 68608K, used 36292K [0x00000000c0000000, 0x00000000c4300000, 0x00000000eab00000)
  object space 68608K, 52% used [0x00000000c0000000,0x00000000c23711b8,0x00000000c4300000)
 Metaspace       used 62389K, committed 63488K, reserved 1114112K
  class space    used 7257K, committed 7744K, reserved 1048576K
}
Event: 15.768 GC heap after
{Heap after GC invocations=31 (full 3):
 PSYoungGen      total 20480K, used 224K [0x00000000eab00000, 0x00000000ec400000, 0x0000000100000000)
  eden space 19968K, 0% used [0x00000000eab00000,0x00000000eab00000,0x00000000ebe80000)
  from space 512K, 43% used [0x00000000ec380000,0x00000000ec3b8000,0x00000000ec400000)
  to   space 512K, 0% used [0x00000000ec300000,0x00000000ec300000,0x00000000ec380000)
 ParOldGen       total 68608K, used 37024K [0x00000000c0000000, 0x00000000c4300000, 0x00000000eab00000)
  object space 68608K, 53% used [0x00000000c0000000,0x00000000c24281c8,0x00000000c4300000)
 Metaspace       used 62389K, committed 63488K, reserved 1114112K
  class space    used 7257K, committed 7744K, reserved 1048576K
}
Event: 16.066 GC heap before
{Heap before GC invocations=32 (full 3):
 PSYoungGen      total 20480K, used 20192K [0x00000000eab00000, 0x00000000ec400000, 0x0000000100000000)
  eden space 19968K, 100% used [0x00000000eab00000,0x00000000ebe80000,0x00000000ebe80000)
  from space 512K, 43% used [0x00000000ec380000,0x00000000ec3b8000,0x00000000ec400000)
  to   space 512K, 0% used [0x00000000ec300000,0x00000000ec300000,0x00000000ec380000)
 ParOldGen       total 68608K, used 37024K [0x00000000c0000000, 0x00000000c4300000, 0x00000000eab00000)
  object space 68608K, 53% used [0x00000000c0000000,0x00000000c24281c8,0x00000000c4300000)
 Metaspace       used 63019K, committed 64128K, reserved 1114112K
  class space    used 7322K, committed 7808K, reserved 1048576K
}
Event: 16.068 GC heap after
{Heap after GC invocations=32 (full 3):
 PSYoungGen      total 20480K, used 448K [0x00000000eab00000, 0x00000000ec400000, 0x0000000100000000)
  eden space 19968K, 0% used [0x00000000eab00000,0x00000000eab00000,0x00000000ebe80000)
  from space 512K, 87% used [0x00000000ec300000,0x00000000ec370000,0x00000000ec380000)
  to   space 512K, 0% used [0x00000000ec380000,0x00000000ec380000,0x00000000ec400000)
 ParOldGen       total 68608K, used 37056K [0x00000000c0000000, 0x00000000c4300000, 0x00000000eab00000)
  object space 68608K, 54% used [0x00000000c0000000,0x00000000c24301c8,0x00000000c4300000)
 Metaspace       used 63019K, committed 64128K, reserved 1114112K
  class space    used 7322K, committed 7808K, reserved 1048576K
}

Dll operation events (15 events):
Event: 0.012 Loaded shared library c:\Users\Munir\.vscode\extensions\redhat.java-1.35.1-win32-x64\jre\17.0.12-win32-x86_64\bin\java.dll
Event: 0.295 Loaded shared library c:\Users\Munir\.vscode\extensions\redhat.java-1.35.1-win32-x64\jre\17.0.12-win32-x86_64\bin\zip.dll
Event: 0.298 Loaded shared library C:\Users\Munir\.vscode\extensions\redhat.java-1.35.1-win32-x64\jre\17.0.12-win32-x86_64\bin\instrument.dll
Event: 0.315 Loaded shared library C:\Users\Munir\.vscode\extensions\redhat.java-1.35.1-win32-x64\jre\17.0.12-win32-x86_64\bin\net.dll
Event: 0.317 Loaded shared library C:\Users\Munir\.vscode\extensions\redhat.java-1.35.1-win32-x64\jre\17.0.12-win32-x86_64\bin\nio.dll
Event: 0.326 Loaded shared library C:\Users\Munir\.vscode\extensions\redhat.java-1.35.1-win32-x64\jre\17.0.12-win32-x86_64\bin\zip.dll
Event: 0.351 Loaded shared library C:\Users\Munir\.vscode\extensions\redhat.java-1.35.1-win32-x64\jre\17.0.12-win32-x86_64\bin\jimage.dll
Event: 0.438 Loaded shared library c:\Users\Munir\.vscode\extensions\redhat.java-1.35.1-win32-x64\jre\17.0.12-win32-x86_64\bin\verify.dll
Event: 1.927 Loaded shared library C:\Users\Munir\AppData\Roaming\Code\User\globalStorage\redhat.java\1.35.1\config_win\org.eclipse.equinox.launcher\org.eclipse.equinox.launcher.win32.win32.x86_64_1.2.1100.v20240722-2106\eclipse_11904.dll
Event: 3.359 Loaded shared library C:\Users\Munir\AppData\Local\Temp\jna-74705743\jna15393678513611824595.dll
Event: 6.918 Loaded shared library C:\Users\Munir\.gradle\native\68d5fa5c4cc2d200863cafc0d521ce42e7d3e7ee720ec0a83991735586a16f82\windows-amd64\native-platform.dll
Event: 7.455 Loaded shared library C:\Users\Munir\.vscode\extensions\redhat.java-1.35.1-win32-x64\jre\17.0.12-win32-x86_64\bin\management.dll
Event: 7.458 Loaded shared library C:\Users\Munir\.vscode\extensions\redhat.java-1.35.1-win32-x64\jre\17.0.12-win32-x86_64\bin\management_ext.dll
Event: 8.278 Loaded shared library C:\Users\Munir\.vscode\extensions\redhat.java-1.35.1-win32-x64\jre\17.0.12-win32-x86_64\bin\extnet.dll
Event: 11.188 Loaded shared library C:\Users\Munir\.vscode\extensions\redhat.java-1.35.1-win32-x64\jre\17.0.12-win32-x86_64\bin\sunmscapi.dll

Deoptimization events (20 events):
Event: 16.024 Thread 0x00000242ed329080 Uncommon trap: trap_request=0xffffff45 fr.pc=0x00000242dbd704c4 relative=0x00000000000017e4
Event: 16.024 Thread 0x00000242ed329080 Uncommon trap: reason=unstable_if action=reinterpret pc=0x00000242dbd704c4 method=java.net.URLStreamHandler.toExternalForm(Ljava/net/URL;)Ljava/lang/String; @ 32 c2
Event: 16.024 Thread 0x00000242ed329080 DEOPT PACKING pc=0x00000242dbd704c4 sp=0x000000cb73efe1a0
Event: 16.024 Thread 0x00000242ed329080 DEOPT UNPACKING pc=0x00000242db539ea3 sp=0x000000cb73efe190 mode 2
Event: 16.025 Thread 0x00000242ed329080 Uncommon trap: trap_request=0xffffff45 fr.pc=0x00000242dbddddd4 relative=0x0000000000000294
Event: 16.025 Thread 0x00000242ed329080 Uncommon trap: reason=unstable_if action=reinterpret pc=0x00000242dbddddd4 method=java.io.WinNTFileSystem.prefixLength(Ljava/lang/String;)I @ 73 c2
Event: 16.025 Thread 0x00000242ed329080 DEOPT PACKING pc=0x00000242dbddddd4 sp=0x000000cb73efdff0
Event: 16.025 Thread 0x00000242ed329080 DEOPT UNPACKING pc=0x00000242db539ea3 sp=0x000000cb73efdf78 mode 2
Event: 16.042 Thread 0x00000242ed329080 Uncommon trap: trap_request=0xffffff45 fr.pc=0x00000242dbdae0c4 relative=0x00000000000001a4
Event: 16.042 Thread 0x00000242ed329080 Uncommon trap: reason=unstable_if action=reinterpret pc=0x00000242dbdae0c4 method=java.net.URI.quote(Ljava/lang/String;JJ)Ljava/lang/String; @ 56 c2
Event: 16.042 Thread 0x00000242ed329080 DEOPT PACKING pc=0x00000242dbdae0c4 sp=0x000000cb73efd1d0
Event: 16.042 Thread 0x00000242ed329080 DEOPT UNPACKING pc=0x00000242db539ea3 sp=0x000000cb73efd140 mode 2
Event: 16.183 Thread 0x00000242ed329080 Uncommon trap: trap_request=0xffffff45 fr.pc=0x00000242dbe7178c relative=0x000000000000016c
Event: 16.183 Thread 0x00000242ed329080 Uncommon trap: reason=unstable_if action=reinterpret pc=0x00000242dbe7178c method=jdk.internal.jrtfs.JrtPath.normalize(Ljava/lang/String;)Ljava/lang/String; @ 78 c2
Event: 16.183 Thread 0x00000242ed329080 DEOPT PACKING pc=0x00000242dbe7178c sp=0x000000cb73efcc00
Event: 16.183 Thread 0x00000242ed329080 DEOPT UNPACKING pc=0x00000242db539ea3 sp=0x000000cb73efcb80 mode 2
Event: 16.186 Thread 0x00000242ed329080 Uncommon trap: trap_request=0xffffff45 fr.pc=0x00000242dbe406c4 relative=0x0000000000001544
Event: 16.186 Thread 0x00000242ed329080 Uncommon trap: reason=unstable_if action=reinterpret pc=0x00000242dbe406c4 method=java.util.regex.Pattern.compile()V @ 406 c2
Event: 16.186 Thread 0x00000242ed329080 DEOPT PACKING pc=0x00000242dbe406c4 sp=0x000000cb73efbe90
Event: 16.186 Thread 0x00000242ed329080 DEOPT UNPACKING pc=0x00000242db539ea3 sp=0x000000cb73efbe58 mode 2

Classes loaded (20 events):
Event: 16.076 Loading class java/nio/file/ClosedDirectoryStreamException
Event: 16.076 Loading class java/nio/file/ClosedDirectoryStreamException done
Event: 16.077 Loading class jdk/internal/jrtfs/JrtFileSystem
Event: 16.078 Loading class jdk/internal/jrtfs/JrtFileSystem done
Event: 16.078 Loading class jdk/internal/jrtfs/JrtPath
Event: 16.079 Loading class jdk/internal/jrtfs/JrtPath done
Event: 16.079 Loading class jdk/internal/jimage/ImageReader$Node
Event: 16.079 Loading class jdk/internal/jimage/ImageReader$Node done
Event: 16.089 Loading class java/nio/ByteBufferAsIntBufferL
Event: 16.090 Loading class java/nio/ByteBufferAsIntBufferL done
Event: 16.092 Loading class jdk/internal/jimage/ImageReader$Directory
Event: 16.092 Loading class jdk/internal/jimage/ImageReader$Directory done
Event: 16.177 Loading class java/util/ArrayDeque$DeqSpliterator
Event: 16.177 Loading class java/util/ArrayDeque$DeqSpliterator done
Event: 16.186 Loading class java/util/regex/Pattern$BackRef
Event: 16.186 Loading class java/util/regex/Pattern$BackRef done
Event: 16.235 Loading class java/nio/channels/Channels$ReadableByteChannelImpl
Event: 16.235 Loading class java/nio/channels/Channels$ReadableByteChannelImpl done
Event: 16.236 Loading class java/nio/channels/NonWritableChannelException
Event: 16.236 Loading class java/nio/channels/NonWritableChannelException done

Classes unloaded (7 events):
Event: 2.883 Thread 0x00000242eabd0c20 Unloading class 0x000000010024a400 'java/lang/invoke/LambdaForm$MH+0x000000010024a400'
Event: 2.883 Thread 0x00000242eabd0c20 Unloading class 0x000000010024a000 'java/lang/invoke/LambdaForm$MH+0x000000010024a000'
Event: 2.883 Thread 0x00000242eabd0c20 Unloading class 0x0000000100249c00 'java/lang/invoke/LambdaForm$MH+0x0000000100249c00'
Event: 2.883 Thread 0x00000242eabd0c20 Unloading class 0x0000000100249800 'java/lang/invoke/LambdaForm$MH+0x0000000100249800'
Event: 2.883 Thread 0x00000242eabd0c20 Unloading class 0x0000000100249400 'java/lang/invoke/LambdaForm$BMH+0x0000000100249400'
Event: 2.883 Thread 0x00000242eabd0c20 Unloading class 0x0000000100249000 'java/lang/invoke/LambdaForm$DMH+0x0000000100249000'
Event: 2.883 Thread 0x00000242eabd0c20 Unloading class 0x0000000100244400 'java/lang/invoke/LambdaForm$DMH+0x0000000100244400'

Classes redefined (0 events):
No events

Internal exceptions (20 events):
Event: 15.938 Thread 0x00000242ed329080 Exception <a 'sun/nio/fs/WindowsException'{0x00000000eb9a6770}> (0x00000000eb9a6770) 
thrown [s\src\hotspot\share\prims\jni.cpp, line 516]
Event: 15.938 Thread 0x00000242ed329080 Exception <a 'sun/nio/fs/WindowsException'{0x00000000eb9ada50}> (0x00000000eb9ada50) 
thrown [s\src\hotspot\share\prims\jni.cpp, line 516]
Event: 15.938 Thread 0x00000242ed329080 Exception <a 'sun/nio/fs/WindowsException'{0x00000000eb9b3fa0}> (0x00000000eb9b3fa0) 
thrown [s\src\hotspot\share\prims\jni.cpp, line 516]
Event: 15.939 Thread 0x00000242ed329080 Exception <a 'sun/nio/fs/WindowsException'{0x00000000eb9ba6f8}> (0x00000000eb9ba6f8) 
thrown [s\src\hotspot\share\prims\jni.cpp, line 516]
Event: 15.939 Thread 0x00000242ed329080 Exception <a 'sun/nio/fs/WindowsException'{0x00000000eb9c0e88}> (0x00000000eb9c0e88) 
thrown [s\src\hotspot\share\prims\jni.cpp, line 516]
Event: 15.940 Thread 0x00000242ed329080 Exception <a 'sun/nio/fs/WindowsException'{0x00000000eb9c7710}> (0x00000000eb9c7710) 
thrown [s\src\hotspot\share\prims\jni.cpp, line 516]
Event: 15.964 Thread 0x00000242ed329080 Exception <a 'sun/nio/fs/WindowsException'{0x00000000eba48ed0}> (0x00000000eba48ed0) 
thrown [s\src\hotspot\share\prims\jni.cpp, line 516]
Event: 15.972 Thread 0x00000242ed329080 Exception <a 'sun/nio/fs/WindowsException'{0x00000000eba63008}> (0x00000000eba63008) 
thrown [s\src\hotspot\share\prims\jni.cpp, line 516]
Event: 15.980 Thread 0x00000242ed329080 Exception <a 'sun/nio/fs/WindowsException'{0x00000000eba85a40}> (0x00000000eba85a40) 
thrown [s\src\hotspot\share\prims\jni.cpp, line 516]
Event: 16.018 Thread 0x00000242ed329080 Exception <a 'sun/nio/fs/WindowsException'{0x00000000ebc0ea58}> (0x00000000ebc0ea58) 
thrown [s\src\hotspot\share\prims\jni.cpp, line 516]
Event: 16.018 Thread 0x00000242ed329080 Exception <a 'sun/nio/fs/WindowsException'{0x00000000ebc0f560}> (0x00000000ebc0f560) 
thrown [s\src\hotspot\share\prims\jni.cpp, line 516]
Event: 16.018 Thread 0x00000242ed329080 Exception <a 'sun/nio/fs/WindowsException'{0x00000000ebc18b30}> (0x00000000ebc18b30) 
thrown [s\src\hotspot\share\prims\jni.cpp, line 516]
Event: 16.019 Thread 0x00000242ed329080 Exception <a 'sun/nio/fs/WindowsException'{0x00000000ebc19430}> (0x00000000ebc19430) 
thrown [s\src\hotspot\share\prims\jni.cpp, line 516]
Event: 16.024 Thread 0x00000242ed329080 Exception <a 'sun/nio/fs/WindowsException'{0x00000000ebc6fef0}> (0x00000000ebc6fef0) 
thrown [s\src\hotspot\share\prims\jni.cpp, line 516]
Event: 16.024 Thread 0x00000242ed329080 Exception <a 'sun/nio/fs/WindowsException'{0x00000000ebc707f0}> (0x00000000ebc707f0) 
thrown [s\src\hotspot\share\prims\jni.cpp, line 516]
Event: 16.025 Thread 0x00000242ed329080 Exception <a 'sun/nio/fs/WindowsException'{0x00000000ebc86288}> (0x00000000ebc86288) 
thrown [s\src\hotspot\share\prims\jni.cpp, line 516]
Event: 16.025 Thread 0x00000242ed329080 Exception <a 'sun/nio/fs/WindowsException'{0x00000000ebc86b88}> (0x00000000ebc86b88) 
thrown [s\src\hotspot\share\prims\jni.cpp, line 516]
Event: 16.070 Thread 0x00000242ed329080 Exception <a 'java/lang/NoSuchMethodError'{0x00000000eab0fda8}: 'java.lang.Object java.lang.invoke.Invokers$Holder.invoke_MT(java.lang.Object, java.lang.Object, java.lang.Object)'> (0x00000000eab0fda8) 
thrown [s\src\hotspot\share\interpreter\linkResolver.cpp, line 759]
Event: 16.179 Thread 0x00000242ed329080 Exception <a 'java/lang/NoSuchMethodError'{0x00000000eb1d4718}: 'java.lang.Object java.lang.invoke.DirectMethodHandle$Holder.invokeSpecial(java.lang.Object, java.lang.Object, java.lang.Object, java.lang.Object, java.lang.Object, java.lang.Object, java.lang.Object, java.lang.Object, java.lang.Object, java.lang.Object)'> (0x00000000eb1d4718) 
thrown [s\src\hotspot\share\interpreter\linkResolver.cpp, line 759]
Event: 16.180 Thread 0x00000242ed329080 Exception <a 'java/lang/NoSuchMethodError'{0x00000000eb1d8fa8}: 'java.lang.Object java.lang.invoke.Invokers$Holder.invoke_MT(java.lang.Object, java.lang.Object, java.lang.Object, java.lang.Object, java.lang.Object, java.lang.Object, java.lang.Object, java.lang.Object, java.lang.Object, java.lang.Object)'> (0x00000000eb1d8fa8) 
thrown [s\src\hotspot\share\interpreter\linkResolver.cpp, line 759]

VM Operations (20 events):
Event: 15.767 Executing VM operation: ParallelGCFailedAllocation
Event: 15.768 Executing VM operation: ParallelGCFailedAllocation done
Event: 15.955 Executing VM operation: HandshakeAllThreads
Event: 15.955 Executing VM operation: HandshakeAllThreads done
Event: 16.038 Executing VM operation: HandshakeAllThreads
Event: 16.038 Executing VM operation: HandshakeAllThreads done
Event: 16.048 Executing VM operation: HandshakeAllThreads
Event: 16.048 Executing VM operation: HandshakeAllThreads done
Event: 16.052 Executing VM operation: HandshakeAllThreads
Event: 16.052 Executing VM operation: HandshakeAllThreads done
Event: 16.066 Executing VM operation: ParallelGCFailedAllocation
Event: 16.068 Executing VM operation: ParallelGCFailedAllocation done
Event: 16.076 Executing VM operation: HandshakeAllThreads
Event: 16.076 Executing VM operation: HandshakeAllThreads done
Event: 16.090 Executing VM operation: HandshakeAllThreads
Event: 16.091 Executing VM operation: HandshakeAllThreads done
Event: 16.091 Executing VM operation: HandshakeAllThreads
Event: 16.091 Executing VM operation: HandshakeAllThreads done
Event: 16.135 Executing VM operation: HandshakeAllThreads
Event: 16.135 Executing VM operation: HandshakeAllThreads done

Events (20 events):
Event: 7.876 Thread 0x00000242ee80b1f0 Thread added: 0x00000242ee80b1f0
Event: 7.935 Thread 0x00000242ed327730 Thread added: 0x00000242ed327730
Event: 7.936 Thread 0x00000242ed32a9d0 Thread added: 0x00000242ed32a9d0
Event: 7.970 Thread 0x00000242ed324eb0 Thread added: 0x00000242ed324eb0
Event: 8.032 Thread 0x00000242ee80b1f0 Thread exited: 0x00000242ee80b1f0
Event: 8.371 Thread 0x00000242ed323560 Thread added: 0x00000242ed323560
Event: 8.376 Thread 0x00000242ed328b70 Thread added: 0x00000242ed328b70
Event: 8.376 Thread 0x00000242ed323a70 Thread added: 0x00000242ed323a70
Event: 8.376 Thread 0x00000242ed328b70 Thread exited: 0x00000242ed328b70
Event: 8.850 Thread 0x00000242ecdb7e80 Thread exited: 0x00000242ecdb7e80
Event: 11.146 Thread 0x00000242ed323560 Thread exited: 0x00000242ed323560
Event: 11.146 Thread 0x00000242ed323a70 Thread exited: 0x00000242ed323a70
Event: 11.244 Thread 0x00000242ed323560 Thread added: 0x00000242ed323560
Event: 11.244 Thread 0x00000242ed323560 Thread exited: 0x00000242ed323560
Event: 11.245 Thread 0x00000242ed323a70 Thread added: 0x00000242ed323a70
Event: 15.260 Thread 0x00000242ed323a70 Thread exited: 0x00000242ed323a70
Event: 15.262 Thread 0x00000242ed324eb0 Thread exited: 0x00000242ed324eb0
Event: 15.343 Thread 0x00000242ee80b1f0 Thread added: 0x00000242ee80b1f0
Event: 15.370 Thread 0x00000242ed32a9d0 Thread exited: 0x00000242ed32a9d0
Event: 16.116 Thread 0x00000242ee809760 Thread added: 0x00000242ee809760


Dynamic libraries:
0x00007ff645360000 - 0x00007ff64536e000 	c:\Users\Munir\.vscode\extensions\redhat.java-1.35.1-win32-x64\jre\17.0.12-win32-x86_64\bin\java.exe
0x00007ffc41c90000 - 0x00007ffc41e88000 	C:\Windows\SYSTEM32\ntdll.dll
0x00007ffc41560000 - 0x00007ffc41622000 	C:\Windows\System32\KERNEL32.DLL
0x00007ffc3f370000 - 0x00007ffc3f66e000 	C:\Windows\System32\KERNELBASE.dll
0x00007ffc3f8c0000 - 0x00007ffc3f9c0000 	C:\Windows\System32\ucrtbase.dll
0x00007ffc342a0000 - 0x00007ffc342b7000 	c:\Users\Munir\.vscode\extensions\redhat.java-1.35.1-win32-x64\jre\17.0.12-win32-x86_64\bin\jli.dll
0x00007ffc40090000 - 0x00007ffc4022d000 	C:\Windows\System32\USER32.dll
0x00007ffc3f800000 - 0x00007ffc3f822000 	C:\Windows\System32\win32u.dll
0x00007ffc41630000 - 0x00007ffc4165b000 	C:\Windows\System32\GDI32.dll
0x00007ffc3f670000 - 0x00007ffc3f787000 	C:\Windows\System32\gdi32full.dll
0x00007ffc3fa10000 - 0x00007ffc3faad000 	C:\Windows\System32\msvcp_win.dll
0x00007ffc2ca90000 - 0x00007ffc2caab000 	c:\Users\Munir\.vscode\extensions\redhat.java-1.35.1-win32-x64\jre\17.0.12-win32-x86_64\bin\VCRUNTIME140.dll
0x00007ffc26da0000 - 0x00007ffc2703a000 	C:\Windows\WinSxS\amd64_microsoft.windows.common-controls_6595b64144ccf1df_6.0.19041.4355_none_60b8b9eb71f62e16\COMCTL32.dll
0x00007ffc419b0000 - 0x00007ffc41a4e000 	C:\Windows\System32\msvcrt.dll
0x00007ffc40fe0000 - 0x00007ffc4100f000 	C:\Windows\System32\IMM32.DLL
0x00007ffc2c310000 - 0x00007ffc2c31c000 	c:\Users\Munir\.vscode\extensions\redhat.java-1.35.1-win32-x64\jre\17.0.12-win32-x86_64\bin\vcruntime140_1.dll
0x00007ffc242b0000 - 0x00007ffc2433d000 	c:\Users\Munir\.vscode\extensions\redhat.java-1.35.1-win32-x64\jre\17.0.12-win32-x86_64\bin\msvcp140.dll
0x00007ffbd45a0000 - 0x00007ffbd520a000 	c:\Users\Munir\.vscode\extensions\redhat.java-1.35.1-win32-x64\jre\17.0.12-win32-x86_64\bin\server\jvm.dll
0x00007ffc41a50000 - 0x00007ffc41b00000 	C:\Windows\System32\ADVAPI32.dll
0x00007ffc414c0000 - 0x00007ffc41560000 	C:\Windows\System32\sechost.dll
0x00007ffc41b00000 - 0x00007ffc41c23000 	C:\Windows\System32\RPCRT4.dll
0x00007ffc3f340000 - 0x00007ffc3f367000 	C:\Windows\System32\bcrypt.dll
0x00007ffc41940000 - 0x00007ffc419ab000 	C:\Windows\System32\WS2_32.dll
0x00007ffc3e840000 - 0x00007ffc3e88b000 	C:\Windows\SYSTEM32\POWRPROF.dll
0x00007ffc3cf20000 - 0x00007ffc3cf47000 	C:\Windows\SYSTEM32\WINMM.dll
0x00007ffc36dd0000 - 0x00007ffc36dda000 	C:\Windows\SYSTEM32\VERSION.dll
0x00007ffc3e700000 - 0x00007ffc3e712000 	C:\Windows\SYSTEM32\UMPDC.dll
0x00007ffc3d960000 - 0x00007ffc3d972000 	C:\Windows\SYSTEM32\kernel.appcore.dll
0x00007ffc29de0000 - 0x00007ffc29dea000 	c:\Users\Munir\.vscode\extensions\redhat.java-1.35.1-win32-x64\jre\17.0.12-win32-x86_64\bin\jimage.dll
0x00007ffc3cd30000 - 0x00007ffc3cf14000 	C:\Windows\SYSTEM32\DBGHELP.DLL
0x00007ffc3ccf0000 - 0x00007ffc3cd24000 	C:\Windows\SYSTEM32\dbgcore.DLL
0x00007ffc3f830000 - 0x00007ffc3f8b2000 	C:\Windows\System32\bcryptPrimitives.dll
0x00007ffc2fe80000 - 0x00007ffc2fe8e000 	c:\Users\Munir\.vscode\extensions\redhat.java-1.35.1-win32-x64\jre\17.0.12-win32-x86_64\bin\instrument.dll
0x00007ffc29db0000 - 0x00007ffc29dd5000 	c:\Users\Munir\.vscode\extensions\redhat.java-1.35.1-win32-x64\jre\17.0.12-win32-x86_64\bin\java.dll
0x00007ffc274a0000 - 0x00007ffc274b8000 	c:\Users\Munir\.vscode\extensions\redhat.java-1.35.1-win32-x64\jre\17.0.12-win32-x86_64\bin\zip.dll
0x00007ffc40370000 - 0x00007ffc40adf000 	C:\Windows\System32\SHELL32.dll
0x00007ffc3cf50000 - 0x00007ffc3d6f4000 	C:\Windows\SYSTEM32\windows.storage.dll
0x00007ffc41150000 - 0x00007ffc414a3000 	C:\Windows\System32\combase.dll
0x00007ffc3ec90000 - 0x00007ffc3ecbe000 	C:\Windows\SYSTEM32\Wldp.dll
0x00007ffc41870000 - 0x00007ffc4193d000 	C:\Windows\System32\OLEAUT32.dll
0x00007ffc41090000 - 0x00007ffc4113d000 	C:\Windows\System32\SHCORE.dll
0x00007ffc3fcc0000 - 0x00007ffc3fd15000 	C:\Windows\System32\shlwapi.dll
0x00007ffc3f270000 - 0x00007ffc3f294000 	C:\Windows\SYSTEM32\profapi.dll
0x00007ffc342e0000 - 0x00007ffc342f9000 	C:\Users\Munir\.vscode\extensions\redhat.java-1.35.1-win32-x64\jre\17.0.12-win32-x86_64\bin\net.dll
0x00007ffc395c0000 - 0x00007ffc396cd000 	C:\Windows\SYSTEM32\WINHTTP.dll
0x00007ffc3ea70000 - 0x00007ffc3eada000 	C:\Windows\system32\mswsock.dll
0x00007ffc2c330000 - 0x00007ffc2c346000 	C:\Users\Munir\.vscode\extensions\redhat.java-1.35.1-win32-x64\jre\17.0.12-win32-x86_64\bin\nio.dll
0x00007ffc2c380000 - 0x00007ffc2c390000 	c:\Users\Munir\.vscode\extensions\redhat.java-1.35.1-win32-x64\jre\17.0.12-win32-x86_64\bin\verify.dll
0x00007ffc166e0000 - 0x00007ffc16725000 	C:\Users\Munir\AppData\Roaming\Code\User\globalStorage\redhat.java\1.35.1\config_win\org.eclipse.equinox.launcher\org.eclipse.equinox.launcher.win32.win32.x86_64_1.2.1100.v20240722-2106\eclipse_11904.dll
0x00007ffc40230000 - 0x00007ffc4035b000 	C:\Windows\System32\ole32.dll
0x00007ffc3ecd0000 - 0x00007ffc3ece8000 	C:\Windows\SYSTEM32\CRYPTSP.dll
0x00007ffc3e340000 - 0x00007ffc3e374000 	C:\Windows\system32\rsaenh.dll
0x00007ffc3f230000 - 0x00007ffc3f25e000 	C:\Windows\SYSTEM32\USERENV.dll
0x00007ffc3ec00000 - 0x00007ffc3ec0c000 	C:\Windows\SYSTEM32\CRYPTBASE.dll
0x00007ffc3e720000 - 0x00007ffc3e75b000 	C:\Windows\SYSTEM32\IPHLPAPI.DLL
0x00007ffc41140000 - 0x00007ffc41148000 	C:\Windows\System32\NSI.dll
0x00007ffc3b250000 - 0x00007ffc3b267000 	C:\Windows\SYSTEM32\dhcpcsvc6.DLL
0x00007ffc3b030000 - 0x00007ffc3b04d000 	C:\Windows\SYSTEM32\dhcpcsvc.DLL
0x00007ffc3e760000 - 0x00007ffc3e82a000 	C:\Windows\SYSTEM32\DNSAPI.dll
0x00007ffc16540000 - 0x00007ffc16589000 	C:\Users\Munir\AppData\Local\Temp\jna-74705743\jna15393678513611824595.dll
0x00007ffc414b0000 - 0x00007ffc414b8000 	C:\Windows\System32\PSAPI.DLL
0x00007ffc3a5a0000 - 0x00007ffc3a5c7000 	C:\Users\Munir\.gradle\native\68d5fa5c4cc2d200863cafc0d521ce42e7d3e7ee720ec0a83991735586a16f82\windows-amd64\native-platform.dll
0x00007ffc29e50000 - 0x00007ffc29e59000 	C:\Users\Munir\.vscode\extensions\redhat.java-1.35.1-win32-x64\jre\17.0.12-win32-x86_64\bin\management.dll
0x00007ffc29e40000 - 0x00007ffc29e4b000 	C:\Users\Munir\.vscode\extensions\redhat.java-1.35.1-win32-x64\jre\17.0.12-win32-x86_64\bin\management_ext.dll
0x00007ffc244b0000 - 0x00007ffc244b9000 	C:\Users\Munir\.vscode\extensions\redhat.java-1.35.1-win32-x64\jre\17.0.12-win32-x86_64\bin\extnet.dll
0x00007ffc27690000 - 0x00007ffc2769e000 	C:\Users\Munir\.vscode\extensions\redhat.java-1.35.1-win32-x64\jre\17.0.12-win32-x86_64\bin\sunmscapi.dll
0x00007ffc3fab0000 - 0x00007ffc3fc0c000 	C:\Windows\System32\CRYPT32.dll
0x00007ffc3ed80000 - 0x00007ffc3eda9000 	C:\Windows\SYSTEM32\ncrypt.dll
0x00007ffc3ed20000 - 0x00007ffc3ed5b000 	C:\Windows\SYSTEM32\NTASN1.dll
0x00007ffbbf8a0000 - 0x00007ffbbf8a7000 	C:\Windows\system32\wshunix.dll

dbghelp: loaded successfully - version: 4.0.5 - missing functions: none
symbol engine: initialized successfully - sym options: 0x614 - pdb path: .;c:\Users\Munir\.vscode\extensions\redhat.java-1.35.1-win32-x64\jre\17.0.12-win32-x86_64\bin;C:\Windows\SYSTEM32;C:\Windows\WinSxS\amd64_microsoft.windows.common-controls_6595b64144ccf1df_6.0.19041.4355_none_60b8b9eb71f62e16;c:\Users\Munir\.vscode\extensions\redhat.java-1.35.1-win32-x64\jre\17.0.12-win32-x86_64\bin\server;C:\Users\Munir\AppData\Roaming\Code\User\globalStorage\redhat.java\1.35.1\config_win\org.eclipse.equinox.launcher\org.eclipse.equinox.launcher.win32.win32.x86_64_1.2.1100.v20240722-2106;C:\Users\Munir\AppData\Local\Temp\jna-74705743;C:\Users\Munir\.gradle\native\68d5fa5c4cc2d200863cafc0d521ce42e7d3e7ee720ec0a83991735586a16f82\windows-amd64

VM Arguments:
jvm_args: --add-modules=ALL-SYSTEM --add-opens=java.base/java.util=ALL-UNNAMED --add-opens=java.base/java.lang=ALL-UNNAMED --add-opens=java.base/sun.nio.fs=ALL-UNNAMED -Declipse.application=org.eclipse.jdt.ls.core.id1 -Dosgi.bundles.defaultStartLevel=4 -Declipse.product=org.eclipse.jdt.ls.core.product -Djava.import.generatesMetadataFilesAtProjectRoot=false -DDetectVMInstallationsJob.disabled=true -Dfile.encoding=utf8 -XX:+UseParallelGC -XX:GCTimeRatio=4 -XX:AdaptiveSizePolicyWeight=90 -Dsun.zip.disableMemoryMapping=true -Xmx1G -Xms100m -Xlog:disable -javaagent:c:\Users\Munir\.vscode\extensions\redhat.java-1.35.1-win32-x64\lombok\lombok-1.18.33.jar -XX:+HeapDumpOnOutOfMemoryError -XX:HeapDumpPath=c:\Users\Munir\AppData\Roaming\Code\User\workspaceStorage\9a803de960df77599b8e18b4c998566a\redhat.java -Daether.dependencyCollector.impl=bf 
java_command: c:\Users\Munir\.vscode\extensions\redhat.java-1.35.1-win32-x64\server\plugins\org.eclipse.equinox.launcher_1.6.900.v20240613-2009.jar -configuration c:\Users\Munir\AppData\Roaming\Code\User\globalStorage\redhat.java\1.35.1\config_win -data c:\Users\Munir\AppData\Roaming\Code\User\workspaceStorage\9a803de960df77599b8e18b4c998566a\redhat.java\jdt_ws --pipe=\\.\pipe\lsp-d1efa2a14debc521bd58668f5331724b-sock
java_class_path (initial): c:\Users\Munir\.vscode\extensions\redhat.java-1.35.1-win32-x64\server\plugins\org.eclipse.equinox.launcher_1.6.900.v20240613-2009.jar
Launcher Type: SUN_STANDARD

[Global flags]
    uintx AdaptiveSizePolicyWeight                 = 90                                        {product} {command line}
     intx CICompilerCount                          = 4                                         {product} {ergonomic}
    uintx GCTimeRatio                              = 4                                         {product} {command line}
     bool HeapDumpOnOutOfMemoryError               = true                                   {manageable} {command line}
    ccstr HeapDumpPath                             = c:\Users\Munir\AppData\Roaming\Code\User\workspaceStorage\9a803de960df77599b8e18b4c998566a\redhat.java         {manageable} {command line}
   size_t InitialHeapSize                          = 104857600                                 {product} {command line}
   size_t MaxHeapSize                              = 1073741824                                {product} {command line}
   size_t MaxNewSize                               = 357564416                                 {product} {ergonomic}
   size_t MinHeapDeltaBytes                        = 524288                                    {product} {ergonomic}
   size_t MinHeapSize                              = 104857600                                 {product} {command line}
   size_t NewSize                                  = 34603008                                  {product} {ergonomic}
    uintx NonNMethodCodeHeapSize                   = 5839372                                {pd product} {ergonomic}
    uintx NonProfiledCodeHeapSize                  = 122909434                              {pd product} {ergonomic}
   size_t OldSize                                  = 70254592                                  {product} {ergonomic}
    uintx ProfiledCodeHeapSize                     = 122909434                              {pd product} {ergonomic}
    uintx ReservedCodeCacheSize                    = 251658240                              {pd product} {ergonomic}
     bool SegmentedCodeCache                       = true                                      {product} {ergonomic}
   size_t SoftMaxHeapSize                          = 1073741824                             {manageable} {ergonomic}
     bool UseCompressedClassPointers               = true                           {product lp64_product} {ergonomic}
     bool UseCompressedOops                        = true                           {product lp64_product} {ergonomic}
     bool UseLargePagesIndividualAllocation        = false                                  {pd product} {ergonomic}
     bool UseParallelGC                            = true                                      {product} {command line}

Logging:
Log output configuration:
 #0: stdout all=off uptime,level,tags
 #1: stderr all=off uptime,level,tags

Environment Variables:
JAVA_HOME=C:\Program Files\Java\jdk-11.0.14
PATH=C:\Program Files\Common Files\Oracle\Java\javapath;C:\Program Files\Microsoft\jdk-11.0.16.101-hotspot\bin;C:\Windows\system32;C:\Windows;C:\Windows\System32\Wbem;C:\Windows\System32\WindowsPowerShell\v1.0\;C:\Windows\System32\OpenSSH\;C:\Program Files\dotnet\;C:\Program Files\Microsoft SQL Server\Client SDK\ODBC\170\Tools\Binn\;C:\Program Files\Microsoft SQL Server\150\Tools\Binn\;C:\Program Files (x86)\Microsoft SQL Server\160\DTS\Binn\;C:\Program Files\Azure Data Studio\bin;C:\Program Files\Git\cmd;C:\Program Files\nodejs\;C:\Users\Munir\AppData\Local\Microsoft\WindowsApps;C:\Users\Munir\.dotnet\tools;C:\Program Files\Azure Data Studio\bin;C:\Users\Munir\AppData\Local\Android\Sdk\platform-tools;C:\Program Files\Git\bin;C:\Users\Munir\AppData\Local\GitHubDesktop\bin;C:\Users\Munir\AppData\Roaming\npm;C:\Users\Munir\AppData\Local\Programs\Microsoft VS Code\bin
USERNAME=Munir
OS=Windows_NT
PROCESSOR_IDENTIFIER=Intel64 Family 6 Model 126 Stepping 5, GenuineIntel
TMP=C:\Users\Munir\AppData\Local\Temp
TEMP=C:\Users\Munir\AppData\Local\Temp



Periodic native trim disabled


---------------  S Y S T E M  ---------------

OS:
 Windows 10 , 64 bit Build 19041 (10.0.19041.4957)
OS uptime: 0 days 19:42 hours
Hyper-V role detected

CPU: total 8 (initial active 8) (4 cores per cpu, 2 threads per core) family 6 model 126 stepping 5 microcode 0xc2, cx8, cmov, fxsr, ht, mmx, 3dnowpref, sse, sse2, sse3, ssse3, sse4.1, sse4.2, popcnt, lzcnt, tsc, tscinvbit, avx, avx2, aes, erms, clmul, bmi1, bmi2, adx, avx512f, avx512dq, avx512cd, avx512bw, avx512vl, sha, fma, vzeroupper, avx512_vpopcntdq, avx512_vpclmulqdq, avx512_vaes, avx512_vnni, clflush, clflushopt, avx512_vbmi2, avx512_vbmi, hv
Processor Information for all 8 processors :
  Max Mhz: 1498, Current Mhz: 1298, Mhz Limit: 1288

Memory: 4k page, system-wide physical 16151M (2008M free)
TotalPageFile size 18199M (AvailPageFile size 4M)
current process WorkingSet (physical memory assigned to process): 254M, peak: 254M
current process commit charge ("private bytes"): 329M, peak: 330M

vm_info: OpenJDK 64-Bit Server VM (17.0.12+7) for windows-amd64 JRE (17.0.12+7), built on Jul 16 2024 22:08:24 by "admin" with MS VC++ 16.10 / 16.11 (VS2019)

END.
