#
# There is insufficient memory for the Java Runtime Environment to continue.
# Native memory allocation (malloc) failed to allocate 352720 bytes. Error detail: Chunk::new
# Possible reasons:
#   The system is out of physical RAM or swap space
#   This process is running with CompressedOops enabled, and the Java Heap may be blocking the growth of the native heap
# Possible solutions:
#   Reduce memory load on the system
#   Increase physical memory or swap space
#   Check if swap backing store is full
#   Decrease Java heap size (-Xmx/-Xms)
#   Decrease number of Java threads
#   Decrease Java thread stack sizes (-Xss)
#   Set larger code cache with -XX:ReservedCodeCacheSize=
#   JVM is running with Unscaled Compressed Oops mode in which the Java heap is
#     placed in the first 4GB address space. The Java Heap base address is the
#     maximum limit for the native heap growth. Please use -XX:HeapBaseMinAddress
#     to set the Java Heap base and to place the Java Heap above 4GB virtual address.
# This output file may be truncated or incomplete.
#
#  Out of Memory Error (arena.cpp:191), pid=12488, tid=2580
#
# JRE version: OpenJDK Runtime Environment Temurin-17.0.12+7 (17.0.12+7) (build 17.0.12+7)
# Java VM: OpenJDK 64-Bit Server VM Temurin-17.0.12+7 (17.0.12+7, mixed mode, tiered, compressed oops, compressed class ptrs, parallel gc, windows-amd64)
# No core dump will be written. Minidumps are not enabled by default on client versions of Windows
#

---------------  S U M M A R Y ------------

Command Line: --add-modules=ALL-SYSTEM --add-opens=java.base/java.util=ALL-UNNAMED --add-opens=java.base/java.lang=ALL-UNNAMED --add-opens=java.base/sun.nio.fs=ALL-UNNAMED -Declipse.application=org.eclipse.jdt.ls.core.id1 -Dosgi.bundles.defaultStartLevel=4 -Declipse.product=org.eclipse.jdt.ls.core.product -Djava.import.generatesMetadataFilesAtProjectRoot=false -DDetectVMInstallationsJob.disabled=true -Dfile.encoding=utf8 -XX:+UseParallelGC -XX:GCTimeRatio=4 -XX:AdaptiveSizePolicyWeight=90 -Dsun.zip.disableMemoryMapping=true -Xmx1G -Xms100m -Xlog:disable -javaagent:c:\Users\Munir\.vscode\extensions\redhat.java-1.35.1-win32-x64\lombok\lombok-1.18.33.jar -XX:+HeapDumpOnOutOfMemoryError -XX:HeapDumpPath=c:\Users\Munir\AppData\Roaming\Code\User\workspaceStorage\9a803de960df77599b8e18b4c998566a\redhat.java -Daether.dependencyCollector.impl=bf c:\Users\Munir\.vscode\extensions\redhat.java-1.35.1-win32-x64\server\plugins\org.eclipse.equinox.launcher_1.6.900.v20240613-2009.jar -configuration c:\Users\Munir\AppData\Roaming\Code\User\globalStorage\redhat.java\1.35.1\config_win -data c:\Users\Munir\AppData\Roaming\Code\User\workspaceStorage\9a803de960df77599b8e18b4c998566a\redhat.java\jdt_ws --pipe=\\.\pipe\lsp-47f6ba1dae2d321e368b4ec48ce31e38-sock

Host: Intel(R) Core(TM) i7-1065G7 CPU @ 1.30GHz, 8 cores, 15G,  Windows 10 , 64 bit Build 19041 (10.0.19041.4957)
Time: Wed Oct  9 11:49:37 2024 Pakistan Standard Time elapsed time: 1.974985 seconds (0d 0h 0m 1s)

---------------  T H R E A D  ---------------

Current thread (0x000001e4bcf6e0d0):  JavaThread "C2 CompilerThread1" daemon [_thread_in_native, id=2580, stack(0x000000da6ca00000,0x000000da6cb00000)]


Current CompileTask:
C2:   1975  610       4       lombok.patcher.scripts.MethodLevelPatchScript::patch (21 bytes)

Stack: [0x000000da6ca00000,0x000000da6cb00000]
Native frames: (J=compiled Java code, j=interpreted, Vv=VM code, C=native code)
V  [jvm.dll+0x67f929]
V  [jvm.dll+0x8371ba]
V  [jvm.dll+0x838c7e]
V  [jvm.dll+0x8392e3]
V  [jvm.dll+0x24834f]
V  [jvm.dll+0xac9d4]
V  [jvm.dll+0xad01c]
V  [jvm.dll+0x3674a7]
V  [jvm.dll+0x33197a]
V  [jvm.dll+0x330e1a]
V  [jvm.dll+0x21a8b1]
V  [jvm.dll+0x219cf1]
V  [jvm.dll+0x1a58bd]
V  [jvm.dll+0x229a2d]
V  [jvm.dll+0x227bdc]
V  [jvm.dll+0x7ec1f7]
V  [jvm.dll+0x7e65dc]
V  [jvm.dll+0x67e7f7]
C  [ucrtbase.dll+0x21bb2]
C  [KERNEL32.DLL+0x17374]
C  [ntdll.dll+0x4cc91]


---------------  P R O C E S S  ---------------

Threads class SMR info:
_java_thread_list=0x000001e4bcf76010, length=14, elements={
0x000001e4a1a8bd70, 0x000001e4a1b4ded0, 0x000001e4bcbe48e0, 0x000001e4b78a7fb0,
0x000001e4b78a8b70, 0x000001e4b78a9730, 0x000001e4b78aa2f0, 0x000001e4bcc03370,
0x000001e4bcc67f50, 0x000001e4bcc7fc50, 0x000001e4bcd394a0, 0x000001e4bcf67430,
0x000001e4bcf6e0d0, 0x000001e4bdcbe3a0
}

Java Threads: ( => current thread )
  0x000001e4a1a8bd70 JavaThread "main" [_thread_in_Java, id=16476, stack(0x000000da6bb00000,0x000000da6bc00000)]
  0x000001e4a1b4ded0 JavaThread "Reference Handler" daemon [_thread_blocked, id=14444, stack(0x000000da6be00000,0x000000da6bf00000)]
  0x000001e4bcbe48e0 JavaThread "Finalizer" daemon [_thread_blocked, id=7656, stack(0x000000da6bf00000,0x000000da6c000000)]
  0x000001e4b78a7fb0 JavaThread "Signal Dispatcher" daemon [_thread_blocked, id=16112, stack(0x000000da6c000000,0x000000da6c100000)]
  0x000001e4b78a8b70 JavaThread "Attach Listener" daemon [_thread_blocked, id=16528, stack(0x000000da6c100000,0x000000da6c200000)]
  0x000001e4b78a9730 JavaThread "Service Thread" daemon [_thread_blocked, id=10080, stack(0x000000da6c200000,0x000000da6c300000)]
  0x000001e4b78aa2f0 JavaThread "Monitor Deflation Thread" daemon [_thread_blocked, id=18768, stack(0x000000da6c300000,0x000000da6c400000)]
  0x000001e4bcc03370 JavaThread "C2 CompilerThread0" daemon [_thread_in_native, id=15860, stack(0x000000da6c400000,0x000000da6c500000)]
  0x000001e4bcc67f50 JavaThread "C1 CompilerThread0" daemon [_thread_in_native, id=3536, stack(0x000000da6c500000,0x000000da6c600000)]
  0x000001e4bcc7fc50 JavaThread "Sweeper thread" daemon [_thread_blocked, id=20544, stack(0x000000da6c600000,0x000000da6c700000)]
  0x000001e4bcd394a0 JavaThread "Common-Cleaner" daemon [_thread_blocked, id=3664, stack(0x000000da6c700000,0x000000da6c800000)]
  0x000001e4bcf67430 JavaThread "Notification Thread" daemon [_thread_blocked, id=8340, stack(0x000000da6c800000,0x000000da6c900000)]
=>0x000001e4bcf6e0d0 JavaThread "C2 CompilerThread1" daemon [_thread_in_native, id=2580, stack(0x000000da6ca00000,0x000000da6cb00000)]
  0x000001e4bdcbe3a0 JavaThread "C2 CompilerThread2" daemon [_thread_blocked, id=16624, stack(0x000000da6cb00000,0x000000da6cc00000)]

Other Threads:
  0x000001e4a1b243b0 VMThread "VM Thread" [stack: 0x000000da6bd00000,0x000000da6be00000] [id=7600]
  0x000001e4bcf67910 WatcherThread [stack: 0x000000da6c900000,0x000000da6ca00000] [id=6376]
  0x000001e4a1aa1a80 GCTaskThread "GC Thread#0" [stack: 0x000000da6bc00000,0x000000da6bd00000] [id=19384]

Threads with active compile tasks:
C2 CompilerThread0     2008  626 %     4       sun.security.provider.SHA2::implCompress0 @ 220 (490 bytes)
C1 CompilerThread0     2008  632       3       java.util.Properties::loadConvert (540 bytes)
C2 CompilerThread1     2008  610       4       lombok.patcher.scripts.MethodLevelPatchScript::patch (21 bytes)

VM state: not at safepoint (normal execution)

VM Mutex/Monitor currently owned by a thread: None

Heap address: 0x00000000c0000000, size: 1024 MB, Compressed Oops mode: 32-bit

CDS archive(s) not mapped
Compressed class space mapped at: 0x0000000100000000-0x0000000140000000, reserved size: 1073741824
Narrow klass base: 0x0000000000000000, Narrow klass shift: 3, Narrow klass range: 0x140000000

GC Precious Log:
 CPUs: 8 total, 8 available
 Memory: 16151M
 Large Page Support: Disabled
 NUMA Support: Disabled
 Compressed Oops: Enabled (32-bit)
 Alignments: Space 512K, Generation 512K, Heap 2M
 Heap Min Capacity: 100M
 Heap Initial Capacity: 100M
 Heap Max Capacity: 1G
 Pre-touch: Disabled
 Parallel Workers: 8

Heap:
 PSYoungGen      total 29696K, used 14098K [0x00000000eab00000, 0x00000000ecc00000, 0x0000000100000000)
  eden space 25600K, 55% used [0x00000000eab00000,0x00000000eb8c4ac8,0x00000000ec400000)
  from space 4096K, 0% used [0x00000000ec800000,0x00000000ec800000,0x00000000ecc00000)
  to   space 4096K, 0% used [0x00000000ec400000,0x00000000ec400000,0x00000000ec800000)
 ParOldGen       total 68608K, used 0K [0x00000000c0000000, 0x00000000c4300000, 0x00000000eab00000)
  object space 68608K, 0% used [0x00000000c0000000,0x00000000c0000000,0x00000000c4300000)
 Metaspace       used 9070K, committed 9152K, reserved 1114112K
  class space    used 895K, committed 960K, reserved 1048576K

Card table byte_map: [0x000001e4b5140000,0x000001e4b5350000] _byte_map_base: 0x000001e4b4b40000

Marking Bits: (ParMarkBitMap*) 0x00007ffbd51458b0
 Begin Bits: [0x000001e4b54b0000, 0x000001e4b64b0000)
 End Bits:   [0x000001e4b64b0000, 0x000001e4b74b0000)

Polling page: 0x000001e4a1b50000

Metaspace:

Usage:
  Non-class:      7.99 MB used.
      Class:    895.86 KB used.
       Both:      8.86 MB used.

Virtual space:
  Non-class space:       64.00 MB reserved,       8.00 MB ( 12%) committed,  1 nodes.
      Class space:        1.00 GB reserved,     960.00 KB ( <1%) committed,  1 nodes.
             Both:        1.06 GB reserved,       8.94 MB ( <1%) committed. 

Chunk freelists:
   Non-Class:  7.94 MB
       Class:  15.09 MB
        Both:  23.03 MB

MaxMetaspaceSize: unlimited
CompressedClassSpaceSize: 1.00 GB
Initial GC threshold: 21.00 MB
Current GC threshold: 21.00 MB
CDS: off
MetaspaceReclaimPolicy: balanced
 - commit_granule_bytes: 65536.
 - commit_granule_words: 8192.
 - virtual_space_node_default_size: 8388608.
 - enlarge_chunks_in_place: 1.
 - new_chunks_are_fully_committed: 0.
 - uncommit_free_chunks: 1.
 - use_allocation_guard: 0.
 - handle_deallocations: 1.


Internal statistics:

num_allocs_failed_limit: 0.
num_arena_births: 10.
num_arena_deaths: 0.
num_vsnodes_births: 2.
num_vsnodes_deaths: 0.
num_space_committed: 144.
num_space_uncommitted: 0.
num_chunks_returned_to_freelist: 0.
num_chunks_taken_from_freelist: 44.
num_chunk_merges: 0.
num_chunk_splits: 25.
num_chunks_enlarged: 21.
num_inconsistent_stats: 0.

CodeHeap 'non-profiled nmethods': size=120000Kb used=255Kb max_used=255Kb free=119744Kb
 bounds [0x000001e4ada30000, 0x000001e4adca0000, 0x000001e4b4f60000]
CodeHeap 'profiled nmethods': size=120000Kb used=923Kb max_used=923Kb free=119076Kb
 bounds [0x000001e4a5f60000, 0x000001e4a61d0000, 0x000001e4ad490000]
CodeHeap 'non-nmethods': size=5760Kb used=1144Kb max_used=1177Kb free=4615Kb
 bounds [0x000001e4ad490000, 0x000001e4ad700000, 0x000001e4ada30000]
 total_blobs=1044 nmethods=622 adapters=337
 compilation: enabled
              stopped_count=0, restarted_count=0
 full_count=0

Compilation events (20 events):
Event: 1.910 Thread 0x000001e4bcc67f50  614       3       java.lang.String::valueOf (15 bytes)
Event: 1.910 Thread 0x000001e4bcc67f50 nmethod 614 0x000001e4a6035610 code [0x000001e4a60357c0, 0x000001e4a60359c8]
Event: 1.912 Thread 0x000001e4bcc67f50  615       3       java.security.Provider$ServiceKey::<init> (39 bytes)
Event: 1.913 Thread 0x000001e4bcc67f50 nmethod 615 0x000001e4a6035a90 code [0x000001e4a6035c80, 0x000001e4a60360c8]
Event: 1.913 Thread 0x000001e4bcc67f50  616       1       java.security.Provider$UString::toString (5 bytes)
Event: 1.913 Thread 0x000001e4bcc67f50 nmethod 616 0x000001e4ada68910 code [0x000001e4ada68aa0, 0x000001e4ada68b78]
Event: 1.913 Thread 0x000001e4bcc67f50  617       1       java.security.Provider$Service::getProvider (5 bytes)
Event: 1.913 Thread 0x000001e4bcc67f50 nmethod 617 0x000001e4ada68c10 code [0x000001e4ada68da0, 0x000001e4ada68e78]
Event: 1.915 Thread 0x000001e4bcc67f50  618       3       sun.security.provider.SHA2::implCompress0 (490 bytes)
Event: 1.916 Thread 0x000001e4bcc67f50 nmethod 618 0x000001e4a6036290 code [0x000001e4a6036480, 0x000001e4a6036ce8]
Event: 1.916 Thread 0x000001e4bcc67f50  619       3       sun.security.provider.ByteArrayAccess::b2iBig64 (231 bytes)
Event: 1.928 Thread 0x000001e4bcc67f50 nmethod 619 0x000001e4a6037190 code [0x000001e4a6037c60, 0x000001e4a603e2b8]
Event: 1.928 Thread 0x000001e4bcc67f50  620       3       sun.security.provider.SHA2::implCompress (13 bytes)
Event: 1.928 Thread 0x000001e4bcc67f50 nmethod 620 0x000001e4a6040010 code [0x000001e4a6040200, 0x000001e4a6040648]
Event: 1.928 Thread 0x000001e4bcc67f50  621       3       sun.security.provider.SHA2::implCompressCheck (27 bytes)
Event: 1.929 Thread 0x000001e4bcc67f50 nmethod 621 0x000001e4a6040810 code [0x000001e4a60409e0, 0x000001e4a6040d98]
Event: 1.929 Thread 0x000001e4bcc03370 nmethod 612 0x000001e4ada68f10 code [0x000001e4ada690e0, 0x000001e4ada69738]
Event: 1.929 Thread 0x000001e4bcc03370  613       4       java.util.HashSet::iterator (13 bytes)
Event: 1.945 Thread 0x000001e4bcc03370 nmethod 613 0x000001e4ada69b90 code [0x000001e4ada69d40, 0x000001e4ada6a2b8]
Event: 1.945 Thread 0x000001e4bcc03370  625 %     4       sun.security.provider.SHA2::implCompress0 @ 27 (490 bytes)

GC Heap History (0 events):
No events

Dll operation events (8 events):
Event: 0.017 Loaded shared library c:\Users\Munir\.vscode\extensions\redhat.java-1.35.1-win32-x64\jre\17.0.12-win32-x86_64\bin\java.dll
Event: 0.800 Loaded shared library c:\Users\Munir\.vscode\extensions\redhat.java-1.35.1-win32-x64\jre\17.0.12-win32-x86_64\bin\zip.dll
Event: 0.859 Loaded shared library C:\Users\Munir\.vscode\extensions\redhat.java-1.35.1-win32-x64\jre\17.0.12-win32-x86_64\bin\instrument.dll
Event: 0.895 Loaded shared library C:\Users\Munir\.vscode\extensions\redhat.java-1.35.1-win32-x64\jre\17.0.12-win32-x86_64\bin\net.dll
Event: 0.899 Loaded shared library C:\Users\Munir\.vscode\extensions\redhat.java-1.35.1-win32-x64\jre\17.0.12-win32-x86_64\bin\nio.dll
Event: 0.916 Loaded shared library C:\Users\Munir\.vscode\extensions\redhat.java-1.35.1-win32-x64\jre\17.0.12-win32-x86_64\bin\zip.dll
Event: 0.958 Loaded shared library C:\Users\Munir\.vscode\extensions\redhat.java-1.35.1-win32-x64\jre\17.0.12-win32-x86_64\bin\jimage.dll
Event: 1.258 Loaded shared library c:\Users\Munir\.vscode\extensions\redhat.java-1.35.1-win32-x64\jre\17.0.12-win32-x86_64\bin\verify.dll

Deoptimization events (20 events):
Event: 1.855 Thread 0x000001e4a1a8bd70 DEOPT PACKING pc=0x000001e4a6021080 sp=0x000000da6bbfd440
Event: 1.855 Thread 0x000001e4a1a8bd70 DEOPT UNPACKING pc=0x000001e4ad4ea9e3 sp=0x000000da6bbfc898 mode 0
Event: 1.855 Thread 0x000001e4a1a8bd70 DEOPT PACKING pc=0x000001e4a6021080 sp=0x000000da6bbfd440
Event: 1.855 Thread 0x000001e4a1a8bd70 DEOPT UNPACKING pc=0x000001e4ad4ea9e3 sp=0x000000da6bbfc898 mode 0
Event: 1.857 Thread 0x000001e4a1a8bd70 DEOPT PACKING pc=0x000001e4a6021080 sp=0x000000da6bbfd430
Event: 1.857 Thread 0x000001e4a1a8bd70 DEOPT UNPACKING pc=0x000001e4ad4ea9e3 sp=0x000000da6bbfc888 mode 0
Event: 1.857 Thread 0x000001e4a1a8bd70 DEOPT PACKING pc=0x000001e4a6021080 sp=0x000000da6bbfd430
Event: 1.857 Thread 0x000001e4a1a8bd70 DEOPT UNPACKING pc=0x000001e4ad4ea9e3 sp=0x000000da6bbfc888 mode 0
Event: 1.857 Thread 0x000001e4a1a8bd70 DEOPT PACKING pc=0x000001e4a6021080 sp=0x000000da6bbfd550
Event: 1.857 Thread 0x000001e4a1a8bd70 DEOPT UNPACKING pc=0x000001e4ad4ea9e3 sp=0x000000da6bbfc9a8 mode 0
Event: 1.857 Thread 0x000001e4a1a8bd70 DEOPT PACKING pc=0x000001e4a6021080 sp=0x000000da6bbfd550
Event: 1.857 Thread 0x000001e4a1a8bd70 DEOPT UNPACKING pc=0x000001e4ad4ea9e3 sp=0x000000da6bbfc9a8 mode 0
Event: 1.880 Thread 0x000001e4a1a8bd70 Uncommon trap: trap_request=0xffffffde fr.pc=0x000001e4ada3c740 relative=0x00000000000006c0
Event: 1.880 Thread 0x000001e4a1a8bd70 Uncommon trap: reason=class_check action=maybe_recompile pc=0x000001e4ada3c740 method=java.util.HashMap.putVal(ILjava/lang/Object;Ljava/lang/Object;ZZ)Ljava/lang/Object; @ 91 c2
Event: 1.880 Thread 0x000001e4a1a8bd70 DEOPT PACKING pc=0x000001e4ada3c740 sp=0x000000da6bbfdb70
Event: 1.880 Thread 0x000001e4a1a8bd70 DEOPT UNPACKING pc=0x000001e4ad4e9ea3 sp=0x000000da6bbfdb10 mode 2
Event: 1.887 Thread 0x000001e4a1a8bd70 Uncommon trap: trap_request=0xffffff6e fr.pc=0x000001e4ada66020 relative=0x0000000000000320
Event: 1.887 Thread 0x000001e4a1a8bd70 Uncommon trap: reason=loop_limit_check action=maybe_recompile pc=0x000001e4ada66020 method=java.math.BigInteger.implMulAdd([I[IIII)I @ 26 c2
Event: 1.887 Thread 0x000001e4a1a8bd70 DEOPT PACKING pc=0x000001e4ada66020 sp=0x000000da6bbfd620
Event: 1.887 Thread 0x000001e4a1a8bd70 DEOPT UNPACKING pc=0x000001e4ad4e9ea3 sp=0x000000da6bbfd570 mode 2

Classes loaded (20 events):
Event: 1.897 Loading class sun/security/util/KeyUtil
Event: 1.898 Loading class sun/security/util/KeyUtil done
Event: 1.898 Loading class sun/security/util/Length
Event: 1.898 Loading class sun/security/util/Length done
Event: 1.898 Loading class javax/crypto/SecretKey
Event: 1.898 Loading class javax/crypto/SecretKey done
Event: 1.898 Loading class java/util/LinkedHashMap$LinkedEntrySet
Event: 1.898 Loading class java/util/LinkedHashMap$LinkedEntrySet done
Event: 1.898 Loading class java/util/LinkedHashMap$LinkedEntryIterator
Event: 1.899 Loading class java/util/LinkedHashMap$LinkedEntryIterator done
Event: 1.901 Loading class java/util/Base64
Event: 1.902 Loading class java/util/Base64 done
Event: 1.902 Loading class java/util/Base64$Decoder
Event: 1.902 Loading class java/util/Base64$Decoder done
Event: 1.903 Loading class java/util/Base64$Encoder
Event: 1.903 Loading class java/util/Base64$Encoder done
Event: 1.904 Loading class java/util/jar/JarVerifier$VerifierStream
Event: 1.904 Loading class java/util/jar/JarVerifier$VerifierStream done
Event: 1.904 Loading class sun/security/util/ManifestEntryVerifier$SunProviderHolder
Event: 1.909 Loading class sun/security/util/ManifestEntryVerifier$SunProviderHolder done

Classes unloaded (0 events):
No events

Classes redefined (0 events):
No events

Internal exceptions (2 events):
Event: 0.688 Thread 0x000001e4a1a8bd70 Exception <a 'java/lang/NoSuchMethodError'{0x00000000eacb4fb8}: 'void java.lang.invoke.DirectMethodHandle$Holder.invokeStatic(java.lang.Object, java.lang.Object, java.lang.Object)'> (0x00000000eacb4fb8) 
thrown [s\src\hotspot\share\interpreter\linkResolver.cpp, line 759]
Event: 1.347 Thread 0x000001e4a1a8bd70 Exception <a 'java/lang/reflect/InvocationTargetException'{0x00000000eafe7c20}> (0x00000000eafe7c20) 
thrown [s\src\hotspot\share\runtime\reflection.cpp, line 1128]

VM Operations (8 events):
Event: 0.720 Executing VM operation: HandshakeAllThreads
Event: 0.720 Executing VM operation: HandshakeAllThreads done
Event: 1.056 Executing VM operation: HandshakeAllThreads
Event: 1.056 Executing VM operation: HandshakeAllThreads done
Event: 1.899 Executing VM operation: HandshakeAllThreads
Event: 1.899 Executing VM operation: HandshakeAllThreads done
Event: 1.899 Executing VM operation: Cleanup
Event: 1.899 Executing VM operation: Cleanup done

Events (14 events):
Event: 0.247 Thread 0x000001e4a1a8bd70 Thread added: 0x000001e4a1a8bd70
Event: 0.274 Thread 0x000001e4a1b4ded0 Thread added: 0x000001e4a1b4ded0
Event: 0.275 Thread 0x000001e4bcbe48e0 Thread added: 0x000001e4bcbe48e0
Event: 0.308 Thread 0x000001e4b78a7fb0 Thread added: 0x000001e4b78a7fb0
Event: 0.308 Thread 0x000001e4b78a8b70 Thread added: 0x000001e4b78a8b70
Event: 0.308 Thread 0x000001e4b78a9730 Thread added: 0x000001e4b78a9730
Event: 0.308 Thread 0x000001e4b78aa2f0 Thread added: 0x000001e4b78aa2f0
Event: 0.308 Thread 0x000001e4bcc03370 Thread added: 0x000001e4bcc03370
Event: 0.313 Thread 0x000001e4bcc67f50 Thread added: 0x000001e4bcc67f50
Event: 0.395 Thread 0x000001e4bcc7fc50 Thread added: 0x000001e4bcc7fc50
Event: 0.650 Thread 0x000001e4bcd394a0 Thread added: 0x000001e4bcd394a0
Event: 1.525 Thread 0x000001e4bcf67430 Thread added: 0x000001e4bcf67430
Event: 1.540 Thread 0x000001e4bcf6e0d0 Thread added: 0x000001e4bcf6e0d0
Event: 1.719 Thread 0x000001e4bdcbe3a0 Thread added: 0x000001e4bdcbe3a0


Dynamic libraries:
0x00007ff645360000 - 0x00007ff64536e000 	c:\Users\Munir\.vscode\extensions\redhat.java-1.35.1-win32-x64\jre\17.0.12-win32-x86_64\bin\java.exe
0x00007ffc41c90000 - 0x00007ffc41e88000 	C:\Windows\SYSTEM32\ntdll.dll
0x00007ffc41560000 - 0x00007ffc41622000 	C:\Windows\System32\KERNEL32.DLL
0x00007ffc3f370000 - 0x00007ffc3f66e000 	C:\Windows\System32\KERNELBASE.dll
0x00007ffc3f8c0000 - 0x00007ffc3f9c0000 	C:\Windows\System32\ucrtbase.dll
0x00007ffc342a0000 - 0x00007ffc342b7000 	c:\Users\Munir\.vscode\extensions\redhat.java-1.35.1-win32-x64\jre\17.0.12-win32-x86_64\bin\jli.dll
0x00007ffc40090000 - 0x00007ffc4022d000 	C:\Windows\System32\USER32.dll
0x00007ffc3f800000 - 0x00007ffc3f822000 	C:\Windows\System32\win32u.dll
0x00007ffc41630000 - 0x00007ffc4165b000 	C:\Windows\System32\GDI32.dll
0x00007ffc3f670000 - 0x00007ffc3f787000 	C:\Windows\System32\gdi32full.dll
0x00007ffc3fa10000 - 0x00007ffc3faad000 	C:\Windows\System32\msvcp_win.dll
0x00007ffc2ca90000 - 0x00007ffc2caab000 	c:\Users\Munir\.vscode\extensions\redhat.java-1.35.1-win32-x64\jre\17.0.12-win32-x86_64\bin\VCRUNTIME140.dll
0x00007ffc26da0000 - 0x00007ffc2703a000 	C:\Windows\WinSxS\amd64_microsoft.windows.common-controls_6595b64144ccf1df_6.0.19041.4355_none_60b8b9eb71f62e16\COMCTL32.dll
0x00007ffc419b0000 - 0x00007ffc41a4e000 	C:\Windows\System32\msvcrt.dll
0x00007ffc40fe0000 - 0x00007ffc4100f000 	C:\Windows\System32\IMM32.DLL
0x00007ffc2c310000 - 0x00007ffc2c31c000 	c:\Users\Munir\.vscode\extensions\redhat.java-1.35.1-win32-x64\jre\17.0.12-win32-x86_64\bin\vcruntime140_1.dll
0x00007ffc242b0000 - 0x00007ffc2433d000 	c:\Users\Munir\.vscode\extensions\redhat.java-1.35.1-win32-x64\jre\17.0.12-win32-x86_64\bin\msvcp140.dll
0x00007ffbd45a0000 - 0x00007ffbd520a000 	c:\Users\Munir\.vscode\extensions\redhat.java-1.35.1-win32-x64\jre\17.0.12-win32-x86_64\bin\server\jvm.dll
0x00007ffc41a50000 - 0x00007ffc41b00000 	C:\Windows\System32\ADVAPI32.dll
0x00007ffc414c0000 - 0x00007ffc41560000 	C:\Windows\System32\sechost.dll
0x00007ffc41b00000 - 0x00007ffc41c23000 	C:\Windows\System32\RPCRT4.dll
0x00007ffc3f340000 - 0x00007ffc3f367000 	C:\Windows\System32\bcrypt.dll
0x00007ffc41940000 - 0x00007ffc419ab000 	C:\Windows\System32\WS2_32.dll
0x00007ffc3e840000 - 0x00007ffc3e88b000 	C:\Windows\SYSTEM32\POWRPROF.dll
0x00007ffc3cf20000 - 0x00007ffc3cf47000 	C:\Windows\SYSTEM32\WINMM.dll
0x00007ffc36dd0000 - 0x00007ffc36dda000 	C:\Windows\SYSTEM32\VERSION.dll
0x00007ffc3e700000 - 0x00007ffc3e712000 	C:\Windows\SYSTEM32\UMPDC.dll
0x00007ffc3d960000 - 0x00007ffc3d972000 	C:\Windows\SYSTEM32\kernel.appcore.dll
0x00007ffc29de0000 - 0x00007ffc29dea000 	c:\Users\Munir\.vscode\extensions\redhat.java-1.35.1-win32-x64\jre\17.0.12-win32-x86_64\bin\jimage.dll
0x00007ffc3cd30000 - 0x00007ffc3cf14000 	C:\Windows\SYSTEM32\DBGHELP.DLL
0x00007ffc3ccf0000 - 0x00007ffc3cd24000 	C:\Windows\SYSTEM32\dbgcore.DLL
0x00007ffc3f830000 - 0x00007ffc3f8b2000 	C:\Windows\System32\bcryptPrimitives.dll
0x00007ffc38960000 - 0x00007ffc3896e000 	c:\Users\Munir\.vscode\extensions\redhat.java-1.35.1-win32-x64\jre\17.0.12-win32-x86_64\bin\instrument.dll
0x00007ffc29db0000 - 0x00007ffc29dd5000 	c:\Users\Munir\.vscode\extensions\redhat.java-1.35.1-win32-x64\jre\17.0.12-win32-x86_64\bin\java.dll
0x00007ffc274a0000 - 0x00007ffc274b8000 	c:\Users\Munir\.vscode\extensions\redhat.java-1.35.1-win32-x64\jre\17.0.12-win32-x86_64\bin\zip.dll
0x00007ffc40370000 - 0x00007ffc40adf000 	C:\Windows\System32\SHELL32.dll
0x00007ffc3cf50000 - 0x00007ffc3d6f4000 	C:\Windows\SYSTEM32\windows.storage.dll
0x00007ffc41150000 - 0x00007ffc414a3000 	C:\Windows\System32\combase.dll
0x00007ffc3ec90000 - 0x00007ffc3ecbe000 	C:\Windows\SYSTEM32\Wldp.dll
0x00007ffc41870000 - 0x00007ffc4193d000 	C:\Windows\System32\OLEAUT32.dll
0x00007ffc41090000 - 0x00007ffc4113d000 	C:\Windows\System32\SHCORE.dll
0x00007ffc3fcc0000 - 0x00007ffc3fd15000 	C:\Windows\System32\shlwapi.dll
0x00007ffc3f270000 - 0x00007ffc3f294000 	C:\Windows\SYSTEM32\profapi.dll
0x00007ffc342e0000 - 0x00007ffc342f9000 	C:\Users\Munir\.vscode\extensions\redhat.java-1.35.1-win32-x64\jre\17.0.12-win32-x86_64\bin\net.dll
0x00007ffc395c0000 - 0x00007ffc396cd000 	C:\Windows\SYSTEM32\WINHTTP.dll
0x00007ffc3ea70000 - 0x00007ffc3eada000 	C:\Windows\system32\mswsock.dll
0x00007ffc2c330000 - 0x00007ffc2c346000 	C:\Users\Munir\.vscode\extensions\redhat.java-1.35.1-win32-x64\jre\17.0.12-win32-x86_64\bin\nio.dll
0x00007ffc37ee0000 - 0x00007ffc37ef0000 	c:\Users\Munir\.vscode\extensions\redhat.java-1.35.1-win32-x64\jre\17.0.12-win32-x86_64\bin\verify.dll

dbghelp: loaded successfully - version: 4.0.5 - missing functions: none
symbol engine: initialized successfully - sym options: 0x614 - pdb path: .;c:\Users\Munir\.vscode\extensions\redhat.java-1.35.1-win32-x64\jre\17.0.12-win32-x86_64\bin;C:\Windows\SYSTEM32;C:\Windows\WinSxS\amd64_microsoft.windows.common-controls_6595b64144ccf1df_6.0.19041.4355_none_60b8b9eb71f62e16;c:\Users\Munir\.vscode\extensions\redhat.java-1.35.1-win32-x64\jre\17.0.12-win32-x86_64\bin\server

VM Arguments:
jvm_args: --add-modules=ALL-SYSTEM --add-opens=java.base/java.util=ALL-UNNAMED --add-opens=java.base/java.lang=ALL-UNNAMED --add-opens=java.base/sun.nio.fs=ALL-UNNAMED -Declipse.application=org.eclipse.jdt.ls.core.id1 -Dosgi.bundles.defaultStartLevel=4 -Declipse.product=org.eclipse.jdt.ls.core.product -Djava.import.generatesMetadataFilesAtProjectRoot=false -DDetectVMInstallationsJob.disabled=true -Dfile.encoding=utf8 -XX:+UseParallelGC -XX:GCTimeRatio=4 -XX:AdaptiveSizePolicyWeight=90 -Dsun.zip.disableMemoryMapping=true -Xmx1G -Xms100m -Xlog:disable -javaagent:c:\Users\Munir\.vscode\extensions\redhat.java-1.35.1-win32-x64\lombok\lombok-1.18.33.jar -XX:+HeapDumpOnOutOfMemoryError -XX:HeapDumpPath=c:\Users\Munir\AppData\Roaming\Code\User\workspaceStorage\9a803de960df77599b8e18b4c998566a\redhat.java -Daether.dependencyCollector.impl=bf 
java_command: c:\Users\Munir\.vscode\extensions\redhat.java-1.35.1-win32-x64\server\plugins\org.eclipse.equinox.launcher_1.6.900.v20240613-2009.jar -configuration c:\Users\Munir\AppData\Roaming\Code\User\globalStorage\redhat.java\1.35.1\config_win -data c:\Users\Munir\AppData\Roaming\Code\User\workspaceStorage\9a803de960df77599b8e18b4c998566a\redhat.java\jdt_ws --pipe=\\.\pipe\lsp-47f6ba1dae2d321e368b4ec48ce31e38-sock
java_class_path (initial): c:\Users\Munir\.vscode\extensions\redhat.java-1.35.1-win32-x64\server\plugins\org.eclipse.equinox.launcher_1.6.900.v20240613-2009.jar
Launcher Type: SUN_STANDARD

[Global flags]
    uintx AdaptiveSizePolicyWeight                 = 90                                        {product} {command line}
     intx CICompilerCount                          = 4                                         {product} {ergonomic}
    uintx GCTimeRatio                              = 4                                         {product} {command line}
     bool HeapDumpOnOutOfMemoryError               = true                                   {manageable} {command line}
    ccstr HeapDumpPath                             = c:\Users\Munir\AppData\Roaming\Code\User\workspaceStorage\9a803de960df77599b8e18b4c998566a\redhat.java         {manageable} {command line}
   size_t InitialHeapSize                          = 104857600                                 {product} {command line}
   size_t MaxHeapSize                              = 1073741824                                {product} {command line}
   size_t MaxNewSize                               = 357564416                                 {product} {ergonomic}
   size_t MinHeapDeltaBytes                        = 524288                                    {product} {ergonomic}
   size_t MinHeapSize                              = 104857600                                 {product} {command line}
   size_t NewSize                                  = 34603008                                  {product} {ergonomic}
    uintx NonNMethodCodeHeapSize                   = 5839372                                {pd product} {ergonomic}
    uintx NonProfiledCodeHeapSize                  = 122909434                              {pd product} {ergonomic}
   size_t OldSize                                  = 70254592                                  {product} {ergonomic}
    uintx ProfiledCodeHeapSize                     = 122909434                              {pd product} {ergonomic}
    uintx ReservedCodeCacheSize                    = 251658240                              {pd product} {ergonomic}
     bool SegmentedCodeCache                       = true                                      {product} {ergonomic}
   size_t SoftMaxHeapSize                          = 1073741824                             {manageable} {ergonomic}
     bool UseCompressedClassPointers               = true                           {product lp64_product} {ergonomic}
     bool UseCompressedOops                        = true                           {product lp64_product} {ergonomic}
     bool UseLargePagesIndividualAllocation        = false                                  {pd product} {ergonomic}
     bool UseParallelGC                            = true                                      {product} {command line}

Logging:
Log output configuration:
 #0: stdout all=off uptime,level,tags
 #1: stderr all=off uptime,level,tags

Environment Variables:
JAVA_HOME=C:\Program Files\Java\jdk-11.0.14
PATH=C:\Program Files\Common Files\Oracle\Java\javapath;C:\Program Files\Microsoft\jdk-11.0.16.101-hotspot\bin;C:\Windows\system32;C:\Windows;C:\Windows\System32\Wbem;C:\Windows\System32\WindowsPowerShell\v1.0\;C:\Windows\System32\OpenSSH\;C:\Program Files\dotnet\;C:\Program Files\Microsoft SQL Server\Client SDK\ODBC\170\Tools\Binn\;C:\Program Files\Microsoft SQL Server\150\Tools\Binn\;C:\Program Files (x86)\Microsoft SQL Server\160\DTS\Binn\;C:\Program Files\Azure Data Studio\bin;C:\Program Files\Git\cmd;C:\Program Files\nodejs\;C:\Users\Munir\AppData\Local\Microsoft\WindowsApps;C:\Users\Munir\.dotnet\tools;C:\Program Files\Azure Data Studio\bin;C:\Users\Munir\AppData\Local\Android\Sdk\platform-tools;C:\Program Files\Git\bin;C:\Users\Munir\AppData\Local\GitHubDesktop\bin;C:\Users\Munir\AppData\Roaming\npm;C:\Users\Munir\AppData\Local\Programs\Microsoft VS Code\bin
USERNAME=Munir
OS=Windows_NT
PROCESSOR_IDENTIFIER=Intel64 Family 6 Model 126 Stepping 5, GenuineIntel
TMP=C:\Users\Munir\AppData\Local\Temp
TEMP=C:\Users\Munir\AppData\Local\Temp



Periodic native trim disabled


---------------  S Y S T E M  ---------------

OS:
 Windows 10 , 64 bit Build 19041 (10.0.19041.4957)
OS uptime: 0 days 19:46 hours
Hyper-V role detected

CPU: total 8 (initial active 8) (4 cores per cpu, 2 threads per core) family 6 model 126 stepping 5 microcode 0xc2, cx8, cmov, fxsr, ht, mmx, 3dnowpref, sse, sse2, sse3, ssse3, sse4.1, sse4.2, popcnt, lzcnt, tsc, tscinvbit, avx, avx2, aes, erms, clmul, bmi1, bmi2, adx, avx512f, avx512dq, avx512cd, avx512bw, avx512vl, sha, fma, vzeroupper, avx512_vpopcntdq, avx512_vpclmulqdq, avx512_vaes, avx512_vnni, clflush, clflushopt, avx512_vbmi2, avx512_vbmi, hv
Processor Information for all 8 processors :
  Max Mhz: 1498, Current Mhz: 1298, Mhz Limit: 1288

Memory: 4k page, system-wide physical 16151M (1878M free)
TotalPageFile size 18199M (AvailPageFile size 24M)
current process WorkingSet (physical memory assigned to process): 60M, peak: 61M
current process commit charge ("private bytes"): 199M, peak: 200M

vm_info: OpenJDK 64-Bit Server VM (17.0.12+7) for windows-amd64 JRE (17.0.12+7), built on Jul 16 2024 22:08:24 by "admin" with MS VC++ 16.10 / 16.11 (VS2019)

END.
