#
# There is insufficient memory for the Java Runtime Environment to continue.
# Native memory allocation (malloc) failed to allocate 537776 bytes for Chunk::new
# Possible reasons:
#   The system is out of physical RAM or swap space
#   The process is running with CompressedOops enabled, and the Java Heap may be blocking the growth of the native heap
# Possible solutions:
#   Reduce memory load on the system
#   Increase physical memory or swap space
#   Check if swap backing store is full
#   Decrease Java heap size (-Xmx/-Xms)
#   Decrease number of Java threads
#   Decrease Java thread stack sizes (-Xss)
#   Set larger code cache with -XX:ReservedCodeCacheSize=
#   JVM is running with Zero Based Compressed Oops mode in which the Java heap is
#     placed in the first 32GB address space. The Java Heap base address is the
#     maximum limit for the native heap growth. Please use -XX:HeapBaseMinAddress
#     to set the Java Heap base and to place the Java Heap above 32GB virtual address.
# This output file may be truncated or incomplete.
#
#  Out of Memory Error (./open/src/hotspot/share/memory/arena.cpp:197), pid=11508, tid=21444
#
# JRE version: Java(TM) SE Runtime Environment 18.9 (11.0.14+8) (build 11.0.14+8-LTS-263)
# Java VM: Java HotSpot(TM) 64-Bit Server VM 18.9 (11.0.14+8-LTS-263, mixed mode, tiered, compressed oops, g1 gc, windows-amd64)
# No core dump will be written. Minidumps are not enabled by default on client versions of Windows
#

---------------  S U M M A R Y ------------

Command Line: -XX:MaxMetaspaceSize=1g --add-opens=java.base/java.util=ALL-UNNAMED --add-opens=java.base/java.lang=ALL-UNNAMED --add-opens=java.base/java.lang.invoke=ALL-UNNAMED --add-opens=java.prefs/java.util.prefs=ALL-UNNAMED --add-opens=java.base/java.nio.charset=ALL-UNNAMED --add-opens=java.base/java.net=ALL-UNNAMED --add-opens=java.base/java.util.concurrent.atomic=ALL-UNNAMED -Xmx4g -Dfile.encoding=windows-1252 -Duser.country=US -Duser.language=en -Duser.variant org.gradle.launcher.daemon.bootstrap.GradleDaemon 8.0.1

Host: Intel(R) Core(TM) i7-1065G7 CPU @ 1.30GHz, 8 cores, 15G,  Windows 10 , 64 bit Build 19041 (10.0.19041.4957)
Time: Wed Oct  9 11:24:19 2024 Pakistan Standard Time elapsed time: 14.764597 seconds (0d 0h 0m 14s)

---------------  T H R E A D  ---------------

Current thread (0x00000156d8550000):  JavaThread "C2 CompilerThread2" daemon [_thread_in_native, id=21444, stack(0x00000017c1a00000,0x00000017c1b00000)]


Current CompileTask:
C2:  14764 8809       4       sun.net.www.protocol.jar.Handler::parseURL (212 bytes)

Stack: [0x00000017c1a00000,0x00000017c1b00000]
Native frames: (J=compiled Java code, j=interpreted, Vv=VM code, C=native code)
V  [jvm.dll+0x6296da]
V  [jvm.dll+0x76323f]
V  [jvm.dll+0x7648e9]
V  [jvm.dll+0x764f73]
V  [jvm.dll+0x23d7c8]
V  [jvm.dll+0xb297c]
V  [jvm.dll+0xb2f3c]
V  [jvm.dll+0x340e97]
V  [jvm.dll+0x18cb61]
V  [jvm.dll+0x1f8472]
V  [jvm.dll+0x1f754d]
V  [jvm.dll+0x177b21]
V  [jvm.dll+0x206e26]
V  [jvm.dll+0x204fbb]
V  [jvm.dll+0x729170]
V  [jvm.dll+0x721d44]
V  [jvm.dll+0x6285d6]
C  [ucrtbase.dll+0x21bb2]
C  [KERNEL32.DLL+0x17374]
C  [ntdll.dll+0x4cc91]


---------------  P R O C E S S  ---------------

Threads class SMR info:
_java_thread_list=0x00000156dbe66360, length=69, elements={
0x00000156b4ef0800, 0x00000156d7c2c000, 0x00000156d7c4d000, 0x00000156d853c800,
0x00000156d853f800, 0x00000156d8541000, 0x00000156d8543000, 0x00000156d8544000,
0x00000156d8547000, 0x00000156d86c5000, 0x00000156dabd4000, 0x00000156d9dc9000,
0x00000156dae87000, 0x00000156db2ab800, 0x00000156db64f000, 0x00000156d877f800,
0x00000156da593000, 0x00000156dacbd000, 0x00000156da3c5800, 0x00000156daacc800,
0x00000156daacf800, 0x00000156daad1800, 0x00000156daad0800, 0x00000156daad2000,
0x00000156daad3000, 0x00000156daacd000, 0x00000156daace000, 0x00000156daacf000,
0x00000156dbafb800, 0x00000156dbaf8000, 0x00000156dbaf9000, 0x00000156dbafc000,
0x00000156dbafd000, 0x00000156dbaff800, 0x00000156dbaf9800, 0x00000156d8549000,
0x00000156dbb00800, 0x00000156dbb05000, 0x00000156dbb04800, 0x00000156dbb02000,
0x00000156dbb03800, 0x00000156dbb06000, 0x00000156dbb02800, 0x00000156dbb01000,
0x00000156dbe3c000, 0x00000156dbe3b800, 0x00000156dbe3a800, 0x00000156dbe39000,
0x00000156dbe38000, 0x00000156dbe3d000, 0x00000156dbe37000, 0x00000156dbe3d800,
0x00000156dbe3f800, 0x00000156dbe3e800, 0x00000156dbe39800, 0x00000156dbe42800,
0x00000156dbe43800, 0x00000156dbe44800, 0x00000156dbe42000, 0x00000156dbe41000,
0x00000156dbe45000, 0x00000156dbe46000, 0x00000156dbe40000, 0x00000156dfa16800,
0x00000156dfa15800, 0x00000156dfa12000, 0x00000156dfa14000, 0x00000156dfa13000,
0x00000156d8550000
}

Java Threads: ( => current thread )
  0x00000156b4ef0800 JavaThread "main" [_thread_blocked, id=17436, stack(0x00000017bca00000,0x00000017bcb00000)]
  0x00000156d7c2c000 JavaThread "Reference Handler" daemon [_thread_blocked, id=18352, stack(0x00000017bd100000,0x00000017bd200000)]
  0x00000156d7c4d000 JavaThread "Finalizer" daemon [_thread_blocked, id=5156, stack(0x00000017bd200000,0x00000017bd300000)]
  0x00000156d853c800 JavaThread "Signal Dispatcher" daemon [_thread_blocked, id=9932, stack(0x00000017bd300000,0x00000017bd400000)]
  0x00000156d853f800 JavaThread "Attach Listener" daemon [_thread_blocked, id=8140, stack(0x00000017bd400000,0x00000017bd500000)]
  0x00000156d8541000 JavaThread "Service Thread" daemon [_thread_blocked, id=4068, stack(0x00000017bd500000,0x00000017bd600000)]
  0x00000156d8543000 JavaThread "C2 CompilerThread0" daemon [_thread_in_native, id=19536, stack(0x00000017bd600000,0x00000017bd700000)]
  0x00000156d8544000 JavaThread "C1 CompilerThread0" daemon [_thread_blocked, id=16544, stack(0x00000017bd700000,0x00000017bd800000)]
  0x00000156d8547000 JavaThread "Sweeper thread" daemon [_thread_blocked, id=3396, stack(0x00000017bd800000,0x00000017bd900000)]
  0x00000156d86c5000 JavaThread "Common-Cleaner" daemon [_thread_blocked, id=8940, stack(0x00000017bd900000,0x00000017bda00000)]
  0x00000156dabd4000 JavaThread "Daemon health stats" [_thread_blocked, id=3932, stack(0x00000017be200000,0x00000017be300000)]
  0x00000156d9dc9000 JavaThread "Incoming local TCP Connector on port 57295" [_thread_in_native, id=15932, stack(0x00000017bdb00000,0x00000017bdc00000)]
  0x00000156dae87000 JavaThread "Daemon periodic checks" [_thread_blocked, id=19320, stack(0x00000017be100000,0x00000017be200000)]
  0x00000156db2ab800 JavaThread "Daemon" [_thread_blocked, id=18800, stack(0x00000017be300000,0x00000017be400000)]
  0x00000156db64f000 JavaThread "Handler for socket connection from /127.0.0.1:57295 to /127.0.0.1:57296" [_thread_in_native, id=10048, stack(0x00000017be400000,0x00000017be500000)]
  0x00000156d877f800 JavaThread "Cancel handler" [_thread_blocked, id=6892, stack(0x00000017be500000,0x00000017be600000)]
  0x00000156da593000 JavaThread "Daemon worker" [_thread_blocked, id=13556, stack(0x00000017be600000,0x00000017be700000)]
  0x00000156dacbd000 JavaThread "Asynchronous log dispatcher for DefaultDaemonConnection: socket connection from /127.0.0.1:57295 to /127.0.0.1:57296" [_thread_blocked, id=11568, stack(0x00000017be700000,0x00000017be800000)]
  0x00000156da3c5800 JavaThread "Stdin handler" [_thread_blocked, id=5248, stack(0x00000017be800000,0x00000017be900000)]
  0x00000156daacc800 JavaThread "Daemon client event forwarder" [_thread_blocked, id=6856, stack(0x00000017be900000,0x00000017bea00000)]
  0x00000156daacf800 JavaThread "Cache worker for journal cache (C:\Users\Munir\.gradle\caches\journal-1)" [_thread_blocked, id=7944, stack(0x00000017bea00000,0x00000017beb00000)]
  0x00000156daad1800 JavaThread "File lock request listener" [_thread_in_native, id=21408, stack(0x00000017beb00000,0x00000017bec00000)]
  0x00000156daad0800 JavaThread "Cache worker for file hash cache (C:\Users\Munir\.gradle\caches\8.0.1\fileHashes)" [_thread_blocked, id=11956, stack(0x00000017bef00000,0x00000017bf000000)]
  0x00000156daad2000 JavaThread "File watcher server" daemon [_thread_in_native, id=1180, stack(0x00000017bf200000,0x00000017bf300000)]
  0x00000156daad3000 JavaThread "File watcher consumer" daemon [_thread_blocked, id=17540, stack(0x00000017bf300000,0x00000017bf400000)]
  0x00000156daacd000 JavaThread "Cache worker for checksums cache (C:\Users\Munir\MoviesTask\android\.gradle\8.0.1\checksums)" [_thread_blocked, id=7876, stack(0x00000017bf400000,0x00000017bf500000)]
  0x00000156daace000 JavaThread "Cache worker for cache directory md-rule (C:\Users\Munir\.gradle\caches\8.0.1\md-rule)" [_thread_blocked, id=12256, stack(0x00000017bf500000,0x00000017bf600000)]
  0x00000156daacf000 JavaThread "Cache worker for file content cache (C:\Users\Munir\.gradle\caches\8.0.1\fileContent)" [_thread_blocked, id=15620, stack(0x00000017bf600000,0x00000017bf700000)]
  0x00000156dbafb800 JavaThread "Cache worker for file hash cache (C:\Users\Munir\MoviesTask\android\.gradle\8.0.1\fileHashes)" [_thread_blocked, id=5184, stack(0x00000017bf700000,0x00000017bf800000)]
  0x00000156dbaf8000 JavaThread "Cache worker for cache directory md-supplier (C:\Users\Munir\.gradle\caches\8.0.1\md-supplier)" [_thread_blocked, id=20560, stack(0x00000017bf800000,0x00000017bf900000)]
  0x00000156dbaf9000 JavaThread "Cache worker for execution history cache (C:\Users\Munir\.gradle\caches\8.0.1\executionHistory)" [_thread_blocked, id=17720, stack(0x00000017bf900000,0x00000017bfa00000)]
  0x00000156dbafc000 JavaThread "jar transforms" [_thread_blocked, id=7388, stack(0x00000017bfa00000,0x00000017bfb00000)]
  0x00000156dbafd000 JavaThread "jar transforms Thread 2" [_thread_blocked, id=21488, stack(0x00000017bfb00000,0x00000017bfc00000)]
  0x00000156dbaff800 JavaThread "jar transforms Thread 3" [_thread_blocked, id=13644, stack(0x00000017bfc00000,0x00000017bfd00000)]
  0x00000156dbaf9800 JavaThread "jar transforms Thread 4" [_thread_blocked, id=4624, stack(0x00000017bfd00000,0x00000017bfe00000)]
  0x00000156d8549000 JavaThread "C2 CompilerThread1" daemon [_thread_in_native, id=9100, stack(0x00000017bf000000,0x00000017bf100000)]
  0x00000156dbb00800 JavaThread "Cache worker for kotlin-dsl (C:\Users\Munir\.gradle\caches\8.0.1\kotlin-dsl)" [_thread_blocked, id=18728, stack(0x00000017bfe00000,0x00000017bff00000)]
  0x00000156dbb05000 JavaThread "jar transforms Thread 5" [_thread_blocked, id=11276, stack(0x00000017bff00000,0x00000017c0000000)]
  0x00000156dbb04800 JavaThread "jar transforms Thread 6" [_thread_blocked, id=20352, stack(0x00000017c0000000,0x00000017c0100000)]
  0x00000156dbb02000 JavaThread "Cache worker for dependencies-accessors (C:\Users\Munir\MoviesTask\android\.gradle\8.0.1\dependencies-accessors)" [_thread_blocked, id=7072, stack(0x00000017c0100000,0x00000017c0200000)]
  0x00000156dbb03800 JavaThread "Cache worker for Build Output Cleanup Cache (C:\Users\Munir\MoviesTask\node_modules\@react-native\gradle-plugin\.gradle\buildOutputCleanup)" [_thread_blocked, id=6196, stack(0x00000017c0200000,0x00000017c0300000)]
  0x00000156dbb06000 JavaThread "jar transforms Thread 7" [_thread_blocked, id=13332, stack(0x00000017c0300000,0x00000017c0400000)]
  0x00000156dbb02800 JavaThread "Unconstrained build operations" [_thread_blocked, id=3632, stack(0x00000017bf100000,0x00000017bf200000)]
  0x00000156dbb01000 JavaThread "Unconstrained build operations Thread 2" [_thread_blocked, id=12192, stack(0x00000017c0400000,0x00000017c0500000)]
  0x00000156dbe3c000 JavaThread "Unconstrained build operations Thread 3" [_thread_blocked, id=17192, stack(0x00000017c0500000,0x00000017c0600000)]
  0x00000156dbe3b800 JavaThread "Unconstrained build operations Thread 4" [_thread_blocked, id=1184, stack(0x00000017c0600000,0x00000017c0700000)]
  0x00000156dbe3a800 JavaThread "Unconstrained build operations Thread 5" [_thread_blocked, id=11488, stack(0x00000017c0700000,0x00000017c0800000)]
  0x00000156dbe39000 JavaThread "Unconstrained build operations Thread 6" [_thread_blocked, id=2836, stack(0x00000017c0800000,0x00000017c0900000)]
  0x00000156dbe38000 JavaThread "Unconstrained build operations Thread 7" [_thread_blocked, id=20632, stack(0x00000017c0900000,0x00000017c0a00000)]
  0x00000156dbe3d000 JavaThread "Unconstrained build operations Thread 8" [_thread_blocked, id=16828, stack(0x00000017c0a00000,0x00000017c0b00000)]
  0x00000156dbe37000 JavaThread "Unconstrained build operations Thread 9" [_thread_blocked, id=7836, stack(0x00000017c0b00000,0x00000017c0c00000)]
  0x00000156dbe3d800 JavaThread "Unconstrained build operations Thread 10" [_thread_blocked, id=17272, stack(0x00000017c0c00000,0x00000017c0d00000)]
  0x00000156dbe3f800 JavaThread "Unconstrained build operations Thread 11" [_thread_blocked, id=17052, stack(0x00000017c0d00000,0x00000017c0e00000)]
  0x00000156dbe3e800 JavaThread "Unconstrained build operations Thread 12" [_thread_blocked, id=10268, stack(0x00000017c0e00000,0x00000017c0f00000)]
  0x00000156dbe39800 JavaThread "Unconstrained build operations Thread 13" [_thread_blocked, id=16208, stack(0x00000017c0f00000,0x00000017c1000000)]
  0x00000156dbe42800 JavaThread "Unconstrained build operations Thread 14" [_thread_blocked, id=19840, stack(0x00000017c1000000,0x00000017c1100000)]
  0x00000156dbe43800 JavaThread "Unconstrained build operations Thread 15" [_thread_blocked, id=7432, stack(0x00000017c1100000,0x00000017c1200000)]
  0x00000156dbe44800 JavaThread "Unconstrained build operations Thread 16" [_thread_blocked, id=3336, stack(0x00000017c1200000,0x00000017c1300000)]
  0x00000156dbe42000 JavaThread "Unconstrained build operations Thread 17" [_thread_blocked, id=13088, stack(0x00000017c1300000,0x00000017c1400000)]
  0x00000156dbe41000 JavaThread "Unconstrained build operations Thread 18" [_thread_blocked, id=3316, stack(0x00000017c1400000,0x00000017c1500000)]
  0x00000156dbe45000 JavaThread "Unconstrained build operations Thread 19" [_thread_blocked, id=7864, stack(0x00000017c1500000,0x00000017c1600000)]
  0x00000156dbe46000 JavaThread "Unconstrained build operations Thread 20" [_thread_blocked, id=14320, stack(0x00000017c1600000,0x00000017c1700000)]
  0x00000156dbe40000 JavaThread "jar transforms Thread 8" [_thread_blocked, id=12120, stack(0x00000017c1700000,0x00000017c1800000)]
  0x00000156dfa16800 JavaThread "Memory manager" [_thread_blocked, id=21136, stack(0x00000017c1900000,0x00000017c1a00000)]
  0x00000156dfa15800 JavaThread "Cache worker for Build Output Cleanup Cache (C:\Users\Munir\MoviesTask\android\.gradle\buildOutputCleanup)" [_thread_blocked, id=2780, stack(0x00000017c1800000,0x00000017c1900000)]
  0x00000156dfa12000 JavaThread "included builds" [_thread_blocked, id=11184, stack(0x00000017c1b00000,0x00000017c1c00000)]
  0x00000156dfa14000 JavaThread "Execution worker" [_thread_blocked, id=2004, stack(0x00000017c1c00000,0x00000017c1d00000)]
  0x00000156dfa13000 JavaThread "Cache worker for execution history cache (C:\Users\Munir\MoviesTask\node_modules\@react-native\gradle-plugin\.gradle\8.0.1\executionHistory)" [_thread_blocked, id=9640, stack(0x00000017c1d00000,0x00000017c1e00000)]
=>0x00000156d8550000 JavaThread "C2 CompilerThread2" daemon [_thread_in_native, id=21444, stack(0x00000017c1a00000,0x00000017c1b00000)]

Other Threads:
  0x00000156d7c29800 VMThread "VM Thread" [stack: 0x00000017bd000000,0x00000017bd100000] [id=3800]
  0x00000156d8700000 WatcherThread [stack: 0x00000017bda00000,0x00000017bdb00000] [id=9724]
  0x00000156b4f06800 GCTaskThread "GC Thread#0" [stack: 0x00000017bcb00000,0x00000017bcc00000] [id=7964]
  0x00000156d980c000 GCTaskThread "GC Thread#1" [stack: 0x00000017bdc00000,0x00000017bdd00000] [id=7820]
  0x00000156d99f7000 GCTaskThread "GC Thread#2" [stack: 0x00000017bdd00000,0x00000017bde00000] [id=18032]
  0x00000156d9ca0000 GCTaskThread "GC Thread#3" [stack: 0x00000017bde00000,0x00000017bdf00000] [id=13700]
  0x00000156d94c4800 GCTaskThread "GC Thread#4" [stack: 0x00000017bdf00000,0x00000017be000000] [id=20524]
  0x00000156d9cc5800 GCTaskThread "GC Thread#5" [stack: 0x00000017be000000,0x00000017be100000] [id=13676]
  0x00000156da44c800 GCTaskThread "GC Thread#6" [stack: 0x00000017bec00000,0x00000017bed00000] [id=7888]
  0x00000156da5dc800 GCTaskThread "GC Thread#7" [stack: 0x00000017bed00000,0x00000017bee00000] [id=19576]
  0x00000156b4f63800 ConcurrentGCThread "G1 Main Marker" [stack: 0x00000017bcc00000,0x00000017bcd00000] [id=13648]
  0x00000156b4f64800 ConcurrentGCThread "G1 Conc#0" [stack: 0x00000017bcd00000,0x00000017bce00000] [id=13280]
  0x00000156d9d8f800 ConcurrentGCThread "G1 Conc#1" [stack: 0x00000017bee00000,0x00000017bef00000] [id=19524]
  0x00000156b4fce000 ConcurrentGCThread "G1 Refine#0" [stack: 0x00000017bce00000,0x00000017bcf00000] [id=18580]
  0x00000156d986e800 ConcurrentGCThread "G1 Refine#1" [stack: 0x00000017c1e00000,0x00000017c1f00000] [id=9364]
  0x00000156dafc7000 ConcurrentGCThread "G1 Refine#2" [stack: 0x00000017c1f00000,0x00000017c2000000] [id=9784]
  0x00000156d7b17800 ConcurrentGCThread "G1 Young RemSet Sampling" [stack: 0x00000017bcf00000,0x00000017bd000000] [id=3816]

Threads with active compile tasks:
C2 CompilerThread0  14807 8816       4       sun.reflect.generics.visitor.Reifier::visitClassTypeSignature (381 bytes)
C1 CompilerThread0  14807 8853       3       org.gradle.internal.reflect.PropertyAccessorType::of (101 bytes)
C2 CompilerThread1  14807 8847       4       org.objectweb.asm.Type::equals (147 bytes)
C2 CompilerThread2  14807 8809       4       sun.net.www.protocol.jar.Handler::parseURL (212 bytes)

VM state:not at safepoint (normal execution)

VM Mutex/Monitor currently owned by a thread: None

Heap address: 0x0000000700000000, size: 4096 MB, Compressed Oops mode: Zero based, Oop shift amount: 3
Narrow klass base: 0x0000000800000000, Narrow klass shift: 0
Compressed class space size: 1065353216 Address: 0x0000000800000000

Heap:
 garbage-first heap   total 260096K, used 93894K [0x0000000700000000, 0x0000000800000000)
  region size 1024K, 44 young (45056K), 19 survivors (19456K)
 Metaspace       used 80829K, capacity 83108K, committed 83400K, reserved 1114112K
  class space    used 10586K, capacity 11549K, committed 11648K, reserved 1040384K
Heap Regions: E=young(eden), S=young(survivor), O=old, HS=humongous(starts), HC=humongous(continues), CS=collection set, F=free, A=archive, TAMS=top-at-mark-start (previous, next)
|   0|0x0000000700000000, 0x0000000700100000, 0x0000000700100000|100%|HS|  |TAMS 0x0000000700100000, 0x0000000700000000| Complete 
|   1|0x0000000700100000, 0x0000000700200000, 0x0000000700200000|100%|HC|  |TAMS 0x0000000700200000, 0x0000000700100000| Complete 
|   2|0x0000000700200000, 0x0000000700300000, 0x0000000700300000|100%|HC|  |TAMS 0x0000000700300000, 0x0000000700200000| Complete 
|   3|0x0000000700300000, 0x0000000700400000, 0x0000000700400000|100%|HC|  |TAMS 0x0000000700400000, 0x0000000700300000| Complete 
|   4|0x0000000700400000, 0x0000000700500000, 0x0000000700500000|100%| O|  |TAMS 0x0000000700500000, 0x0000000700400000| Untracked 
|   5|0x0000000700500000, 0x0000000700600000, 0x0000000700600000|100%| O|  |TAMS 0x0000000700600000, 0x0000000700500000| Untracked 
|   6|0x0000000700600000, 0x0000000700700000, 0x0000000700700000|100%| O|  |TAMS 0x0000000700700000, 0x0000000700600000| Untracked 
|   7|0x0000000700700000, 0x0000000700800000, 0x0000000700800000|100%| O|  |TAMS 0x0000000700800000, 0x0000000700700000| Untracked 
|   8|0x0000000700800000, 0x0000000700900000, 0x0000000700900000|100%| O|  |TAMS 0x0000000700900000, 0x0000000700800000| Untracked 
|   9|0x0000000700900000, 0x0000000700a00000, 0x0000000700a00000|100%| O|  |TAMS 0x0000000700a00000, 0x0000000700900000| Untracked 
|  10|0x0000000700a00000, 0x0000000700b00000, 0x0000000700b00000|100%| O|  |TAMS 0x0000000700b00000, 0x0000000700a00000| Untracked 
|  11|0x0000000700b00000, 0x0000000700c00000, 0x0000000700c00000|100%| O|  |TAMS 0x0000000700c00000, 0x0000000700b00000| Untracked 
|  12|0x0000000700c00000, 0x0000000700d00000, 0x0000000700d00000|100%| O|  |TAMS 0x0000000700d00000, 0x0000000700c00000| Untracked 
|  13|0x0000000700d00000, 0x0000000700e00000, 0x0000000700e00000|100%| O|  |TAMS 0x0000000700e00000, 0x0000000700d00000| Untracked 
|  14|0x0000000700e00000, 0x0000000700f00000, 0x0000000700f00000|100%| O|  |TAMS 0x0000000700f00000, 0x0000000700e00000| Untracked 
|  15|0x0000000700f00000, 0x0000000701000000, 0x0000000701000000|100%| O|  |TAMS 0x0000000701000000, 0x0000000700f00000| Untracked 
|  16|0x0000000701000000, 0x0000000701100000, 0x0000000701100000|100%| O|  |TAMS 0x0000000701100000, 0x0000000701000000| Untracked 
|  17|0x0000000701100000, 0x0000000701200000, 0x0000000701200000|100%| O|  |TAMS 0x0000000701200000, 0x0000000701100000| Untracked 
|  18|0x0000000701200000, 0x0000000701300000, 0x0000000701300000|100%| O|  |TAMS 0x0000000701300000, 0x0000000701200000| Untracked 
|  19|0x0000000701300000, 0x0000000701400000, 0x0000000701400000|100%|HS|  |TAMS 0x0000000701400000, 0x0000000701300000| Complete 
|  20|0x0000000701400000, 0x0000000701500000, 0x0000000701500000|100%|HC|  |TAMS 0x0000000701500000, 0x0000000701400000| Complete 
|  21|0x0000000701500000, 0x0000000701600000, 0x0000000701600000|100%|HS|  |TAMS 0x0000000701600000, 0x0000000701500000| Complete 
|  22|0x0000000701600000, 0x0000000701700000, 0x0000000701700000|100%|HC|  |TAMS 0x0000000701700000, 0x0000000701600000| Complete 
|  23|0x0000000701700000, 0x0000000701800000, 0x0000000701800000|100%|HC|  |TAMS 0x0000000701800000, 0x0000000701700000| Complete 
|  24|0x0000000701800000, 0x0000000701900000, 0x0000000701900000|100%|HC|  |TAMS 0x0000000701900000, 0x0000000701800000| Complete 
|  25|0x0000000701900000, 0x0000000701a00000, 0x0000000701a00000|100%| O|  |TAMS 0x0000000701a00000, 0x0000000701900000| Untracked 
|  26|0x0000000701a00000, 0x0000000701b00000, 0x0000000701b00000|100%| O|  |TAMS 0x0000000701b00000, 0x0000000701a00000| Untracked 
|  27|0x0000000701b00000, 0x0000000701c00000, 0x0000000701c00000|100%| O|  |TAMS 0x0000000701c00000, 0x0000000701b00000| Untracked 
|  28|0x0000000701c00000, 0x0000000701d00000, 0x0000000701d00000|100%| O|  |TAMS 0x0000000701d00000, 0x0000000701c00000| Untracked 
|  29|0x0000000701d00000, 0x0000000701e00000, 0x0000000701e00000|100%| O|  |TAMS 0x0000000701e00000, 0x0000000701d00000| Untracked 
|  30|0x0000000701e00000, 0x0000000701f00000, 0x0000000701f00000|100%| O|  |TAMS 0x0000000701f00000, 0x0000000701e00000| Untracked 
|  31|0x0000000701f00000, 0x0000000702000000, 0x0000000702000000|100%| O|  |TAMS 0x0000000702000000, 0x0000000701f00000| Untracked 
|  32|0x0000000702000000, 0x0000000702100000, 0x0000000702100000|100%| O|  |TAMS 0x0000000702100000, 0x0000000702000000| Untracked 
|  33|0x0000000702100000, 0x0000000702200000, 0x0000000702200000|100%| O|  |TAMS 0x0000000702200000, 0x0000000702100000| Untracked 
|  34|0x0000000702200000, 0x0000000702300000, 0x0000000702300000|100%| O|  |TAMS 0x0000000702300000, 0x0000000702200000| Untracked 
|  35|0x0000000702300000, 0x0000000702400000, 0x0000000702400000|100%| O|  |TAMS 0x000000070238fa00, 0x0000000702300000| Untracked 
|  36|0x0000000702400000, 0x0000000702500000, 0x0000000702500000|100%|HS|  |TAMS 0x0000000702400000, 0x0000000702400000| Complete 
|  37|0x0000000702500000, 0x0000000702600000, 0x0000000702600000|100%|HS|  |TAMS 0x0000000702500000, 0x0000000702500000| Complete 
|  38|0x0000000702600000, 0x0000000702600000, 0x0000000702700000|  0%| F|  |TAMS 0x0000000702600000, 0x0000000702600000| Untracked 
|  39|0x0000000702700000, 0x0000000702700000, 0x0000000702800000|  0%| F|  |TAMS 0x0000000702700000, 0x0000000702700000| Untracked 
|  40|0x0000000702800000, 0x0000000702800000, 0x0000000702900000|  0%| F|  |TAMS 0x0000000702800000, 0x0000000702800000| Untracked 
|  41|0x0000000702900000, 0x0000000702900000, 0x0000000702a00000|  0%| F|  |TAMS 0x0000000702900000, 0x0000000702900000| Untracked 
|  42|0x0000000702a00000, 0x0000000702a00000, 0x0000000702b00000|  0%| F|  |TAMS 0x0000000702a00000, 0x0000000702a00000| Untracked 
|  43|0x0000000702b00000, 0x0000000702b00000, 0x0000000702c00000|  0%| F|  |TAMS 0x0000000702b00000, 0x0000000702b00000| Untracked 
|  44|0x0000000702c00000, 0x0000000702c00000, 0x0000000702d00000|  0%| F|  |TAMS 0x0000000702c00000, 0x0000000702c00000| Untracked 
|  45|0x0000000702d00000, 0x0000000702d00000, 0x0000000702e00000|  0%| F|  |TAMS 0x0000000702d00000, 0x0000000702d00000| Untracked 
|  46|0x0000000702e00000, 0x0000000702f00000, 0x0000000702f00000|100%| O|  |TAMS 0x0000000702e00000, 0x0000000702e00000| Untracked 
|  47|0x0000000702f00000, 0x0000000703000000, 0x0000000703000000|100%| O|  |TAMS 0x0000000702f00000, 0x0000000702f00000| Untracked 
|  48|0x0000000703000000, 0x0000000703100000, 0x0000000703100000|100%| O|  |TAMS 0x0000000703000000, 0x0000000703000000| Untracked 
|  49|0x0000000703100000, 0x0000000703200000, 0x0000000703200000|100%| O|  |TAMS 0x0000000703100000, 0x0000000703100000| Untracked 
|  50|0x0000000703200000, 0x0000000703300000, 0x0000000703300000|100%| O|  |TAMS 0x0000000703200000, 0x0000000703200000| Untracked 
|  51|0x0000000703300000, 0x0000000703400000, 0x0000000703400000|100%| O|  |TAMS 0x0000000703300000, 0x0000000703300000| Untracked 
|  52|0x0000000703400000, 0x0000000703500000, 0x0000000703500000|100%| O|  |TAMS 0x0000000703400000, 0x0000000703400000| Untracked 
|  53|0x0000000703500000, 0x0000000703600000, 0x0000000703600000|100%| O|  |TAMS 0x0000000703500000, 0x0000000703500000| Untracked 
|  54|0x0000000703600000, 0x0000000703700000, 0x0000000703700000|100%| O|  |TAMS 0x0000000703600000, 0x0000000703600000| Untracked 
|  55|0x0000000703700000, 0x0000000703800000, 0x0000000703800000|100%| O|  |TAMS 0x0000000703700000, 0x0000000703700000| Untracked 
|  56|0x0000000703800000, 0x00000007038b1800, 0x0000000703900000| 69%| O|  |TAMS 0x0000000703800000, 0x0000000703800000| Untracked 
|  57|0x0000000703900000, 0x0000000703900000, 0x0000000703a00000|  0%| F|  |TAMS 0x0000000703900000, 0x0000000703900000| Untracked 
|  58|0x0000000703a00000, 0x0000000703a00000, 0x0000000703b00000|  0%| F|  |TAMS 0x0000000703a00000, 0x0000000703a00000| Untracked 
|  59|0x0000000703b00000, 0x0000000703b00000, 0x0000000703c00000|  0%| F|  |TAMS 0x0000000703b00000, 0x0000000703b00000| Untracked 
|  60|0x0000000703c00000, 0x0000000703c00000, 0x0000000703d00000|  0%| F|  |TAMS 0x0000000703c00000, 0x0000000703c00000| Untracked 
|  61|0x0000000703d00000, 0x0000000703d00000, 0x0000000703e00000|  0%| F|  |TAMS 0x0000000703d00000, 0x0000000703d00000| Untracked 
|  62|0x0000000703e00000, 0x0000000703e00000, 0x0000000703f00000|  0%| F|  |TAMS 0x0000000703e00000, 0x0000000703e00000| Untracked 
|  63|0x0000000703f00000, 0x0000000703f00000, 0x0000000704000000|  0%| F|  |TAMS 0x0000000703f00000, 0x0000000703f00000| Untracked 
|  64|0x0000000704000000, 0x0000000704000000, 0x0000000704100000|  0%| F|  |TAMS 0x0000000704000000, 0x0000000704000000| Untracked 
|  65|0x0000000704100000, 0x0000000704100000, 0x0000000704200000|  0%| F|  |TAMS 0x0000000704100000, 0x0000000704100000| Untracked 
|  66|0x0000000704200000, 0x0000000704200000, 0x0000000704300000|  0%| F|  |TAMS 0x0000000704200000, 0x0000000704200000| Untracked 
|  67|0x0000000704300000, 0x0000000704300000, 0x0000000704400000|  0%| F|  |TAMS 0x0000000704300000, 0x0000000704300000| Untracked 
|  68|0x0000000704400000, 0x0000000704400000, 0x0000000704500000|  0%| F|  |TAMS 0x0000000704400000, 0x0000000704400000| Untracked 
|  69|0x0000000704500000, 0x0000000704500000, 0x0000000704600000|  0%| F|  |TAMS 0x0000000704500000, 0x0000000704500000| Untracked 
|  70|0x0000000704600000, 0x0000000704600000, 0x0000000704700000|  0%| F|  |TAMS 0x0000000704600000, 0x0000000704600000| Untracked 
|  71|0x0000000704700000, 0x0000000704700000, 0x0000000704800000|  0%| F|  |TAMS 0x0000000704700000, 0x0000000704700000| Untracked 
|  72|0x0000000704800000, 0x0000000704800000, 0x0000000704900000|  0%| F|  |TAMS 0x0000000704800000, 0x0000000704800000| Untracked 
|  73|0x0000000704900000, 0x0000000704900000, 0x0000000704a00000|  0%| F|  |TAMS 0x0000000704900000, 0x0000000704900000| Untracked 
|  74|0x0000000704a00000, 0x0000000704a00000, 0x0000000704b00000|  0%| F|  |TAMS 0x0000000704a00000, 0x0000000704a00000| Untracked 
|  75|0x0000000704b00000, 0x0000000704b00000, 0x0000000704c00000|  0%| F|  |TAMS 0x0000000704b00000, 0x0000000704b00000| Untracked 
|  76|0x0000000704c00000, 0x0000000704c00000, 0x0000000704d00000|  0%| F|  |TAMS 0x0000000704c00000, 0x0000000704c00000| Untracked 
|  77|0x0000000704d00000, 0x0000000704d00000, 0x0000000704e00000|  0%| F|  |TAMS 0x0000000704d00000, 0x0000000704d00000| Untracked 
|  78|0x0000000704e00000, 0x0000000704e00000, 0x0000000704f00000|  0%| F|  |TAMS 0x0000000704e00000, 0x0000000704e00000| Untracked 
|  79|0x0000000704f00000, 0x0000000704f00000, 0x0000000705000000|  0%| F|  |TAMS 0x0000000704f00000, 0x0000000704f00000| Untracked 
|  80|0x0000000705000000, 0x0000000705000000, 0x0000000705100000|  0%| F|  |TAMS 0x0000000705000000, 0x0000000705000000| Untracked 
|  81|0x0000000705100000, 0x0000000705100000, 0x0000000705200000|  0%| F|  |TAMS 0x0000000705100000, 0x0000000705100000| Untracked 
|  82|0x0000000705200000, 0x0000000705200000, 0x0000000705300000|  0%| F|  |TAMS 0x0000000705200000, 0x0000000705200000| Untracked 
|  83|0x0000000705300000, 0x0000000705400000, 0x0000000705400000|100%| S|CS|TAMS 0x0000000705300000, 0x0000000705300000| Complete 
|  84|0x0000000705400000, 0x0000000705500000, 0x0000000705500000|100%| S|CS|TAMS 0x0000000705400000, 0x0000000705400000| Complete 
|  85|0x0000000705500000, 0x0000000705500000, 0x0000000705600000|  0%| F|  |TAMS 0x0000000705500000, 0x0000000705500000| Untracked 
|  86|0x0000000705600000, 0x0000000705600000, 0x0000000705700000|  0%| F|  |TAMS 0x0000000705600000, 0x0000000705600000| Untracked 
|  87|0x0000000705700000, 0x0000000705700000, 0x0000000705800000|  0%| F|  |TAMS 0x0000000705700000, 0x0000000705700000| Untracked 
|  88|0x0000000705800000, 0x0000000705800000, 0x0000000705900000|  0%| F|  |TAMS 0x0000000705800000, 0x0000000705800000| Untracked 
|  89|0x0000000705900000, 0x0000000705900000, 0x0000000705a00000|  0%| F|  |TAMS 0x0000000705900000, 0x0000000705900000| Untracked 
|  90|0x0000000705a00000, 0x0000000705a00000, 0x0000000705b00000|  0%| F|  |TAMS 0x0000000705a00000, 0x0000000705a00000| Untracked 
|  91|0x0000000705b00000, 0x0000000705b00000, 0x0000000705c00000|  0%| F|  |TAMS 0x0000000705b00000, 0x0000000705b00000| Untracked 
|  92|0x0000000705c00000, 0x0000000705c00000, 0x0000000705d00000|  0%| F|  |TAMS 0x0000000705c00000, 0x0000000705c00000| Untracked 
|  93|0x0000000705d00000, 0x0000000705d00000, 0x0000000705e00000|  0%| F|  |TAMS 0x0000000705d00000, 0x0000000705d00000| Untracked 
|  94|0x0000000705e00000, 0x0000000705e00000, 0x0000000705f00000|  0%| F|  |TAMS 0x0000000705e00000, 0x0000000705e00000| Untracked 
|  95|0x0000000705f00000, 0x0000000705f00000, 0x0000000706000000|  0%| F|  |TAMS 0x0000000705f00000, 0x0000000705f00000| Untracked 
|  96|0x0000000706000000, 0x0000000706000000, 0x0000000706100000|  0%| F|  |TAMS 0x0000000706000000, 0x0000000706000000| Untracked 
|  97|0x0000000706100000, 0x0000000706100000, 0x0000000706200000|  0%| F|  |TAMS 0x0000000706100000, 0x0000000706100000| Untracked 
|  98|0x0000000706200000, 0x0000000706200000, 0x0000000706300000|  0%| F|  |TAMS 0x0000000706200000, 0x0000000706200000| Untracked 
|  99|0x0000000706300000, 0x0000000706300000, 0x0000000706400000|  0%| F|  |TAMS 0x0000000706300000, 0x0000000706300000| Untracked 
| 100|0x0000000706400000, 0x0000000706400000, 0x0000000706500000|  0%| F|  |TAMS 0x0000000706400000, 0x0000000706400000| Untracked 
| 101|0x0000000706500000, 0x0000000706500000, 0x0000000706600000|  0%| F|  |TAMS 0x0000000706500000, 0x0000000706500000| Untracked 
| 102|0x0000000706600000, 0x0000000706700000, 0x0000000706700000|100%| S|CS|TAMS 0x0000000706600000, 0x0000000706600000| Complete 
| 103|0x0000000706700000, 0x0000000706800000, 0x0000000706800000|100%| S|CS|TAMS 0x0000000706700000, 0x0000000706700000| Complete 
| 104|0x0000000706800000, 0x0000000706900000, 0x0000000706900000|100%| S|CS|TAMS 0x0000000706800000, 0x0000000706800000| Complete 
| 105|0x0000000706900000, 0x0000000706a00000, 0x0000000706a00000|100%| S|CS|TAMS 0x0000000706900000, 0x0000000706900000| Complete 
| 106|0x0000000706a00000, 0x0000000706b00000, 0x0000000706b00000|100%| S|CS|TAMS 0x0000000706a00000, 0x0000000706a00000| Complete 
| 107|0x0000000706b00000, 0x0000000706c00000, 0x0000000706c00000|100%| S|CS|TAMS 0x0000000706b00000, 0x0000000706b00000| Complete 
| 108|0x0000000706c00000, 0x0000000706d00000, 0x0000000706d00000|100%| S|CS|TAMS 0x0000000706c00000, 0x0000000706c00000| Complete 
| 109|0x0000000706d00000, 0x0000000706e00000, 0x0000000706e00000|100%| S|CS|TAMS 0x0000000706d00000, 0x0000000706d00000| Complete 
| 110|0x0000000706e00000, 0x0000000706f00000, 0x0000000706f00000|100%| S|CS|TAMS 0x0000000706e00000, 0x0000000706e00000| Complete 
| 111|0x0000000706f00000, 0x0000000707000000, 0x0000000707000000|100%| S|CS|TAMS 0x0000000706f00000, 0x0000000706f00000| Complete 
| 112|0x0000000707000000, 0x0000000707100000, 0x0000000707100000|100%| S|CS|TAMS 0x0000000707000000, 0x0000000707000000| Complete 
| 113|0x0000000707100000, 0x0000000707200000, 0x0000000707200000|100%| S|CS|TAMS 0x0000000707100000, 0x0000000707100000| Complete 
| 114|0x0000000707200000, 0x0000000707300000, 0x0000000707300000|100%| S|CS|TAMS 0x0000000707200000, 0x0000000707200000| Complete 
| 115|0x0000000707300000, 0x0000000707400000, 0x0000000707400000|100%| S|CS|TAMS 0x0000000707300000, 0x0000000707300000| Complete 
| 116|0x0000000707400000, 0x0000000707500000, 0x0000000707500000|100%| S|CS|TAMS 0x0000000707400000, 0x0000000707400000| Complete 
| 117|0x0000000707500000, 0x0000000707600000, 0x0000000707600000|100%| S|CS|TAMS 0x0000000707500000, 0x0000000707500000| Complete 
| 118|0x0000000707600000, 0x0000000707700000, 0x0000000707700000|100%| S|CS|TAMS 0x0000000707600000, 0x0000000707600000| Complete 
| 119|0x0000000707700000, 0x0000000707700000, 0x0000000707800000|  0%| F|  |TAMS 0x0000000707700000, 0x0000000707700000| Untracked 
| 120|0x0000000707800000, 0x0000000707800000, 0x0000000707900000|  0%| F|  |TAMS 0x0000000707800000, 0x0000000707800000| Untracked 
| 121|0x0000000707900000, 0x0000000707900000, 0x0000000707a00000|  0%| F|  |TAMS 0x0000000707900000, 0x0000000707900000| Untracked 
| 122|0x0000000707a00000, 0x0000000707a00000, 0x0000000707b00000|  0%| F|  |TAMS 0x0000000707a00000, 0x0000000707a00000| Untracked 
| 123|0x0000000707b00000, 0x0000000707b00000, 0x0000000707c00000|  0%| F|  |TAMS 0x0000000707b00000, 0x0000000707b00000| Untracked 
| 124|0x0000000707c00000, 0x0000000707c00000, 0x0000000707d00000|  0%| F|  |TAMS 0x0000000707c00000, 0x0000000707c00000| Untracked 
| 125|0x0000000707d00000, 0x0000000707d00000, 0x0000000707e00000|  0%| F|  |TAMS 0x0000000707d00000, 0x0000000707d00000| Untracked 
| 126|0x0000000707e00000, 0x0000000707e00000, 0x0000000707f00000|  0%| F|  |TAMS 0x0000000707e00000, 0x0000000707e00000| Untracked 
| 127|0x0000000707f00000, 0x0000000707f00000, 0x0000000708000000|  0%| F|  |TAMS 0x0000000707f00000, 0x0000000707f00000| Untracked 
| 128|0x0000000708000000, 0x0000000708000000, 0x0000000708100000|  0%| F|  |TAMS 0x0000000708000000, 0x0000000708000000| Untracked 
| 129|0x0000000708100000, 0x0000000708100000, 0x0000000708200000|  0%| F|  |TAMS 0x0000000708100000, 0x0000000708100000| Untracked 
| 130|0x0000000708200000, 0x0000000708200000, 0x0000000708300000|  0%| F|  |TAMS 0x0000000708200000, 0x0000000708200000| Untracked 
| 131|0x0000000708300000, 0x0000000708300000, 0x0000000708400000|  0%| F|  |TAMS 0x0000000708300000, 0x0000000708300000| Untracked 
| 132|0x0000000708400000, 0x0000000708400000, 0x0000000708500000|  0%| F|  |TAMS 0x0000000708400000, 0x0000000708400000| Untracked 
| 133|0x0000000708500000, 0x0000000708500000, 0x0000000708600000|  0%| F|  |TAMS 0x0000000708500000, 0x0000000708500000| Untracked 
| 134|0x0000000708600000, 0x0000000708600000, 0x0000000708700000|  0%| F|  |TAMS 0x0000000708600000, 0x0000000708600000| Untracked 
| 135|0x0000000708700000, 0x0000000708700000, 0x0000000708800000|  0%| F|  |TAMS 0x0000000708700000, 0x0000000708700000| Untracked 
| 136|0x0000000708800000, 0x0000000708800000, 0x0000000708900000|  0%| F|  |TAMS 0x0000000708800000, 0x0000000708800000| Untracked 
| 137|0x0000000708900000, 0x0000000708900000, 0x0000000708a00000|  0%| F|  |TAMS 0x0000000708900000, 0x0000000708900000| Untracked 
| 138|0x0000000708a00000, 0x0000000708a00000, 0x0000000708b00000|  0%| F|  |TAMS 0x0000000708a00000, 0x0000000708a00000| Untracked 
| 139|0x0000000708b00000, 0x0000000708b00000, 0x0000000708c00000|  0%| F|  |TAMS 0x0000000708b00000, 0x0000000708b00000| Untracked 
| 140|0x0000000708c00000, 0x0000000708c00000, 0x0000000708d00000|  0%| F|  |TAMS 0x0000000708c00000, 0x0000000708c00000| Untracked 
| 141|0x0000000708d00000, 0x0000000708d00000, 0x0000000708e00000|  0%| F|  |TAMS 0x0000000708d00000, 0x0000000708d00000| Untracked 
| 142|0x0000000708e00000, 0x0000000708e00000, 0x0000000708f00000|  0%| F|  |TAMS 0x0000000708e00000, 0x0000000708e00000| Untracked 
| 143|0x0000000708f00000, 0x0000000708f00000, 0x0000000709000000|  0%| F|  |TAMS 0x0000000708f00000, 0x0000000708f00000| Untracked 
| 144|0x0000000709000000, 0x0000000709000000, 0x0000000709100000|  0%| F|  |TAMS 0x0000000709000000, 0x0000000709000000| Untracked 
| 145|0x0000000709100000, 0x0000000709100000, 0x0000000709200000|  0%| F|  |TAMS 0x0000000709100000, 0x0000000709100000| Untracked 
| 146|0x0000000709200000, 0x0000000709200000, 0x0000000709300000|  0%| F|  |TAMS 0x0000000709200000, 0x0000000709200000| Untracked 
| 147|0x0000000709300000, 0x0000000709300000, 0x0000000709400000|  0%| F|  |TAMS 0x0000000709300000, 0x0000000709300000| Untracked 
| 148|0x0000000709400000, 0x0000000709400000, 0x0000000709500000|  0%| F|  |TAMS 0x0000000709400000, 0x0000000709400000| Untracked 
| 149|0x0000000709500000, 0x0000000709500000, 0x0000000709600000|  0%| F|  |TAMS 0x0000000709500000, 0x0000000709500000| Untracked 
| 150|0x0000000709600000, 0x0000000709600000, 0x0000000709700000|  0%| F|  |TAMS 0x0000000709600000, 0x0000000709600000| Untracked 
| 151|0x0000000709700000, 0x0000000709700000, 0x0000000709800000|  0%| F|  |TAMS 0x0000000709700000, 0x0000000709700000| Untracked 
| 152|0x0000000709800000, 0x0000000709800000, 0x0000000709900000|  0%| F|  |TAMS 0x0000000709800000, 0x0000000709800000| Untracked 
| 153|0x0000000709900000, 0x0000000709900000, 0x0000000709a00000|  0%| F|  |TAMS 0x0000000709900000, 0x0000000709900000| Untracked 
| 154|0x0000000709a00000, 0x0000000709a00000, 0x0000000709b00000|  0%| F|  |TAMS 0x0000000709a00000, 0x0000000709a00000| Untracked 
| 155|0x0000000709b00000, 0x0000000709b00000, 0x0000000709c00000|  0%| F|  |TAMS 0x0000000709b00000, 0x0000000709b00000| Untracked 
| 156|0x0000000709c00000, 0x0000000709c00000, 0x0000000709d00000|  0%| F|  |TAMS 0x0000000709c00000, 0x0000000709c00000| Untracked 
| 157|0x0000000709d00000, 0x0000000709d00000, 0x0000000709e00000|  0%| F|  |TAMS 0x0000000709d00000, 0x0000000709d00000| Untracked 
| 158|0x0000000709e00000, 0x0000000709e00000, 0x0000000709f00000|  0%| F|  |TAMS 0x0000000709e00000, 0x0000000709e00000| Untracked 
| 159|0x0000000709f00000, 0x0000000709f00000, 0x000000070a000000|  0%| F|  |TAMS 0x0000000709f00000, 0x0000000709f00000| Untracked 
| 160|0x000000070a000000, 0x000000070a000000, 0x000000070a100000|  0%| F|  |TAMS 0x000000070a000000, 0x000000070a000000| Untracked 
| 161|0x000000070a100000, 0x000000070a100000, 0x000000070a200000|  0%| F|  |TAMS 0x000000070a100000, 0x000000070a100000| Untracked 
| 162|0x000000070a200000, 0x000000070a200000, 0x000000070a300000|  0%| F|  |TAMS 0x000000070a200000, 0x000000070a200000| Untracked 
| 163|0x000000070a300000, 0x000000070a300000, 0x000000070a400000|  0%| F|  |TAMS 0x000000070a300000, 0x000000070a300000| Untracked 
| 164|0x000000070a400000, 0x000000070a400000, 0x000000070a500000|  0%| F|  |TAMS 0x000000070a400000, 0x000000070a400000| Untracked 
| 165|0x000000070a500000, 0x000000070a500000, 0x000000070a600000|  0%| F|  |TAMS 0x000000070a500000, 0x000000070a500000| Untracked 
| 166|0x000000070a600000, 0x000000070a600000, 0x000000070a700000|  0%| F|  |TAMS 0x000000070a600000, 0x000000070a600000| Untracked 
| 167|0x000000070a700000, 0x000000070a700000, 0x000000070a800000|  0%| F|  |TAMS 0x000000070a700000, 0x000000070a700000| Untracked 
| 168|0x000000070a800000, 0x000000070a800000, 0x000000070a900000|  0%| F|  |TAMS 0x000000070a800000, 0x000000070a800000| Untracked 
| 169|0x000000070a900000, 0x000000070a900000, 0x000000070aa00000|  0%| F|  |TAMS 0x000000070a900000, 0x000000070a900000| Untracked 
| 170|0x000000070aa00000, 0x000000070aa00000, 0x000000070ab00000|  0%| F|  |TAMS 0x000000070aa00000, 0x000000070aa00000| Untracked 
| 171|0x000000070ab00000, 0x000000070ab00000, 0x000000070ac00000|  0%| F|  |TAMS 0x000000070ab00000, 0x000000070ab00000| Untracked 
| 172|0x000000070ac00000, 0x000000070ac00000, 0x000000070ad00000|  0%| F|  |TAMS 0x000000070ac00000, 0x000000070ac00000| Untracked 
| 173|0x000000070ad00000, 0x000000070ad00000, 0x000000070ae00000|  0%| F|  |TAMS 0x000000070ad00000, 0x000000070ad00000| Untracked 
| 174|0x000000070ae00000, 0x000000070ae00000, 0x000000070af00000|  0%| F|  |TAMS 0x000000070ae00000, 0x000000070ae00000| Untracked 
| 175|0x000000070af00000, 0x000000070af00000, 0x000000070b000000|  0%| F|  |TAMS 0x000000070af00000, 0x000000070af00000| Untracked 
| 176|0x000000070b000000, 0x000000070b000000, 0x000000070b100000|  0%| F|  |TAMS 0x000000070b000000, 0x000000070b000000| Untracked 
| 177|0x000000070b100000, 0x000000070b100000, 0x000000070b200000|  0%| F|  |TAMS 0x000000070b100000, 0x000000070b100000| Untracked 
| 178|0x000000070b200000, 0x000000070b200000, 0x000000070b300000|  0%| F|  |TAMS 0x000000070b200000, 0x000000070b200000| Untracked 
| 179|0x000000070b300000, 0x000000070b300000, 0x000000070b400000|  0%| F|  |TAMS 0x000000070b300000, 0x000000070b300000| Untracked 
| 180|0x000000070b400000, 0x000000070b400000, 0x000000070b500000|  0%| F|  |TAMS 0x000000070b400000, 0x000000070b400000| Untracked 
| 181|0x000000070b500000, 0x000000070b500000, 0x000000070b600000|  0%| F|  |TAMS 0x000000070b500000, 0x000000070b500000| Untracked 
| 182|0x000000070b600000, 0x000000070b600000, 0x000000070b700000|  0%| F|  |TAMS 0x000000070b600000, 0x000000070b600000| Untracked 
| 183|0x000000070b700000, 0x000000070b700000, 0x000000070b800000|  0%| F|  |TAMS 0x000000070b700000, 0x000000070b700000| Untracked 
| 184|0x000000070b800000, 0x000000070b800000, 0x000000070b900000|  0%| F|  |TAMS 0x000000070b800000, 0x000000070b800000| Untracked 
| 185|0x000000070b900000, 0x000000070b900000, 0x000000070ba00000|  0%| F|  |TAMS 0x000000070b900000, 0x000000070b900000| Untracked 
| 186|0x000000070ba00000, 0x000000070ba00000, 0x000000070bb00000|  0%| F|  |TAMS 0x000000070ba00000, 0x000000070ba00000| Untracked 
| 187|0x000000070bb00000, 0x000000070bb00000, 0x000000070bc00000|  0%| F|  |TAMS 0x000000070bb00000, 0x000000070bb00000| Untracked 
| 188|0x000000070bc00000, 0x000000070bc00000, 0x000000070bd00000|  0%| F|  |TAMS 0x000000070bc00000, 0x000000070bc00000| Untracked 
| 189|0x000000070bd00000, 0x000000070bd00000, 0x000000070be00000|  0%| F|  |TAMS 0x000000070bd00000, 0x000000070bd00000| Untracked 
| 190|0x000000070be00000, 0x000000070be00000, 0x000000070bf00000|  0%| F|  |TAMS 0x000000070be00000, 0x000000070be00000| Untracked 
| 191|0x000000070bf00000, 0x000000070bf00000, 0x000000070c000000|  0%| F|  |TAMS 0x000000070bf00000, 0x000000070bf00000| Untracked 
| 192|0x000000070c000000, 0x000000070c000000, 0x000000070c100000|  0%| F|  |TAMS 0x000000070c000000, 0x000000070c000000| Untracked 
| 193|0x000000070c100000, 0x000000070c100000, 0x000000070c200000|  0%| F|  |TAMS 0x000000070c100000, 0x000000070c100000| Untracked 
| 194|0x000000070c200000, 0x000000070c200000, 0x000000070c300000|  0%| F|  |TAMS 0x000000070c200000, 0x000000070c200000| Untracked 
| 195|0x000000070c300000, 0x000000070c300000, 0x000000070c400000|  0%| F|  |TAMS 0x000000070c300000, 0x000000070c300000| Untracked 
| 196|0x000000070c400000, 0x000000070c400000, 0x000000070c500000|  0%| F|  |TAMS 0x000000070c400000, 0x000000070c400000| Untracked 
| 197|0x000000070c500000, 0x000000070c500000, 0x000000070c600000|  0%| F|  |TAMS 0x000000070c500000, 0x000000070c500000| Untracked 
| 198|0x000000070c600000, 0x000000070c600000, 0x000000070c700000|  0%| F|  |TAMS 0x000000070c600000, 0x000000070c600000| Untracked 
| 199|0x000000070c700000, 0x000000070c700000, 0x000000070c800000|  0%| F|  |TAMS 0x000000070c700000, 0x000000070c700000| Untracked 
| 200|0x000000070c800000, 0x000000070c800000, 0x000000070c900000|  0%| F|  |TAMS 0x000000070c800000, 0x000000070c800000| Untracked 
| 201|0x000000070c900000, 0x000000070c900000, 0x000000070ca00000|  0%| F|  |TAMS 0x000000070c900000, 0x000000070c900000| Untracked 
| 202|0x000000070ca00000, 0x000000070ca00000, 0x000000070cb00000|  0%| F|  |TAMS 0x000000070ca00000, 0x000000070ca00000| Untracked 
| 203|0x000000070cb00000, 0x000000070cb00000, 0x000000070cc00000|  0%| F|  |TAMS 0x000000070cb00000, 0x000000070cb00000| Untracked 
| 204|0x000000070cc00000, 0x000000070cc00000, 0x000000070cd00000|  0%| F|  |TAMS 0x000000070cc00000, 0x000000070cc00000| Untracked 
| 205|0x000000070cd00000, 0x000000070cd00000, 0x000000070ce00000|  0%| F|  |TAMS 0x000000070cd00000, 0x000000070cd00000| Untracked 
| 206|0x000000070ce00000, 0x000000070ce00000, 0x000000070cf00000|  0%| F|  |TAMS 0x000000070ce00000, 0x000000070ce00000| Untracked 
| 207|0x000000070cf00000, 0x000000070cf00000, 0x000000070d000000|  0%| F|  |TAMS 0x000000070cf00000, 0x000000070cf00000| Untracked 
| 208|0x000000070d000000, 0x000000070d000000, 0x000000070d100000|  0%| F|  |TAMS 0x000000070d000000, 0x000000070d000000| Untracked 
| 209|0x000000070d100000, 0x000000070d100000, 0x000000070d200000|  0%| F|  |TAMS 0x000000070d100000, 0x000000070d100000| Untracked 
| 210|0x000000070d200000, 0x000000070d200000, 0x000000070d300000|  0%| F|  |TAMS 0x000000070d200000, 0x000000070d200000| Untracked 
| 211|0x000000070d300000, 0x000000070d300000, 0x000000070d400000|  0%| F|  |TAMS 0x000000070d300000, 0x000000070d300000| Untracked 
| 212|0x000000070d400000, 0x000000070d400000, 0x000000070d500000|  0%| F|  |TAMS 0x000000070d400000, 0x000000070d400000| Untracked 
| 213|0x000000070d500000, 0x000000070d500000, 0x000000070d600000|  0%| F|  |TAMS 0x000000070d500000, 0x000000070d500000| Untracked 
| 214|0x000000070d600000, 0x000000070d600000, 0x000000070d700000|  0%| F|  |TAMS 0x000000070d600000, 0x000000070d600000| Untracked 
| 215|0x000000070d700000, 0x000000070d700000, 0x000000070d800000|  0%| F|  |TAMS 0x000000070d700000, 0x000000070d700000| Untracked 
| 216|0x000000070d800000, 0x000000070d800000, 0x000000070d900000|  0%| F|  |TAMS 0x000000070d800000, 0x000000070d800000| Untracked 
| 217|0x000000070d900000, 0x000000070d900000, 0x000000070da00000|  0%| F|  |TAMS 0x000000070d900000, 0x000000070d900000| Untracked 
| 218|0x000000070da00000, 0x000000070da00000, 0x000000070db00000|  0%| F|  |TAMS 0x000000070da00000, 0x000000070da00000| Untracked 
| 219|0x000000070db00000, 0x000000070db00000, 0x000000070dc00000|  0%| F|  |TAMS 0x000000070db00000, 0x000000070db00000| Untracked 
| 220|0x000000070dc00000, 0x000000070dc00000, 0x000000070dd00000|  0%| F|  |TAMS 0x000000070dc00000, 0x000000070dc00000| Untracked 
| 221|0x000000070dd00000, 0x000000070dd00000, 0x000000070de00000|  0%| F|  |TAMS 0x000000070dd00000, 0x000000070dd00000| Untracked 
| 222|0x000000070de00000, 0x000000070de00000, 0x000000070df00000|  0%| F|  |TAMS 0x000000070de00000, 0x000000070de00000| Untracked 
| 223|0x000000070df00000, 0x000000070df00000, 0x000000070e000000|  0%| F|  |TAMS 0x000000070df00000, 0x000000070df00000| Untracked 
| 224|0x000000070e000000, 0x000000070e000000, 0x000000070e100000|  0%| F|  |TAMS 0x000000070e000000, 0x000000070e000000| Untracked 
| 225|0x000000070e100000, 0x000000070e100000, 0x000000070e200000|  0%| F|  |TAMS 0x000000070e100000, 0x000000070e100000| Untracked 
| 226|0x000000070e200000, 0x000000070e200000, 0x000000070e300000|  0%| F|  |TAMS 0x000000070e200000, 0x000000070e200000| Untracked 
| 227|0x000000070e300000, 0x000000070e300000, 0x000000070e400000|  0%| F|  |TAMS 0x000000070e300000, 0x000000070e300000| Untracked 
| 228|0x000000070e400000, 0x000000070e480800, 0x000000070e500000| 50%| E|  |TAMS 0x000000070e400000, 0x000000070e400000| Complete 
| 229|0x000000070e500000, 0x000000070e600000, 0x000000070e600000|100%| E|CS|TAMS 0x000000070e500000, 0x000000070e500000| Complete 
| 230|0x000000070e600000, 0x000000070e700000, 0x000000070e700000|100%| E|CS|TAMS 0x000000070e600000, 0x000000070e600000| Complete 
| 231|0x000000070e700000, 0x000000070e800000, 0x000000070e800000|100%| E|CS|TAMS 0x000000070e700000, 0x000000070e700000| Complete 
| 232|0x000000070e800000, 0x000000070e900000, 0x000000070e900000|100%| E|CS|TAMS 0x000000070e800000, 0x000000070e800000| Complete 
| 233|0x000000070e900000, 0x000000070ea00000, 0x000000070ea00000|100%| E|CS|TAMS 0x000000070e900000, 0x000000070e900000| Complete 
| 234|0x000000070ea00000, 0x000000070eb00000, 0x000000070eb00000|100%| E|CS|TAMS 0x000000070ea00000, 0x000000070ea00000| Complete 
| 235|0x000000070eb00000, 0x000000070ec00000, 0x000000070ec00000|100%| E|CS|TAMS 0x000000070eb00000, 0x000000070eb00000| Complete 
| 236|0x000000070ec00000, 0x000000070ed00000, 0x000000070ed00000|100%| E|CS|TAMS 0x000000070ec00000, 0x000000070ec00000| Complete 
| 237|0x000000070ed00000, 0x000000070ee00000, 0x000000070ee00000|100%| E|CS|TAMS 0x000000070ed00000, 0x000000070ed00000| Complete 
| 238|0x000000070ee00000, 0x000000070ef00000, 0x000000070ef00000|100%| E|CS|TAMS 0x000000070ee00000, 0x000000070ee00000| Complete 
| 239|0x000000070ef00000, 0x000000070f000000, 0x000000070f000000|100%| E|CS|TAMS 0x000000070ef00000, 0x000000070ef00000| Complete 
| 240|0x000000070f000000, 0x000000070f100000, 0x000000070f100000|100%| E|CS|TAMS 0x000000070f000000, 0x000000070f000000| Complete 
| 241|0x000000070f100000, 0x000000070f200000, 0x000000070f200000|100%| E|CS|TAMS 0x000000070f100000, 0x000000070f100000| Complete 
| 242|0x000000070f200000, 0x000000070f300000, 0x000000070f300000|100%| E|CS|TAMS 0x000000070f200000, 0x000000070f200000| Complete 
| 243|0x000000070f300000, 0x000000070f400000, 0x000000070f400000|100%| E|CS|TAMS 0x000000070f300000, 0x000000070f300000| Complete 
| 244|0x000000070f400000, 0x000000070f500000, 0x000000070f500000|100%| E|CS|TAMS 0x000000070f400000, 0x000000070f400000| Complete 
| 245|0x000000070f500000, 0x000000070f600000, 0x000000070f600000|100%| E|CS|TAMS 0x000000070f500000, 0x000000070f500000| Complete 
| 246|0x000000070f600000, 0x000000070f700000, 0x000000070f700000|100%| E|CS|TAMS 0x000000070f600000, 0x000000070f600000| Complete 
| 247|0x000000070f700000, 0x000000070f800000, 0x000000070f800000|100%| E|CS|TAMS 0x000000070f700000, 0x000000070f700000| Complete 
| 248|0x000000070f800000, 0x000000070f900000, 0x000000070f900000|100%| E|CS|TAMS 0x000000070f800000, 0x000000070f800000| Complete 
| 249|0x000000070f900000, 0x000000070fa00000, 0x000000070fa00000|100%| E|CS|TAMS 0x000000070f900000, 0x000000070f900000| Complete 
| 250|0x000000070fa00000, 0x000000070fb00000, 0x000000070fb00000|100%| E|CS|TAMS 0x000000070fa00000, 0x000000070fa00000| Complete 
| 251|0x000000070fb00000, 0x000000070fc00000, 0x000000070fc00000|100%| E|CS|TAMS 0x000000070fb00000, 0x000000070fb00000| Complete 
| 252|0x000000070fc00000, 0x000000070fd00000, 0x000000070fd00000|100%| E|CS|TAMS 0x000000070fc00000, 0x000000070fc00000| Complete 
| 253|0x000000070fd00000, 0x000000070fe00000, 0x000000070fe00000|100%| E|CS|TAMS 0x000000070fd00000, 0x000000070fd00000| Complete 

Card table byte_map: [0x00000156cc0b0000,0x00000156cc8b0000] _byte_map_base: 0x00000156c88b0000

Marking Bits (Prev, Next): (CMBitMap*) 0x00000156b4f52740, (CMBitMap*) 0x00000156b4f52708
 Prev Bits: [0x00000156d10b0000, 0x00000156d50b0000)
 Next Bits: [0x00000156cd0b0000, 0x00000156d10b0000)

Polling page: 0x00000156b2f00000

Metaspace:

Usage:
  Non-class:     69.94 MB capacity,    68.65 MB ( 98%) used,     1.05 MB (  2%) free+waste,   253.56 KB ( <1%) overhead. 
      Class:     11.31 MB capacity,    10.34 MB ( 91%) used,   863.83 KB (  7%) free+waste,   124.19 KB (  1%) overhead. 
       Both:     81.25 MB capacity,    78.99 MB ( 97%) used,     1.90 MB (  2%) free+waste,   377.75 KB ( <1%) overhead. 

Virtual space:
  Non-class space:       72.00 MB reserved,      70.07 MB ( 97%) committed 
      Class space:     1016.00 MB reserved,      11.38 MB (  1%) committed 
             Both:        1.06 GB reserved,      81.45 MB (  7%) committed 

Chunk freelists:
   Non-Class:  128 bytes
       Class:  384 bytes
        Both:  512 bytes

CodeHeap 'non-profiled nmethods': size=120000Kb used=5483Kb max_used=5483Kb free=114516Kb
 bounds [0x00000156c4040000, 0x00000156c45a0000, 0x00000156cb570000]
CodeHeap 'profiled nmethods': size=120000Kb used=19025Kb max_used=19025Kb free=100974Kb
 bounds [0x00000156bcb10000, 0x00000156bddb0000, 0x00000156c4040000]
CodeHeap 'non-nmethods': size=5760Kb used=2320Kb max_used=2363Kb free=3440Kb
 bounds [0x00000156bc570000, 0x00000156bc7e0000, 0x00000156bcb10000]
 total_blobs=9751 nmethods=8850 adapters=812
 compilation: enabled
              stopped_count=0, restarted_count=0
 full_count=0

Compilation events (10 events):
Event: 14.703 Thread 0x00000156d8544000 8835       3       org.gradle.internal.instantiation.generator.AbstractClassGenerator$PropertyTypePropertyHandler::applyTo (44 bytes)
Event: 14.703 Thread 0x00000156d8544000 nmethod 8835 0x00000156bdd8f210 code [0x00000156bdd8f400, 0x00000156bdd8f9f8]
Event: 14.703 Thread 0x00000156d8544000 8836       3       org.gradle.internal.instantiation.generator.AbstractClassGenerator$ClassGenerationHandler::applyTo (1 bytes)
Event: 14.703 Thread 0x00000156d8544000 nmethod 8836 0x00000156bdd8fc10 code [0x00000156bdd8fda0, 0x00000156bdd8fe98]
Event: 14.707 Thread 0x00000156d8544000 8837       3       org.gradle.api.internal.collections.DefaultDomainObjectCollectionFactory::newDomainObjectSet (40 bytes)
Event: 14.708 Thread 0x00000156d8544000 nmethod 8837 0x00000156bdd8ff10 code [0x00000156bdd90100, 0x00000156bdd90908]
Event: 14.708 Thread 0x00000156d8544000 8838       3       org.gradle.api.internal.DefaultDomainObjectSet_Decorated::<init> (11 bytes)
Event: 14.710 Thread 0x00000156d8544000 nmethod 8838 0x00000156bdd90b90 code [0x00000156bdd90ee0, 0x00000156bdd92818]
Event: 14.728 Thread 0x00000156d8544000 8840       3       java.lang.invoke.BoundMethodHandle$Species_LL::speciesData (4 bytes)
Event: 14.728 Thread 0x00000156d8544000 nmethod 8840 0x00000156bdd93010 code [0x00000156bdd931a0, 0x00000156bdd932b8]

GC Heap History (10 events):
Event: 8.332 GC heap before
{Heap before GC invocations=6 (full 0):
 garbage-first heap   total 260096K, used 133996K [0x0000000700000000, 0x0000000800000000)
  region size 1024K, 111 young (113664K), 6 survivors (6144K)
 Metaspace       used 42289K, capacity 43424K, committed 43720K, reserved 1079296K
  class space    used 5444K, capacity 5924K, committed 6016K, reserved 1040384K
}
Event: 8.344 GC heap after
{Heap after GC invocations=7 (full 0):
 garbage-first heap   total 260096K, used 31671K [0x0000000700000000, 0x0000000800000000)
  region size 1024K, 14 young (14336K), 14 survivors (14336K)
 Metaspace       used 42289K, capacity 43424K, committed 43720K, reserved 1079296K
  class space    used 5444K, capacity 5924K, committed 6016K, reserved 1040384K
}
Event: 9.762 GC heap before
{Heap before GC invocations=7 (full 0):
 garbage-first heap   total 260096K, used 163767K [0x0000000700000000, 0x0000000800000000)
  region size 1024K, 137 young (140288K), 14 survivors (14336K)
 Metaspace       used 51555K, capacity 53090K, committed 53320K, reserved 1087488K
  class space    used 6749K, capacity 7405K, committed 7424K, reserved 1040384K
}
Event: 9.782 GC heap after
{Heap after GC invocations=8 (full 0):
 garbage-first heap   total 260096K, used 43690K [0x0000000700000000, 0x0000000800000000)
  region size 1024K, 15 young (15360K), 15 survivors (15360K)
 Metaspace       used 51555K, capacity 53090K, committed 53320K, reserved 1087488K
  class space    used 6749K, capacity 7405K, committed 7424K, reserved 1040384K
}
Event: 10.682 GC heap before
{Heap before GC invocations=8 (full 0):
 garbage-first heap   total 260096K, used 107178K [0x0000000700000000, 0x0000000800000000)
  region size 1024K, 78 young (79872K), 15 survivors (15360K)
 Metaspace       used 58224K, capacity 59868K, committed 59976K, reserved 1093632K
  class space    used 7693K, capacity 8391K, committed 8448K, reserved 1040384K
}
Event: 10.694 GC heap after
{Heap after GC invocations=9 (full 0):
 garbage-first heap   total 260096K, used 46654K [0x0000000700000000, 0x0000000800000000)
  region size 1024K, 10 young (10240K), 10 survivors (10240K)
 Metaspace       used 58224K, capacity 59868K, committed 59976K, reserved 1093632K
  class space    used 7693K, capacity 8391K, committed 8448K, reserved 1040384K
}
Event: 12.338 GC heap before
{Heap before GC invocations=10 (full 0):
 garbage-first heap   total 260096K, used 192062K [0x0000000700000000, 0x0000000800000000)
  region size 1024K, 152 young (155648K), 10 survivors (10240K)
 Metaspace       used 67576K, capacity 69652K, committed 69832K, reserved 1101824K
  class space    used 8965K, capacity 9811K, committed 9856K, reserved 1040384K
}
Event: 12.352 GC heap after
{Heap after GC invocations=11 (full 0):
 garbage-first heap   total 260096K, used 53822K [0x0000000700000000, 0x0000000800000000)
  region size 1024K, 17 young (17408K), 17 survivors (17408K)
 Metaspace       used 67576K, capacity 69652K, committed 69832K, reserved 1101824K
  class space    used 8965K, capacity 9811K, committed 9856K, reserved 1040384K
}
Event: 14.403 GC heap before
{Heap before GC invocations=11 (full 0):
 garbage-first heap   total 260096K, used 201278K [0x0000000700000000, 0x0000000800000000)
  region size 1024K, 152 young (155648K), 17 survivors (17408K)
 Metaspace       used 78750K, capacity 81061K, committed 81352K, reserved 1112064K
  class space    used 10336K, capacity 11317K, committed 11392K, reserved 1040384K
}
Event: 14.419 GC heap after
{Heap after GC invocations=12 (full 0):
 garbage-first heap   total 260096K, used 69318K [0x0000000700000000, 0x0000000800000000)
  region size 1024K, 19 young (19456K), 19 survivors (19456K)
 Metaspace       used 78750K, capacity 81061K, committed 81352K, reserved 1112064K
  class space    used 10336K, capacity 11317K, committed 11392K, reserved 1040384K
}

Deoptimization events (10 events):
Event: 14.206 Thread 0x00000156da593000 Uncommon trap: reason=profile_predicate action=maybe_recompile pc=0x00000156c4545090 method=java.math.BigInteger.montReduce([I[III)[I @ 56 c2
Event: 14.207 Thread 0x00000156da593000 Uncommon trap: reason=profile_predicate action=maybe_recompile pc=0x00000156c4545090 method=java.math.BigInteger.montReduce([I[III)[I @ 56 c2
Event: 14.207 Thread 0x00000156da593000 Uncommon trap: reason=profile_predicate action=maybe_recompile pc=0x00000156c4545090 method=java.math.BigInteger.montReduce([I[III)[I @ 56 c2
Event: 14.207 Thread 0x00000156da593000 Uncommon trap: reason=profile_predicate action=maybe_recompile pc=0x00000156c4545090 method=java.math.BigInteger.montReduce([I[III)[I @ 56 c2
Event: 14.256 Thread 0x00000156da593000 Uncommon trap: reason=unstable_if action=reinterpret pc=0x00000156c43baf3c method=java.security.CodeSource.matchCerts(Ljava/security/CodeSource;Z)Z @ 11 c2
Event: 14.362 Thread 0x00000156da593000 Uncommon trap: reason=unstable_if action=reinterpret pc=0x00000156c4301c48 method=java.util.regex.Pattern.has(I)Z @ 6 c2
Event: 14.396 Thread 0x00000156da593000 Uncommon trap: reason=bimorphic_or_optimized_type_check action=maybe_recompile pc=0x00000156c4472d98 method=java.util.AbstractQueue.add(Ljava/lang/Object;)Z @ 2 c2
Event: 14.396 Thread 0x00000156da593000 Uncommon trap: reason=bimorphic_or_optimized_type_check action=maybe_recompile pc=0x00000156c4472d98 method=java.util.AbstractQueue.add(Ljava/lang/Object;)Z @ 2 c2
Event: 14.440 Thread 0x00000156da593000 Uncommon trap: reason=bimorphic_or_optimized_type_check action=maybe_recompile pc=0x00000156c4472d98 method=java.util.AbstractQueue.add(Ljava/lang/Object;)Z @ 2 c2
Event: 14.440 Thread 0x00000156da593000 Uncommon trap: reason=bimorphic_or_optimized_type_check action=maybe_recompile pc=0x00000156c4472d98 method=java.util.AbstractQueue.add(Ljava/lang/Object;)Z @ 2 c2

Classes redefined (0 events):
No events

Internal exceptions (10 events):
Event: 13.607 Thread 0x00000156da593000 Exception <a 'java/security/PrivilegedActionException'{0x000000070b6a6e90}> (0x000000070b6a6e90) thrown at [./open/src/hotspot/share/prims/jvm.cpp, line 1305]
Event: 13.607 Thread 0x00000156da593000 Exception <a 'java/security/PrivilegedActionException'{0x000000070b6aa0c0}> (0x000000070b6aa0c0) thrown at [./open/src/hotspot/share/prims/jvm.cpp, line 1305]
Event: 13.607 Thread 0x00000156da593000 Exception <a 'java/security/PrivilegedActionException'{0x000000070b6ab628}> (0x000000070b6ab628) thrown at [./open/src/hotspot/share/prims/jvm.cpp, line 1305]
Event: 13.756 Thread 0x00000156da593000 Exception <a 'java/lang/NoSuchMethodError'{0x000000070a911b40}: java.lang.invoke.DirectMethodHandle$Holder.invokeStatic(Ljava/lang/Object;Ljava/lang/Object;Ljava/lang/Object;Ljava/lang/Object;Ljava/lang/Object;Ljava/lang/Object;Ljava/lang/Object;Ljava/lan
Event: 13.757 Thread 0x00000156da593000 Exception <a 'java/lang/NoSuchMethodError'{0x000000070a91f580}: java.lang.invoke.DirectMethodHandle$Holder.invokeStatic(Ljava/lang/Object;Ljava/lang/Object;Ljava/lang/Object;Ljava/lang/Object;Ljava/lang/Object;Ljava/lang/Object;Ljava/lang/Object;Ljava/lan
Event: 13.936 Thread 0x00000156da593000 Exception <a 'java/lang/NoSuchMethodError'{0x000000070990ca30}: java.lang.invoke.DirectMethodHandle$Holder.invokeSpecial(Ljava/lang/Object;Ljava/lang/Object;IIILjava/lang/Object;Ljava/lang/Object;Ljava/lang/Object;Ljava/lang/Object;)Ljava/lang/Object;> (0
Event: 13.936 Thread 0x00000156da593000 Exception <a 'java/lang/NoSuchMethodError'{0x0000000709911478}: java.lang.invoke.DelegatingMethodHandle$Holder.reinvoke_L(Ljava/lang/Object;IIILjava/lang/Object;Ljava/lang/Object;Ljava/lang/Object;Ljava/lang/Object;)Ljava/lang/Object;> (0x0000000709911478
Event: 13.987 Thread 0x00000156da593000 Implicit null exception at 0x00000156c43e842b to 0x00000156c43e8734
Event: 14.062 Thread 0x00000156da593000 Implicit null exception at 0x00000156c41d940c to 0x00000156c41d9690
Event: 14.270 Thread 0x00000156da593000 Exception <a 'sun/nio/fs/WindowsException'{0x000000070800a4e8}> (0x000000070800a4e8) thrown at [./open/src/hotspot/share/prims/jni.cpp, line 611]

Events (10 events):
Event: 14.757 loading class com/android/build/gradle/internal/scope/InternalArtifactType$GENERATED_RES
Event: 14.757 loading class com/android/build/gradle/internal/scope/InternalArtifactType$GENERATED_RES done
Event: 14.757 loading class com/android/build/gradle/internal/scope/InternalArtifactType$RENDERSCRIPT_SOURCE_OUTPUT_DIR
Event: 14.757 loading class com/android/build/gradle/internal/scope/InternalArtifactType$RENDERSCRIPT_SOURCE_OUTPUT_DIR done
Event: 14.758 loading class com/android/build/gradle/internal/scope/InternalArtifactType$DATA_BINDING_BASE_CLASS_SOURCE_OUT
Event: 14.758 loading class com/android/build/gradle/internal/scope/InternalArtifactType$DATA_BINDING_BASE_CLASS_SOURCE_OUT done
Event: 14.758 loading class com/android/build/gradle/internal/scope/InternalArtifactType$AIDL_SOURCE_OUTPUT_DIR
Event: 14.758 loading class com/android/build/gradle/internal/scope/InternalArtifactType$AIDL_SOURCE_OUTPUT_DIR done
Event: 14.758 loading class com/android/builder/model/Variant
Event: 14.758 loading class com/android/builder/model/Variant done


Dynamic libraries:
0x00007ff791d20000 - 0x00007ff791d2f000 	C:\Program Files\Java\jdk-11.0.14\bin\java.exe
0x00007ffc41c90000 - 0x00007ffc41e88000 	C:\Windows\SYSTEM32\ntdll.dll
0x00007ffc41560000 - 0x00007ffc41622000 	C:\Windows\System32\KERNEL32.DLL
0x00007ffc3f370000 - 0x00007ffc3f66e000 	C:\Windows\System32\KERNELBASE.dll
0x00007ffc3f8c0000 - 0x00007ffc3f9c0000 	C:\Windows\System32\ucrtbase.dll
0x00007ffc32d40000 - 0x00007ffc32d58000 	C:\Program Files\Java\jdk-11.0.14\bin\jli.dll
0x00007ffc32d60000 - 0x00007ffc32d75000 	C:\Program Files\Java\jdk-11.0.14\bin\VCRUNTIME140.dll
0x00007ffc41a50000 - 0x00007ffc41b00000 	C:\Windows\System32\ADVAPI32.dll
0x00007ffc419b0000 - 0x00007ffc41a4e000 	C:\Windows\System32\msvcrt.dll
0x00007ffc414c0000 - 0x00007ffc41560000 	C:\Windows\System32\sechost.dll
0x00007ffc41b00000 - 0x00007ffc41c23000 	C:\Windows\System32\RPCRT4.dll
0x00007ffc3f340000 - 0x00007ffc3f367000 	C:\Windows\System32\bcrypt.dll
0x00007ffc40090000 - 0x00007ffc4022d000 	C:\Windows\System32\USER32.dll
0x00007ffc3f800000 - 0x00007ffc3f822000 	C:\Windows\System32\win32u.dll
0x00007ffc26da0000 - 0x00007ffc2703a000 	C:\Windows\WinSxS\amd64_microsoft.windows.common-controls_6595b64144ccf1df_6.0.19041.4355_none_60b8b9eb71f62e16\COMCTL32.dll
0x00007ffc41630000 - 0x00007ffc4165b000 	C:\Windows\System32\GDI32.dll
0x00007ffc3f670000 - 0x00007ffc3f787000 	C:\Windows\System32\gdi32full.dll
0x00007ffc3fa10000 - 0x00007ffc3faad000 	C:\Windows\System32\msvcp_win.dll
0x00007ffc36dd0000 - 0x00007ffc36dda000 	C:\Windows\SYSTEM32\VERSION.dll
0x00007ffc40fe0000 - 0x00007ffc4100f000 	C:\Windows\System32\IMM32.DLL
0x00007ffc29f60000 - 0x00007ffc29ffb000 	C:\Program Files\Java\jdk-11.0.14\bin\msvcp140.dll
0x00007ffbd2760000 - 0x00007ffbd3276000 	C:\Program Files\Java\jdk-11.0.14\bin\server\jvm.dll
0x00007ffc414b0000 - 0x00007ffc414b8000 	C:\Windows\System32\PSAPI.DLL
0x00007ffc3ae20000 - 0x00007ffc3ae29000 	C:\Windows\SYSTEM32\WSOCK32.dll
0x00007ffc3cf20000 - 0x00007ffc3cf47000 	C:\Windows\SYSTEM32\WINMM.dll
0x00007ffc41940000 - 0x00007ffc419ab000 	C:\Windows\System32\WS2_32.dll
0x00007ffc3d960000 - 0x00007ffc3d972000 	C:\Windows\SYSTEM32\kernel.appcore.dll
0x00007ffc32aa0000 - 0x00007ffc32ab0000 	C:\Program Files\Java\jdk-11.0.14\bin\verify.dll
0x00007ffc3cd30000 - 0x00007ffc3cf14000 	C:\Windows\SYSTEM32\DBGHELP.DLL
0x00007ffc3ccf0000 - 0x00007ffc3cd24000 	C:\Windows\SYSTEM32\dbgcore.DLL
0x00007ffc3f830000 - 0x00007ffc3f8b2000 	C:\Windows\System32\bcryptPrimitives.dll
0x00007ffc29f30000 - 0x00007ffc29f58000 	C:\Program Files\Java\jdk-11.0.14\bin\java.dll
0x00007ffc2c8d0000 - 0x00007ffc2c8da000 	C:\Program Files\Java\jdk-11.0.14\bin\jimage.dll
0x00007ffc29f10000 - 0x00007ffc29f26000 	C:\Program Files\Java\jdk-11.0.14\bin\zip.dll
0x00007ffc40370000 - 0x00007ffc40adf000 	C:\Windows\System32\SHELL32.dll
0x00007ffc3cf50000 - 0x00007ffc3d6f4000 	C:\Windows\SYSTEM32\windows.storage.dll
0x00007ffc41150000 - 0x00007ffc414a3000 	C:\Windows\System32\combase.dll
0x00007ffc3ec90000 - 0x00007ffc3ecbe000 	C:\Windows\SYSTEM32\Wldp.dll
0x00007ffc41870000 - 0x00007ffc4193d000 	C:\Windows\System32\OLEAUT32.dll
0x00007ffc41090000 - 0x00007ffc4113d000 	C:\Windows\System32\SHCORE.dll
0x00007ffc3fcc0000 - 0x00007ffc3fd15000 	C:\Windows\System32\shlwapi.dll
0x00007ffc3f270000 - 0x00007ffc3f294000 	C:\Windows\SYSTEM32\profapi.dll
0x00007ffc29ef0000 - 0x00007ffc29f09000 	C:\Program Files\Java\jdk-11.0.14\bin\net.dll
0x00007ffc395c0000 - 0x00007ffc396cd000 	C:\Windows\SYSTEM32\WINHTTP.dll
0x00007ffc3ea70000 - 0x00007ffc3eada000 	C:\Windows\system32\mswsock.dll
0x00007ffc29ed0000 - 0x00007ffc29ee2000 	C:\Program Files\Java\jdk-11.0.14\bin\nio.dll
0x00007ffc3a5a0000 - 0x00007ffc3a5c7000 	C:\Users\Munir\.gradle\native\68d5fa5c4cc2d200863cafc0d521ce42e7d3e7ee720ec0a83991735586a16f82\windows-amd64\native-platform.dll
0x00007ffbe80b0000 - 0x00007ffbe81f4000 	C:\Users\Munir\.gradle\native\e376f236ea51e6404a007f0833ffe2c6e607c4080706a723a18a27aeea778392\windows-amd64\native-platform-file-events.dll
0x00007ffc29ec0000 - 0x00007ffc29ec9000 	C:\Program Files\Java\jdk-11.0.14\bin\management.dll
0x00007ffc29eb0000 - 0x00007ffc29ebb000 	C:\Program Files\Java\jdk-11.0.14\bin\management_ext.dll
0x00007ffc3ecd0000 - 0x00007ffc3ece8000 	C:\Windows\SYSTEM32\CRYPTSP.dll
0x00007ffc3e340000 - 0x00007ffc3e374000 	C:\Windows\system32\rsaenh.dll
0x00007ffc3f230000 - 0x00007ffc3f25e000 	C:\Windows\SYSTEM32\USERENV.dll
0x00007ffc3ec00000 - 0x00007ffc3ec0c000 	C:\Windows\SYSTEM32\CRYPTBASE.dll
0x00007ffc3e720000 - 0x00007ffc3e75b000 	C:\Windows\SYSTEM32\IPHLPAPI.DLL
0x00007ffc41140000 - 0x00007ffc41148000 	C:\Windows\System32\NSI.dll
0x00007ffc3b250000 - 0x00007ffc3b267000 	C:\Windows\SYSTEM32\dhcpcsvc6.DLL
0x00007ffc3b030000 - 0x00007ffc3b04d000 	C:\Windows\SYSTEM32\dhcpcsvc.DLL
0x00007ffc3e760000 - 0x00007ffc3e82a000 	C:\Windows\SYSTEM32\DNSAPI.dll

dbghelp: loaded successfully - version: 4.0.5 - missing functions: none
symbol engine: initialized successfully - sym options: 0x614 - pdb path: .;C:\Program Files\Java\jdk-11.0.14\bin;C:\Windows\SYSTEM32;C:\Windows\WinSxS\amd64_microsoft.windows.common-controls_6595b64144ccf1df_6.0.19041.4355_none_60b8b9eb71f62e16;C:\Program Files\Java\jdk-11.0.14\bin\server;C:\Users\Munir\.gradle\native\68d5fa5c4cc2d200863cafc0d521ce42e7d3e7ee720ec0a83991735586a16f82\windows-amd64;C:\Users\Munir\.gradle\native\e376f236ea51e6404a007f0833ffe2c6e607c4080706a723a18a27aeea778392\windows-amd64

VM Arguments:
jvm_args: -XX:MaxMetaspaceSize=1g --add-opens=java.base/java.util=ALL-UNNAMED --add-opens=java.base/java.lang=ALL-UNNAMED --add-opens=java.base/java.lang.invoke=ALL-UNNAMED --add-opens=java.prefs/java.util.prefs=ALL-UNNAMED --add-opens=java.base/java.nio.charset=ALL-UNNAMED --add-opens=java.base/java.net=ALL-UNNAMED --add-opens=java.base/java.util.concurrent.atomic=ALL-UNNAMED -Xmx4g -Dfile.encoding=windows-1252 -Duser.country=US -Duser.language=en -Duser.variant 
java_command: org.gradle.launcher.daemon.bootstrap.GradleDaemon 8.0.1
java_class_path (initial): C:\Users\Munir\.gradle\wrapper\dists\gradle-8.0.1-all\aro4hu1c3oeioove7l0i4i14o\gradle-8.0.1\lib\gradle-launcher-8.0.1.jar
Launcher Type: SUN_STANDARD

[Global flags]
     intx CICompilerCount                          = 4                                         {product} {ergonomic}
   size_t CompressedClassSpaceSize                 = 1065353216                                {product} {ergonomic}
     uint ConcGCThreads                            = 2                                         {product} {ergonomic}
     uint G1ConcRefinementThreads                  = 8                                         {product} {ergonomic}
   size_t G1HeapRegionSize                         = 1048576                                   {product} {ergonomic}
    uintx GCDrainStackTargetSize                   = 64                                        {product} {ergonomic}
   size_t InitialHeapSize                          = 266338304                                 {product} {ergonomic}
   size_t MarkStackSize                            = 4194304                                   {product} {ergonomic}
   size_t MaxHeapSize                              = 4294967296                                {product} {command line}
   size_t MaxMetaspaceSize                         = 1073741824                                {product} {command line}
   size_t MaxNewSize                               = 2576351232                                {product} {ergonomic}
   size_t MinHeapDeltaBytes                        = 1048576                                   {product} {ergonomic}
    uintx NonNMethodCodeHeapSize                   = 5836300                                {pd product} {ergonomic}
    uintx NonProfiledCodeHeapSize                  = 122910970                              {pd product} {ergonomic}
    uintx ProfiledCodeHeapSize                     = 122910970                              {pd product} {ergonomic}
    uintx ReservedCodeCacheSize                    = 251658240                              {pd product} {ergonomic}
     bool SegmentedCodeCache                       = true                                      {product} {ergonomic}
     bool UseCompressedClassPointers               = true                                 {lp64_product} {ergonomic}
     bool UseCompressedOops                        = true                                 {lp64_product} {ergonomic}
     bool UseG1GC                                  = true                                      {product} {ergonomic}
     bool UseLargePagesIndividualAllocation        = false                                  {pd product} {ergonomic}

Logging:
Log output configuration:
 #0: stdout all=warning uptime,level,tags
 #1: stderr all=off uptime,level,tags

Environment Variables:
JAVA_HOME=C:\Program Files\Java\jdk-11.0.14
CLASSPATH=C:\Users\Munir\MoviesTask\android\\gradle\wrapper\gradle-wrapper.jar
PATH=C:\Program Files\Common Files\Oracle\Java\javapath;C:\Program Files\Microsoft\jdk-11.0.16.101-hotspot\bin;C:\Windows\system32;C:\Windows;C:\Windows\System32\Wbem;C:\Windows\System32\WindowsPowerShell\v1.0\;C:\Windows\System32\OpenSSH\;C:\Program Files\dotnet\;C:\Program Files\Microsoft SQL Server\Client SDK\ODBC\170\Tools\Binn\;C:\Program Files\Microsoft SQL Server\150\Tools\Binn\;C:\Program Files (x86)\Microsoft SQL Server\160\DTS\Binn\;C:\Program Files\Azure Data Studio\bin;C:\Program Files\Git\cmd;C:\Program Files\nodejs\;C:\Users\Munir\AppData\Local\Microsoft\WindowsApps;C:\Users\Munir\.dotnet\tools;C:\Program Files\Azure Data Studio\bin;C:\Users\Munir\AppData\Local\Android\Sdk\platform-tools;C:\Program Files\Git\bin;C:\Users\Munir\AppData\Local\GitHubDesktop\bin;C:\Users\Munir\AppData\Roaming\npm;C:\Users\Munir\AppData\Local\Programs\Microsoft VS Code\bin
USERNAME=Munir
OS=Windows_NT
PROCESSOR_IDENTIFIER=Intel64 Family 6 Model 126 Stepping 5, GenuineIntel



---------------  S Y S T E M  ---------------

OS: Windows 10 , 64 bit Build 19041 (10.0.19041.4957)
Hyper-V role detected

CPU:total 8 (initial active 8) (4 cores per cpu, 2 threads per core) family 6 model 126 stepping 5 microcode 0xc2, cmov, cx8, fxsr, mmx, sse, sse2, sse3, ssse3, sse4.1, sse4.2, popcnt, avx, avx2, aes, clmul, erms, 3dnowpref, lzcnt, ht, tsc, tscinvbit, bmi1, bmi2, adx, evex, sha, fma

Memory: 4k page, system-wide physical 16151M (2376M free)
TotalPageFile size 18199M (AvailPageFile size 5M)
current process WorkingSet (physical memory assigned to process): 473M, peak: 474M
current process commit charge ("private bytes"): 548M, peak: 549M

vm_info: Java HotSpot(TM) 64-Bit Server VM (11.0.14+8-LTS-263) for windows-amd64 JRE (11.0.14+8-LTS-263), built on Dec  7 2021 21:53:57 by "mach5one" with MS VC++ 15.9 (VS2017)

END.
