#
# There is insufficient memory for the Java Runtime Environment to continue.
# Native memory allocation (malloc) failed to allocate 1217936 bytes for Chunk::new
# Possible reasons:
#   The system is out of physical RAM or swap space
#   The process is running with CompressedOops enabled, and the Java Heap may be blocking the growth of the native heap
# Possible solutions:
#   Reduce memory load on the system
#   Increase physical memory or swap space
#   Check if swap backing store is full
#   Decrease Java heap size (-Xmx/-Xms)
#   Decrease number of Java threads
#   Decrease Java thread stack sizes (-Xss)
#   Set larger code cache with -XX:ReservedCodeCacheSize=
#   JVM is running with Unscaled Compressed Oops mode in which the Java heap is
#     placed in the first 4GB address space. The Java Heap base address is the
#     maximum limit for the native heap growth. Please use -XX:HeapBaseMinAddress
#     to set the Java Heap base and to place the Java Heap above 4GB virtual address.
# This output file may be truncated or incomplete.
#
#  Out of Memory Error (./open/src/hotspot/share/memory/arena.cpp:197), pid=2268, tid=20468
#
# JRE version: Java(TM) SE Runtime Environment 18.9 (11.0.14+8) (build 11.0.14+8-LTS-263)
# Java VM: Java HotSpot(TM) 64-Bit Server VM 18.9 (11.0.14+8-LTS-263, mixed mode, tiered, compressed oops, g1 gc, windows-amd64)
# No core dump will be written. Minidumps are not enabled by default on client versions of Windows
#

---------------  S U M M A R Y ------------

Command Line: -XX:MaxMetaspaceSize=512m --add-opens=java.base/java.util=ALL-UNNAMED --add-opens=java.base/java.lang=ALL-UNNAMED --add-opens=java.base/java.lang.invoke=ALL-UNNAMED --add-opens=java.prefs/java.util.prefs=ALL-UNNAMED --add-opens=java.base/java.nio.charset=ALL-UNNAMED --add-opens=java.base/java.net=ALL-UNNAMED --add-opens=java.base/java.util.concurrent.atomic=ALL-UNNAMED -Xmx2048m -Dfile.encoding=windows-1252 -Duser.country=US -Duser.language=en -Duser.variant org.gradle.launcher.daemon.bootstrap.GradleDaemon 8.0.1

Host: Intel(R) Core(TM) i7-1065G7 CPU @ 1.30GHz, 8 cores, 15G,  Windows 10 , 64 bit Build 19041 (10.0.19041.4957)
Time: Thu Oct 10 09:42:46 2024 Pakistan Standard Time elapsed time: 2257.435541 seconds (0d 0h 37m 37s)

---------------  T H R E A D  ---------------

Current thread (0x000001d152e25000):  JavaThread "C2 CompilerThread0" daemon [_thread_in_native, id=20468, stack(0x0000009383500000,0x0000009383600000)]


Current CompileTask:
C2:2257435 20680       4       org.gradle.api.internal.DefaultDomainObjectCollection::all (119 bytes)

Stack: [0x0000009383500000,0x0000009383600000]
Native frames: (J=compiled Java code, j=interpreted, Vv=VM code, C=native code)
V  [jvm.dll+0x6296da]
V  [jvm.dll+0x76323f]
V  [jvm.dll+0x7648e9]
V  [jvm.dll+0x764f73]
V  [jvm.dll+0x23d7c8]
V  [jvm.dll+0xb297c]
V  [jvm.dll+0xb2f3c]
V  [jvm.dll+0x340e52]
V  [jvm.dll+0x30e803]
V  [jvm.dll+0x30db4a]
V  [jvm.dll+0x1f8365]
V  [jvm.dll+0x1f754d]
V  [jvm.dll+0x177b21]
V  [jvm.dll+0x206e26]
V  [jvm.dll+0x204fbb]
V  [jvm.dll+0x729170]
V  [jvm.dll+0x721d44]
V  [jvm.dll+0x6285d6]
C  [ucrtbase.dll+0x21bb2]
C  [KERNEL32.DLL+0x17374]
C  [ntdll.dll+0x4cc91]


---------------  P R O C E S S  ---------------

Threads class SMR info:
_java_thread_list=0x000001d1534bb430, length=135, elements={
0x000001d134571800, 0x000001d152597800, 0x000001d1525a0000, 0x000001d152dda000,
0x000001d152ddd000, 0x000001d152e24000, 0x000001d152e25000, 0x000001d152e2e800,
0x000001d152e33000, 0x000001d152f99000, 0x000001d1557be800, 0x000001d155da0800,
0x000001d154095000, 0x000001d155b7e000, 0x000001d155b7f800, 0x000001d155b81800,
0x000001d155b7c800, 0x000001d155b7f000, 0x000001d155b7d000, 0x000001d156295800,
0x000001d156292800, 0x000001d156293000, 0x000001d156a80800, 0x000001d156a7c800,
0x000001d156a83000, 0x000001d156a7e800, 0x000001d156a80000, 0x000001d156a7f000,
0x000001d159b1d000, 0x000001d158579000, 0x000001d15bc5d000, 0x000001d15bc60800,
0x000001d15bc61000, 0x000001d15bc5b800, 0x000001d15bc5e800, 0x000001d15bc5e000,
0x000001d15bc5f800, 0x000001d15bc67000, 0x000001d15bc67800, 0x000001d15bc62000,
0x000001d15bc63800, 0x000001d15bc64800, 0x000001d15bc65800, 0x000001d15bc63000,
0x000001d15bc69800, 0x000001d15bc68800, 0x000001d15bc66000, 0x000001d15bc6a000,
0x000001d15db53000, 0x000001d15db55000, 0x000001d15db54000, 0x000001d15db56800,
0x000001d15db52800, 0x000001d15db5b800, 0x000001d15db55800, 0x000001d15db57800,
0x000001d15db5d000, 0x000001d15db5e000, 0x000001d15db58000, 0x000001d15db5e800,
0x000001d15db5c000, 0x000001d15db59000, 0x000001d15db5f800, 0x000001d15db59800,
0x000001d15db60800, 0x000001d15db61000, 0x000001d15857a000, 0x000001d15857b000,
0x000001d15857b800, 0x000001d158576000, 0x000001d15857c800, 0x000001d158577000,
0x000001d158577800, 0x000001d15857d800, 0x000001d15857e000, 0x000001d158578800,
0x000001d15857f000, 0x000001d158580000, 0x000001d158580800, 0x000001d158581800,
0x000001d158583000, 0x000001d158582000, 0x000001d158584000, 0x000001d158584800,
0x000001d153e4c000, 0x000001d153e4d000, 0x000001d153e50000, 0x000001d153e4f000,
0x000001d153e4d800, 0x000001d153e4e800, 0x000001d153e51000, 0x000001d153e4b000,
0x000001d153e52800, 0x000001d153e56800, 0x000001d153e57800, 0x000001d153e55000,
0x000001d153e51800, 0x000001d153e59000, 0x000001d153e53800, 0x000001d153e58000,
0x000001d153e55800, 0x000001d153e54000, 0x000001d159b18000, 0x000001d159b19000,
0x000001d159b17800, 0x000001d159b15800, 0x000001d159b1a000, 0x000001d159b16800,
0x000001d159b1a800, 0x000001d159b15000, 0x000001d159b20800, 0x000001d159b1e000,
0x000001d159b21000, 0x000001d159b1c000, 0x000001d159b1b800, 0x000001d159b1e800,
0x000001d159b1f800, 0x000001d159b22000, 0x000001d159b23000, 0x000001d156a7d800,
0x000001d156a87800, 0x000001d156a85000, 0x000001d156a88000, 0x000001d156a84000,
0x000001d156a89000, 0x000001d156a86800, 0x000001d156a89800, 0x000001d156a8b800,
0x000001d156a8a800, 0x000001d156a85800, 0x000001d155b7b800, 0x000001d155b82000,
0x000001d155b80800, 0x000001d15889a000, 0x000001d158896800
}

Java Threads: ( => current thread )
  0x000001d134571800 JavaThread "main" [_thread_blocked, id=17216, stack(0x0000009382900000,0x0000009382a00000)]
  0x000001d152597800 JavaThread "Reference Handler" daemon [_thread_blocked, id=10712, stack(0x0000009383000000,0x0000009383100000)]
  0x000001d1525a0000 JavaThread "Finalizer" daemon [_thread_blocked, id=24376, stack(0x0000009383100000,0x0000009383200000)]
  0x000001d152dda000 JavaThread "Signal Dispatcher" daemon [_thread_blocked, id=21632, stack(0x0000009383200000,0x0000009383300000)]
  0x000001d152ddd000 JavaThread "Attach Listener" daemon [_thread_blocked, id=21700, stack(0x0000009383300000,0x0000009383400000)]
  0x000001d152e24000 JavaThread "Service Thread" daemon [_thread_blocked, id=12100, stack(0x0000009383400000,0x0000009383500000)]
=>0x000001d152e25000 JavaThread "C2 CompilerThread0" daemon [_thread_in_native, id=20468, stack(0x0000009383500000,0x0000009383600000)]
  0x000001d152e2e800 JavaThread "C1 CompilerThread0" daemon [_thread_blocked, id=5004, stack(0x0000009383600000,0x0000009383700000)]
  0x000001d152e33000 JavaThread "Sweeper thread" daemon [_thread_blocked, id=16868, stack(0x0000009383700000,0x0000009383800000)]
  0x000001d152f99000 JavaThread "Common-Cleaner" daemon [_thread_blocked, id=10908, stack(0x0000009383800000,0x0000009383900000)]
  0x000001d1557be800 JavaThread "Daemon health stats" [_thread_blocked, id=24404, stack(0x0000009384100000,0x0000009384200000)]
  0x000001d155da0800 JavaThread "Incoming local TCP Connector on port 58533" [_thread_in_native, id=9336, stack(0x0000009383a00000,0x0000009383b00000)]
  0x000001d154095000 JavaThread "Daemon periodic checks" [_thread_blocked, id=2112, stack(0x0000009383b00000,0x0000009383c00000)]
  0x000001d155b7e000 JavaThread "Cache worker for journal cache (C:\Users\Munir\.gradle\caches\journal-1)" [_thread_blocked, id=15964, stack(0x0000009384900000,0x0000009384a00000)]
  0x000001d155b7f800 JavaThread "File lock request listener" [_thread_in_native, id=3312, stack(0x0000009384a00000,0x0000009384b00000)]
  0x000001d155b81800 JavaThread "Cache worker for file hash cache (C:\Users\Munir\.gradle\caches\8.0.1\fileHashes)" [_thread_blocked, id=19780, stack(0x0000009384e00000,0x0000009384f00000)]
  0x000001d155b7c800 JavaThread "File watcher server" daemon [_thread_in_native, id=6044, stack(0x0000009385100000,0x0000009385200000)]
  0x000001d155b7f000 JavaThread "File watcher consumer" daemon [_thread_blocked, id=9772, stack(0x0000009385200000,0x0000009385300000)]
  0x000001d155b7d000 JavaThread "Cache worker for file content cache (C:\Users\Munir\.gradle\caches\8.0.1\fileContent)" [_thread_blocked, id=19416, stack(0x0000009385400000,0x0000009385500000)]
  0x000001d156295800 JavaThread "Cache worker for execution history cache (C:\Users\Munir\.gradle\caches\8.0.1\executionHistory)" [_thread_blocked, id=20816, stack(0x0000009385700000,0x0000009385800000)]
  0x000001d156292800 JavaThread "jar transforms" [_thread_blocked, id=22428, stack(0x0000009385900000,0x0000009385a00000)]
  0x000001d156293000 JavaThread "jar transforms Thread 2" [_thread_blocked, id=20672, stack(0x0000009385a00000,0x0000009385b00000)]
  0x000001d156a80800 JavaThread "jar transforms Thread 3" [_thread_blocked, id=15280, stack(0x0000009385b00000,0x0000009385c00000)]
  0x000001d156a7c800 JavaThread "jar transforms Thread 4" [_thread_blocked, id=17904, stack(0x0000009385c00000,0x0000009385d00000)]
  0x000001d156a83000 JavaThread "Cache worker for kotlin-dsl (C:\Users\Munir\.gradle\caches\8.0.1\kotlin-dsl)" [_thread_blocked, id=21108, stack(0x0000009385d00000,0x0000009385e00000)]
  0x000001d156a7e800 JavaThread "jar transforms Thread 5" [_thread_blocked, id=5464, stack(0x0000009385e00000,0x0000009385f00000)]
  0x000001d156a80000 JavaThread "jar transforms Thread 6" [_thread_blocked, id=13464, stack(0x0000009385f00000,0x0000009386000000)]
  0x000001d156a7f000 JavaThread "jar transforms Thread 7" [_thread_blocked, id=18868, stack(0x0000009386200000,0x0000009386300000)]
  0x000001d159b1d000 JavaThread "jar transforms Thread 8" [_thread_blocked, id=18952, stack(0x0000009387c00000,0x0000009387d00000)]
  0x000001d158579000 JavaThread "Memory manager" [_thread_blocked, id=21852, stack(0x0000009387e00000,0x0000009387f00000)]
  0x000001d15bc5d000 JavaThread "Daemon Thread 3" [_thread_blocked, id=22224, stack(0x0000009382600000,0x0000009382700000)]
  0x000001d15bc60800 JavaThread "Handler for socket connection from /127.0.0.1:58533 to /127.0.0.1:59818" [_thread_in_native, id=9328, stack(0x0000009382700000,0x0000009382800000)]
  0x000001d15bc61000 JavaThread "Cancel handler" [_thread_blocked, id=4892, stack(0x0000009382800000,0x0000009382900000)]
  0x000001d15bc5b800 JavaThread "Daemon worker Thread 3" [_thread_in_vm, id=23972, stack(0x0000009384200000,0x0000009384300000)]
  0x000001d15bc5e800 JavaThread "Asynchronous log dispatcher for DefaultDaemonConnection: socket connection from /127.0.0.1:58533 to /127.0.0.1:59818" [_thread_blocked, id=23220, stack(0x0000009384300000,0x0000009384400000)]
  0x000001d15bc5e000 JavaThread "Stdin handler" [_thread_blocked, id=19096, stack(0x0000009384400000,0x0000009384500000)]
  0x000001d15bc5f800 JavaThread "Daemon client event forwarder" [_thread_blocked, id=23224, stack(0x0000009384500000,0x0000009384600000)]
  0x000001d15bc67000 JavaThread "Cache worker for checksums cache (C:\Users\Munir\MoviesTask\android\.gradle\8.0.1\checksums)" [_thread_blocked, id=8884, stack(0x0000009384600000,0x0000009384700000)]
  0x000001d15bc67800 JavaThread "Cache worker for cache directory md-rule (C:\Users\Munir\.gradle\caches\8.0.1\md-rule)" [_thread_blocked, id=21336, stack(0x0000009384700000,0x0000009384800000)]
  0x000001d15bc62000 JavaThread "Cache worker for file hash cache (C:\Users\Munir\MoviesTask\android\.gradle\8.0.1\fileHashes)" [_thread_blocked, id=14604, stack(0x0000009384800000,0x0000009384900000)]
  0x000001d15bc63800 JavaThread "Cache worker for cache directory md-supplier (C:\Users\Munir\.gradle\caches\8.0.1\md-supplier)" [_thread_blocked, id=21592, stack(0x0000009384f00000,0x0000009385000000)]
  0x000001d15bc64800 JavaThread "Cache worker for dependencies-accessors (C:\Users\Munir\MoviesTask\android\.gradle\8.0.1\dependencies-accessors)" [_thread_blocked, id=13792, stack(0x0000009385000000,0x0000009385100000)]
  0x000001d15bc65800 JavaThread "Cache worker for Build Output Cleanup Cache (C:\Users\Munir\MoviesTask\node_modules\@react-native\gradle-plugin\.gradle\buildOutputCleanup)" [_thread_blocked, id=1784, stack(0x0000009385500000,0x0000009385600000)]
  0x000001d15bc63000 JavaThread "Unconstrained build operations" [_thread_blocked, id=23908, stack(0x0000009385800000,0x0000009385900000)]
  0x000001d15bc69800 JavaThread "Unconstrained build operations Thread 2" [_thread_blocked, id=23476, stack(0x0000009386000000,0x0000009386100000)]
  0x000001d15bc68800 JavaThread "Unconstrained build operations Thread 3" [_thread_blocked, id=15660, stack(0x0000009386100000,0x0000009386200000)]
  0x000001d15bc66000 JavaThread "Unconstrained build operations Thread 4" [_thread_blocked, id=14896, stack(0x0000009386300000,0x0000009386400000)]
  0x000001d15bc6a000 JavaThread "Unconstrained build operations Thread 5" [_thread_blocked, id=5852, stack(0x0000009386400000,0x0000009386500000)]
  0x000001d15db53000 JavaThread "Unconstrained build operations Thread 6" [_thread_blocked, id=12904, stack(0x0000009386500000,0x0000009386600000)]
  0x000001d15db55000 JavaThread "Unconstrained build operations Thread 7" [_thread_blocked, id=21328, stack(0x0000009386600000,0x0000009386700000)]
  0x000001d15db54000 JavaThread "Unconstrained build operations Thread 8" [_thread_blocked, id=16488, stack(0x0000009386700000,0x0000009386800000)]
  0x000001d15db56800 JavaThread "Unconstrained build operations Thread 9" [_thread_blocked, id=11252, stack(0x0000009386800000,0x0000009386900000)]
  0x000001d15db52800 JavaThread "Unconstrained build operations Thread 10" [_thread_blocked, id=20804, stack(0x0000009386900000,0x0000009386a00000)]
  0x000001d15db5b800 JavaThread "Unconstrained build operations Thread 11" [_thread_blocked, id=20528, stack(0x0000009386a00000,0x0000009386b00000)]
  0x000001d15db55800 JavaThread "Unconstrained build operations Thread 12" [_thread_blocked, id=6336, stack(0x0000009386b00000,0x0000009386c00000)]
  0x000001d15db57800 JavaThread "Unconstrained build operations Thread 13" [_thread_blocked, id=22420, stack(0x0000009386c00000,0x0000009386d00000)]
  0x000001d15db5d000 JavaThread "Unconstrained build operations Thread 14" [_thread_blocked, id=16112, stack(0x0000009386d00000,0x0000009386e00000)]
  0x000001d15db5e000 JavaThread "Unconstrained build operations Thread 15" [_thread_blocked, id=21816, stack(0x0000009386e00000,0x0000009386f00000)]
  0x000001d15db58000 JavaThread "Unconstrained build operations Thread 16" [_thread_blocked, id=16336, stack(0x0000009386f00000,0x0000009387000000)]
  0x000001d15db5e800 JavaThread "Unconstrained build operations Thread 17" [_thread_blocked, id=23884, stack(0x0000009387000000,0x0000009387100000)]
  0x000001d15db5c000 JavaThread "Unconstrained build operations Thread 18" [_thread_blocked, id=9900, stack(0x0000009387100000,0x0000009387200000)]
  0x000001d15db59000 JavaThread "Unconstrained build operations Thread 19" [_thread_blocked, id=19800, stack(0x0000009387200000,0x0000009387300000)]
  0x000001d15db5f800 JavaThread "Unconstrained build operations Thread 20" [_thread_blocked, id=20748, stack(0x0000009387300000,0x0000009387400000)]
  0x000001d15db59800 JavaThread "Unconstrained build operations Thread 21" [_thread_blocked, id=19688, stack(0x0000009387400000,0x0000009387500000)]
  0x000001d15db60800 JavaThread "Unconstrained build operations Thread 22" [_thread_blocked, id=780, stack(0x0000009387500000,0x0000009387600000)]
  0x000001d15db61000 JavaThread "Unconstrained build operations Thread 23" [_thread_blocked, id=24240, stack(0x0000009387600000,0x0000009387700000)]
  0x000001d15857a000 JavaThread "Unconstrained build operations Thread 24" [_thread_blocked, id=3800, stack(0x0000009387700000,0x0000009387800000)]
  0x000001d15857b000 JavaThread "Unconstrained build operations Thread 25" [_thread_blocked, id=6724, stack(0x0000009387800000,0x0000009387900000)]
  0x000001d15857b800 JavaThread "Unconstrained build operations Thread 26" [_thread_blocked, id=22580, stack(0x0000009387900000,0x0000009387a00000)]
  0x000001d158576000 JavaThread "Cache worker for Build Output Cleanup Cache (C:\Users\Munir\MoviesTask\android\.gradle\buildOutputCleanup)" [_thread_blocked, id=15548, stack(0x0000009387a00000,0x0000009387b00000)]
  0x000001d15857c800 JavaThread "included builds" [_thread_blocked, id=21720, stack(0x0000009387b00000,0x0000009387c00000)]
  0x000001d158577000 JavaThread "Execution worker" [_thread_blocked, id=22800, stack(0x0000009387d00000,0x0000009387e00000)]
  0x000001d158577800 JavaThread "Execution worker Thread 2" [_thread_blocked, id=13064, stack(0x0000009387f00000,0x0000009388000000)]
  0x000001d15857d800 JavaThread "Execution worker Thread 3" [_thread_blocked, id=5332, stack(0x0000009388000000,0x0000009388100000)]
  0x000001d15857e000 JavaThread "Execution worker Thread 4" [_thread_blocked, id=20924, stack(0x0000009388100000,0x0000009388200000)]
  0x000001d158578800 JavaThread "Execution worker Thread 5" [_thread_blocked, id=24252, stack(0x0000009388200000,0x0000009388300000)]
  0x000001d15857f000 JavaThread "Execution worker Thread 6" [_thread_blocked, id=20440, stack(0x0000009388300000,0x0000009388400000)]
  0x000001d158580000 JavaThread "Execution worker Thread 7" [_thread_blocked, id=2908, stack(0x0000009388400000,0x0000009388500000)]
  0x000001d158580800 JavaThread "Cache worker for execution history cache (C:\Users\Munir\MoviesTask\node_modules\@react-native\gradle-plugin\.gradle\8.0.1\executionHistory)" [_thread_blocked, id=18444, stack(0x0000009388500000,0x0000009388600000)]
  0x000001d158581800 JavaThread "Unconstrained build operations Thread 27" [_thread_blocked, id=23764, stack(0x0000009388600000,0x0000009388700000)]
  0x000001d158583000 JavaThread "Unconstrained build operations Thread 28" [_thread_blocked, id=22432, stack(0x0000009388700000,0x0000009388800000)]
  0x000001d158582000 JavaThread "Unconstrained build operations Thread 29" [_thread_blocked, id=22128, stack(0x0000009388800000,0x0000009388900000)]
  0x000001d158584000 JavaThread "Unconstrained build operations Thread 30" [_thread_blocked, id=2352, stack(0x0000009388900000,0x0000009388a00000)]
  0x000001d158584800 JavaThread "Unconstrained build operations Thread 31" [_thread_blocked, id=3052, stack(0x0000009388a00000,0x0000009388b00000)]
  0x000001d153e4c000 JavaThread "Unconstrained build operations Thread 32" [_thread_blocked, id=23984, stack(0x0000009388b00000,0x0000009388c00000)]
  0x000001d153e4d000 JavaThread "Unconstrained build operations Thread 33" [_thread_blocked, id=21644, stack(0x0000009388c00000,0x0000009388d00000)]
  0x000001d153e50000 JavaThread "Unconstrained build operations Thread 34" [_thread_blocked, id=19588, stack(0x0000009388d00000,0x0000009388e00000)]
  0x000001d153e4f000 JavaThread "Unconstrained build operations Thread 35" [_thread_blocked, id=9684, stack(0x0000009388e00000,0x0000009388f00000)]
  0x000001d153e4d800 JavaThread "Unconstrained build operations Thread 36" [_thread_blocked, id=13836, stack(0x0000009388f00000,0x0000009389000000)]
  0x000001d153e4e800 JavaThread "Unconstrained build operations Thread 37" [_thread_blocked, id=5504, stack(0x0000009389000000,0x0000009389100000)]
  0x000001d153e51000 JavaThread "Unconstrained build operations Thread 38" [_thread_blocked, id=23756, stack(0x0000009389100000,0x0000009389200000)]
  0x000001d153e4b000 JavaThread "Unconstrained build operations Thread 39" [_thread_blocked, id=4524, stack(0x0000009389200000,0x0000009389300000)]
  0x000001d153e52800 JavaThread "Unconstrained build operations Thread 40" [_thread_blocked, id=23460, stack(0x0000009389300000,0x0000009389400000)]
  0x000001d153e56800 JavaThread "Unconstrained build operations Thread 41" [_thread_blocked, id=16348, stack(0x0000009389400000,0x0000009389500000)]
  0x000001d153e57800 JavaThread "Unconstrained build operations Thread 42" [_thread_blocked, id=9540, stack(0x0000009389500000,0x0000009389600000)]
  0x000001d153e55000 JavaThread "Unconstrained build operations Thread 43" [_thread_blocked, id=19844, stack(0x0000009389600000,0x0000009389700000)]
  0x000001d153e51800 JavaThread "Unconstrained build operations Thread 44" [_thread_blocked, id=17236, stack(0x0000009389700000,0x0000009389800000)]
  0x000001d153e59000 JavaThread "Unconstrained build operations Thread 45" [_thread_blocked, id=16476, stack(0x0000009389800000,0x0000009389900000)]
  0x000001d153e53800 JavaThread "Unconstrained build operations Thread 46" [_thread_blocked, id=9852, stack(0x0000009389900000,0x0000009389a00000)]
  0x000001d153e58000 JavaThread "Unconstrained build operations Thread 47" [_thread_blocked, id=14320, stack(0x0000009389a00000,0x0000009389b00000)]
  0x000001d153e55800 JavaThread "Unconstrained build operations Thread 48" [_thread_blocked, id=3888, stack(0x0000009389b00000,0x0000009389c00000)]
  0x000001d153e54000 JavaThread "Unconstrained build operations Thread 49" [_thread_blocked, id=18472, stack(0x0000009389c00000,0x0000009389d00000)]
  0x000001d159b18000 JavaThread "Unconstrained build operations Thread 50" [_thread_blocked, id=8784, stack(0x0000009389d00000,0x0000009389e00000)]
  0x000001d159b19000 JavaThread "Unconstrained build operations Thread 51" [_thread_blocked, id=23516, stack(0x0000009389e00000,0x0000009389f00000)]
  0x000001d159b17800 JavaThread "Unconstrained build operations Thread 52" [_thread_blocked, id=19364, stack(0x0000009389f00000,0x000000938a000000)]
  0x000001d159b15800 JavaThread "Unconstrained build operations Thread 53" [_thread_blocked, id=14656, stack(0x000000938a000000,0x000000938a100000)]
  0x000001d159b1a000 JavaThread "Unconstrained build operations Thread 54" [_thread_blocked, id=14668, stack(0x000000938a100000,0x000000938a200000)]
  0x000001d159b16800 JavaThread "Unconstrained build operations Thread 55" [_thread_blocked, id=1924, stack(0x000000938a200000,0x000000938a300000)]
  0x000001d159b1a800 JavaThread "Unconstrained build operations Thread 56" [_thread_blocked, id=3316, stack(0x000000938a300000,0x000000938a400000)]
  0x000001d159b15000 JavaThread "Unconstrained build operations Thread 57" [_thread_blocked, id=21996, stack(0x000000938a400000,0x000000938a500000)]
  0x000001d159b20800 JavaThread "Unconstrained build operations Thread 58" [_thread_blocked, id=16808, stack(0x000000938a500000,0x000000938a600000)]
  0x000001d159b1e000 JavaThread "Unconstrained build operations Thread 59" [_thread_blocked, id=23052, stack(0x000000938a600000,0x000000938a700000)]
  0x000001d159b21000 JavaThread "Unconstrained build operations Thread 60" [_thread_blocked, id=15768, stack(0x000000938a700000,0x000000938a800000)]
  0x000001d159b1c000 JavaThread "Unconstrained build operations Thread 61" [_thread_blocked, id=16904, stack(0x000000938a800000,0x000000938a900000)]
  0x000001d159b1b800 JavaThread "Unconstrained build operations Thread 62" [_thread_blocked, id=17992, stack(0x000000938a900000,0x000000938aa00000)]
  0x000001d159b1e800 JavaThread "Unconstrained build operations Thread 63" [_thread_blocked, id=23804, stack(0x000000938aa00000,0x000000938ab00000)]
  0x000001d159b1f800 JavaThread "Unconstrained build operations Thread 64" [_thread_blocked, id=17676, stack(0x000000938ab00000,0x000000938ac00000)]
  0x000001d159b22000 JavaThread "Unconstrained build operations Thread 65" [_thread_blocked, id=24104, stack(0x000000938ac00000,0x000000938ad00000)]
  0x000001d159b23000 JavaThread "Unconstrained build operations Thread 66" [_thread_blocked, id=15536, stack(0x000000938ad00000,0x000000938ae00000)]
  0x000001d156a7d800 JavaThread "Unconstrained build operations Thread 67" [_thread_blocked, id=16332, stack(0x000000938ae00000,0x000000938af00000)]
  0x000001d156a87800 JavaThread "Unconstrained build operations Thread 68" [_thread_blocked, id=20496, stack(0x000000938af00000,0x000000938b000000)]
  0x000001d156a85000 JavaThread "Unconstrained build operations Thread 69" [_thread_blocked, id=20756, stack(0x000000938b000000,0x000000938b100000)]
  0x000001d156a88000 JavaThread "Unconstrained build operations Thread 70" [_thread_blocked, id=13688, stack(0x000000938b100000,0x000000938b200000)]
  0x000001d156a84000 JavaThread "Unconstrained build operations Thread 71" [_thread_blocked, id=3264, stack(0x000000938b200000,0x000000938b300000)]
  0x000001d156a89000 JavaThread "Unconstrained build operations Thread 72" [_thread_blocked, id=7740, stack(0x000000938b300000,0x000000938b400000)]
  0x000001d156a86800 JavaThread "Unconstrained build operations Thread 73" [_thread_blocked, id=2848, stack(0x000000938b400000,0x000000938b500000)]
  0x000001d156a89800 JavaThread "Unconstrained build operations Thread 74" [_thread_blocked, id=20676, stack(0x000000938b500000,0x000000938b600000)]
  0x000001d156a8b800 JavaThread "Unconstrained build operations Thread 75" [_thread_blocked, id=12060, stack(0x000000938b600000,0x000000938b700000)]
  0x000001d156a8a800 JavaThread "Unconstrained build operations Thread 76" [_thread_blocked, id=20092, stack(0x000000938b700000,0x000000938b800000)]
  0x000001d156a85800 JavaThread "Unconstrained build operations Thread 77" [_thread_blocked, id=7444, stack(0x000000938b800000,0x000000938b900000)]
  0x000001d155b7b800 JavaThread "Unconstrained build operations Thread 78" [_thread_blocked, id=17940, stack(0x000000938b900000,0x000000938ba00000)]
  0x000001d155b82000 JavaThread "Unconstrained build operations Thread 79" [_thread_blocked, id=8316, stack(0x000000938ba00000,0x000000938bb00000)]
  0x000001d155b80800 JavaThread "Unconstrained build operations Thread 80" [_thread_blocked, id=12544, stack(0x000000938bb00000,0x000000938bc00000)]
  0x000001d15889a000 JavaThread "C2 CompilerThread1" daemon [_thread_blocked, id=3692, stack(0x0000009385300000,0x0000009385400000)]
  0x000001d158896800 JavaThread "C2 CompilerThread2" daemon [_thread_in_native, id=21964, stack(0x0000009385600000,0x0000009385700000)]

Other Threads:
  0x000001d152595800 VMThread "VM Thread" [stack: 0x0000009382f00000,0x0000009383000000] [id=18528]
  0x000001d152fdc800 WatcherThread [stack: 0x0000009383900000,0x0000009383a00000] [id=13852]
  0x000001d134586000 GCTaskThread "GC Thread#0" [stack: 0x0000009382a00000,0x0000009382b00000] [id=20156]
  0x000001d1547ef000 GCTaskThread "GC Thread#1" [stack: 0x0000009383c00000,0x0000009383d00000] [id=20344]
  0x000001d1548ce800 GCTaskThread "GC Thread#2" [stack: 0x0000009383d00000,0x0000009383e00000] [id=24116]
  0x000001d154703800 GCTaskThread "GC Thread#3" [stack: 0x0000009383e00000,0x0000009383f00000] [id=8652]
  0x000001d15435d000 GCTaskThread "GC Thread#4" [stack: 0x0000009383f00000,0x0000009384000000] [id=17948]
  0x000001d154a6f000 GCTaskThread "GC Thread#5" [stack: 0x0000009384000000,0x0000009384100000] [id=23768]
  0x000001d154a6c000 GCTaskThread "GC Thread#6" [stack: 0x0000009384b00000,0x0000009384c00000] [id=23944]
  0x000001d154a68800 GCTaskThread "GC Thread#7" [stack: 0x0000009384c00000,0x0000009384d00000] [id=1396]
  0x000001d1345b7800 ConcurrentGCThread "G1 Main Marker" [stack: 0x0000009382b00000,0x0000009382c00000] [id=19700]
  0x000001d1345bb000 ConcurrentGCThread "G1 Conc#0" [stack: 0x0000009382c00000,0x0000009382d00000] [id=22040]
  0x000001d154a6d000 ConcurrentGCThread "G1 Conc#1" [stack: 0x0000009384d00000,0x0000009384e00000] [id=21868]
  0x000001d15242b000 ConcurrentGCThread "G1 Refine#0" [stack: 0x0000009382d00000,0x0000009382e00000] [id=2260]
  0x000001d159c19800 ConcurrentGCThread "G1 Refine#1" [stack: 0x000000938bf00000,0x000000938c000000] [id=12068]
  0x000001d15a391000 ConcurrentGCThread "G1 Refine#2" [stack: 0x000000938c000000,0x000000938c100000] [id=4296]
  0x000001d15c37f800 ConcurrentGCThread "G1 Refine#3" [stack: 0x000000938c100000,0x000000938c200000] [id=21064]
  0x000001d153817000 ConcurrentGCThread "G1 Refine#4" [stack: 0x000000938c200000,0x000000938c300000] [id=8832]
  0x000001d1543a5000 ConcurrentGCThread "G1 Refine#5" [stack: 0x000000938c300000,0x000000938c400000] [id=16840]
  0x000001d13464d800 ConcurrentGCThread "G1 Young RemSet Sampling" [stack: 0x0000009382e00000,0x0000009382f00000] [id=20464]

Threads with active compile tasks:
C2 CompilerThread02257521 20680       4       org.gradle.api.internal.DefaultDomainObjectCollection::all (119 bytes)
C2 CompilerThread22257521 20634       4       org.gradle.api.internal.artifacts.ivyservice.resolveengine.artifact.ResolvedArtifactsGraphVisitor::getArtifacts (207 bytes)

VM state:not at safepoint (normal execution)

VM Mutex/Monitor currently owned by a thread: None

Heap address: 0x0000000080000000, size: 2048 MB, Compressed Oops mode: 32-bit
Narrow klass base: 0x0000000000000000, Narrow klass shift: 3
Compressed class space size: 528482304 Address: 0x0000000100000000

Heap:
 garbage-first heap   total 260096K, used 225716K [0x0000000080000000, 0x0000000100000000)
  region size 1024K, 14 young (14336K), 3 survivors (3072K)
 Metaspace       used 146800K, capacity 152235K, committed 152520K, reserved 647168K
  class space    used 19450K, capacity 21505K, committed 21632K, reserved 516096K
Heap Regions: E=young(eden), S=young(survivor), O=old, HS=humongous(starts), HC=humongous(continues), CS=collection set, F=free, A=archive, TAMS=top-at-mark-start (previous, next)
|   0|0x0000000080000000, 0x0000000080100000, 0x0000000080100000|100%|HS|  |TAMS 0x0000000080100000, 0x0000000080000000| Complete 
|   1|0x0000000080100000, 0x0000000080200000, 0x0000000080200000|100%|HC|  |TAMS 0x0000000080200000, 0x0000000080100000| Complete 
|   2|0x0000000080200000, 0x0000000080300000, 0x0000000080300000|100%|HC|  |TAMS 0x0000000080300000, 0x0000000080200000| Complete 
|   3|0x0000000080300000, 0x0000000080400000, 0x0000000080400000|100%|HC|  |TAMS 0x0000000080400000, 0x0000000080300000| Complete 
|   4|0x0000000080400000, 0x0000000080500000, 0x0000000080500000|100%| O|  |TAMS 0x0000000080500000, 0x0000000080400000| Untracked 
|   5|0x0000000080500000, 0x0000000080600000, 0x0000000080600000|100%| O|  |TAMS 0x0000000080600000, 0x0000000080500000| Untracked 
|   6|0x0000000080600000, 0x0000000080700000, 0x0000000080700000|100%| O|  |TAMS 0x0000000080700000, 0x0000000080600000| Untracked 
|   7|0x0000000080700000, 0x0000000080800000, 0x0000000080800000|100%| O|  |TAMS 0x0000000080800000, 0x0000000080700000| Untracked 
|   8|0x0000000080800000, 0x0000000080900000, 0x0000000080900000|100%| O|  |TAMS 0x0000000080900000, 0x0000000080800000| Untracked 
|   9|0x0000000080900000, 0x0000000080a00000, 0x0000000080a00000|100%| O|  |TAMS 0x0000000080a00000, 0x0000000080900000| Untracked 
|  10|0x0000000080a00000, 0x0000000080b00000, 0x0000000080b00000|100%| O|  |TAMS 0x0000000080b00000, 0x0000000080a00000| Untracked 
|  11|0x0000000080b00000, 0x0000000080c00000, 0x0000000080c00000|100%| O|  |TAMS 0x0000000080c00000, 0x0000000080b00000| Untracked 
|  12|0x0000000080c00000, 0x0000000080d00000, 0x0000000080d00000|100%| O|  |TAMS 0x0000000080d00000, 0x0000000080c00000| Untracked 
|  13|0x0000000080d00000, 0x0000000080e00000, 0x0000000080e00000|100%| O|  |TAMS 0x0000000080e00000, 0x0000000080d00000| Untracked 
|  14|0x0000000080e00000, 0x0000000080f00000, 0x0000000080f00000|100%| O|  |TAMS 0x0000000080f00000, 0x0000000080e00000| Untracked 
|  15|0x0000000080f00000, 0x0000000081000000, 0x0000000081000000|100%| O|  |TAMS 0x0000000081000000, 0x0000000080f00000| Untracked 
|  16|0x0000000081000000, 0x0000000081100000, 0x0000000081100000|100%| O|  |TAMS 0x0000000081100000, 0x0000000081000000| Untracked 
|  17|0x0000000081100000, 0x0000000081200000, 0x0000000081200000|100%| O|  |TAMS 0x0000000081200000, 0x0000000081100000| Untracked 
|  18|0x0000000081200000, 0x0000000081300000, 0x0000000081300000|100%| O|  |TAMS 0x0000000081300000, 0x0000000081200000| Untracked 
|  19|0x0000000081300000, 0x0000000081400000, 0x0000000081400000|100%|HS|  |TAMS 0x0000000081400000, 0x0000000081300000| Complete 
|  20|0x0000000081400000, 0x0000000081500000, 0x0000000081500000|100%|HC|  |TAMS 0x0000000081500000, 0x0000000081400000| Complete 
|  21|0x0000000081500000, 0x0000000081600000, 0x0000000081600000|100%|HS|  |TAMS 0x0000000081600000, 0x0000000081500000| Complete 
|  22|0x0000000081600000, 0x0000000081700000, 0x0000000081700000|100%|HC|  |TAMS 0x0000000081700000, 0x0000000081600000| Complete 
|  23|0x0000000081700000, 0x0000000081800000, 0x0000000081800000|100%|HC|  |TAMS 0x0000000081800000, 0x0000000081700000| Complete 
|  24|0x0000000081800000, 0x0000000081900000, 0x0000000081900000|100%|HC|  |TAMS 0x0000000081900000, 0x0000000081800000| Complete 
|  25|0x0000000081900000, 0x0000000081a00000, 0x0000000081a00000|100%| O|  |TAMS 0x0000000081a00000, 0x0000000081900000| Untracked 
|  26|0x0000000081a00000, 0x0000000081b00000, 0x0000000081b00000|100%| O|  |TAMS 0x0000000081b00000, 0x0000000081a00000| Untracked 
|  27|0x0000000081b00000, 0x0000000081c00000, 0x0000000081c00000|100%| O|  |TAMS 0x0000000081c00000, 0x0000000081b00000| Untracked 
|  28|0x0000000081c00000, 0x0000000081d00000, 0x0000000081d00000|100%| O|  |TAMS 0x0000000081d00000, 0x0000000081c00000| Untracked 
|  29|0x0000000081d00000, 0x0000000081e00000, 0x0000000081e00000|100%| O|  |TAMS 0x0000000081e00000, 0x0000000081d00000| Untracked 
|  30|0x0000000081e00000, 0x0000000081f00000, 0x0000000081f00000|100%| O|  |TAMS 0x0000000081f00000, 0x0000000081e00000| Untracked 
|  31|0x0000000081f00000, 0x0000000082000000, 0x0000000082000000|100%| O|  |TAMS 0x0000000082000000, 0x0000000081f00000| Untracked 
|  32|0x0000000082000000, 0x0000000082100000, 0x0000000082100000|100%| O|  |TAMS 0x0000000082100000, 0x0000000082000000| Untracked 
|  33|0x0000000082100000, 0x0000000082200000, 0x0000000082200000|100%| O|  |TAMS 0x0000000082200000, 0x0000000082100000| Untracked 
|  34|0x0000000082200000, 0x0000000082300000, 0x0000000082300000|100%| O|  |TAMS 0x0000000082300000, 0x0000000082200000| Untracked 
|  35|0x0000000082300000, 0x0000000082400000, 0x0000000082400000|100%| O|  |TAMS 0x0000000082400000, 0x0000000082300000| Untracked 
|  36|0x0000000082400000, 0x0000000082500000, 0x0000000082500000|100%| O|  |TAMS 0x0000000082500000, 0x0000000082400000| Untracked 
|  37|0x0000000082500000, 0x0000000082600000, 0x0000000082600000|100%|HS|  |TAMS 0x0000000082600000, 0x0000000082500000| Complete 
|  38|0x0000000082600000, 0x0000000082700000, 0x0000000082700000|100%| O|  |TAMS 0x0000000082700000, 0x0000000082600000| Untracked 
|  39|0x0000000082700000, 0x0000000082800000, 0x0000000082800000|100%| O|  |TAMS 0x0000000082800000, 0x0000000082700000| Untracked 
|  40|0x0000000082800000, 0x0000000082900000, 0x0000000082900000|100%| O|  |TAMS 0x0000000082900000, 0x0000000082800000| Untracked 
|  41|0x0000000082900000, 0x0000000082a00000, 0x0000000082a00000|100%| O|  |TAMS 0x0000000082a00000, 0x0000000082900000| Untracked 
|  42|0x0000000082a00000, 0x0000000082b00000, 0x0000000082b00000|100%| O|  |TAMS 0x0000000082b00000, 0x0000000082a00000| Untracked 
|  43|0x0000000082b00000, 0x0000000082c00000, 0x0000000082c00000|100%| O|  |TAMS 0x0000000082c00000, 0x0000000082b00000| Untracked 
|  44|0x0000000082c00000, 0x0000000082d00000, 0x0000000082d00000|100%| O|  |TAMS 0x0000000082d00000, 0x0000000082c00000| Untracked 
|  45|0x0000000082d00000, 0x0000000082e00000, 0x0000000082e00000|100%|HS|  |TAMS 0x0000000082e00000, 0x0000000082d00000| Complete 
|  46|0x0000000082e00000, 0x0000000082f00000, 0x0000000082f00000|100%| O|  |TAMS 0x0000000082f00000, 0x0000000082e00000| Untracked 
|  47|0x0000000082f00000, 0x0000000083000000, 0x0000000083000000|100%| O|  |TAMS 0x0000000083000000, 0x0000000082f00000| Untracked 
|  48|0x0000000083000000, 0x0000000083100000, 0x0000000083100000|100%| O|  |TAMS 0x0000000083100000, 0x0000000083000000| Untracked 
|  49|0x0000000083100000, 0x0000000083200000, 0x0000000083200000|100%| O|  |TAMS 0x0000000083200000, 0x0000000083100000| Untracked 
|  50|0x0000000083200000, 0x0000000083300000, 0x0000000083300000|100%| O|  |TAMS 0x0000000083300000, 0x0000000083200000| Untracked 
|  51|0x0000000083300000, 0x0000000083400000, 0x0000000083400000|100%| O|  |TAMS 0x0000000083400000, 0x0000000083300000| Untracked 
|  52|0x0000000083400000, 0x0000000083500000, 0x0000000083500000|100%| O|  |TAMS 0x0000000083500000, 0x0000000083400000| Untracked 
|  53|0x0000000083500000, 0x0000000083600000, 0x0000000083600000|100%| O|  |TAMS 0x0000000083600000, 0x0000000083500000| Untracked 
|  54|0x0000000083600000, 0x0000000083700000, 0x0000000083700000|100%| O|  |TAMS 0x0000000083700000, 0x0000000083600000| Untracked 
|  55|0x0000000083700000, 0x0000000083800000, 0x0000000083800000|100%| O|  |TAMS 0x0000000083800000, 0x0000000083700000| Untracked 
|  56|0x0000000083800000, 0x0000000083900000, 0x0000000083900000|100%| O|  |TAMS 0x0000000083900000, 0x0000000083800000| Untracked 
|  57|0x0000000083900000, 0x0000000083a00000, 0x0000000083a00000|100%| O|  |TAMS 0x0000000083a00000, 0x0000000083900000| Untracked 
|  58|0x0000000083a00000, 0x0000000083b00000, 0x0000000083b00000|100%| O|  |TAMS 0x0000000083b00000, 0x0000000083a00000| Untracked 
|  59|0x0000000083b00000, 0x0000000083c00000, 0x0000000083c00000|100%| O|  |TAMS 0x0000000083c00000, 0x0000000083b00000| Untracked 
|  60|0x0000000083c00000, 0x0000000083d00000, 0x0000000083d00000|100%| O|  |TAMS 0x0000000083d00000, 0x0000000083c00000| Untracked 
|  61|0x0000000083d00000, 0x0000000083e00000, 0x0000000083e00000|100%| O|  |TAMS 0x0000000083e00000, 0x0000000083d00000| Untracked 
|  62|0x0000000083e00000, 0x0000000083f00000, 0x0000000083f00000|100%| O|  |TAMS 0x0000000083f00000, 0x0000000083e00000| Untracked 
|  63|0x0000000083f00000, 0x0000000084000000, 0x0000000084000000|100%| O|  |TAMS 0x0000000084000000, 0x0000000083f00000| Untracked 
|  64|0x0000000084000000, 0x0000000084100000, 0x0000000084100000|100%| O|  |TAMS 0x0000000084100000, 0x0000000084000000| Untracked 
|  65|0x0000000084100000, 0x0000000084200000, 0x0000000084200000|100%| O|  |TAMS 0x0000000084200000, 0x0000000084100000| Untracked 
|  66|0x0000000084200000, 0x0000000084300000, 0x0000000084300000|100%| O|  |TAMS 0x0000000084300000, 0x0000000084200000| Untracked 
|  67|0x0000000084300000, 0x0000000084400000, 0x0000000084400000|100%| O|  |TAMS 0x0000000084400000, 0x0000000084300000| Untracked 
|  68|0x0000000084400000, 0x0000000084500000, 0x0000000084500000|100%| O|  |TAMS 0x0000000084500000, 0x0000000084400000| Untracked 
|  69|0x0000000084500000, 0x0000000084600000, 0x0000000084600000|100%| O|  |TAMS 0x0000000084600000, 0x0000000084500000| Untracked 
|  70|0x0000000084600000, 0x0000000084700000, 0x0000000084700000|100%| O|  |TAMS 0x0000000084700000, 0x0000000084600000| Untracked 
|  71|0x0000000084700000, 0x0000000084800000, 0x0000000084800000|100%| O|  |TAMS 0x0000000084800000, 0x0000000084700000| Untracked 
|  72|0x0000000084800000, 0x0000000084900000, 0x0000000084900000|100%| O|  |TAMS 0x0000000084900000, 0x0000000084800000| Untracked 
|  73|0x0000000084900000, 0x0000000084a00000, 0x0000000084a00000|100%| O|  |TAMS 0x0000000084a00000, 0x0000000084900000| Untracked 
|  74|0x0000000084a00000, 0x0000000084b00000, 0x0000000084b00000|100%| O|  |TAMS 0x0000000084a00000, 0x0000000084a00000| Untracked 
|  75|0x0000000084b00000, 0x0000000084c00000, 0x0000000084c00000|100%|HS|  |TAMS 0x0000000084c00000, 0x0000000084b00000| Complete 
|  76|0x0000000084c00000, 0x0000000084d00000, 0x0000000084d00000|100%|HC|  |TAMS 0x0000000084d00000, 0x0000000084c00000| Complete 
|  77|0x0000000084d00000, 0x0000000084e00000, 0x0000000084e00000|100%|HS|  |TAMS 0x0000000084e00000, 0x0000000084d00000| Complete 
|  78|0x0000000084e00000, 0x0000000084f00000, 0x0000000084f00000|100%|HS|  |TAMS 0x0000000084f00000, 0x0000000084e00000| Complete 
|  79|0x0000000084f00000, 0x0000000085000000, 0x0000000085000000|100%|HC|  |TAMS 0x0000000085000000, 0x0000000084f00000| Complete 
|  80|0x0000000085000000, 0x0000000085100000, 0x0000000085100000|100%|HC|  |TAMS 0x0000000085100000, 0x0000000085000000| Complete 
|  81|0x0000000085100000, 0x0000000085200000, 0x0000000085200000|100%|HC|  |TAMS 0x0000000085200000, 0x0000000085100000| Complete 
|  82|0x0000000085200000, 0x0000000085300000, 0x0000000085300000|100%|HS|  |TAMS 0x0000000085300000, 0x0000000085200000| Complete 
|  83|0x0000000085300000, 0x0000000085400000, 0x0000000085400000|100%|HC|  |TAMS 0x0000000085400000, 0x0000000085300000| Complete 
|  84|0x0000000085400000, 0x0000000085500000, 0x0000000085500000|100%| O|  |TAMS 0x0000000085500000, 0x0000000085400000| Untracked 
|  85|0x0000000085500000, 0x0000000085600000, 0x0000000085600000|100%| O|  |TAMS 0x0000000085600000, 0x0000000085500000| Untracked 
|  86|0x0000000085600000, 0x0000000085700000, 0x0000000085700000|100%| O|  |TAMS 0x0000000085700000, 0x0000000085600000| Untracked 
|  87|0x0000000085700000, 0x0000000085800000, 0x0000000085800000|100%| O|  |TAMS 0x0000000085800000, 0x0000000085700000| Untracked 
|  88|0x0000000085800000, 0x0000000085900000, 0x0000000085900000|100%| O|  |TAMS 0x0000000085900000, 0x0000000085800000| Untracked 
|  89|0x0000000085900000, 0x0000000085a00000, 0x0000000085a00000|100%| O|  |TAMS 0x0000000085a00000, 0x0000000085900000| Untracked 
|  90|0x0000000085a00000, 0x0000000085b00000, 0x0000000085b00000|100%| O|  |TAMS 0x0000000085b00000, 0x0000000085a00000| Untracked 
|  91|0x0000000085b00000, 0x0000000085c00000, 0x0000000085c00000|100%| O|  |TAMS 0x0000000085c00000, 0x0000000085b00000| Untracked 
|  92|0x0000000085c00000, 0x0000000085d00000, 0x0000000085d00000|100%| O|  |TAMS 0x0000000085c00000, 0x0000000085c00000| Untracked 
|  93|0x0000000085d00000, 0x0000000085e00000, 0x0000000085e00000|100%| O|  |TAMS 0x0000000085d00000, 0x0000000085d00000| Untracked 
|  94|0x0000000085e00000, 0x0000000085f00000, 0x0000000085f00000|100%|HS|  |TAMS 0x0000000085f00000, 0x0000000085e00000| Complete 
|  95|0x0000000085f00000, 0x0000000086000000, 0x0000000086000000|100%|HS|  |TAMS 0x0000000086000000, 0x0000000085f00000| Complete 
|  96|0x0000000086000000, 0x0000000086100000, 0x0000000086100000|100%| O|  |TAMS 0x0000000086100000, 0x0000000086000000| Untracked 
|  97|0x0000000086100000, 0x0000000086200000, 0x0000000086200000|100%| O|  |TAMS 0x0000000086200000, 0x0000000086100000| Untracked 
|  98|0x0000000086200000, 0x0000000086300000, 0x0000000086300000|100%| O|  |TAMS 0x0000000086300000, 0x0000000086200000| Untracked 
|  99|0x0000000086300000, 0x0000000086400000, 0x0000000086400000|100%| O|  |TAMS 0x0000000086400000, 0x0000000086300000| Untracked 
| 100|0x0000000086400000, 0x0000000086500000, 0x0000000086500000|100%| O|  |TAMS 0x0000000086500000, 0x0000000086400000| Untracked 
| 101|0x0000000086500000, 0x0000000086600000, 0x0000000086600000|100%| O|  |TAMS 0x0000000086600000, 0x0000000086500000| Untracked 
| 102|0x0000000086600000, 0x0000000086700000, 0x0000000086700000|100%| O|  |TAMS 0x0000000086700000, 0x0000000086600000| Untracked 
| 103|0x0000000086700000, 0x0000000086800000, 0x0000000086800000|100%| O|  |TAMS 0x0000000086800000, 0x0000000086700000| Untracked 
| 104|0x0000000086800000, 0x0000000086900000, 0x0000000086900000|100%| O|  |TAMS 0x0000000086800000, 0x0000000086800000| Untracked 
| 105|0x0000000086900000, 0x0000000086a00000, 0x0000000086a00000|100%| O|  |TAMS 0x0000000086a00000, 0x0000000086900000| Untracked 
| 106|0x0000000086a00000, 0x0000000086b00000, 0x0000000086b00000|100%| O|  |TAMS 0x0000000086b00000, 0x0000000086a00000| Untracked 
| 107|0x0000000086b00000, 0x0000000086c00000, 0x0000000086c00000|100%| O|  |TAMS 0x0000000086c00000, 0x0000000086b00000| Untracked 
| 108|0x0000000086c00000, 0x0000000086d00000, 0x0000000086d00000|100%| O|  |TAMS 0x0000000086c00000, 0x0000000086c00000| Untracked 
| 109|0x0000000086d00000, 0x0000000086e00000, 0x0000000086e00000|100%| O|  |TAMS 0x0000000086e00000, 0x0000000086d00000| Untracked 
| 110|0x0000000086e00000, 0x0000000086f00000, 0x0000000086f00000|100%| O|  |TAMS 0x0000000086f00000, 0x0000000086e00000| Untracked 
| 111|0x0000000086f00000, 0x0000000087000000, 0x0000000087000000|100%| O|  |TAMS 0x0000000087000000, 0x0000000086f00000| Untracked 
| 112|0x0000000087000000, 0x0000000087100000, 0x0000000087100000|100%| O|  |TAMS 0x0000000087100000, 0x0000000087000000| Untracked 
| 113|0x0000000087100000, 0x0000000087200000, 0x0000000087200000|100%| O|  |TAMS 0x0000000087200000, 0x0000000087100000| Untracked 
| 114|0x0000000087200000, 0x0000000087300000, 0x0000000087300000|100%| O|  |TAMS 0x0000000087300000, 0x0000000087200000| Untracked 
| 115|0x0000000087300000, 0x0000000087400000, 0x0000000087400000|100%| O|  |TAMS 0x0000000087300000, 0x0000000087300000| Untracked 
| 116|0x0000000087400000, 0x0000000087500000, 0x0000000087500000|100%| O|  |TAMS 0x0000000087500000, 0x0000000087400000| Untracked 
| 117|0x0000000087500000, 0x0000000087600000, 0x0000000087600000|100%| O|  |TAMS 0x0000000087600000, 0x0000000087500000| Untracked 
| 118|0x0000000087600000, 0x0000000087700000, 0x0000000087700000|100%| O|  |TAMS 0x0000000087600000, 0x0000000087600000| Untracked 
| 119|0x0000000087700000, 0x0000000087800000, 0x0000000087800000|100%| O|  |TAMS 0x0000000087700000, 0x0000000087700000| Untracked 
| 120|0x0000000087800000, 0x0000000087900000, 0x0000000087900000|100%| O|  |TAMS 0x0000000087800000, 0x0000000087800000| Untracked 
| 121|0x0000000087900000, 0x0000000087a00000, 0x0000000087a00000|100%| O|  |TAMS 0x0000000087900000, 0x0000000087900000| Untracked 
| 122|0x0000000087a00000, 0x0000000087b00000, 0x0000000087b00000|100%| O|  |TAMS 0x0000000087a00000, 0x0000000087a00000| Untracked 
| 123|0x0000000087b00000, 0x0000000087c00000, 0x0000000087c00000|100%| O|  |TAMS 0x0000000087b00000, 0x0000000087b00000| Untracked 
| 124|0x0000000087c00000, 0x0000000087d00000, 0x0000000087d00000|100%| O|  |TAMS 0x0000000087d00000, 0x0000000087c00000| Untracked 
| 125|0x0000000087d00000, 0x0000000087e00000, 0x0000000087e00000|100%| O|  |TAMS 0x0000000087d00000, 0x0000000087d00000| Untracked 
| 126|0x0000000087e00000, 0x0000000087f00000, 0x0000000087f00000|100%| O|  |TAMS 0x0000000087e00000, 0x0000000087e00000| Untracked 
| 127|0x0000000087f00000, 0x0000000088000000, 0x0000000088000000|100%| O|  |TAMS 0x0000000087f00000, 0x0000000087f00000| Untracked 
| 128|0x0000000088000000, 0x0000000088100000, 0x0000000088100000|100%| O|  |TAMS 0x0000000088000000, 0x0000000088000000| Untracked 
| 129|0x0000000088100000, 0x0000000088200000, 0x0000000088200000|100%| O|  |TAMS 0x0000000088100000, 0x0000000088100000| Untracked 
| 130|0x0000000088200000, 0x0000000088300000, 0x0000000088300000|100%| O|  |TAMS 0x0000000088200000, 0x0000000088200000| Untracked 
| 131|0x0000000088300000, 0x0000000088400000, 0x0000000088400000|100%| O|  |TAMS 0x0000000088300000, 0x0000000088300000| Untracked 
| 132|0x0000000088400000, 0x0000000088500000, 0x0000000088500000|100%| O|  |TAMS 0x0000000088400000, 0x0000000088400000| Untracked 
| 133|0x0000000088500000, 0x0000000088600000, 0x0000000088600000|100%| O|  |TAMS 0x0000000088500000, 0x0000000088500000| Untracked 
| 134|0x0000000088600000, 0x0000000088700000, 0x0000000088700000|100%| O|  |TAMS 0x0000000088600000, 0x0000000088600000| Untracked 
| 135|0x0000000088700000, 0x0000000088800000, 0x0000000088800000|100%| O|  |TAMS 0x0000000088700000, 0x0000000088700000| Untracked 
| 136|0x0000000088800000, 0x0000000088900000, 0x0000000088900000|100%| O|  |TAMS 0x0000000088800000, 0x0000000088800000| Untracked 
| 137|0x0000000088900000, 0x0000000088a00000, 0x0000000088a00000|100%| O|  |TAMS 0x0000000088900000, 0x0000000088900000| Untracked 
| 138|0x0000000088a00000, 0x0000000088b00000, 0x0000000088b00000|100%| O|  |TAMS 0x0000000088a00000, 0x0000000088a00000| Untracked 
| 139|0x0000000088b00000, 0x0000000088c00000, 0x0000000088c00000|100%| O|  |TAMS 0x0000000088b00000, 0x0000000088b00000| Untracked 
| 140|0x0000000088c00000, 0x0000000088d00000, 0x0000000088d00000|100%| O|  |TAMS 0x0000000088c00000, 0x0000000088c00000| Untracked 
| 141|0x0000000088d00000, 0x0000000088e00000, 0x0000000088e00000|100%| O|  |TAMS 0x0000000088d00000, 0x0000000088d00000| Untracked 
| 142|0x0000000088e00000, 0x0000000088f00000, 0x0000000088f00000|100%| O|  |TAMS 0x0000000088e00000, 0x0000000088e00000| Untracked 
| 143|0x0000000088f00000, 0x0000000089000000, 0x0000000089000000|100%| O|  |TAMS 0x0000000088f00000, 0x0000000088f00000| Untracked 
| 144|0x0000000089000000, 0x0000000089100000, 0x0000000089100000|100%| O|  |TAMS 0x0000000089000000, 0x0000000089000000| Untracked 
| 145|0x0000000089100000, 0x0000000089200000, 0x0000000089200000|100%| O|  |TAMS 0x0000000089100000, 0x0000000089100000| Untracked 
| 146|0x0000000089200000, 0x0000000089300000, 0x0000000089300000|100%| O|  |TAMS 0x0000000089200000, 0x0000000089200000| Untracked 
| 147|0x0000000089300000, 0x0000000089400000, 0x0000000089400000|100%| O|  |TAMS 0x0000000089300000, 0x0000000089300000| Untracked 
| 148|0x0000000089400000, 0x0000000089500000, 0x0000000089500000|100%| O|  |TAMS 0x0000000089400000, 0x0000000089400000| Untracked 
| 149|0x0000000089500000, 0x0000000089600000, 0x0000000089600000|100%| O|  |TAMS 0x0000000089500000, 0x0000000089500000| Untracked 
| 150|0x0000000089600000, 0x0000000089700000, 0x0000000089700000|100%| O|  |TAMS 0x0000000089600000, 0x0000000089600000| Untracked 
| 151|0x0000000089700000, 0x0000000089800000, 0x0000000089800000|100%| O|  |TAMS 0x0000000089800000, 0x0000000089700000| Untracked 
| 152|0x0000000089800000, 0x0000000089900000, 0x0000000089900000|100%| O|  |TAMS 0x0000000089900000, 0x0000000089800000| Untracked 
| 153|0x0000000089900000, 0x0000000089a00000, 0x0000000089a00000|100%| O|  |TAMS 0x0000000089900000, 0x0000000089900000| Untracked 
| 154|0x0000000089a00000, 0x0000000089b00000, 0x0000000089b00000|100%| O|  |TAMS 0x0000000089a00000, 0x0000000089a00000| Untracked 
| 155|0x0000000089b00000, 0x0000000089c00000, 0x0000000089c00000|100%| O|  |TAMS 0x0000000089b00000, 0x0000000089b00000| Untracked 
| 156|0x0000000089c00000, 0x0000000089d00000, 0x0000000089d00000|100%| O|  |TAMS 0x0000000089c00000, 0x0000000089c00000| Untracked 
| 157|0x0000000089d00000, 0x0000000089e00000, 0x0000000089e00000|100%| O|  |TAMS 0x0000000089d00000, 0x0000000089d00000| Untracked 
| 158|0x0000000089e00000, 0x0000000089f00000, 0x0000000089f00000|100%| O|  |TAMS 0x0000000089e00000, 0x0000000089e00000| Untracked 
| 159|0x0000000089f00000, 0x000000008a000000, 0x000000008a000000|100%| O|  |TAMS 0x0000000089f00000, 0x0000000089f00000| Untracked 
| 160|0x000000008a000000, 0x000000008a100000, 0x000000008a100000|100%| O|  |TAMS 0x000000008a000000, 0x000000008a000000| Untracked 
| 161|0x000000008a100000, 0x000000008a200000, 0x000000008a200000|100%| O|  |TAMS 0x000000008a100000, 0x000000008a100000| Untracked 
| 162|0x000000008a200000, 0x000000008a300000, 0x000000008a300000|100%| O|  |TAMS 0x000000008a200000, 0x000000008a200000| Untracked 
| 163|0x000000008a300000, 0x000000008a400000, 0x000000008a400000|100%| O|  |TAMS 0x000000008a300000, 0x000000008a300000| Untracked 
| 164|0x000000008a400000, 0x000000008a500000, 0x000000008a500000|100%| O|  |TAMS 0x000000008a400000, 0x000000008a400000| Untracked 
| 165|0x000000008a500000, 0x000000008a600000, 0x000000008a600000|100%| O|  |TAMS 0x000000008a500000, 0x000000008a500000| Untracked 
| 166|0x000000008a600000, 0x000000008a700000, 0x000000008a700000|100%| O|  |TAMS 0x000000008a600000, 0x000000008a600000| Untracked 
| 167|0x000000008a700000, 0x000000008a7ffff8, 0x000000008a800000| 99%| O|  |TAMS 0x000000008a700000, 0x000000008a700000| Untracked 
| 168|0x000000008a800000, 0x000000008a900000, 0x000000008a900000|100%| O|  |TAMS 0x000000008a800000, 0x000000008a800000| Untracked 
| 169|0x000000008a900000, 0x000000008aa00000, 0x000000008aa00000|100%| O|  |TAMS 0x000000008a900000, 0x000000008a900000| Untracked 
| 170|0x000000008aa00000, 0x000000008ab00000, 0x000000008ab00000|100%| O|  |TAMS 0x000000008aa00000, 0x000000008aa00000| Untracked 
| 171|0x000000008ab00000, 0x000000008ac00000, 0x000000008ac00000|100%| O|  |TAMS 0x000000008ab00000, 0x000000008ab00000| Untracked 
| 172|0x000000008ac00000, 0x000000008ad00000, 0x000000008ad00000|100%| O|  |TAMS 0x000000008ac00000, 0x000000008ac00000| Untracked 
| 173|0x000000008ad00000, 0x000000008ae00000, 0x000000008ae00000|100%| O|  |TAMS 0x000000008ad00000, 0x000000008ad00000| Untracked 
| 174|0x000000008ae00000, 0x000000008af00000, 0x000000008af00000|100%| O|  |TAMS 0x000000008ae00000, 0x000000008ae00000| Untracked 
| 175|0x000000008af00000, 0x000000008b000000, 0x000000008b000000|100%| O|  |TAMS 0x000000008af00000, 0x000000008af00000| Untracked 
| 176|0x000000008b000000, 0x000000008b100000, 0x000000008b100000|100%| O|  |TAMS 0x000000008b000000, 0x000000008b000000| Untracked 
| 177|0x000000008b100000, 0x000000008b200000, 0x000000008b200000|100%| O|  |TAMS 0x000000008b100000, 0x000000008b100000| Untracked 
| 178|0x000000008b200000, 0x000000008b300000, 0x000000008b300000|100%| O|  |TAMS 0x000000008b200000, 0x000000008b200000| Untracked 
| 179|0x000000008b300000, 0x000000008b400000, 0x000000008b400000|100%| O|  |TAMS 0x000000008b300000, 0x000000008b300000| Untracked 
| 180|0x000000008b400000, 0x000000008b500000, 0x000000008b500000|100%| O|  |TAMS 0x000000008b400000, 0x000000008b400000| Untracked 
| 181|0x000000008b500000, 0x000000008b600000, 0x000000008b600000|100%| O|  |TAMS 0x000000008b500000, 0x000000008b500000| Untracked 
| 182|0x000000008b600000, 0x000000008b700000, 0x000000008b700000|100%| O|  |TAMS 0x000000008b600000, 0x000000008b600000| Untracked 
| 183|0x000000008b700000, 0x000000008b800000, 0x000000008b800000|100%| O|  |TAMS 0x000000008b700000, 0x000000008b700000| Untracked 
| 184|0x000000008b800000, 0x000000008b900000, 0x000000008b900000|100%| O|  |TAMS 0x000000008b800000, 0x000000008b800000| Untracked 
| 185|0x000000008b900000, 0x000000008ba00000, 0x000000008ba00000|100%| O|  |TAMS 0x000000008b900000, 0x000000008b900000| Untracked 
| 186|0x000000008ba00000, 0x000000008bb00000, 0x000000008bb00000|100%| O|  |TAMS 0x000000008ba00000, 0x000000008ba00000| Untracked 
| 187|0x000000008bb00000, 0x000000008bc00000, 0x000000008bc00000|100%| O|  |TAMS 0x000000008bb00000, 0x000000008bb00000| Untracked 
| 188|0x000000008bc00000, 0x000000008bd00000, 0x000000008bd00000|100%| O|  |TAMS 0x000000008bc00000, 0x000000008bc00000| Untracked 
| 189|0x000000008bd00000, 0x000000008be00000, 0x000000008be00000|100%| O|  |TAMS 0x000000008bd00000, 0x000000008bd00000| Untracked 
| 190|0x000000008be00000, 0x000000008bf00000, 0x000000008bf00000|100%| O|  |TAMS 0x000000008be00000, 0x000000008be00000| Untracked 
| 191|0x000000008bf00000, 0x000000008c000000, 0x000000008c000000|100%| O|  |TAMS 0x000000008bf00000, 0x000000008bf00000| Untracked 
| 192|0x000000008c000000, 0x000000008c100000, 0x000000008c100000|100%| O|  |TAMS 0x000000008c000000, 0x000000008c000000| Untracked 
| 193|0x000000008c100000, 0x000000008c200000, 0x000000008c200000|100%| O|  |TAMS 0x000000008c100000, 0x000000008c100000| Untracked 
| 194|0x000000008c200000, 0x000000008c300000, 0x000000008c300000|100%| O|  |TAMS 0x000000008c200000, 0x000000008c200000| Untracked 
| 195|0x000000008c300000, 0x000000008c400000, 0x000000008c400000|100%| O|  |TAMS 0x000000008c300000, 0x000000008c300000| Untracked 
| 196|0x000000008c400000, 0x000000008c500000, 0x000000008c500000|100%| O|  |TAMS 0x000000008c400000, 0x000000008c400000| Untracked 
| 197|0x000000008c500000, 0x000000008c600000, 0x000000008c600000|100%| O|  |TAMS 0x000000008c500000, 0x000000008c500000| Untracked 
| 198|0x000000008c600000, 0x000000008c700000, 0x000000008c700000|100%| O|  |TAMS 0x000000008c600000, 0x000000008c600000| Untracked 
| 199|0x000000008c700000, 0x000000008c800000, 0x000000008c800000|100%| O|  |TAMS 0x000000008c700000, 0x000000008c700000| Untracked 
| 200|0x000000008c800000, 0x000000008c900000, 0x000000008c900000|100%| O|  |TAMS 0x000000008c800000, 0x000000008c800000| Untracked 
| 201|0x000000008c900000, 0x000000008ca00000, 0x000000008ca00000|100%| O|  |TAMS 0x000000008c900000, 0x000000008c900000| Untracked 
| 202|0x000000008ca00000, 0x000000008cb00000, 0x000000008cb00000|100%| O|  |TAMS 0x000000008ca00000, 0x000000008ca00000| Untracked 
| 203|0x000000008cb00000, 0x000000008cc00000, 0x000000008cc00000|100%| O|  |TAMS 0x000000008cb00000, 0x000000008cb00000| Untracked 
| 204|0x000000008cc00000, 0x000000008cd00000, 0x000000008cd00000|100%| O|  |TAMS 0x000000008cc00000, 0x000000008cc00000| Untracked 
| 205|0x000000008cd00000, 0x000000008ce00000, 0x000000008ce00000|100%| O|  |TAMS 0x000000008cd00000, 0x000000008cd00000| Untracked 
| 206|0x000000008ce00000, 0x000000008cf00000, 0x000000008cf00000|100%| O|  |TAMS 0x000000008ce00000, 0x000000008ce00000| Untracked 
| 207|0x000000008cf00000, 0x000000008cf6d400, 0x000000008d000000| 42%| O|  |TAMS 0x000000008cf00000, 0x000000008cf00000| Untracked 
| 208|0x000000008d000000, 0x000000008d000000, 0x000000008d100000|  0%| F|  |TAMS 0x000000008d000000, 0x000000008d000000| Untracked 
| 209|0x000000008d100000, 0x000000008d100000, 0x000000008d200000|  0%| F|  |TAMS 0x000000008d100000, 0x000000008d100000| Untracked 
| 210|0x000000008d200000, 0x000000008d200000, 0x000000008d300000|  0%| F|  |TAMS 0x000000008d200000, 0x000000008d200000| Untracked 
| 211|0x000000008d300000, 0x000000008d300000, 0x000000008d400000|  0%| F|  |TAMS 0x000000008d300000, 0x000000008d300000| Untracked 
| 212|0x000000008d400000, 0x000000008d400000, 0x000000008d500000|  0%| F|  |TAMS 0x000000008d400000, 0x000000008d400000| Untracked 
| 213|0x000000008d500000, 0x000000008d500000, 0x000000008d600000|  0%| F|  |TAMS 0x000000008d500000, 0x000000008d500000| Untracked 
| 214|0x000000008d600000, 0x000000008d600000, 0x000000008d700000|  0%| F|  |TAMS 0x000000008d600000, 0x000000008d600000| Untracked 
| 215|0x000000008d700000, 0x000000008d700000, 0x000000008d800000|  0%| F|  |TAMS 0x000000008d700000, 0x000000008d700000| Untracked 
| 216|0x000000008d800000, 0x000000008d800000, 0x000000008d900000|  0%| F|  |TAMS 0x000000008d800000, 0x000000008d800000| Untracked 
| 217|0x000000008d900000, 0x000000008d900000, 0x000000008da00000|  0%| F|  |TAMS 0x000000008d900000, 0x000000008d900000| Untracked 
| 218|0x000000008da00000, 0x000000008da00000, 0x000000008db00000|  0%| F|  |TAMS 0x000000008da00000, 0x000000008da00000| Untracked 
| 219|0x000000008db00000, 0x000000008db00000, 0x000000008dc00000|  0%| F|  |TAMS 0x000000008db00000, 0x000000008db00000| Untracked 
| 220|0x000000008dc00000, 0x000000008dc00000, 0x000000008dd00000|  0%| F|  |TAMS 0x000000008dc00000, 0x000000008dc00000| Untracked 
| 221|0x000000008dd00000, 0x000000008dd00000, 0x000000008de00000|  0%| F|  |TAMS 0x000000008dd00000, 0x000000008dd00000| Untracked 
| 222|0x000000008de00000, 0x000000008de00000, 0x000000008df00000|  0%| F|  |TAMS 0x000000008de00000, 0x000000008de00000| Untracked 
| 223|0x000000008df00000, 0x000000008df00000, 0x000000008e000000|  0%| F|  |TAMS 0x000000008df00000, 0x000000008df00000| Untracked 
| 224|0x000000008e000000, 0x000000008e000000, 0x000000008e100000|  0%| F|  |TAMS 0x000000008e000000, 0x000000008e000000| Untracked 
| 225|0x000000008e100000, 0x000000008e100000, 0x000000008e200000|  0%| F|  |TAMS 0x000000008e100000, 0x000000008e100000| Untracked 
| 226|0x000000008e200000, 0x000000008e200000, 0x000000008e300000|  0%| F|  |TAMS 0x000000008e200000, 0x000000008e200000| Untracked 
| 227|0x000000008e300000, 0x000000008e300000, 0x000000008e400000|  0%| F|  |TAMS 0x000000008e300000, 0x000000008e300000| Untracked 
| 228|0x000000008e400000, 0x000000008e400000, 0x000000008e500000|  0%| F|  |TAMS 0x000000008e400000, 0x000000008e400000| Untracked 
| 229|0x000000008e500000, 0x000000008e500000, 0x000000008e600000|  0%| F|  |TAMS 0x000000008e500000, 0x000000008e500000| Untracked 
| 230|0x000000008e600000, 0x000000008e600000, 0x000000008e700000|  0%| F|  |TAMS 0x000000008e600000, 0x000000008e600000| Untracked 
| 231|0x000000008e700000, 0x000000008e700000, 0x000000008e800000|  0%| F|  |TAMS 0x000000008e700000, 0x000000008e700000| Untracked 
| 232|0x000000008e800000, 0x000000008e800000, 0x000000008e900000|  0%| F|  |TAMS 0x000000008e800000, 0x000000008e800000| Untracked 
| 233|0x000000008e900000, 0x000000008e900000, 0x000000008ea00000|  0%| F|  |TAMS 0x000000008e900000, 0x000000008e900000| Untracked 
| 234|0x000000008ea00000, 0x000000008eb00000, 0x000000008eb00000|100%| S|CS|TAMS 0x000000008ea00000, 0x000000008ea00000| Complete 
| 235|0x000000008eb00000, 0x000000008ec00000, 0x000000008ec00000|100%| S|CS|TAMS 0x000000008eb00000, 0x000000008eb00000| Complete 
| 236|0x000000008ec00000, 0x000000008ec00000, 0x000000008ed00000|  0%| F|  |TAMS 0x000000008ec00000, 0x000000008ec00000| Untracked 
| 237|0x000000008ed00000, 0x000000008ed00000, 0x000000008ee00000|  0%| F|  |TAMS 0x000000008ed00000, 0x000000008ed00000| Untracked 
| 238|0x000000008ee00000, 0x000000008ef00000, 0x000000008ef00000|100%| S|CS|TAMS 0x000000008ee00000, 0x000000008ee00000| Complete 
| 239|0x000000008ef00000, 0x000000008ef00000, 0x000000008f000000|  0%| F|  |TAMS 0x000000008ef00000, 0x000000008ef00000| Untracked 
| 240|0x000000008f000000, 0x000000008f000000, 0x000000008f100000|  0%| F|  |TAMS 0x000000008f000000, 0x000000008f000000| Untracked 
| 241|0x000000008f100000, 0x000000008f100000, 0x000000008f200000|  0%| F|  |TAMS 0x000000008f100000, 0x000000008f100000| Untracked 
| 242|0x000000008f200000, 0x000000008f2b07c0, 0x000000008f300000| 68%| E|  |TAMS 0x000000008f200000, 0x000000008f200000| Complete 
| 243|0x000000008f300000, 0x000000008f400000, 0x000000008f400000|100%| E|CS|TAMS 0x000000008f300000, 0x000000008f300000| Complete 
| 244|0x000000008f400000, 0x000000008f500000, 0x000000008f500000|100%| E|CS|TAMS 0x000000008f400000, 0x000000008f400000| Complete 
| 245|0x000000008f500000, 0x000000008f600000, 0x000000008f600000|100%| E|CS|TAMS 0x000000008f500000, 0x000000008f500000| Complete 
| 246|0x000000008f600000, 0x000000008f700000, 0x000000008f700000|100%| E|CS|TAMS 0x000000008f600000, 0x000000008f600000| Complete 
| 247|0x000000008f700000, 0x000000008f800000, 0x000000008f800000|100%| E|CS|TAMS 0x000000008f700000, 0x000000008f700000| Complete 
| 248|0x000000008f800000, 0x000000008f900000, 0x000000008f900000|100%| E|CS|TAMS 0x000000008f800000, 0x000000008f800000| Complete 
| 249|0x000000008f900000, 0x000000008fa00000, 0x000000008fa00000|100%| E|CS|TAMS 0x000000008f900000, 0x000000008f900000| Complete 
| 250|0x000000008fa00000, 0x000000008fb00000, 0x000000008fb00000|100%| E|CS|TAMS 0x000000008fa00000, 0x000000008fa00000| Complete 
| 251|0x000000008fb00000, 0x000000008fc00000, 0x000000008fc00000|100%| E|CS|TAMS 0x000000008fb00000, 0x000000008fb00000| Complete 
| 252|0x000000008fc00000, 0x000000008fd00000, 0x000000008fd00000|100%| E|CS|TAMS 0x000000008fc00000, 0x000000008fc00000| Complete 
| 253|0x000000008fd00000, 0x000000008fe00000, 0x000000008fe00000|100%| E|CS|TAMS 0x000000008fd00000, 0x000000008fd00000| Complete 

Card table byte_map: [0x000001d14b320000,0x000001d14b720000] _byte_map_base: 0x000001d14af20000

Marking Bits (Prev, Next): (CMBitMap*) 0x000001d1345aeef0, (CMBitMap*) 0x000001d1345aeeb8
 Prev Bits: [0x000001d14db20000, 0x000001d14fb20000)
 Next Bits: [0x000001d14bb20000, 0x000001d14db20000)

Polling page: 0x000001d132540000

Metaspace:

Usage:
  Non-class:    127.73 MB capacity,   124.42 MB ( 97%) used,     2.82 MB (  2%) free+waste,   503.06 KB ( <1%) overhead. 
      Class:     21.00 MB capacity,    19.01 MB ( 90%) used,     1.77 MB (  8%) free+waste,   231.88 KB (  1%) overhead. 
       Both:    148.73 MB capacity,   143.42 MB ( 96%) used,     4.59 MB (  3%) free+waste,   734.94 KB ( <1%) overhead. 

Virtual space:
  Non-class space:      128.00 MB reserved,     127.82 MB (>99%) committed 
      Class space:      504.00 MB reserved,      21.13 MB (  4%) committed 
             Both:      632.00 MB reserved,     148.95 MB ( 24%) committed 

Chunk freelists:
   Non-Class:  3.75 KB
       Class:  3.88 KB
        Both:  7.63 KB

CodeHeap 'non-profiled nmethods': size=120000Kb used=14437Kb max_used=14834Kb free=105562Kb
 bounds [0x000001d1436c0000, 0x000001d144540000, 0x000001d14abf0000]
CodeHeap 'profiled nmethods': size=120000Kb used=39824Kb max_used=42146Kb free=80175Kb
 bounds [0x000001d13c190000, 0x000001d13ead0000, 0x000001d1436c0000]
CodeHeap 'non-nmethods': size=5760Kb used=2370Kb max_used=2423Kb free=3389Kb
 bounds [0x000001d13bbf0000, 0x000001d13be60000, 0x000001d13c190000]
 total_blobs=19464 nmethods=18479 adapters=895
 compilation: enabled
              stopped_count=0, restarted_count=0
 full_count=0

Compilation events (10 events):
Event: 2257.399 Thread 0x000001d15889a000 nmethod 20686 0x000001d143a50910 code [0x000001d143a50ac0, 0x000001d143a50c38]
Event: 2257.399 Thread 0x000001d15889a000 20687       4       org.gradle.api.internal.DefaultDomainObjectCollection::add (25 bytes)
Event: 2257.401 Thread 0x000001d15889a000 nmethod 20687 0x000001d143aa8710 code [0x000001d143aa88c0, 0x000001d143aa8a28]
Event: 2257.401 Thread 0x000001d15889a000 20693       4       org.gradle.internal.service.DefaultServiceRegistry::get (10 bytes)
Event: 2257.403 Thread 0x000001d15889a000 nmethod 20693 0x000001d143a50490 code [0x000001d143a50620, 0x000001d143a50728]
Event: 2257.403 Thread 0x000001d15889a000 20697       4       java.util.LinkedList::peekFirst (18 bytes)
Event: 2257.403 Thread 0x000001d15889a000 nmethod 20697 0x000001d143a4d890 code [0x000001d143a4da00, 0x000001d143a4da78]
Event: 2257.410 Thread 0x000001d152e2e800 20701       3       java.util.regex.IntHashSet::add (111 bytes)
Event: 2257.410 Thread 0x000001d152e2e800 nmethod 20701 0x000001d13c2cc710 code [0x000001d13c2cc8e0, 0x000001d13c2ccc48]
Event: 2257.428 Thread 0x000001d15889a000 20702 %     4       jdk.internal.org.objectweb.asm.ClassReader::readUTF @ 20 (194 bytes)

GC Heap History (10 events):
Event: 2256.204 GC heap before
{Heap before GC invocations=51 (full 0):
 garbage-first heap   total 260096K, used 226883K [0x0000000080000000, 0x0000000100000000)
  region size 1024K, 23 young (23552K), 3 survivors (3072K)
 Metaspace       used 142894K, capacity 148126K, committed 148296K, reserved 645120K
  class space    used 18972K, capacity 20947K, committed 20992K, reserved 516096K
}
Event: 2256.208 GC heap after
{Heap after GC invocations=52 (full 0):
 garbage-first heap   total 260096K, used 208458K [0x0000000080000000, 0x0000000100000000)
  region size 1024K, 3 young (3072K), 3 survivors (3072K)
 Metaspace       used 142894K, capacity 148126K, committed 148296K, reserved 645120K
  class space    used 18972K, capacity 20947K, committed 20992K, reserved 516096K
}
Event: 2256.630 GC heap before
{Heap before GC invocations=52 (full 0):
 garbage-first heap   total 260096K, used 227914K [0x0000000080000000, 0x0000000100000000)
  region size 1024K, 22 young (22528K), 3 survivors (3072K)
 Metaspace       used 144578K, capacity 149837K, committed 149960K, reserved 645120K
  class space    used 19139K, capacity 21110K, committed 21120K, reserved 516096K
}
Event: 2256.634 GC heap after
{Heap after GC invocations=53 (full 0):
 garbage-first heap   total 260096K, used 209364K [0x0000000080000000, 0x0000000100000000)
  region size 1024K, 1 young (1024K), 1 survivors (1024K)
 Metaspace       used 144578K, capacity 149837K, committed 149960K, reserved 645120K
  class space    used 19139K, capacity 21110K, committed 21120K, reserved 516096K
}
Event: 2256.885 GC heap before
{Heap before GC invocations=53 (full 0):
 garbage-first heap   total 260096K, used 227796K [0x0000000080000000, 0x0000000100000000)
  region size 1024K, 19 young (19456K), 1 survivors (1024K)
 Metaspace       used 145562K, capacity 150871K, committed 150984K, reserved 647168K
  class space    used 19279K, capacity 21281K, committed 21376K, reserved 516096K
}
Event: 2256.888 GC heap after
{Heap after GC invocations=54 (full 0):
 garbage-first heap   total 260096K, used 211249K [0x0000000080000000, 0x0000000100000000)
  region size 1024K, 3 young (3072K), 3 survivors (3072K)
 Metaspace       used 145562K, capacity 150871K, committed 150984K, reserved 647168K
  class space    used 19279K, capacity 21281K, committed 21376K, reserved 516096K
}
Event: 2257.268 GC heap before
{Heap before GC invocations=54 (full 0):
 garbage-first heap   total 260096K, used 226609K [0x0000000080000000, 0x0000000100000000)
  region size 1024K, 19 young (19456K), 3 survivors (3072K)
 Metaspace       used 145585K, capacity 150887K, committed 150984K, reserved 647168K
  class space    used 19281K, capacity 21284K, committed 21376K, reserved 516096K
}
Event: 2257.273 GC heap after
{Heap after GC invocations=55 (full 0):
 garbage-first heap   total 260096K, used 212943K [0x0000000080000000, 0x0000000100000000)
  region size 1024K, 2 young (2048K), 2 survivors (2048K)
 Metaspace       used 145585K, capacity 150887K, committed 150984K, reserved 647168K
  class space    used 19281K, capacity 21284K, committed 21376K, reserved 516096K
}
Event: 2257.422 GC heap before
{Heap before GC invocations=55 (full 0):
 garbage-first heap   total 260096K, used 228303K [0x0000000080000000, 0x0000000100000000)
  region size 1024K, 17 young (17408K), 2 survivors (2048K)
 Metaspace       used 146022K, capacity 151427K, committed 151624K, reserved 647168K
  class space    used 19357K, capacity 21408K, committed 21504K, reserved 516096K
}
Event: 2257.425 GC heap after
{Heap after GC invocations=56 (full 0):
 garbage-first heap   total 260096K, used 215476K [0x0000000080000000, 0x0000000100000000)
  region size 1024K, 3 young (3072K), 3 survivors (3072K)
 Metaspace       used 146022K, capacity 151427K, committed 151624K, reserved 647168K
  class space    used 19357K, capacity 21408K, committed 21504K, reserved 516096K
}

Deoptimization events (10 events):
Event: 2254.626 Thread 0x000001d15bc5b800 Uncommon trap: reason=profile_predicate action=maybe_recompile pc=0x000001d14447cbd0 method=groovy.lang.MetaClassImpl$MethodIndexAction.iterate()V @ 78 c2
Event: 2254.626 Thread 0x000001d15bc5b800 Uncommon trap: reason=profile_predicate action=maybe_recompile pc=0x000001d14447cbd0 method=groovy.lang.MetaClassImpl$MethodIndexAction.iterate()V @ 78 c2
Event: 2254.630 Thread 0x000001d15bc5b800 Uncommon trap: reason=bimorphic_or_optimized_type_check action=maybe_recompile pc=0x000001d1436f37d0 method=org.gradle.api.internal.DynamicPropertyNamer.determineName(Ljava/lang/Object;)Ljava/lang/String; @ 55 c2
Event: 2254.630 Thread 0x000001d15bc5b800 Uncommon trap: reason=bimorphic_or_optimized_type_check action=maybe_recompile pc=0x000001d1436f37d0 method=org.gradle.api.internal.DynamicPropertyNamer.determineName(Ljava/lang/Object;)Ljava/lang/String; @ 55 c2
Event: 2254.630 Thread 0x000001d15bc5b800 Uncommon trap: reason=bimorphic_or_optimized_type_check action=maybe_recompile pc=0x000001d1436f37d0 method=org.gradle.api.internal.DynamicPropertyNamer.determineName(Ljava/lang/Object;)Ljava/lang/String; @ 55 c2
Event: 2254.688 Thread 0x000001d15bc5b800 Uncommon trap: reason=profile_predicate action=maybe_recompile pc=0x000001d14447cbd0 method=groovy.lang.MetaClassImpl$MethodIndexAction.iterate()V @ 78 c2
Event: 2254.688 Thread 0x000001d15bc5b800 Uncommon trap: reason=profile_predicate action=maybe_recompile pc=0x000001d14447cbd0 method=groovy.lang.MetaClassImpl$MethodIndexAction.iterate()V @ 78 c2
Event: 2254.969 Thread 0x000001d15bc5b800 Uncommon trap: reason=speculate_null_assert action=make_not_entrant pc=0x000001d1444aa2c8 method=org.gradle.api.internal.file.collections.UnpackingVisitor.add(Ljava/lang/Object;)V @ 354 c2
Event: 2255.634 Thread 0x000001d15bc5b800 Uncommon trap: reason=unstable_if action=reinterpret pc=0x000001d14372a01c method=java.util.jar.JarFile.match([B[B[B[B)I @ 52 c2
Event: 2256.292 Thread 0x000001d15bc5b800 Uncommon trap: reason=unstable_if action=reinterpret pc=0x000001d144465d64 method=com.google.gson.stream.JsonReader.doPeek()I @ 525 c2

Classes redefined (0 events):
No events

Internal exceptions (10 events):
Event: 2257.296 Thread 0x000001d15bc5b800 Exception <a 'java/security/PrivilegedActionException'{0x000000008fb08fd0}> (0x000000008fb08fd0) thrown at [./open/src/hotspot/share/prims/jvm.cpp, line 1305]
Event: 2257.296 Thread 0x000001d15bc5b800 Exception <a 'java/security/PrivilegedActionException'{0x000000008fb0c6d8}> (0x000000008fb0c6d8) thrown at [./open/src/hotspot/share/prims/jvm.cpp, line 1305]
Event: 2257.296 Thread 0x000001d15bc5b800 Exception <a 'java/security/PrivilegedActionException'{0x000000008fb0dee8}> (0x000000008fb0dee8) thrown at [./open/src/hotspot/share/prims/jvm.cpp, line 1305]
Event: 2257.296 Thread 0x000001d15bc5b800 Exception <a 'java/security/PrivilegedActionException'{0x000000008fb11650}> (0x000000008fb11650) thrown at [./open/src/hotspot/share/prims/jvm.cpp, line 1305]
Event: 2257.296 Thread 0x000001d15bc5b800 Exception <a 'java/security/PrivilegedActionException'{0x000000008fb12e60}> (0x000000008fb12e60) thrown at [./open/src/hotspot/share/prims/jvm.cpp, line 1305]
Event: 2257.314 Thread 0x000001d15bc5b800 Exception <a 'java/lang/ClassNotFoundException'{0x000000008fab83f8}: build_c72xlbp79m8n5rn71sfo5cyyw$_run_closure1BeanInfo> (0x000000008fab83f8) thrown at [./open/src/hotspot/share/classfile/systemDictionary.cpp, line 226]
Event: 2257.314 Thread 0x000001d15bc5b800 Exception <a 'java/lang/ClassNotFoundException'{0x000000008facdf00}: build_c72xlbp79m8n5rn71sfo5cyyw$_run_closure1Customizer> (0x000000008facdf00) thrown at [./open/src/hotspot/share/classfile/systemDictionary.cpp, line 226]
Event: 2257.342 Thread 0x000001d15bc5b800 Exception <a 'java/lang/NoClassDefFoundError'{0x000000008f731d10}: org/jetbrains/kotlin/gradle/plugin/KotlinBasePluginWrapper> (0x000000008f731d10) thrown at [./open/src/hotspot/share/oops/constantPool.cpp, line 770]
Event: 2257.366 Thread 0x000001d15bc5b800 Exception <a 'java/lang/ClassNotFoundException'{0x000000008f55ef30}: build_dvgxkt753f0rpoj53qqjq528cBeanInfo> (0x000000008f55ef30) thrown at [./open/src/hotspot/share/classfile/systemDictionary.cpp, line 226]
Event: 2257.367 Thread 0x000001d15bc5b800 Exception <a 'java/lang/ClassNotFoundException'{0x000000008f56af30}: build_dvgxkt753f0rpoj53qqjq528cCustomizer> (0x000000008f56af30) thrown at [./open/src/hotspot/share/classfile/systemDictionary.cpp, line 226]

Events (10 events):
Event: 2257.366 loading class build_dvgxkt753f0rpoj53qqjq528cBeanInfo
Event: 2257.366 loading class build_dvgxkt753f0rpoj53qqjq528cBeanInfo done
Event: 2257.366 loading class build_dvgxkt753f0rpoj53qqjq528cBeanInfo
Event: 2257.366 loading class build_dvgxkt753f0rpoj53qqjq528cBeanInfo done
Event: 2257.366 loading class build_dvgxkt753f0rpoj53qqjq528cCustomizer
Event: 2257.366 loading class build_dvgxkt753f0rpoj53qqjq528cCustomizer done
Event: 2257.367 loading class build_dvgxkt753f0rpoj53qqjq528cCustomizer
Event: 2257.367 loading class build_dvgxkt753f0rpoj53qqjq528cCustomizer done
Event: 2257.421 Executing VM operation: G1CollectForAllocation
Event: 2257.425 Executing VM operation: G1CollectForAllocation done


Dynamic libraries:
0x00007ff7557d0000 - 0x00007ff7557df000 	C:\Program Files\Java\jdk-11.0.14\bin\java.exe
0x00007ffc6b370000 - 0x00007ffc6b568000 	C:\Windows\SYSTEM32\ntdll.dll
0x00007ffc69bf0000 - 0x00007ffc69cb2000 	C:\Windows\System32\KERNEL32.DLL
0x00007ffc68e10000 - 0x00007ffc6910e000 	C:\Windows\System32\KERNELBASE.dll
0x00007ffc69110000 - 0x00007ffc69210000 	C:\Windows\System32\ucrtbase.dll
0x00007ffc55510000 - 0x00007ffc55528000 	C:\Program Files\Java\jdk-11.0.14\bin\jli.dll
0x00007ffc6aeb0000 - 0x00007ffc6af60000 	C:\Windows\System32\ADVAPI32.dll
0x00007ffc55530000 - 0x00007ffc55545000 	C:\Program Files\Java\jdk-11.0.14\bin\VCRUNTIME140.dll
0x00007ffc6b290000 - 0x00007ffc6b32e000 	C:\Windows\System32\msvcrt.dll
0x00007ffc6a5f0000 - 0x00007ffc6a690000 	C:\Windows\System32\sechost.dll
0x00007ffc69920000 - 0x00007ffc69a43000 	C:\Windows\System32\RPCRT4.dll
0x00007ffc68a50000 - 0x00007ffc68a77000 	C:\Windows\System32\bcrypt.dll
0x00007ffc69a50000 - 0x00007ffc69bed000 	C:\Windows\System32\USER32.dll
0x00007ffc50b40000 - 0x00007ffc50dda000 	C:\Windows\WinSxS\amd64_microsoft.windows.common-controls_6595b64144ccf1df_6.0.19041.4355_none_60b8b9eb71f62e16\COMCTL32.dll
0x00007ffc68a20000 - 0x00007ffc68a42000 	C:\Windows\System32\win32u.dll
0x00007ffc6af60000 - 0x00007ffc6af8b000 	C:\Windows\System32\GDI32.dll
0x00007ffc69210000 - 0x00007ffc69327000 	C:\Windows\System32\gdi32full.dll
0x00007ffc68a80000 - 0x00007ffc68b1d000 	C:\Windows\System32\msvcp_win.dll
0x00007ffc61720000 - 0x00007ffc6172a000 	C:\Windows\SYSTEM32\VERSION.dll
0x00007ffc6b260000 - 0x00007ffc6b28f000 	C:\Windows\System32\IMM32.DLL
0x00007ffc54f10000 - 0x00007ffc54fab000 	C:\Program Files\Java\jdk-11.0.14\bin\msvcp140.dll
0x00007ffbe0cb0000 - 0x00007ffbe17c6000 	C:\Program Files\Java\jdk-11.0.14\bin\server\jvm.dll
0x00007ffc6ab30000 - 0x00007ffc6ab38000 	C:\Windows\System32\PSAPI.DLL
0x00007ffc63470000 - 0x00007ffc63479000 	C:\Windows\SYSTEM32\WSOCK32.dll
0x00007ffc65f30000 - 0x00007ffc65f57000 	C:\Windows\SYSTEM32\WINMM.dll
0x00007ffc6ab50000 - 0x00007ffc6abbb000 	C:\Windows\System32\WS2_32.dll
0x00007ffc665a0000 - 0x00007ffc665b2000 	C:\Windows\SYSTEM32\kernel.appcore.dll
0x00007ffc624c0000 - 0x00007ffc624d0000 	C:\Program Files\Java\jdk-11.0.14\bin\verify.dll
0x00007ffc65d40000 - 0x00007ffc65f24000 	C:\Windows\SYSTEM32\DBGHELP.DLL
0x00007ffc65d00000 - 0x00007ffc65d34000 	C:\Windows\SYSTEM32\dbgcore.DLL
0x00007ffc68cd0000 - 0x00007ffc68d52000 	C:\Windows\System32\bcryptPrimitives.dll
0x00007ffc37c10000 - 0x00007ffc37c38000 	C:\Program Files\Java\jdk-11.0.14\bin\java.dll
0x00007ffc59940000 - 0x00007ffc5994a000 	C:\Program Files\Java\jdk-11.0.14\bin\jimage.dll
0x00007ffc554f0000 - 0x00007ffc55506000 	C:\Program Files\Java\jdk-11.0.14\bin\zip.dll
0x00007ffc69d50000 - 0x00007ffc6a4bf000 	C:\Windows\System32\SHELL32.dll
0x00007ffc66880000 - 0x00007ffc67024000 	C:\Windows\SYSTEM32\windows.storage.dll
0x00007ffc6a690000 - 0x00007ffc6a9e3000 	C:\Windows\System32\combase.dll
0x00007ffc68370000 - 0x00007ffc6839e000 	C:\Windows\SYSTEM32\Wldp.dll
0x00007ffc6a4c0000 - 0x00007ffc6a58d000 	C:\Windows\System32\OLEAUT32.dll
0x00007ffc69400000 - 0x00007ffc694ad000 	C:\Windows\System32\SHCORE.dll
0x00007ffc6aa50000 - 0x00007ffc6aaa5000 	C:\Windows\System32\shlwapi.dll
0x00007ffc68950000 - 0x00007ffc68974000 	C:\Windows\SYSTEM32\profapi.dll
0x00007ffc51e40000 - 0x00007ffc51e59000 	C:\Program Files\Java\jdk-11.0.14\bin\net.dll
0x00007ffc62b20000 - 0x00007ffc62c2d000 	C:\Windows\SYSTEM32\WINHTTP.dll
0x00007ffc68150000 - 0x00007ffc681ba000 	C:\Windows\system32\mswsock.dll
0x00007ffc48d00000 - 0x00007ffc48d12000 	C:\Program Files\Java\jdk-11.0.14\bin\nio.dll
0x00007ffc0b4d0000 - 0x00007ffc0b4f7000 	C:\Users\Munir\.gradle\native\68d5fa5c4cc2d200863cafc0d521ce42e7d3e7ee720ec0a83991735586a16f82\windows-amd64\native-platform.dll
0x00007ffc340d0000 - 0x00007ffc34214000 	C:\Users\Munir\.gradle\native\e376f236ea51e6404a007f0833ffe2c6e607c4080706a723a18a27aeea778392\windows-amd64\native-platform-file-events.dll
0x00007ffc54b40000 - 0x00007ffc54b49000 	C:\Program Files\Java\jdk-11.0.14\bin\management.dll
0x00007ffc51fc0000 - 0x00007ffc51fcb000 	C:\Program Files\Java\jdk-11.0.14\bin\management_ext.dll
0x00007ffc683b0000 - 0x00007ffc683c8000 	C:\Windows\SYSTEM32\CRYPTSP.dll
0x00007ffc67a20000 - 0x00007ffc67a54000 	C:\Windows\system32\rsaenh.dll
0x00007ffc688d0000 - 0x00007ffc688fe000 	C:\Windows\SYSTEM32\USERENV.dll
0x00007ffc682e0000 - 0x00007ffc682ec000 	C:\Windows\SYSTEM32\CRYPTBASE.dll
0x00007ffc67e00000 - 0x00007ffc67e3b000 	C:\Windows\SYSTEM32\IPHLPAPI.DLL
0x00007ffc6b250000 - 0x00007ffc6b258000 	C:\Windows\System32\NSI.dll
0x00007ffc64700000 - 0x00007ffc64717000 	C:\Windows\SYSTEM32\dhcpcsvc6.DLL
0x00007ffc64640000 - 0x00007ffc6465d000 	C:\Windows\SYSTEM32\dhcpcsvc.DLL
0x00007ffc67e40000 - 0x00007ffc67f0a000 	C:\Windows\SYSTEM32\DNSAPI.dll
0x00007ffc5b290000 - 0x00007ffc5b2a7000 	C:\Windows\system32\napinsp.dll
0x00007ffc5b0e0000 - 0x00007ffc5b0fb000 	C:\Windows\system32\pnrpnsp.dll
0x00007ffc642e0000 - 0x00007ffc642f5000 	C:\Windows\system32\wshbth.dll
0x00007ffc633a0000 - 0x00007ffc633bd000 	C:\Windows\system32\NLAapi.dll
0x00007ffc5aba0000 - 0x00007ffc5abb2000 	C:\Windows\System32\winrnr.dll
0x00007ffc61e80000 - 0x00007ffc61e8a000 	C:\Windows\System32\rasadhlp.dll
0x00007ffc64ee0000 - 0x00007ffc64f60000 	C:\Windows\System32\fwpuclnt.dll

dbghelp: loaded successfully - version: 4.0.5 - missing functions: none
symbol engine: initialized successfully - sym options: 0x614 - pdb path: .;C:\Program Files\Java\jdk-11.0.14\bin;C:\Windows\SYSTEM32;C:\Windows\WinSxS\amd64_microsoft.windows.common-controls_6595b64144ccf1df_6.0.19041.4355_none_60b8b9eb71f62e16;C:\Program Files\Java\jdk-11.0.14\bin\server;C:\Users\Munir\.gradle\native\68d5fa5c4cc2d200863cafc0d521ce42e7d3e7ee720ec0a83991735586a16f82\windows-amd64;C:\Users\Munir\.gradle\native\e376f236ea51e6404a007f0833ffe2c6e607c4080706a723a18a27aeea778392\windows-amd64

VM Arguments:
jvm_args: -XX:MaxMetaspaceSize=512m --add-opens=java.base/java.util=ALL-UNNAMED --add-opens=java.base/java.lang=ALL-UNNAMED --add-opens=java.base/java.lang.invoke=ALL-UNNAMED --add-opens=java.prefs/java.util.prefs=ALL-UNNAMED --add-opens=java.base/java.nio.charset=ALL-UNNAMED --add-opens=java.base/java.net=ALL-UNNAMED --add-opens=java.base/java.util.concurrent.atomic=ALL-UNNAMED -Xmx2048m -Dfile.encoding=windows-1252 -Duser.country=US -Duser.language=en -Duser.variant 
java_command: org.gradle.launcher.daemon.bootstrap.GradleDaemon 8.0.1
java_class_path (initial): C:\Users\Munir\.gradle\wrapper\dists\gradle-8.0.1-all\aro4hu1c3oeioove7l0i4i14o\gradle-8.0.1\lib\gradle-launcher-8.0.1.jar
Launcher Type: SUN_STANDARD

[Global flags]
     intx CICompilerCount                          = 4                                         {product} {ergonomic}
   size_t CompressedClassSpaceSize                 = 528482304                                 {product} {ergonomic}
     uint ConcGCThreads                            = 2                                         {product} {ergonomic}
     uint G1ConcRefinementThreads                  = 8                                         {product} {ergonomic}
   size_t G1HeapRegionSize                         = 1048576                                   {product} {ergonomic}
    uintx GCDrainStackTargetSize                   = 64                                        {product} {ergonomic}
   size_t InitialHeapSize                          = 266338304                                 {product} {ergonomic}
   size_t MarkStackSize                            = 4194304                                   {product} {ergonomic}
   size_t MaxHeapSize                              = 2147483648                                {product} {command line}
   size_t MaxMetaspaceSize                         = 536870912                                 {product} {command line}
   size_t MaxNewSize                               = 1287651328                                {product} {ergonomic}
   size_t MinHeapDeltaBytes                        = 1048576                                   {product} {ergonomic}
    uintx NonNMethodCodeHeapSize                   = 5836300                                {pd product} {ergonomic}
    uintx NonProfiledCodeHeapSize                  = 122910970                              {pd product} {ergonomic}
    uintx ProfiledCodeHeapSize                     = 122910970                              {pd product} {ergonomic}
    uintx ReservedCodeCacheSize                    = 251658240                              {pd product} {ergonomic}
     bool SegmentedCodeCache                       = true                                      {product} {ergonomic}
     bool UseCompressedClassPointers               = true                                 {lp64_product} {ergonomic}
     bool UseCompressedOops                        = true                                 {lp64_product} {ergonomic}
     bool UseG1GC                                  = true                                      {product} {ergonomic}
     bool UseLargePagesIndividualAllocation        = false                                  {pd product} {ergonomic}

Logging:
Log output configuration:
 #0: stdout all=warning uptime,level,tags
 #1: stderr all=off uptime,level,tags

Environment Variables:
JAVA_HOME=C:\Program Files\Java\jdk-11.0.14
CLASSPATH=C:\Users\Munir\MoviesTask\android\\gradle\wrapper\gradle-wrapper.jar
PATH=C:\Program Files\Common Files\Oracle\Java\javapath;C:\Program Files\Microsoft\jdk-11.0.16.101-hotspot\bin;C:\Windows\system32;C:\Windows;C:\Windows\System32\Wbem;C:\Windows\System32\WindowsPowerShell\v1.0\;C:\Windows\System32\OpenSSH\;C:\Program Files\dotnet\;C:\Program Files\Microsoft SQL Server\Client SDK\ODBC\170\Tools\Binn\;C:\Program Files\Microsoft SQL Server\150\Tools\Binn\;C:\Program Files (x86)\Microsoft SQL Server\160\DTS\Binn\;C:\Program Files\Azure Data Studio\bin;C:\Program Files\Git\cmd;C:\Program Files\nodejs\;C:\Users\Munir\AppData\Local\Microsoft\WindowsApps;C:\Users\Munir\.dotnet\tools;C:\Program Files\Azure Data Studio\bin;C:\Users\Munir\AppData\Local\Android\Sdk\platform-tools;C:\Program Files\Git\bin;C:\Users\Munir\AppData\Local\GitHubDesktop\bin;C:\Users\Munir\AppData\Roaming\npm;C:\Users\Munir\AppData\Local\Programs\Microsoft VS Code\bin
USERNAME=Munir
OS=Windows_NT
PROCESSOR_IDENTIFIER=Intel64 Family 6 Model 126 Stepping 5, GenuineIntel



---------------  S Y S T E M  ---------------

OS: Windows 10 , 64 bit Build 19041 (10.0.19041.4957)
Hyper-V role detected

CPU:total 8 (initial active 8) (4 cores per cpu, 2 threads per core) family 6 model 126 stepping 5 microcode 0xc2, cmov, cx8, fxsr, mmx, sse, sse2, sse3, ssse3, sse4.1, sse4.2, popcnt, avx, avx2, aes, clmul, erms, 3dnowpref, lzcnt, ht, tsc, tscinvbit, bmi1, bmi2, adx, evex, sha, fma

Memory: 4k page, system-wide physical 16151M (1555M free)
TotalPageFile size 18199M (AvailPageFile size 5M)
current process WorkingSet (physical memory assigned to process): 622M, peak: 624M
current process commit charge ("private bytes"): 689M, peak: 690M

vm_info: Java HotSpot(TM) 64-Bit Server VM (11.0.14+8-LTS-263) for windows-amd64 JRE (11.0.14+8-LTS-263), built on Dec  7 2021 21:53:57 by "mach5one" with MS VC++ 15.9 (VS2017)

END.
